{"meta": {"format": 3, "version": "7.13.2", "timestamp": "2026-01-29T22:00:34.902998", "branch_coverage": false, "show_contexts": false}, "files": {"hansard_tales/__init__.py": {"executed_lines": [9, 10], "summary": {"covered_lines": 2, "num_statements": 2, "percent_covered": 100.0, "percent_covered_display": "100.00", "missing_lines": 0, "excluded_lines": 0, "percent_statements_covered": 100.0, "percent_statements_covered_display": "100.00"}, "missing_lines": [], "excluded_lines": [], "functions": {"": {"executed_lines": [9, 10], "summary": {"covered_lines": 2, "num_statements": 2, "percent_covered": 100.0, "percent_covered_display": "100.00", "missing_lines": 0, "excluded_lines": 0, "percent_statements_covered": 100.0, "percent_statements_covered_display": "100.00"}, "missing_lines": [], "excluded_lines": [], "start_line": 1}}, "classes": {"": {"executed_lines": [9, 10], "summary": {"covered_lines": 2, "num_statements": 2, "percent_covered": 100.0, "percent_covered_display": "100.00", "missing_lines": 0, "excluded_lines": 0, "percent_statements_covered": 100.0, "percent_statements_covered_display": "100.00"}, "missing_lines": [], "excluded_lines": [], "start_line": 1}}}, "hansard_tales/analysis/__init__.py": {"executed_lines": [3, 5], "summary": {"covered_lines": 2, "num_statements": 2, "percent_covered": 100.0, "percent_covered_display": "100.00", "missing_lines": 0, "excluded_lines": 0, "percent_statements_covered": 100.0, "percent_statements_covered_display": "100.00"}, "missing_lines": [], "excluded_lines": [], "functions": {"": {"executed_lines": [3, 5], "summary": {"covered_lines": 2, "num_statements": 2, "percent_covered": 100.0, "percent_covered_display": "100.00", "missing_lines": 0, "excluded_lines": 0, "percent_statements_covered": 100.0, "percent_statements_covered_display": "100.00"}, "missing_lines": [], "excluded_lines": [], "start_line": 1}}, "classes": {"": {"executed_lines": [3, 5], "summary": {"covered_lines": 2, "num_statements": 2, "percent_covered": 100.0, "percent_covered_display": "100.00", "missing_lines": 0, "excluded_lines": 0, "percent_statements_covered": 100.0, "percent_statements_covered_display": "100.00"}, "missing_lines": [], "excluded_lines": [], "start_line": 1}}}, "hansard_tales/analysis/mp_identifier.py": {"executed_lines": [9, 10, 11, 13, 14, 15, 17, 20, 21, 33, 34, 35, 36, 37, 40, 58, 66, 67, 68, 72, 91, 102, 106, 107, 120, 124, 140, 141, 142, 143, 144, 145, 147, 148, 158, 159, 171, 174, 195, 198, 204, 205, 207, 227, 230, 240], "summary": {"covered_lines": 46, "num_statements": 73, "percent_covered": 63.013698630136986, "percent_covered_display": "63.01", "missing_lines": 27, "excluded_lines": 0, "percent_statements_covered": 63.013698630136986, "percent_statements_covered_display": "63.01"}, "missing_lines": [109, 112, 113, 114, 115, 116, 118, 149, 160, 161, 162, 163, 199, 200, 201, 208, 209, 211, 214, 215, 216, 219, 220, 221, 223, 224, 225], "excluded_lines": [], "functions": {"MPIdentifier.__init__": {"executed_lines": [66, 67, 68, 72], "summary": {"covered_lines": 4, "num_statements": 4, "percent_covered": 100.0, "percent_covered_display": "100.00", "missing_lines": 0, "excluded_lines": 0, "percent_statements_covered": 100.0, "percent_statements_covered_display": "100.00"}, "missing_lines": [], "excluded_lines": [], "start_line": 58}, "MPIdentifier._load_mp_cache": {"executed_lines": [102, 106, 107, 120], "summary": {"covered_lines": 4, "num_statements": 11, "percent_covered": 36.36363636363637, "percent_covered_display": "36.36", "missing_lines": 7, "excluded_lines": 0, "percent_statements_covered": 36.36363636363637, "percent_statements_covered_display": "36.36"}, "missing_lines": [109, 112, 113, 114, 115, 116, 118], "excluded_lines": [], "start_line": 91}, "MPIdentifier.identify": {"executed_lines": [140, 141, 142, 143, 144, 145, 147, 148, 158, 159, 171], "summary": {"covered_lines": 11, "num_statements": 16, "percent_covered": 68.75, "percent_covered_display": "68.75", "missing_lines": 5, "excluded_lines": 0, "percent_statements_covered": 68.75, "percent_statements_covered_display": "68.75"}, "missing_lines": [149, 160, 161, 162, 163], "excluded_lines": [], "start_line": 124}, "MPIdentifier._match_to_database": {"executed_lines": [195, 198, 204, 205, 207, 227], "summary": {"covered_lines": 6, "num_statements": 21, "percent_covered": 28.571428571428573, "percent_covered_display": "28.57", "missing_lines": 15, "excluded_lines": 0, "percent_statements_covered": 28.571428571428573, "percent_statements_covered_display": "28.57"}, "missing_lines": [199, 200, 201, 208, 209, 211, 214, 215, 216, 219, 220, 221, 223, 224, 225], "excluded_lines": [], "start_line": 174}, "MPIdentifier.identify_batch": {"executed_lines": [240], "summary": {"covered_lines": 1, "num_statements": 1, "percent_covered": 100.0, "percent_covered_display": "100.00", "missing_lines": 0, "excluded_lines": 0, "percent_statements_covered": 100.0, "percent_statements_covered_display": "100.00"}, "missing_lines": [], "excluded_lines": [], "start_line": 230}, "": {"executed_lines": [9, 10, 11, 13, 14, 15, 17, 20, 21, 33, 34, 35, 36, 37, 40, 58, 91, 124, 174, 230], "summary": {"covered_lines": 20, "num_statements": 20, "percent_covered": 100.0, "percent_covered_display": "100.00", "missing_lines": 0, "excluded_lines": 0, "percent_statements_covered": 100.0, "percent_statements_covered_display": "100.00"}, "missing_lines": [], "excluded_lines": [], "start_line": 1}}, "classes": {"MPMatch": {"executed_lines": [], "summary": {"covered_lines": 0, "num_statements": 0, "percent_covered": 100.0, "percent_covered_display": "100.00", "missing_lines": 0, "excluded_lines": 0, "percent_statements_covered": 100.0, "percent_statements_covered_display": "100.00"}, "missing_lines": [], "excluded_lines": [], "start_line": 21}, "MPIdentifier": {"executed_lines": [66, 67, 68, 72, 102, 106, 107, 120, 140, 141, 142, 143, 144, 145, 147, 148, 158, 159, 171, 195, 198, 204, 205, 207, 227, 240], "summary": {"covered_lines": 26, "num_statements": 53, "percent_covered": 49.056603773584904, "percent_covered_display": "49.06", "missing_lines": 27, "excluded_lines": 0, "percent_statements_covered": 49.056603773584904, "percent_statements_covered_display": "49.06"}, "missing_lines": [109, 112, 113, 114, 115, 116, 118, 149, 160, 161, 162, 163, 199, 200, 201, 208, 209, 211, 214, 215, 216, 219, 220, 221, 223, 224, 225], "excluded_lines": [], "start_line": 40}, "": {"executed_lines": [9, 10, 11, 13, 14, 15, 17, 20, 21, 33, 34, 35, 36, 37, 40, 58, 91, 124, 174, 230], "summary": {"covered_lines": 20, "num_statements": 20, "percent_covered": 100.0, "percent_covered_display": "100.00", "missing_lines": 0, "excluded_lines": 0, "percent_statements_covered": 100.0, "percent_statements_covered_display": "100.00"}, "missing_lines": [], "excluded_lines": [], "start_line": 1}}}, "hansard_tales/config/__init__.py": {"executed_lines": [], "summary": {"covered_lines": 0, "num_statements": 0, "percent_covered": 100.0, "percent_covered_display": "100.00", "missing_lines": 0, "excluded_lines": 0, "percent_statements_covered": 100.0, "percent_statements_covered_display": "100.00"}, "missing_lines": [], "excluded_lines": [], "functions": {"": {"executed_lines": [], "summary": {"covered_lines": 0, "num_statements": 0, "percent_covered": 100.0, "percent_covered_display": "100.00", "missing_lines": 0, "excluded_lines": 0, "percent_statements_covered": 100.0, "percent_statements_covered_display": "100.00"}, "missing_lines": [], "excluded_lines": [], "start_line": 1}}, "classes": {"": {"executed_lines": [], "summary": {"covered_lines": 0, "num_statements": 0, "percent_covered": 100.0, "percent_covered_display": "100.00", "missing_lines": 0, "excluded_lines": 0, "percent_statements_covered": 100.0, "percent_statements_covered_display": "100.00"}, "missing_lines": [], "excluded_lines": [], "start_line": 1}}}, "hansard_tales/config/settings.py": {"executed_lines": [8, 9, 11, 12, 15, 18, 20, 21, 22, 23, 24, 25, 27, 28, 30, 31, 32, 35, 38, 39, 40, 41, 42, 44, 45, 46, 48, 49, 50, 53, 56, 57, 58, 59, 62, 65, 66, 67, 68, 69, 70, 72, 73, 74, 76, 77, 78, 81, 84, 85, 86, 87, 88, 89, 91, 92, 93, 95, 96, 97, 100, 103, 105, 106, 107, 108, 111, 114, 116, 117, 118, 119, 120, 121, 122, 126, 129, 137, 138, 139, 142, 150, 151], "summary": {"covered_lines": 83, "num_statements": 83, "percent_covered": 100.0, "percent_covered_display": "100.00", "missing_lines": 0, "excluded_lines": 0, "percent_statements_covered": 100.0, "percent_statements_covered_display": "100.00"}, "missing_lines": [], "excluded_lines": [], "functions": {"DatabaseConfig.connection_string": {"executed_lines": [30, 31, 32], "summary": {"covered_lines": 3, "num_statements": 3, "percent_covered": 100.0, "percent_covered_display": "100.00", "missing_lines": 0, "excluded_lines": 0, "percent_statements_covered": 100.0, "percent_statements_covered_display": "100.00"}, "missing_lines": [], "excluded_lines": [], "start_line": 28}, "VectorDBConfig.validate_persist_directory": {"executed_lines": [48, 49, 50], "summary": {"covered_lines": 3, "num_statements": 3, "percent_covered": 100.0, "percent_covered_display": "100.00", "missing_lines": 0, "excluded_lines": 0, "percent_statements_covered": 100.0, "percent_statements_covered_display": "100.00"}, "missing_lines": [], "excluded_lines": [], "start_line": 46}, "ScraperConfig.validate_download_dir": {"executed_lines": [76, 77, 78], "summary": {"covered_lines": 3, "num_statements": 3, "percent_covered": 100.0, "percent_covered_display": "100.00", "missing_lines": 0, "excluded_lines": 0, "percent_statements_covered": 100.0, "percent_statements_covered_display": "100.00"}, "missing_lines": [], "excluded_lines": [], "start_line": 74}, "LoggingConfig.validate_log_dir": {"executed_lines": [95, 96, 97], "summary": {"covered_lines": 3, "num_statements": 3, "percent_covered": 100.0, "percent_covered_display": "100.00", "missing_lines": 0, "excluded_lines": 0, "percent_statements_covered": 100.0, "percent_statements_covered_display": "100.00"}, "missing_lines": [], "excluded_lines": [], "start_line": 93}, "get_config": {"executed_lines": [137, 138, 139], "summary": {"covered_lines": 3, "num_statements": 3, "percent_covered": 100.0, "percent_covered_display": "100.00", "missing_lines": 0, "excluded_lines": 0, "percent_statements_covered": 100.0, "percent_statements_covered_display": "100.00"}, "missing_lines": [], "excluded_lines": [], "start_line": 129}, "reload_config": {"executed_lines": [150, 151], "summary": {"covered_lines": 2, "num_statements": 2, "percent_covered": 100.0, "percent_covered_display": "100.00", "missing_lines": 0, "excluded_lines": 0, "percent_statements_covered": 100.0, "percent_statements_covered_display": "100.00"}, "missing_lines": [], "excluded_lines": [], "start_line": 142}, "": {"executed_lines": [8, 9, 11, 12, 15, 18, 20, 21, 22, 23, 24, 25, 27, 28, 35, 38, 39, 40, 41, 42, 44, 45, 46, 53, 56, 57, 58, 59, 62, 65, 66, 67, 68, 69, 70, 72, 73, 74, 81, 84, 85, 86, 87, 88, 89, 91, 92, 93, 100, 103, 105, 106, 107, 108, 111, 114, 116, 117, 118, 119, 120, 121, 122, 126, 129, 142], "summary": {"covered_lines": 66, "num_statements": 66, "percent_covered": 100.0, "percent_covered_display": "100.00", "missing_lines": 0, "excluded_lines": 0, "percent_statements_covered": 100.0, "percent_statements_covered_display": "100.00"}, "missing_lines": [], "excluded_lines": [], "start_line": 1}}, "classes": {"DatabaseConfig": {"executed_lines": [30, 31, 32], "summary": {"covered_lines": 3, "num_statements": 3, "percent_covered": 100.0, "percent_covered_display": "100.00", "missing_lines": 0, "excluded_lines": 0, "percent_statements_covered": 100.0, "percent_statements_covered_display": "100.00"}, "missing_lines": [], "excluded_lines": [], "start_line": 15}, "VectorDBConfig": {"executed_lines": [48, 49, 50], "summary": {"covered_lines": 3, "num_statements": 3, "percent_covered": 100.0, "percent_covered_display": "100.00", "missing_lines": 0, "excluded_lines": 0, "percent_statements_covered": 100.0, "percent_statements_covered_display": "100.00"}, "missing_lines": [], "excluded_lines": [], "start_line": 35}, "EmbeddingConfig": {"executed_lines": [], "summary": {"covered_lines": 0, "num_statements": 0, "percent_covered": 100.0, "percent_covered_display": "100.00", "missing_lines": 0, "excluded_lines": 0, "percent_statements_covered": 100.0, "percent_statements_covered_display": "100.00"}, "missing_lines": [], "excluded_lines": [], "start_line": 53}, "ScraperConfig": {"executed_lines": [76, 77, 78], "summary": {"covered_lines": 3, "num_statements": 3, "percent_covered": 100.0, "percent_covered_display": "100.00", "missing_lines": 0, "excluded_lines": 0, "percent_statements_covered": 100.0, "percent_statements_covered_display": "100.00"}, "missing_lines": [], "excluded_lines": [], "start_line": 62}, "LoggingConfig": {"executed_lines": [95, 96, 97], "summary": {"covered_lines": 3, "num_statements": 3, "percent_covered": 100.0, "percent_covered_display": "100.00", "missing_lines": 0, "excluded_lines": 0, "percent_statements_covered": 100.0, "percent_statements_covered_display": "100.00"}, "missing_lines": [], "excluded_lines": [], "start_line": 81}, "MonitoringConfig": {"executed_lines": [], "summary": {"covered_lines": 0, "num_statements": 0, "percent_covered": 100.0, "percent_covered_display": "100.00", "missing_lines": 0, "excluded_lines": 0, "percent_statements_covered": 100.0, "percent_statements_covered_display": "100.00"}, "missing_lines": [], "excluded_lines": [], "start_line": 100}, "Config": {"executed_lines": [], "summary": {"covered_lines": 0, "num_statements": 0, "percent_covered": 100.0, "percent_covered_display": "100.00", "missing_lines": 0, "excluded_lines": 0, "percent_statements_covered": 100.0, "percent_statements_covered_display": "100.00"}, "missing_lines": [], "excluded_lines": [], "start_line": 111}, "": {"executed_lines": [8, 9, 11, 12, 15, 18, 20, 21, 22, 23, 24, 25, 27, 28, 35, 38, 39, 40, 41, 42, 44, 45, 46, 53, 56, 57, 58, 59, 62, 65, 66, 67, 68, 69, 70, 72, 73, 74, 81, 84, 85, 86, 87, 88, 89, 91, 92, 93, 100, 103, 105, 106, 107, 108, 111, 114, 116, 117, 118, 119, 120, 121, 122, 126, 129, 137, 138, 139, 142, 150, 151], "summary": {"covered_lines": 71, "num_statements": 71, "percent_covered": 100.0, "percent_covered_display": "100.00", "missing_lines": 0, "excluded_lines": 0, "percent_statements_covered": 100.0, "percent_statements_covered_display": "100.00"}, "missing_lines": [], "excluded_lines": [], "start_line": 1}}}, "hansard_tales/database/__init__.py": {"executed_lines": [], "summary": {"covered_lines": 0, "num_statements": 0, "percent_covered": 100.0, "percent_covered_display": "100.00", "missing_lines": 0, "excluded_lines": 0, "percent_statements_covered": 100.0, "percent_statements_covered_display": "100.00"}, "missing_lines": [], "excluded_lines": [], "functions": {"": {"executed_lines": [], "summary": {"covered_lines": 0, "num_statements": 0, "percent_covered": 100.0, "percent_covered_display": "100.00", "missing_lines": 0, "excluded_lines": 0, "percent_statements_covered": 100.0, "percent_statements_covered_display": "100.00"}, "missing_lines": [], "excluded_lines": [], "start_line": 1}}, "classes": {"": {"executed_lines": [], "summary": {"covered_lines": 0, "num_statements": 0, "percent_covered": 100.0, "percent_covered_display": "100.00", "missing_lines": 0, "excluded_lines": 0, "percent_statements_covered": 100.0, "percent_statements_covered_display": "100.00"}, "missing_lines": [], "excluded_lines": [], "start_line": 1}}}, "hansard_tales/database/models.py": {"executed_lines": [8, 9, 11, 23, 26, 27, 29, 32, 35, 36, 37, 38, 39, 40, 41, 42, 43, 44, 45, 48, 51, 52, 55, 62, 64, 65, 66, 67, 68, 69, 70, 73, 74, 75, 78, 81, 84, 85, 88, 95, 102, 104, 105, 106, 107, 108, 109, 112, 113, 116, 122, 129, 131, 132, 133, 134, 135, 138, 139, 140, 141, 144, 147, 148, 149, 150, 151, 152, 155, 158, 159, 162, 169, 176, 178, 179, 180, 181, 182, 183, 186, 187, 190, 191, 192, 193, 196, 199, 200, 203, 206, 213, 220, 222, 223, 224, 225, 226, 229, 230, 231, 234, 236, 237, 240, 243, 249, 256, 258, 259, 260, 261, 262, 265, 266, 267, 268, 271, 272, 273, 276, 279, 282, 288, 295, 297, 298, 299, 300, 303, 304, 307, 313, 320, 322, 323, 324, 325, 326, 327, 328, 329, 330, 333, 334, 335, 338, 339, 340, 341, 344, 347, 348, 351, 357, 364, 366, 367, 368, 369, 370, 371, 372, 375, 376, 379, 380, 381, 384, 387, 388, 389, 390, 393, 396, 399, 405, 413, 415, 418, 419, 422, 423, 424, 425, 428, 429, 432, 433, 436, 439], "summary": {"covered_lines": 191, "num_statements": 191, "percent_covered": 100.0, "percent_covered_display": "100.00", "missing_lines": 0, "excluded_lines": 0, "percent_statements_covered": 100.0, "percent_statements_covered_display": "100.00"}, "missing_lines": [], "excluded_lines": [], "functions": {"": {"executed_lines": [8, 9, 11, 23, 26, 27, 29, 32, 35, 36, 37, 38, 39, 40, 41, 42, 43, 44, 45, 48, 51, 52, 55, 62, 64, 65, 66, 67, 68, 69, 70, 73, 74, 75, 78, 81, 84, 85, 88, 95, 102, 104, 105, 106, 107, 108, 109, 112, 113, 116, 122, 129, 131, 132, 133, 134, 135, 138, 139, 140, 141, 144, 147, 148, 149, 150, 151, 152, 155, 158, 159, 162, 169, 176, 178, 179, 180, 181, 182, 183, 186, 187, 190, 191, 192, 193, 196, 199, 200, 203, 206, 213, 220, 222, 223, 224, 225, 226, 229, 230, 231, 234, 236, 237, 240, 243, 249, 256, 258, 259, 260, 261, 262, 265, 266, 267, 268, 271, 272, 273, 276, 279, 282, 288, 295, 297, 298, 299, 300, 303, 304, 307, 313, 320, 322, 323, 324, 325, 326, 327, 328, 329, 330, 333, 334, 335, 338, 339, 340, 341, 344, 347, 348, 351, 357, 364, 366, 367, 368, 369, 370, 371, 372, 375, 376, 379, 380, 381, 384, 387, 388, 389, 390, 393, 396, 399, 405, 413, 415, 418, 419, 422, 423, 424, 425, 428, 429, 432, 433, 436, 439], "summary": {"covered_lines": 191, "num_statements": 191, "percent_covered": 100.0, "percent_covered_display": "100.00", "missing_lines": 0, "excluded_lines": 0, "percent_statements_covered": 100.0, "percent_statements_covered_display": "100.00"}, "missing_lines": [], "excluded_lines": [], "start_line": 1}}, "classes": {"DocumentTypeEnum": {"executed_lines": [], "summary": {"covered_lines": 0, "num_statements": 0, "percent_covered": 100.0, "percent_covered_display": "100.00", "missing_lines": 0, "excluded_lines": 0, "percent_statements_covered": 100.0, "percent_statements_covered_display": "100.00"}, "missing_lines": [], "excluded_lines": [], "start_line": 32}, "ChamberEnum": {"executed_lines": [], "summary": {"covered_lines": 0, "num_statements": 0, "percent_covered": 100.0, "percent_covered_display": "100.00", "missing_lines": 0, "excluded_lines": 0, "percent_statements_covered": 100.0, "percent_statements_covered_display": "100.00"}, "missing_lines": [], "excluded_lines": [], "start_line": 48}, "DocumentORM": {"executed_lines": [], "summary": {"covered_lines": 0, "num_statements": 0, "percent_covered": 100.0, "percent_covered_display": "100.00", "missing_lines": 0, "excluded_lines": 0, "percent_statements_covered": 100.0, "percent_statements_covered_display": "100.00"}, "missing_lines": [], "excluded_lines": [], "start_line": 55}, "MPORM": {"executed_lines": [], "summary": {"covered_lines": 0, "num_statements": 0, "percent_covered": 100.0, "percent_covered_display": "100.00", "missing_lines": 0, "excluded_lines": 0, "percent_statements_covered": 100.0, "percent_statements_covered_display": "100.00"}, "missing_lines": [], "excluded_lines": [], "start_line": 95}, "StatementORM": {"executed_lines": [], "summary": {"covered_lines": 0, "num_statements": 0, "percent_covered": 100.0, "percent_covered_display": "100.00", "missing_lines": 0, "excluded_lines": 0, "percent_statements_covered": 100.0, "percent_statements_covered_display": "100.00"}, "missing_lines": [], "excluded_lines": [], "start_line": 122}, "BillORM": {"executed_lines": [], "summary": {"covered_lines": 0, "num_statements": 0, "percent_covered": 100.0, "percent_covered_display": "100.00", "missing_lines": 0, "excluded_lines": 0, "percent_statements_covered": 100.0, "percent_statements_covered_display": "100.00"}, "missing_lines": [], "excluded_lines": [], "start_line": 169}, "BillVersionORM": {"executed_lines": [], "summary": {"covered_lines": 0, "num_statements": 0, "percent_covered": 100.0, "percent_covered_display": "100.00", "missing_lines": 0, "excluded_lines": 0, "percent_statements_covered": 100.0, "percent_statements_covered_display": "100.00"}, "missing_lines": [], "excluded_lines": [], "start_line": 213}, "VoteORM": {"executed_lines": [], "summary": {"covered_lines": 0, "num_statements": 0, "percent_covered": 100.0, "percent_covered_display": "100.00", "missing_lines": 0, "excluded_lines": 0, "percent_statements_covered": 100.0, "percent_statements_covered_display": "100.00"}, "missing_lines": [], "excluded_lines": [], "start_line": 249}, "MPVoteORM": {"executed_lines": [], "summary": {"covered_lines": 0, "num_statements": 0, "percent_covered": 100.0, "percent_covered_display": "100.00", "missing_lines": 0, "excluded_lines": 0, "percent_statements_covered": 100.0, "percent_statements_covered_display": "100.00"}, "missing_lines": [], "excluded_lines": [], "start_line": 288}, "QuestionORM": {"executed_lines": [], "summary": {"covered_lines": 0, "num_statements": 0, "percent_covered": 100.0, "percent_covered_display": "100.00", "missing_lines": 0, "excluded_lines": 0, "percent_statements_covered": 100.0, "percent_statements_covered_display": "100.00"}, "missing_lines": [], "excluded_lines": [], "start_line": 313}, "PetitionORM": {"executed_lines": [], "summary": {"covered_lines": 0, "num_statements": 0, "percent_covered": 100.0, "percent_covered_display": "100.00", "missing_lines": 0, "excluded_lines": 0, "percent_statements_covered": 100.0, "percent_statements_covered_display": "100.00"}, "missing_lines": [], "excluded_lines": [], "start_line": 357}, "DownloadedFileORM": {"executed_lines": [], "summary": {"covered_lines": 0, "num_statements": 0, "percent_covered": 100.0, "percent_covered_display": "100.00", "missing_lines": 0, "excluded_lines": 0, "percent_statements_covered": 100.0, "percent_statements_covered_display": "100.00"}, "missing_lines": [], "excluded_lines": [], "start_line": 405}, "": {"executed_lines": [8, 9, 11, 23, 26, 27, 29, 32, 35, 36, 37, 38, 39, 40, 41, 42, 43, 44, 45, 48, 51, 52, 55, 62, 64, 65, 66, 67, 68, 69, 70, 73, 74, 75, 78, 81, 84, 85, 88, 95, 102, 104, 105, 106, 107, 108, 109, 112, 113, 116, 122, 129, 131, 132, 133, 134, 135, 138, 139, 140, 141, 144, 147, 148, 149, 150, 151, 152, 155, 158, 159, 162, 169, 176, 178, 179, 180, 181, 182, 183, 186, 187, 190, 191, 192, 193, 196, 199, 200, 203, 206, 213, 220, 222, 223, 224, 225, 226, 229, 230, 231, 234, 236, 237, 240, 243, 249, 256, 258, 259, 260, 261, 262, 265, 266, 267, 268, 271, 272, 273, 276, 279, 282, 288, 295, 297, 298, 299, 300, 303, 304, 307, 313, 320, 322, 323, 324, 325, 326, 327, 328, 329, 330, 333, 334, 335, 338, 339, 340, 341, 344, 347, 348, 351, 357, 364, 366, 367, 368, 369, 370, 371, 372, 375, 376, 379, 380, 381, 384, 387, 388, 389, 390, 393, 396, 399, 405, 413, 415, 418, 419, 422, 423, 424, 425, 428, 429, 432, 433, 436, 439], "summary": {"covered_lines": 191, "num_statements": 191, "percent_covered": 100.0, "percent_covered_display": "100.00", "missing_lines": 0, "excluded_lines": 0, "percent_statements_covered": 100.0, "percent_statements_covered_display": "100.00"}, "missing_lines": [], "excluded_lines": [], "start_line": 1}}}, "hansard_tales/models/__init__.py": {"executed_lines": [8, 15, 20, 23, 27, 33], "summary": {"covered_lines": 6, "num_statements": 6, "percent_covered": 100.0, "percent_covered_display": "100.00", "missing_lines": 0, "excluded_lines": 0, "percent_statements_covered": 100.0, "percent_statements_covered_display": "100.00"}, "missing_lines": [], "excluded_lines": [], "functions": {"": {"executed_lines": [8, 15, 20, 23, 27, 33], "summary": {"covered_lines": 6, "num_statements": 6, "percent_covered": 100.0, "percent_covered_display": "100.00", "missing_lines": 0, "excluded_lines": 0, "percent_statements_covered": 100.0, "percent_statements_covered_display": "100.00"}, "missing_lines": [], "excluded_lines": [], "start_line": 1}}, "classes": {"": {"executed_lines": [8, 15, 20, 23, 27, 33], "summary": {"covered_lines": 6, "num_statements": 6, "percent_covered": 100.0, "percent_covered_display": "100.00", "missing_lines": 0, "excluded_lines": 0, "percent_statements_covered": 100.0, "percent_statements_covered_display": "100.00"}, "missing_lines": [], "excluded_lines": [], "start_line": 1}}}, "hansard_tales/models/base.py": {"executed_lines": [8, 9, 10, 11, 13, 16, 19, 20, 23, 26, 27, 28, 29, 30, 31, 32, 33, 34, 35, 36, 39, 47, 49, 50, 51, 52, 53, 56, 64, 65, 66, 67, 68, 69, 70, 73, 76, 79, 82, 83, 86, 94, 95, 96, 97, 98, 101, 104, 107, 108, 109, 110, 111, 112, 115], "summary": {"covered_lines": 55, "num_statements": 55, "percent_covered": 100.0, "percent_covered_display": "100.00", "missing_lines": 0, "excluded_lines": 0, "percent_statements_covered": 100.0, "percent_statements_covered_display": "100.00"}, "missing_lines": [], "excluded_lines": [], "functions": {"": {"executed_lines": [8, 9, 10, 11, 13, 16, 19, 20, 23, 26, 27, 28, 29, 30, 31, 32, 33, 34, 35, 36, 39, 47, 49, 50, 51, 52, 53, 56, 64, 65, 66, 67, 68, 69, 70, 73, 76, 79, 82, 83, 86, 94, 95, 96, 97, 98, 101, 104, 107, 108, 109, 110, 111, 112, 115], "summary": {"covered_lines": 55, "num_statements": 55, "percent_covered": 100.0, "percent_covered_display": "100.00", "missing_lines": 0, "excluded_lines": 0, "percent_statements_covered": 100.0, "percent_statements_covered_display": "100.00"}, "missing_lines": [], "excluded_lines": [], "start_line": 1}}, "classes": {"Chamber": {"executed_lines": [], "summary": {"covered_lines": 0, "num_statements": 0, "percent_covered": 100.0, "percent_covered_display": "100.00", "missing_lines": 0, "excluded_lines": 0, "percent_statements_covered": 100.0, "percent_statements_covered_display": "100.00"}, "missing_lines": [], "excluded_lines": [], "start_line": 16}, "DocumentType": {"executed_lines": [], "summary": {"covered_lines": 0, "num_statements": 0, "percent_covered": 100.0, "percent_covered_display": "100.00", "missing_lines": 0, "excluded_lines": 0, "percent_statements_covered": 100.0, "percent_statements_covered_display": "100.00"}, "missing_lines": [], "excluded_lines": [], "start_line": 23}, "SourceReference": {"executed_lines": [], "summary": {"covered_lines": 0, "num_statements": 0, "percent_covered": 100.0, "percent_covered_display": "100.00", "missing_lines": 0, "excluded_lines": 0, "percent_statements_covered": 100.0, "percent_statements_covered_display": "100.00"}, "missing_lines": [], "excluded_lines": [], "start_line": 39}, "Document": {"executed_lines": [], "summary": {"covered_lines": 0, "num_statements": 0, "percent_covered": 100.0, "percent_covered_display": "100.00", "missing_lines": 0, "excluded_lines": 0, "percent_statements_covered": 100.0, "percent_statements_covered_display": "100.00"}, "missing_lines": [], "excluded_lines": [], "start_line": 56}, "Statement": {"executed_lines": [], "summary": {"covered_lines": 0, "num_statements": 0, "percent_covered": 100.0, "percent_covered_display": "100.00", "missing_lines": 0, "excluded_lines": 0, "percent_statements_covered": 100.0, "percent_statements_covered_display": "100.00"}, "missing_lines": [], "excluded_lines": [], "start_line": 86}, "": {"executed_lines": [8, 9, 10, 11, 13, 16, 19, 20, 23, 26, 27, 28, 29, 30, 31, 32, 33, 34, 35, 36, 39, 47, 49, 50, 51, 52, 53, 56, 64, 65, 66, 67, 68, 69, 70, 73, 76, 79, 82, 83, 86, 94, 95, 96, 97, 98, 101, 104, 107, 108, 109, 110, 111, 112, 115], "summary": {"covered_lines": 55, "num_statements": 55, "percent_covered": 100.0, "percent_covered_display": "100.00", "missing_lines": 0, "excluded_lines": 0, "percent_statements_covered": 100.0, "percent_statements_covered_display": "100.00"}, "missing_lines": [], "excluded_lines": [], "start_line": 1}}}, "hansard_tales/models/bills.py": {"executed_lines": [8, 9, 10, 12, 14, 17, 20, 21, 22, 23, 24, 25, 26, 27, 28, 31, 39, 40, 41, 42, 43, 44, 45, 48, 56, 57, 58, 59, 60, 63, 64, 67, 68, 71, 72, 73, 74, 77, 80, 81], "summary": {"covered_lines": 40, "num_statements": 40, "percent_covered": 100.0, "percent_covered_display": "100.00", "missing_lines": 0, "excluded_lines": 0, "percent_statements_covered": 100.0, "percent_statements_covered_display": "100.00"}, "missing_lines": [], "excluded_lines": [], "functions": {"": {"executed_lines": [8, 9, 10, 12, 14, 17, 20, 21, 22, 23, 24, 25, 26, 27, 28, 31, 39, 40, 41, 42, 43, 44, 45, 48, 56, 57, 58, 59, 60, 63, 64, 67, 68, 71, 72, 73, 74, 77, 80, 81], "summary": {"covered_lines": 40, "num_statements": 40, "percent_covered": 100.0, "percent_covered_display": "100.00", "missing_lines": 0, "excluded_lines": 0, "percent_statements_covered": 100.0, "percent_statements_covered_display": "100.00"}, "missing_lines": [], "excluded_lines": [], "start_line": 1}}, "classes": {"BillStatus": {"executed_lines": [], "summary": {"covered_lines": 0, "num_statements": 0, "percent_covered": 100.0, "percent_covered_display": "100.00", "missing_lines": 0, "excluded_lines": 0, "percent_statements_covered": 100.0, "percent_statements_covered_display": "100.00"}, "missing_lines": [], "excluded_lines": [], "start_line": 17}, "BillVersion": {"executed_lines": [], "summary": {"covered_lines": 0, "num_statements": 0, "percent_covered": 100.0, "percent_covered_display": "100.00", "missing_lines": 0, "excluded_lines": 0, "percent_statements_covered": 100.0, "percent_statements_covered_display": "100.00"}, "missing_lines": [], "excluded_lines": [], "start_line": 31}, "Bill": {"executed_lines": [], "summary": {"covered_lines": 0, "num_statements": 0, "percent_covered": 100.0, "percent_covered_display": "100.00", "missing_lines": 0, "excluded_lines": 0, "percent_statements_covered": 100.0, "percent_statements_covered_display": "100.00"}, "missing_lines": [], "excluded_lines": [], "start_line": 48}, "": {"executed_lines": [8, 9, 10, 12, 14, 17, 20, 21, 22, 23, 24, 25, 26, 27, 28, 31, 39, 40, 41, 42, 43, 44, 45, 48, 56, 57, 58, 59, 60, 63, 64, 67, 68, 71, 72, 73, 74, 77, 80, 81], "summary": {"covered_lines": 40, "num_statements": 40, "percent_covered": 100.0, "percent_covered_display": "100.00", "missing_lines": 0, "excluded_lines": 0, "percent_statements_covered": 100.0, "percent_statements_covered_display": "100.00"}, "missing_lines": [], "excluded_lines": [], "start_line": 1}}}, "hansard_tales/models/petitions.py": {"executed_lines": [7, 8, 10, 12, 15, 23, 24, 25, 26, 27, 28, 29, 32, 33, 36, 37, 38, 41, 44, 45, 48], "summary": {"covered_lines": 21, "num_statements": 21, "percent_covered": 100.0, "percent_covered_display": "100.00", "missing_lines": 0, "excluded_lines": 0, "percent_statements_covered": 100.0, "percent_statements_covered_display": "100.00"}, "missing_lines": [], "excluded_lines": [], "functions": {"": {"executed_lines": [7, 8, 10, 12, 15, 23, 24, 25, 26, 27, 28, 29, 32, 33, 36, 37, 38, 41, 44, 45, 48], "summary": {"covered_lines": 21, "num_statements": 21, "percent_covered": 100.0, "percent_covered_display": "100.00", "missing_lines": 0, "excluded_lines": 0, "percent_statements_covered": 100.0, "percent_statements_covered_display": "100.00"}, "missing_lines": [], "excluded_lines": [], "start_line": 1}}, "classes": {"Petition": {"executed_lines": [], "summary": {"covered_lines": 0, "num_statements": 0, "percent_covered": 100.0, "percent_covered_display": "100.00", "missing_lines": 0, "excluded_lines": 0, "percent_statements_covered": 100.0, "percent_statements_covered_display": "100.00"}, "missing_lines": [], "excluded_lines": [], "start_line": 15}, "": {"executed_lines": [7, 8, 10, 12, 15, 23, 24, 25, 26, 27, 28, 29, 32, 33, 36, 37, 38, 41, 44, 45, 48], "summary": {"covered_lines": 21, "num_statements": 21, "percent_covered": 100.0, "percent_covered_display": "100.00", "missing_lines": 0, "excluded_lines": 0, "percent_statements_covered": 100.0, "percent_statements_covered_display": "100.00"}, "missing_lines": [], "excluded_lines": [], "start_line": 1}}}, "hansard_tales/models/questions.py": {"executed_lines": [7, 8, 9, 11, 13, 16, 19, 20, 23, 31, 32, 33, 34, 35, 36, 37, 38, 39, 42, 43, 44, 47, 48, 51], "summary": {"covered_lines": 24, "num_statements": 24, "percent_covered": 100.0, "percent_covered_display": "100.00", "missing_lines": 0, "excluded_lines": 0, "percent_statements_covered": 100.0, "percent_statements_covered_display": "100.00"}, "missing_lines": [], "excluded_lines": [], "functions": {"": {"executed_lines": [7, 8, 9, 11, 13, 16, 19, 20, 23, 31, 32, 33, 34, 35, 36, 37, 38, 39, 42, 43, 44, 47, 48, 51], "summary": {"covered_lines": 24, "num_statements": 24, "percent_covered": 100.0, "percent_covered_display": "100.00", "missing_lines": 0, "excluded_lines": 0, "percent_statements_covered": 100.0, "percent_statements_covered_display": "100.00"}, "missing_lines": [], "excluded_lines": [], "start_line": 1}}, "classes": {"QuestionType": {"executed_lines": [], "summary": {"covered_lines": 0, "num_statements": 0, "percent_covered": 100.0, "percent_covered_display": "100.00", "missing_lines": 0, "excluded_lines": 0, "percent_statements_covered": 100.0, "percent_statements_covered_display": "100.00"}, "missing_lines": [], "excluded_lines": [], "start_line": 16}, "Question": {"executed_lines": [], "summary": {"covered_lines": 0, "num_statements": 0, "percent_covered": 100.0, "percent_covered_display": "100.00", "missing_lines": 0, "excluded_lines": 0, "percent_statements_covered": 100.0, "percent_statements_covered_display": "100.00"}, "missing_lines": [], "excluded_lines": [], "start_line": 23}, "": {"executed_lines": [7, 8, 9, 11, 13, 16, 19, 20, 23, 31, 32, 33, 34, 35, 36, 37, 38, 39, 42, 43, 44, 47, 48, 51], "summary": {"covered_lines": 24, "num_statements": 24, "percent_covered": 100.0, "percent_covered_display": "100.00", "missing_lines": 0, "excluded_lines": 0, "percent_statements_covered": 100.0, "percent_statements_covered_display": "100.00"}, "missing_lines": [], "excluded_lines": [], "start_line": 1}}}, "hansard_tales/models/votes.py": {"executed_lines": [7, 8, 9, 11, 13, 16, 19, 20, 21, 22, 25, 28, 29, 32, 40, 41, 42, 43, 44, 47, 50, 51, 52, 53, 56, 59], "summary": {"covered_lines": 26, "num_statements": 26, "percent_covered": 100.0, "percent_covered_display": "100.00", "missing_lines": 0, "excluded_lines": 0, "percent_statements_covered": 100.0, "percent_statements_covered_display": "100.00"}, "missing_lines": [], "excluded_lines": [], "functions": {"": {"executed_lines": [7, 8, 9, 11, 13, 16, 19, 20, 21, 22, 25, 28, 29, 32, 40, 41, 42, 43, 44, 47, 50, 51, 52, 53, 56, 59], "summary": {"covered_lines": 26, "num_statements": 26, "percent_covered": 100.0, "percent_covered_display": "100.00", "missing_lines": 0, "excluded_lines": 0, "percent_statements_covered": 100.0, "percent_statements_covered_display": "100.00"}, "missing_lines": [], "excluded_lines": [], "start_line": 1}}, "classes": {"VoteDirection": {"executed_lines": [], "summary": {"covered_lines": 0, "num_statements": 0, "percent_covered": 100.0, "percent_covered_display": "100.00", "missing_lines": 0, "excluded_lines": 0, "percent_statements_covered": 100.0, "percent_statements_covered_display": "100.00"}, "missing_lines": [], "excluded_lines": [], "start_line": 16}, "MPVote": {"executed_lines": [], "summary": {"covered_lines": 0, "num_statements": 0, "percent_covered": 100.0, "percent_covered_display": "100.00", "missing_lines": 0, "excluded_lines": 0, "percent_statements_covered": 100.0, "percent_statements_covered_display": "100.00"}, "missing_lines": [], "excluded_lines": [], "start_line": 25}, "Vote": {"executed_lines": [], "summary": {"covered_lines": 0, "num_statements": 0, "percent_covered": 100.0, "percent_covered_display": "100.00", "missing_lines": 0, "excluded_lines": 0, "percent_statements_covered": 100.0, "percent_statements_covered_display": "100.00"}, "missing_lines": [], "excluded_lines": [], "start_line": 32}, "": {"executed_lines": [7, 8, 9, 11, 13, 16, 19, 20, 21, 22, 25, 28, 29, 32, 40, 41, 42, 43, 44, 47, 50, 51, 52, 53, 56, 59], "summary": {"covered_lines": 26, "num_statements": 26, "percent_covered": 100.0, "percent_covered_display": "100.00", "missing_lines": 0, "excluded_lines": 0, "percent_statements_covered": 100.0, "percent_statements_covered_display": "100.00"}, "missing_lines": [], "excluded_lines": [], "start_line": 1}}}, "hansard_tales/monitoring/__init__.py": {"executed_lines": [8, 9, 18, 28], "summary": {"covered_lines": 4, "num_statements": 4, "percent_covered": 100.0, "percent_covered_display": "100.00", "missing_lines": 0, "excluded_lines": 0, "percent_statements_covered": 100.0, "percent_statements_covered_display": "100.00"}, "missing_lines": [], "excluded_lines": [], "functions": {"": {"executed_lines": [8, 9, 18, 28], "summary": {"covered_lines": 4, "num_statements": 4, "percent_covered": 100.0, "percent_covered_display": "100.00", "missing_lines": 0, "excluded_lines": 0, "percent_statements_covered": 100.0, "percent_statements_covered_display": "100.00"}, "missing_lines": [], "excluded_lines": [], "start_line": 1}}, "classes": {"": {"executed_lines": [8, 9, 18, 28], "summary": {"covered_lines": 4, "num_statements": 4, "percent_covered": 100.0, "percent_covered_display": "100.00", "missing_lines": 0, "excluded_lines": 0, "percent_statements_covered": 100.0, "percent_statements_covered_display": "100.00"}, "missing_lines": [], "excluded_lines": [], "start_line": 1}}}, "hansard_tales/monitoring/health.py": {"executed_lines": [8, 11, 12, 15, 16, 19], "summary": {"covered_lines": 6, "num_statements": 7, "percent_covered": 85.71428571428571, "percent_covered_display": "85.71", "missing_lines": 1, "excluded_lines": 0, "percent_statements_covered": 85.71428571428571, "percent_statements_covered_display": "85.71"}, "missing_lines": [32], "excluded_lines": [], "functions": {"health_check": {"executed_lines": [], "summary": {"covered_lines": 0, "num_statements": 1, "percent_covered": 0.0, "percent_covered_display": "0.00", "missing_lines": 1, "excluded_lines": 0, "percent_statements_covered": 0.0, "percent_statements_covered_display": "0.00"}, "missing_lines": [32], "excluded_lines": [], "start_line": 19}, "": {"executed_lines": [8, 11, 12, 15, 16, 19], "summary": {"covered_lines": 6, "num_statements": 6, "percent_covered": 100.0, "percent_covered_display": "100.00", "missing_lines": 0, "excluded_lines": 0, "percent_statements_covered": 100.0, "percent_statements_covered_display": "100.00"}, "missing_lines": [], "excluded_lines": [], "start_line": 1}}, "classes": {"HealthStatus": {"executed_lines": [], "summary": {"covered_lines": 0, "num_statements": 0, "percent_covered": 100.0, "percent_covered_display": "100.00", "missing_lines": 0, "excluded_lines": 0, "percent_statements_covered": 100.0, "percent_statements_covered_display": "100.00"}, "missing_lines": [], "excluded_lines": [], "start_line": 12}, "": {"executed_lines": [8, 11, 12, 15, 16, 19], "summary": {"covered_lines": 6, "num_statements": 7, "percent_covered": 85.71428571428571, "percent_covered_display": "85.71", "missing_lines": 1, "excluded_lines": 0, "percent_statements_covered": 85.71428571428571, "percent_statements_covered_display": "85.71"}, "missing_lines": [32], "excluded_lines": [], "start_line": 1}}}, "hansard_tales/monitoring/metrics.py": {"executed_lines": [8, 9, 10, 11, 12, 14, 16, 19, 25, 29, 31, 35, 40, 58, 59, 60, 61, 62, 63, 64, 65, 68, 71, 72, 73, 74, 77, 80, 81, 83, 85, 88], "summary": {"covered_lines": 32, "num_statements": 38, "percent_covered": 84.21052631578948, "percent_covered_display": "84.21", "missing_lines": 6, "excluded_lines": 1, "percent_statements_covered": 84.21052631578948, "percent_statements_covered_display": "84.21"}, "missing_lines": [98, 99, 100, 101, 102, 103], "excluded_lines": [41], "functions": {"track_processing_time": {"executed_lines": [58, 59, 85], "summary": {"covered_lines": 3, "num_statements": 3, "percent_covered": 100.0, "percent_covered_display": "100.00", "missing_lines": 0, "excluded_lines": 1, "percent_statements_covered": 100.0, "percent_statements_covered_display": "100.00"}, "missing_lines": [], "excluded_lines": [41], "start_line": 40}, "track_processing_time.decorator": {"executed_lines": [60, 83], "summary": {"covered_lines": 2, "num_statements": 2, "percent_covered": 100.0, "percent_covered_display": "100.00", "missing_lines": 0, "excluded_lines": 0, "percent_statements_covered": 100.0, "percent_statements_covered_display": "100.00"}, "missing_lines": [], "excluded_lines": [], "start_line": 58}, "track_processing_time.decorator.wrapper": {"executed_lines": [61, 62, 63, 64, 65, 68, 71, 72, 73, 74, 77, 80, 81], "summary": {"covered_lines": 13, "num_statements": 13, "percent_covered": 100.0, "percent_covered_display": "100.00", "missing_lines": 0, "excluded_lines": 0, "percent_statements_covered": 100.0, "percent_statements_covered_display": "100.00"}, "missing_lines": [], "excluded_lines": [], "start_line": 60}, "start_metrics_server": {"executed_lines": [], "summary": {"covered_lines": 0, "num_statements": 6, "percent_covered": 0.0, "percent_covered_display": "0.00", "missing_lines": 6, "excluded_lines": 0, "percent_statements_covered": 0.0, "percent_statements_covered_display": "0.00"}, "missing_lines": [98, 99, 100, 101, 102, 103], "excluded_lines": [], "start_line": 88}, "": {"executed_lines": [8, 9, 10, 11, 12, 14, 16, 19, 25, 29, 31, 35, 40, 88], "summary": {"covered_lines": 14, "num_statements": 14, "percent_covered": 100.0, "percent_covered_display": "100.00", "missing_lines": 0, "excluded_lines": 0, "percent_statements_covered": 100.0, "percent_statements_covered_display": "100.00"}, "missing_lines": [], "excluded_lines": [], "start_line": 1}}, "classes": {"": {"executed_lines": [8, 9, 10, 11, 12, 14, 16, 19, 25, 29, 31, 35, 40, 58, 59, 60, 61, 62, 63, 64, 65, 68, 71, 72, 73, 74, 77, 80, 81, 83, 85, 88], "summary": {"covered_lines": 32, "num_statements": 38, "percent_covered": 84.21052631578948, "percent_covered_display": "84.21", "missing_lines": 6, "excluded_lines": 1, "percent_statements_covered": 84.21052631578948, "percent_statements_covered_display": "84.21"}, "missing_lines": [98, 99, 100, 101, 102, 103], "excluded_lines": [41], "start_line": 1}}}, "hansard_tales/monitoring/sentry_config.py": {"executed_lines": [8, 10, 11, 13, 15, 18, 34, 35, 36, 38, 39, 40, 42, 46, 52, 71, 73, 74, 76, 79, 100, 102, 103, 104, 105, 106, 107, 109, 110, 111, 112, 115, 134, 136, 137, 138, 139, 140, 141, 143, 144, 145, 146, 149, 161, 162, 163, 164, 167, 181, 182, 183, 184, 187, 210, 211, 212, 213, 216, 233, 234, 235, 236, 237], "summary": {"covered_lines": 64, "num_statements": 64, "percent_covered": 100.0, "percent_covered_display": "100.00", "missing_lines": 0, "excluded_lines": 0, "percent_statements_covered": 100.0, "percent_statements_covered_display": "100.00"}, "missing_lines": [], "excluded_lines": [], "functions": {"configure_sentry": {"executed_lines": [34, 35, 36, 38, 39, 40, 42, 46, 52, 71, 73, 74, 76], "summary": {"covered_lines": 13, "num_statements": 13, "percent_covered": 100.0, "percent_covered_display": "100.00", "missing_lines": 0, "excluded_lines": 0, "percent_statements_covered": 100.0, "percent_statements_covered_display": "100.00"}, "missing_lines": [], "excluded_lines": [], "start_line": 18}, "capture_exception": {"executed_lines": [100, 102, 103, 104, 105, 106, 107, 109, 110, 111, 112], "summary": {"covered_lines": 11, "num_statements": 11, "percent_covered": 100.0, "percent_covered_display": "100.00", "missing_lines": 0, "excluded_lines": 0, "percent_statements_covered": 100.0, "percent_statements_covered_display": "100.00"}, "missing_lines": [], "excluded_lines": [], "start_line": 79}, "capture_message": {"executed_lines": [134, 136, 137, 138, 139, 140, 141, 143, 144, 145, 146], "summary": {"covered_lines": 11, "num_statements": 11, "percent_covered": 100.0, "percent_covered_display": "100.00", "missing_lines": 0, "excluded_lines": 0, "percent_statements_covered": 100.0, "percent_statements_covered_display": "100.00"}, "missing_lines": [], "excluded_lines": [], "start_line": 115}, "set_user": {"executed_lines": [161, 162, 163, 164], "summary": {"covered_lines": 4, "num_statements": 4, "percent_covered": 100.0, "percent_covered_display": "100.00", "missing_lines": 0, "excluded_lines": 0, "percent_statements_covered": 100.0, "percent_statements_covered_display": "100.00"}, "missing_lines": [], "excluded_lines": [], "start_line": 149}, "set_tag": {"executed_lines": [181, 182, 183, 184], "summary": {"covered_lines": 4, "num_statements": 4, "percent_covered": 100.0, "percent_covered_display": "100.00", "missing_lines": 0, "excluded_lines": 0, "percent_statements_covered": 100.0, "percent_statements_covered_display": "100.00"}, "missing_lines": [], "excluded_lines": [], "start_line": 167}, "add_breadcrumb": {"executed_lines": [210, 211, 212, 213], "summary": {"covered_lines": 4, "num_statements": 4, "percent_covered": 100.0, "percent_covered_display": "100.00", "missing_lines": 0, "excluded_lines": 0, "percent_statements_covered": 100.0, "percent_statements_covered_display": "100.00"}, "missing_lines": [], "excluded_lines": [], "start_line": 187}, "flush": {"executed_lines": [233, 234, 235, 236, 237], "summary": {"covered_lines": 5, "num_statements": 5, "percent_covered": 100.0, "percent_covered_display": "100.00", "missing_lines": 0, "excluded_lines": 0, "percent_statements_covered": 100.0, "percent_statements_covered_display": "100.00"}, "missing_lines": [], "excluded_lines": [], "start_line": 216}, "": {"executed_lines": [8, 10, 11, 13, 15, 18, 79, 115, 149, 167, 187, 216], "summary": {"covered_lines": 12, "num_statements": 12, "percent_covered": 100.0, "percent_covered_display": "100.00", "missing_lines": 0, "excluded_lines": 0, "percent_statements_covered": 100.0, "percent_statements_covered_display": "100.00"}, "missing_lines": [], "excluded_lines": [], "start_line": 1}}, "classes": {"": {"executed_lines": [8, 10, 11, 13, 15, 18, 34, 35, 36, 38, 39, 40, 42, 46, 52, 71, 73, 74, 76, 79, 100, 102, 103, 104, 105, 106, 107, 109, 110, 111, 112, 115, 134, 136, 137, 138, 139, 140, 141, 143, 144, 145, 146, 149, 161, 162, 163, 164, 167, 181, 182, 183, 184, 187, 210, 211, 212, 213, 216, 233, 234, 235, 236, 237], "summary": {"covered_lines": 64, "num_statements": 64, "percent_covered": 100.0, "percent_covered_display": "100.00", "missing_lines": 0, "excluded_lines": 0, "percent_statements_covered": 100.0, "percent_statements_covered_display": "100.00"}, "missing_lines": [], "excluded_lines": [], "start_line": 1}}}, "hansard_tales/processors/__init__.py": {"executed_lines": [], "summary": {"covered_lines": 0, "num_statements": 0, "percent_covered": 100.0, "percent_covered_display": "100.00", "missing_lines": 0, "excluded_lines": 0, "percent_statements_covered": 100.0, "percent_statements_covered_display": "100.00"}, "missing_lines": [], "excluded_lines": [], "functions": {"": {"executed_lines": [], "summary": {"covered_lines": 0, "num_statements": 0, "percent_covered": 100.0, "percent_covered_display": "100.00", "missing_lines": 0, "excluded_lines": 0, "percent_statements_covered": 100.0, "percent_statements_covered_display": "100.00"}, "missing_lines": [], "excluded_lines": [], "start_line": 1}}, "classes": {"": {"executed_lines": [], "summary": {"covered_lines": 0, "num_statements": 0, "percent_covered": 100.0, "percent_covered_display": "100.00", "missing_lines": 0, "excluded_lines": 0, "percent_statements_covered": 100.0, "percent_statements_covered_display": "100.00"}, "missing_lines": [], "excluded_lines": [], "start_line": 1}}}, "hansard_tales/processors/pdf_processor.py": {"executed_lines": [8, 9, 10, 11, 13, 14, 16, 20, 21, 23, 28, 29, 32, 33, 34, 35, 38, 39, 42, 43, 44, 47, 48, 51, 52, 53, 54, 55, 56, 59, 76, 78, 82, 87, 107, 108, 111, 114, 117, 120, 123, 124, 126, 135, 145, 147, 157, 159, 160, 162, 164, 165, 166, 167, 168, 177, 179, 189, 191, 192, 193, 195, 205, 207, 217, 218, 220, 230, 244, 245, 246, 248, 249, 251, 262, 264, 265, 266, 268, 270, 271, 279, 282, 295, 309, 317, 320, 333, 347, 355], "summary": {"covered_lines": 90, "num_statements": 98, "percent_covered": 91.83673469387755, "percent_covered_display": "91.84", "missing_lines": 8, "excluded_lines": 0, "percent_statements_covered": 91.83673469387755, "percent_statements_covered_display": "91.84"}, "missing_lines": [17, 18, 24, 25, 79, 83, 196, 197], "excluded_lines": [], "functions": {"PDFProcessor.__init__": {"executed_lines": [78, 82], "summary": {"covered_lines": 2, "num_statements": 4, "percent_covered": 50.0, "percent_covered_display": "50.00", "missing_lines": 2, "excluded_lines": 0, "percent_statements_covered": 50.0, "percent_statements_covered_display": "50.00"}, "missing_lines": [79, 83], "excluded_lines": [], "start_line": 76}, "PDFProcessor.process": {"executed_lines": [107, 108, 111, 114, 117, 120, 123, 124, 126], "summary": {"covered_lines": 9, "num_statements": 9, "percent_covered": 100.0, "percent_covered_display": "100.00", "missing_lines": 0, "excluded_lines": 0, "percent_statements_covered": 100.0, "percent_statements_covered_display": "100.00"}, "missing_lines": [], "excluded_lines": [], "start_line": 87}, "PDFProcessor._compute_hash": {"executed_lines": [145], "summary": {"covered_lines": 1, "num_statements": 1, "percent_covered": 100.0, "percent_covered_display": "100.00", "missing_lines": 0, "excluded_lines": 0, "percent_statements_covered": 100.0, "percent_statements_covered_display": "100.00"}, "missing_lines": [], "excluded_lines": [], "start_line": 135}, "PDFProcessor._extract_text": {"executed_lines": [157, 159, 160, 162, 164, 165, 166, 167, 168, 177], "summary": {"covered_lines": 10, "num_statements": 10, "percent_covered": 100.0, "percent_covered_display": "100.00", "missing_lines": 0, "excluded_lines": 0, "percent_statements_covered": 100.0, "percent_statements_covered_display": "100.00"}, "missing_lines": [], "excluded_lines": [], "start_line": 147}, "PDFProcessor._extract_tables": {"executed_lines": [189, 191, 192, 193, 195, 205], "summary": {"covered_lines": 6, "num_statements": 8, "percent_covered": 75.0, "percent_covered_display": "75.00", "missing_lines": 2, "excluded_lines": 0, "percent_statements_covered": 75.0, "percent_statements_covered_display": "75.00"}, "missing_lines": [196, 197], "excluded_lines": [], "start_line": 179}, "PDFProcessor._extract_metadata": {"executed_lines": [217, 218, 220], "summary": {"covered_lines": 3, "num_statements": 3, "percent_covered": 100.0, "percent_covered_display": "100.00", "missing_lines": 0, "excluded_lines": 0, "percent_statements_covered": 100.0, "percent_statements_covered_display": "100.00"}, "missing_lines": [], "excluded_lines": [], "start_line": 207}, "PDFProcessor.extract_text_by_page": {"executed_lines": [244, 245, 246, 248, 249], "summary": {"covered_lines": 5, "num_statements": 5, "percent_covered": 100.0, "percent_covered_display": "100.00", "missing_lines": 0, "excluded_lines": 0, "percent_statements_covered": 100.0, "percent_statements_covered_display": "100.00"}, "missing_lines": [], "excluded_lines": [], "start_line": 230}, "PDFProcessor.search_text": {"executed_lines": [262, 264, 265, 266, 268, 270, 271, 279], "summary": {"covered_lines": 8, "num_statements": 8, "percent_covered": 100.0, "percent_covered_display": "100.00", "missing_lines": 0, "excluded_lines": 0, "percent_statements_covered": 100.0, "percent_statements_covered_display": "100.00"}, "missing_lines": [], "excluded_lines": [], "start_line": 251}, "HansardProcessor.process_hansard": {"executed_lines": [309, 317], "summary": {"covered_lines": 2, "num_statements": 2, "percent_covered": 100.0, "percent_covered_display": "100.00", "missing_lines": 0, "excluded_lines": 0, "percent_statements_covered": 100.0, "percent_statements_covered_display": "100.00"}, "missing_lines": [], "excluded_lines": [], "start_line": 295}, "VotesProcessor.process_votes": {"executed_lines": [347, 355], "summary": {"covered_lines": 2, "num_statements": 2, "percent_covered": 100.0, "percent_covered_display": "100.00", "missing_lines": 0, "excluded_lines": 0, "percent_statements_covered": 100.0, "percent_statements_covered_display": "100.00"}, "missing_lines": [], "excluded_lines": [], "start_line": 333}, "": {"executed_lines": [8, 9, 10, 11, 13, 14, 16, 20, 21, 23, 28, 29, 32, 33, 34, 35, 38, 39, 42, 43, 44, 47, 48, 51, 52, 53, 54, 55, 56, 59, 76, 87, 135, 147, 179, 207, 230, 251, 282, 295, 320, 333], "summary": {"covered_lines": 42, "num_statements": 46, "percent_covered": 91.30434782608695, "percent_covered_display": "91.30", "missing_lines": 4, "excluded_lines": 0, "percent_statements_covered": 91.30434782608695, "percent_statements_covered_display": "91.30"}, "missing_lines": [17, 18, 24, 25], "excluded_lines": [], "start_line": 1}}, "classes": {"ExtractedText": {"executed_lines": [], "summary": {"covered_lines": 0, "num_statements": 0, "percent_covered": 100.0, "percent_covered_display": "100.00", "missing_lines": 0, "excluded_lines": 0, "percent_statements_covered": 100.0, "percent_statements_covered_display": "100.00"}, "missing_lines": [], "excluded_lines": [], "start_line": 29}, "ExtractedTable": {"executed_lines": [], "summary": {"covered_lines": 0, "num_statements": 0, "percent_covered": 100.0, "percent_covered_display": "100.00", "missing_lines": 0, "excluded_lines": 0, "percent_statements_covered": 100.0, "percent_statements_covered_display": "100.00"}, "missing_lines": [], "excluded_lines": [], "start_line": 39}, "ProcessedPDF": {"executed_lines": [], "summary": {"covered_lines": 0, "num_statements": 0, "percent_covered": 100.0, "percent_covered_display": "100.00", "missing_lines": 0, "excluded_lines": 0, "percent_statements_covered": 100.0, "percent_statements_covered_display": "100.00"}, "missing_lines": [], "excluded_lines": [], "start_line": 48}, "PDFProcessor": {"executed_lines": [78, 82, 107, 108, 111, 114, 117, 120, 123, 124, 126, 145, 157, 159, 160, 162, 164, 165, 166, 167, 168, 177, 189, 191, 192, 193, 195, 205, 217, 218, 220, 244, 245, 246, 248, 249, 262, 264, 265, 266, 268, 270, 271, 279], "summary": {"covered_lines": 44, "num_statements": 48, "percent_covered": 91.66666666666667, "percent_covered_display": "91.67", "missing_lines": 4, "excluded_lines": 0, "percent_statements_covered": 91.66666666666667, "percent_statements_covered_display": "91.67"}, "missing_lines": [79, 83, 196, 197], "excluded_lines": [], "start_line": 59}, "HansardProcessor": {"executed_lines": [309, 317], "summary": {"covered_lines": 2, "num_statements": 2, "percent_covered": 100.0, "percent_covered_display": "100.00", "missing_lines": 0, "excluded_lines": 0, "percent_statements_covered": 100.0, "percent_statements_covered_display": "100.00"}, "missing_lines": [], "excluded_lines": [], "start_line": 282}, "VotesProcessor": {"executed_lines": [347, 355], "summary": {"covered_lines": 2, "num_statements": 2, "percent_covered": 100.0, "percent_covered_display": "100.00", "missing_lines": 0, "excluded_lines": 0, "percent_statements_covered": 100.0, "percent_statements_covered_display": "100.00"}, "missing_lines": [], "excluded_lines": [], "start_line": 320}, "": {"executed_lines": [8, 9, 10, 11, 13, 14, 16, 20, 21, 23, 28, 29, 32, 33, 34, 35, 38, 39, 42, 43, 44, 47, 48, 51, 52, 53, 54, 55, 56, 59, 76, 87, 135, 147, 179, 207, 230, 251, 282, 295, 320, 333], "summary": {"covered_lines": 42, "num_statements": 46, "percent_covered": 91.30434782608695, "percent_covered_display": "91.30", "missing_lines": 4, "excluded_lines": 0, "percent_statements_covered": 91.30434782608695, "percent_statements_covered_display": "91.30"}, "missing_lines": [17, 18, 24, 25], "excluded_lines": [], "start_line": 1}}}, "hansard_tales/processors/storage_service.py": {"executed_lines": [8, 9, 12, 38, 47, 48, 49, 51, 72, 75, 91, 92, 95, 96, 99, 116, 118, 132, 134, 135, 137, 152, 153, 155, 157, 158, 160], "summary": {"covered_lines": 27, "num_statements": 27, "percent_covered": 100.0, "percent_covered_display": "100.00", "missing_lines": 0, "excluded_lines": 0, "percent_statements_covered": 100.0, "percent_statements_covered_display": "100.00"}, "missing_lines": [], "excluded_lines": [], "functions": {"DocumentStorageService.__init__": {"executed_lines": [47, 48, 49], "summary": {"covered_lines": 3, "num_statements": 3, "percent_covered": 100.0, "percent_covered_display": "100.00", "missing_lines": 0, "excluded_lines": 0, "percent_statements_covered": 100.0, "percent_statements_covered_display": "100.00"}, "missing_lines": [], "excluded_lines": [], "start_line": 38}, "DocumentStorageService.store_document": {"executed_lines": [72, 75, 91, 92, 95, 96, 99, 116], "summary": {"covered_lines": 8, "num_statements": 8, "percent_covered": 100.0, "percent_covered_display": "100.00", "missing_lines": 0, "excluded_lines": 0, "percent_statements_covered": 100.0, "percent_statements_covered_display": "100.00"}, "missing_lines": [], "excluded_lines": [], "start_line": 51}, "DocumentStorageService.is_duplicate": {"executed_lines": [132, 134, 135], "summary": {"covered_lines": 3, "num_statements": 3, "percent_covered": 100.0, "percent_covered_display": "100.00", "missing_lines": 0, "excluded_lines": 0, "percent_statements_covered": 100.0, "percent_statements_covered_display": "100.00"}, "missing_lines": [], "excluded_lines": [], "start_line": 118}, "DocumentStorageService.get_document": {"executed_lines": [152, 153, 155, 157, 158, 160], "summary": {"covered_lines": 6, "num_statements": 6, "percent_covered": 100.0, "percent_covered_display": "100.00", "missing_lines": 0, "excluded_lines": 0, "percent_statements_covered": 100.0, "percent_statements_covered_display": "100.00"}, "missing_lines": [], "excluded_lines": [], "start_line": 137}, "": {"executed_lines": [8, 9, 12, 38, 51, 118, 137], "summary": {"covered_lines": 7, "num_statements": 7, "percent_covered": 100.0, "percent_covered_display": "100.00", "missing_lines": 0, "excluded_lines": 0, "percent_statements_covered": 100.0, "percent_statements_covered_display": "100.00"}, "missing_lines": [], "excluded_lines": [], "start_line": 1}}, "classes": {"DocumentStorageService": {"executed_lines": [47, 48, 49, 72, 75, 91, 92, 95, 96, 99, 116, 132, 134, 135, 152, 153, 155, 157, 158, 160], "summary": {"covered_lines": 20, "num_statements": 20, "percent_covered": 100.0, "percent_covered_display": "100.00", "missing_lines": 0, "excluded_lines": 0, "percent_statements_covered": 100.0, "percent_statements_covered_display": "100.00"}, "missing_lines": [], "excluded_lines": [], "start_line": 12}, "": {"executed_lines": [8, 9, 12, 38, 51, 118, 137], "summary": {"covered_lines": 7, "num_statements": 7, "percent_covered": 100.0, "percent_covered_display": "100.00", "missing_lines": 0, "excluded_lines": 0, "percent_statements_covered": 100.0, "percent_statements_covered_display": "100.00"}, "missing_lines": [], "excluded_lines": [], "start_line": 1}}}, "hansard_tales/scrapers/__init__.py": {"executed_lines": [3, 4, 5, 6, 7, 9], "summary": {"covered_lines": 6, "num_statements": 6, "percent_covered": 100.0, "percent_covered_display": "100.00", "missing_lines": 0, "excluded_lines": 0, "percent_statements_covered": 100.0, "percent_statements_covered_display": "100.00"}, "missing_lines": [], "excluded_lines": [], "functions": {"": {"executed_lines": [3, 4, 5, 6, 7, 9], "summary": {"covered_lines": 6, "num_statements": 6, "percent_covered": 100.0, "percent_covered_display": "100.00", "missing_lines": 0, "excluded_lines": 0, "percent_statements_covered": 100.0, "percent_statements_covered_display": "100.00"}, "missing_lines": [], "excluded_lines": [], "start_line": 1}}, "classes": {"": {"executed_lines": [3, 4, 5, 6, 7, 9], "summary": {"covered_lines": 6, "num_statements": 6, "percent_covered": 100.0, "percent_covered_display": "100.00", "missing_lines": 0, "excluded_lines": 0, "percent_statements_covered": 100.0, "percent_statements_covered_display": "100.00"}, "missing_lines": [], "excluded_lines": [], "start_line": 1}}}, "hansard_tales/scrapers/base.py": {"executed_lines": [9, 10, 11, 12, 13, 14, 16, 17, 25, 26, 27, 29, 32, 33, 36, 37, 38, 39, 40, 43, 46, 49, 66, 73, 74, 75, 76, 78, 84, 105, 106, 107, 108, 110, 111, 133, 134, 147, 163, 165, 166, 167, 168, 170, 174, 185, 186, 187, 188, 190, 200, 202, 232, 233, 236, 237, 239, 241, 242, 243, 245, 247, 249, 252, 253, 254, 255, 258, 259, 260, 261, 263, 265, 266, 268, 270, 284, 285, 287, 288, 289, 291, 292, 295, 296, 297, 298, 300, 302, 322, 324, 326, 328, 338, 340, 357, 358, 359, 361, 362, 365, 366, 367, 368, 370, 372, 378, 380, 382, 385, 387, 399, 400, 402, 403, 405, 406, 409, 410, 411, 412, 414, 416, 430, 431, 433, 435, 437, 439], "summary": {"covered_lines": 129, "num_statements": 161, "percent_covered": 80.12422360248448, "percent_covered_display": "80.12", "missing_lines": 32, "excluded_lines": 0, "percent_statements_covered": 80.12422360248448, "percent_statements_covered_display": "80.12"}, "missing_lines": [131, 145, 309, 310, 312, 313, 314, 315, 316, 318, 320, 454, 455, 457, 458, 460, 461, 464, 465, 466, 467, 469, 471, 477, 479, 480, 481, 482, 484, 486, 488, 490], "excluded_lines": [], "functions": {"BaseScraper.__init__": {"executed_lines": [73, 74, 75, 76], "summary": {"covered_lines": 4, "num_statements": 4, "percent_covered": 100.0, "percent_covered_display": "100.00", "missing_lines": 0, "excluded_lines": 0, "percent_statements_covered": 100.0, "percent_statements_covered_display": "100.00"}, "missing_lines": [], "excluded_lines": [], "start_line": 66}, "BaseScraper._fetch_page_with_retry": {"executed_lines": [105, 106, 107, 108], "summary": {"covered_lines": 4, "num_statements": 4, "percent_covered": 100.0, "percent_covered_display": "100.00", "missing_lines": 0, "excluded_lines": 0, "percent_statements_covered": 100.0, "percent_statements_covered_display": "100.00"}, "missing_lines": [], "excluded_lines": [], "start_line": 84}, "BaseScraper.get_document_urls": {"executed_lines": [], "summary": {"covered_lines": 0, "num_statements": 1, "percent_covered": 0.0, "percent_covered_display": "0.00", "missing_lines": 1, "excluded_lines": 0, "percent_statements_covered": 0.0, "percent_statements_covered_display": "0.00"}, "missing_lines": [131], "excluded_lines": [], "start_line": 111}, "BaseScraper.extract_metadata": {"executed_lines": [], "summary": {"covered_lines": 0, "num_statements": 1, "percent_covered": 0.0, "percent_covered_display": "0.00", "missing_lines": 1, "excluded_lines": 0, "percent_statements_covered": 0.0, "percent_statements_covered_display": "0.00"}, "missing_lines": [145], "excluded_lines": [], "start_line": 134}, "BaseScraper.download_document": {"executed_lines": [163, 165, 166, 167, 168, 170], "summary": {"covered_lines": 6, "num_statements": 6, "percent_covered": 100.0, "percent_covered_display": "100.00", "missing_lines": 0, "excluded_lines": 0, "percent_statements_covered": 100.0, "percent_statements_covered_display": "100.00"}, "missing_lines": [], "excluded_lines": [], "start_line": 147}, "BaseScraper.save_document": {"executed_lines": [185, 186, 187, 188], "summary": {"covered_lines": 4, "num_statements": 4, "percent_covered": 100.0, "percent_covered_display": "100.00", "missing_lines": 0, "excluded_lines": 0, "percent_statements_covered": 100.0, "percent_statements_covered_display": "100.00"}, "missing_lines": [], "excluded_lines": [], "start_line": 174}, "BaseScraper._generate_filename": {"executed_lines": [200], "summary": {"covered_lines": 1, "num_statements": 1, "percent_covered": 100.0, "percent_covered_display": "100.00", "missing_lines": 0, "excluded_lines": 0, "percent_statements_covered": 100.0, "percent_statements_covered_display": "100.00"}, "missing_lines": [], "excluded_lines": [], "start_line": 190}, "BaseScraper.scrape": {"executed_lines": [232, 233, 236, 237, 239, 241, 242, 243, 245, 247, 249, 252, 253, 254, 255, 258, 259, 260, 261, 263, 265, 266, 268], "summary": {"covered_lines": 23, "num_statements": 23, "percent_covered": 100.0, "percent_covered_display": "100.00", "missing_lines": 0, "excluded_lines": 0, "percent_statements_covered": 100.0, "percent_statements_covered_display": "100.00"}, "missing_lines": [], "excluded_lines": [], "start_line": 202}, "BaseScraper._batch_check_urls_in_db": {"executed_lines": [284, 285, 287, 288, 289, 291, 292, 295, 296, 297, 298, 300, 302, 322, 324, 326], "summary": {"covered_lines": 16, "num_statements": 25, "percent_covered": 64.0, "percent_covered_display": "64.00", "missing_lines": 9, "excluded_lines": 0, "percent_statements_covered": 64.0, "percent_statements_covered_display": "64.00"}, "missing_lines": [309, 310, 312, 313, 314, 315, 316, 318, 320], "excluded_lines": [], "start_line": 270}, "BaseScraper._verify_file_exists": {"executed_lines": [338], "summary": {"covered_lines": 1, "num_statements": 1, "percent_covered": 100.0, "percent_covered_display": "100.00", "missing_lines": 0, "excluded_lines": 0, "percent_statements_covered": 100.0, "percent_statements_covered_display": "100.00"}, "missing_lines": [], "excluded_lines": [], "start_line": 328}, "BaseScraper._is_duplicate": {"executed_lines": [357, 358, 359, 361, 362, 365, 366, 367, 368, 370, 372, 378, 380, 382, 385], "summary": {"covered_lines": 15, "num_statements": 15, "percent_covered": 100.0, "percent_covered_display": "100.00", "missing_lines": 0, "excluded_lines": 0, "percent_statements_covered": 100.0, "percent_statements_covered_display": "100.00"}, "missing_lines": [], "excluded_lines": [], "start_line": 340}, "BaseScraper._record_download": {"executed_lines": [399, 400, 402, 403, 405, 406, 409, 410, 411, 412, 414, 416, 430, 431, 433, 435, 437], "summary": {"covered_lines": 17, "num_statements": 17, "percent_covered": 100.0, "percent_covered_display": "100.00", "missing_lines": 0, "excluded_lines": 0, "percent_statements_covered": 100.0, "percent_statements_covered_display": "100.00"}, "missing_lines": [], "excluded_lines": [], "start_line": 387}, "BaseScraper._update_download_record": {"executed_lines": [], "summary": {"covered_lines": 0, "num_statements": 21, "percent_covered": 0.0, "percent_covered_display": "0.00", "missing_lines": 21, "excluded_lines": 0, "percent_statements_covered": 0.0, "percent_statements_covered_display": "0.00"}, "missing_lines": [454, 455, 457, 458, 460, 461, 464, 465, 466, 467, 469, 471, 477, 479, 480, 481, 482, 484, 486, 488, 490], "excluded_lines": [], "start_line": 439}, "": {"executed_lines": [9, 10, 11, 12, 13, 14, 16, 17, 25, 26, 27, 29, 32, 33, 36, 37, 38, 39, 40, 43, 46, 49, 66, 78, 84, 110, 111, 133, 134, 147, 174, 190, 202, 270, 328, 340, 387, 439], "summary": {"covered_lines": 38, "num_statements": 38, "percent_covered": 100.0, "percent_covered_display": "100.00", "missing_lines": 0, "excluded_lines": 0, "percent_statements_covered": 100.0, "percent_statements_covered_display": "100.00"}, "missing_lines": [], "excluded_lines": [], "start_line": 1}}, "classes": {"ScrapedDocument": {"executed_lines": [], "summary": {"covered_lines": 0, "num_statements": 0, "percent_covered": 100.0, "percent_covered_display": "100.00", "missing_lines": 0, "excluded_lines": 0, "percent_statements_covered": 100.0, "percent_statements_covered_display": "100.00"}, "missing_lines": [], "excluded_lines": [], "start_line": 33}, "DataCollectionError": {"executed_lines": [], "summary": {"covered_lines": 0, "num_statements": 0, "percent_covered": 100.0, "percent_covered_display": "100.00", "missing_lines": 0, "excluded_lines": 0, "percent_statements_covered": 100.0, "percent_statements_covered_display": "100.00"}, "missing_lines": [], "excluded_lines": [], "start_line": 43}, "BaseScraper": {"executed_lines": [73, 74, 75, 76, 105, 106, 107, 108, 163, 165, 166, 167, 168, 170, 185, 186, 187, 188, 200, 232, 233, 236, 237, 239, 241, 242, 243, 245, 247, 249, 252, 253, 254, 255, 258, 259, 260, 261, 263, 265, 266, 268, 284, 285, 287, 288, 289, 291, 292, 295, 296, 297, 298, 300, 302, 322, 324, 326, 338, 357, 358, 359, 361, 362, 365, 366, 367, 368, 370, 372, 378, 380, 382, 385, 399, 400, 402, 403, 405, 406, 409, 410, 411, 412, 414, 416, 430, 431, 433, 435, 437], "summary": {"covered_lines": 91, "num_statements": 123, "percent_covered": 73.98373983739837, "percent_covered_display": "73.98", "missing_lines": 32, "excluded_lines": 0, "percent_statements_covered": 73.98373983739837, "percent_statements_covered_display": "73.98"}, "missing_lines": [131, 145, 309, 310, 312, 313, 314, 315, 316, 318, 320, 454, 455, 457, 458, 460, 461, 464, 465, 466, 467, 469, 471, 477, 479, 480, 481, 482, 484, 486, 488, 490], "excluded_lines": [], "start_line": 49}, "": {"executed_lines": [9, 10, 11, 12, 13, 14, 16, 17, 25, 26, 27, 29, 32, 33, 36, 37, 38, 39, 40, 43, 46, 49, 66, 78, 84, 110, 111, 133, 134, 147, 174, 190, 202, 270, 328, 340, 387, 439], "summary": {"covered_lines": 38, "num_statements": 38, "percent_covered": 100.0, "percent_covered_display": "100.00", "missing_lines": 0, "excluded_lines": 0, "percent_statements_covered": 100.0, "percent_statements_covered_display": "100.00"}, "missing_lines": [], "excluded_lines": [], "start_line": 1}}}, "hansard_tales/scrapers/factory.py": {"executed_lines": [8, 9, 10, 11, 12, 15, 38, 48, 49, 50, 55], "summary": {"covered_lines": 11, "num_statements": 11, "percent_covered": 100.0, "percent_covered_display": "100.00", "missing_lines": 0, "excluded_lines": 0, "percent_statements_covered": 100.0, "percent_statements_covered_display": "100.00"}, "missing_lines": [], "excluded_lines": [], "functions": {"create_scraper": {"executed_lines": [38, 48, 49, 50, 55], "summary": {"covered_lines": 5, "num_statements": 5, "percent_covered": 100.0, "percent_covered_display": "100.00", "missing_lines": 0, "excluded_lines": 0, "percent_statements_covered": 100.0, "percent_statements_covered_display": "100.00"}, "missing_lines": [], "excluded_lines": [], "start_line": 15}, "": {"executed_lines": [8, 9, 10, 11, 12, 15], "summary": {"covered_lines": 6, "num_statements": 6, "percent_covered": 100.0, "percent_covered_display": "100.00", "missing_lines": 0, "excluded_lines": 0, "percent_statements_covered": 100.0, "percent_statements_covered_display": "100.00"}, "missing_lines": [], "excluded_lines": [], "start_line": 1}}, "classes": {"": {"executed_lines": [8, 9, 10, 11, 12, 15, 38, 48, 49, 50, 55], "summary": {"covered_lines": 11, "num_statements": 11, "percent_covered": 100.0, "percent_covered_display": "100.00", "missing_lines": 0, "excluded_lines": 0, "percent_statements_covered": 100.0, "percent_statements_covered_display": "100.00"}, "missing_lines": [], "excluded_lines": [], "start_line": 1}}}, "hansard_tales/scrapers/hansard.py": {"executed_lines": [8, 9, 11, 13, 14, 17, 30, 58, 59, 60, 61, 63, 65, 68, 71, 73, 76, 79, 80, 83, 85, 87, 89, 91, 92, 93, 94, 95, 102, 103, 109, 111, 123, 125, 127, 130, 132, 136, 137, 138, 140, 141, 142, 143, 146, 148, 158, 161, 163, 164, 166, 168, 169, 172, 173, 175, 177, 179, 208, 210, 212, 214, 221, 222, 223, 224, 232, 233, 234, 235, 236, 241, 242, 243, 246, 248, 250, 270, 272, 275, 276, 278, 281, 285, 288, 290, 291, 292, 294, 302, 303, 306], "summary": {"covered_lines": 92, "num_statements": 97, "percent_covered": 94.84536082474227, "percent_covered_display": "94.85", "missing_lines": 5, "excluded_lines": 0, "percent_statements_covered": 94.84536082474227, "percent_statements_covered_display": "94.85"}, "missing_lines": [96, 97, 99, 133, 282], "excluded_lines": [], "functions": {"HansardScraper.get_document_urls": {"executed_lines": [58, 59, 60, 61, 63, 65, 68, 71, 73, 76, 79, 80, 83, 85, 87, 89, 91, 92, 93, 94, 95, 102, 103, 109], "summary": {"covered_lines": 24, "num_statements": 27, "percent_covered": 88.88888888888889, "percent_covered_display": "88.89", "missing_lines": 3, "excluded_lines": 0, "percent_statements_covered": 88.88888888888889, "percent_statements_covered_display": "88.89"}, "missing_lines": [96, 97, 99], "excluded_lines": [], "start_line": 30}, "HansardScraper._get_total_pages": {"executed_lines": [123, 125, 127, 130, 132, 136, 137, 138, 140, 141, 142, 143, 146], "summary": {"covered_lines": 13, "num_statements": 14, "percent_covered": 92.85714285714286, "percent_covered_display": "92.86", "missing_lines": 1, "excluded_lines": 0, "percent_statements_covered": 92.85714285714286, "percent_statements_covered_display": "92.86"}, "missing_lines": [133], "excluded_lines": [], "start_line": 111}, "HansardScraper._extract_urls_from_page": {"executed_lines": [158, 161, 163, 164, 166, 168, 169, 172, 173, 175, 177], "summary": {"covered_lines": 11, "num_statements": 11, "percent_covered": 100.0, "percent_covered_display": "100.00", "missing_lines": 0, "excluded_lines": 0, "percent_statements_covered": 100.0, "percent_statements_covered_display": "100.00"}, "missing_lines": [], "excluded_lines": [], "start_line": 148}, "HansardScraper.extract_metadata": {"executed_lines": [208, 210, 212, 214, 221, 222, 223, 224, 232, 233, 234, 235, 236, 241, 242, 243, 246, 248], "summary": {"covered_lines": 18, "num_statements": 18, "percent_covered": 100.0, "percent_covered_display": "100.00", "missing_lines": 0, "excluded_lines": 0, "percent_statements_covered": 100.0, "percent_statements_covered_display": "100.00"}, "missing_lines": [], "excluded_lines": [], "start_line": 179}, "HansardScraper._generate_filename": {"executed_lines": [270, 272, 275, 276, 278, 281, 285, 288, 290, 291, 292, 294, 302, 303, 306], "summary": {"covered_lines": 15, "num_statements": 16, "percent_covered": 93.75, "percent_covered_display": "93.75", "missing_lines": 1, "excluded_lines": 0, "percent_statements_covered": 93.75, "percent_statements_covered_display": "93.75"}, "missing_lines": [282], "excluded_lines": [], "start_line": 250}, "": {"executed_lines": [8, 9, 11, 13, 14, 17, 30, 111, 148, 179, 250], "summary": {"covered_lines": 11, "num_statements": 11, "percent_covered": 100.0, "percent_covered_display": "100.00", "missing_lines": 0, "excluded_lines": 0, "percent_statements_covered": 100.0, "percent_statements_covered_display": "100.00"}, "missing_lines": [], "excluded_lines": [], "start_line": 1}}, "classes": {"HansardScraper": {"executed_lines": [58, 59, 60, 61, 63, 65, 68, 71, 73, 76, 79, 80, 83, 85, 87, 89, 91, 92, 93, 94, 95, 102, 103, 109, 123, 125, 127, 130, 132, 136, 137, 138, 140, 141, 142, 143, 146, 158, 161, 163, 164, 166, 168, 169, 172, 173, 175, 177, 208, 210, 212, 214, 221, 222, 223, 224, 232, 233, 234, 235, 236, 241, 242, 243, 246, 248, 270, 272, 275, 276, 278, 281, 285, 288, 290, 291, 292, 294, 302, 303, 306], "summary": {"covered_lines": 81, "num_statements": 86, "percent_covered": 94.18604651162791, "percent_covered_display": "94.19", "missing_lines": 5, "excluded_lines": 0, "percent_statements_covered": 94.18604651162791, "percent_statements_covered_display": "94.19"}, "missing_lines": [96, 97, 99, 133, 282], "excluded_lines": [], "start_line": 17}, "": {"executed_lines": [8, 9, 11, 13, 14, 17, 30, 111, 148, 179, 250], "summary": {"covered_lines": 11, "num_statements": 11, "percent_covered": 100.0, "percent_covered_display": "100.00", "missing_lines": 0, "excluded_lines": 0, "percent_statements_covered": 100.0, "percent_statements_covered_display": "100.00"}, "missing_lines": [], "excluded_lines": [], "start_line": 1}}}, "hansard_tales/scrapers/mp.py": {"executed_lines": [9, 10, 11, 12, 14, 16, 17, 20, 21, 24, 25, 26, 27, 28, 29, 30, 31, 32, 33, 36, 56, 67, 75, 76, 77, 79, 90, 91, 92, 93, 97, 105, 118, 119, 120, 122, 123, 124, 125, 128, 150, 151, 153, 155, 156, 157, 158, 159, 160, 163, 164, 167, 168, 169, 174, 175, 176, 179, 180, 183, 186, 187, 188, 189, 190, 192, 195, 210, 212, 227, 228, 231, 232, 233, 234, 235, 236, 239, 240, 241, 242, 245, 246, 248, 250, 266, 269, 270, 272, 274, 275, 276, 278, 281, 282, 285, 303, 304, 310, 312, 322, 323, 325, 327, 329, 330, 332, 334, 336, 417, 428], "summary": {"covered_lines": 111, "num_statements": 155, "percent_covered": 71.61290322580645, "percent_covered_display": "71.61", "missing_lines": 44, "excluded_lines": 0, "percent_statements_covered": 71.61290322580645, "percent_statements_covered_display": "71.61"}, "missing_lines": [95, 126, 191, 193, 286, 288, 289, 290, 291, 292, 295, 297, 298, 300, 352, 353, 355, 356, 358, 359, 362, 365, 366, 367, 368, 370, 372, 373, 375, 385, 387, 388, 389, 392, 401, 403, 405, 406, 409, 411, 413, 414, 426, 435], "excluded_lines": [], "functions": {"MPScraper.__init__": {"executed_lines": [75, 76, 77], "summary": {"covered_lines": 3, "num_statements": 3, "percent_covered": 100.0, "percent_covered_display": "100.00", "missing_lines": 0, "excluded_lines": 0, "percent_statements_covered": 100.0, "percent_statements_covered_display": "100.00"}, "missing_lines": [], "excluded_lines": [], "start_line": 67}, "MPScraper._build_url": {"executed_lines": [90, 91, 92, 93, 97], "summary": {"covered_lines": 5, "num_statements": 6, "percent_covered": 83.33333333333333, "percent_covered_display": "83.33", "missing_lines": 1, "excluded_lines": 0, "percent_statements_covered": 83.33333333333333, "percent_statements_covered_display": "83.33"}, "missing_lines": [95], "excluded_lines": [], "start_line": 79}, "MPScraper._get_total_pages": {"executed_lines": [118, 119, 120, 122, 123, 124, 125], "summary": {"covered_lines": 7, "num_statements": 8, "percent_covered": 87.5, "percent_covered_display": "87.50", "missing_lines": 1, "excluded_lines": 0, "percent_statements_covered": 87.5, "percent_statements_covered_display": "87.50"}, "missing_lines": [126], "excluded_lines": [], "start_line": 105}, "MPScraper._extract_mps_from_page": {"executed_lines": [150, 151, 153, 155, 156, 157, 158, 159, 160, 163, 164, 167, 168, 169, 174, 175, 176, 179, 180, 183, 186, 187, 188, 189, 190, 192, 195, 210], "summary": {"covered_lines": 28, "num_statements": 30, "percent_covered": 93.33333333333333, "percent_covered_display": "93.33", "missing_lines": 2, "excluded_lines": 0, "percent_statements_covered": 93.33333333333333, "percent_statements_covered_display": "93.33"}, "missing_lines": [191, 193], "excluded_lines": [], "start_line": 128}, "MPScraper._parse_honorifics": {"executed_lines": [227, 228, 231, 232, 233, 234, 235, 236, 239, 240, 241, 242, 245, 246, 248], "summary": {"covered_lines": 15, "num_statements": 15, "percent_covered": 100.0, "percent_covered_display": "100.00", "missing_lines": 0, "excluded_lines": 0, "percent_statements_covered": 100.0, "percent_statements_covered_display": "100.00"}, "missing_lines": [], "excluded_lines": [], "start_line": 212}, "MPScraper.scrape_mps": {"executed_lines": [266, 269, 270, 272, 274, 275, 276, 278, 281, 282, 285, 303, 304, 310], "summary": {"covered_lines": 14, "num_statements": 24, "percent_covered": 58.333333333333336, "percent_covered_display": "58.33", "missing_lines": 10, "excluded_lines": 0, "percent_statements_covered": 58.333333333333336, "percent_statements_covered_display": "58.33"}, "missing_lines": [286, 288, 289, 290, 291, 292, 295, 297, 298, 300], "excluded_lines": [], "start_line": 250}, "MPScraper.detect_duplicates": {"executed_lines": [322, 323, 325, 327, 329, 330, 332, 334], "summary": {"covered_lines": 8, "num_statements": 8, "percent_covered": 100.0, "percent_covered_display": "100.00", "missing_lines": 0, "excluded_lines": 0, "percent_statements_covered": 100.0, "percent_statements_covered_display": "100.00"}, "missing_lines": [], "excluded_lines": [], "start_line": 312}, "MPScraper.store_mps": {"executed_lines": [], "summary": {"covered_lines": 0, "num_statements": 28, "percent_covered": 0.0, "percent_covered_display": "0.00", "missing_lines": 28, "excluded_lines": 0, "percent_statements_covered": 0.0, "percent_statements_covered_display": "0.00"}, "missing_lines": [352, 353, 355, 356, 358, 359, 362, 365, 366, 367, 368, 370, 372, 373, 375, 385, 387, 388, 389, 392, 401, 403, 405, 406, 409, 411, 413, 414], 
[...]
ummary": {"covered_lines": 1, "num_statements": 1, "percent_covered": 100.0, "percent_covered_display": "100.00", "missing_lines": 0, "excluded_lines": 0, "percent_statements_covered": 100.0, "percent_statements_covered_display": "100.00"}, "missing_lines": [], "excluded_lines": [], "start_line": 19}, "retry_on_storage_error": {"executed_lines": [73], "summary": {"covered_lines": 1, "num_statements": 1, "percent_covered": 100.0, "percent_covered_display": "100.00", "missing_lines": 0, "excluded_lines": 0, "percent_statements_covered": 100.0, "percent_statements_covered_display": "100.00"}, "missing_lines": [], "excluded_lines": [], "start_line": 50}, "download_with_retry": {"executed_lines": [100, 101, 102], "summary": {"covered_lines": 3, "num_statements": 3, "percent_covered": 100.0, "percent_covered_display": "100.00", "missing_lines": 0, "excluded_lines": 0, "percent_statements_covered": 100.0, "percent_statements_covered_display": "100.00"}, "missing_lines": [], "excluded_lines": [], "start_line": 81}, "store_with_retry": {"executed_lines": [127, 128, 134], "summary": {"covered_lines": 3, "num_statements": 3, "percent_covered": 100.0, "percent_covered_display": "100.00", "missing_lines": 0, "excluded_lines": 0, "percent_statements_covered": 100.0, "percent_statements_covered_display": "100.00"}, "missing_lines": [], "excluded_lines": [], "start_line": 105}, "store_with_retry._store": {"executed_lines": [129, 130, 131, 132], "summary": {"covered_lines": 4, "num_statements": 4, "percent_covered": 100.0, "percent_covered_display": "100.00", "missing_lines": 0, "excluded_lines": 0, "percent_statements_covered": 100.0, "percent_statements_covered_display": "100.00"}, "missing_lines": [], "excluded_lines": [], "start_line": 128}, "": {"executed_lines": [8, 9, 11, 12, 14, 16, 19, 50, 80, 81, 105], "summary": {"covered_lines": 11, "num_statements": 11, "percent_covered": 100.0, "percent_covered_display": "100.00", "missing_lines": 0, "excluded_lines": 0, "percent_statements_covered": 100.0, "percent_statements_covered_display": "100.00"}, "missing_lines": [], "excluded_lines": [], "start_line": 1}}, "classes": {"": {"executed_lines": [8, 9, 11, 12, 14, 16, 19, 43, 50, 73, 80, 81, 100, 101, 102, 105, 127, 128, 129, 130, 131, 132, 134], "summary": {"covered_lines": 23, "num_statements": 23, "percent_covered": 100.0, "percent_covered_display": "100.00", "missing_lines": 0, "excluded_lines": 0, "percent_statements_covered": 100.0, "percent_statements_covered_display": "100.00"}, "missing_lines": [], "excluded_lines": [], "start_line": 1}}}, "hansard_tales/vector_db/__init__.py": {"executed_lines": [3, 4, 5, 6, 9, 10, 12], "summary": {"covered_lines": 7, "num_statements": 9, "percent_covered": 77.77777777777777, "percent_covered_display": "77.78", "missing_lines": 2, "excluded_lines": 0, "percent_statements_covered": 77.77777777777777, "percent_statements_covered_display": "77.78"}, "missing_lines": [20, 21], "excluded_lines": [], "functions": {"": {"executed_lines": [3, 4, 5, 6, 9, 10, 12], "summary": {"covered_lines": 7, "num_statements": 9, "percent_covered": 77.77777777777777, "percent_covered_display": "77.78", "missing_lines": 2, "excluded_lines": 0, "percent_statements_covered": 77.77777777777777, "percent_statements_covered_display": "77.78"}, "missing_lines": [20, 21], "excluded_lines": [], "start_line": 1}}, "classes": {"": {"executed_lines": [3, 4, 5, 6, 9, 10, 12], "summary": {"covered_lines": 7, "num_statements": 9, "percent_covered": 77.77777777777777, "percent_covered_display": "77.78", "missing_lines": 2, "excluded_lines": 0, "percent_statements_covered": 77.77777777777777, "percent_statements_covered_display": "77.78"}, "missing_lines": [20, 21], "excluded_lines": [], "start_line": 1}}}, "hansard_tales/vector_db/chromadb_adapter.py": {"executed_lines": [3, 5, 7, 10, 13, 20, 22, 30, 32, 45, 48, 49, 51, 70, 71, 73, 83, 91, 92, 94, 105, 106, 107, 108, 109], "summary": {"covered_lines": 25, "num_statements": 25, "percent_covered": 100.0, "percent_covered_display": "100.00", "missing_lines": 0, "excluded_lines": 0, "percent_statements_covered": 100.0, "percent_statements_covered_display": "100.00"}, "missing_lines": [], "excluded_lines": [], "functions": {"ChromaDBAdapter.__init__": {"executed_lines": [20], "summary": {"covered_lines": 1, "num_statements": 1, "percent_covered": 100.0, "percent_covered_display": "100.00", "missing_lines": 0, "excluded_lines": 0, "percent_statements_covered": 100.0, "percent_statements_covered_display": "100.00"}, "missing_lines": [], "excluded_lines": [], "start_line": 13}, "ChromaDBAdapter.create_collection": {"executed_lines": [30], "summary": {"covered_lines": 1, "num_statements": 1, "percent_covered": 100.0, "percent_covered_display": "100.00", "missing_lines": 0, "excluded_lines": 0, "percent_statements_covered": 100.0, "percent_statements_covered_display": "100.00"}, "missing_lines": [], "excluded_lines": [], "start_line": 22}, "ChromaDBAdapter.insert": {"executed_lines": [45, 48, 49], "summary": {"covered_lines": 3, "num_statements": 3, "percent_covered": 100.0, "percent_covered_display": "100.00", "missing_lines": 0, "excluded_lines": 0, "percent_statements_covered": 100.0, "percent_statements_covered_display": "100.00"}, "missing_lines": [], "excluded_lines": [], "start_line": 32}, "ChromaDBAdapter.search": {"executed_lines": [70, 71, 73], "summary": {"covered_lines": 3, "num_statements": 3, "percent_covered": 100.0, "percent_covered_display": "100.00", "missing_lines": 0, "excluded_lines": 0, "percent_statements_covered": 100.0, "percent_statements_covered_display": "100.00"}, "missing_lines": [], "excluded_lines": [], "start_line": 51}, "ChromaDBAdapter.delete": {"executed_lines": [91, 92], "summary": {"covered_lines": 2, "num_statements": 2, "percent_covered": 100.0, "percent_covered_display": "100.00", "missing_lines": 0, "excluded_lines": 0, "percent_statements_covered": 100.0, "percent_statements_covered_display": "100.00"}, "missing_lines": [], "excluded_lines": [], "start_line": 83}, "ChromaDBAdapter.get": {"executed_lines": [105, 106, 107, 108, 109], "summary": {"covered_lines": 5, "num_statements": 5, "percent_covered": 100.0, "percent_covered_display": "100.00", "missing_lines": 0, "excluded_lines": 0, "percent_statements_covered": 100.0, "percent_statements_covered_display": "100.00"}, "missing_lines": [], "excluded_lines": [], "start_line": 94}, "": {"executed_lines": [3, 5, 7, 10, 13, 22, 32, 51, 83, 94], "summary": {"covered_lines": 10, "num_statements": 10, "percent_covered": 100.0, "percent_covered_display": "100.00", "missing_lines": 0, "excluded_lines": 0, "percent_statements_covered": 100.0, "percent_statements_covered_display": "100.00"}, "missing_lines": [], "excluded_lines": [], "start_line": 1}}, "classes": {"ChromaDBAdapter": {"executed_lines": [20, 30, 45, 48, 49, 70, 71, 73, 91, 92, 105, 106, 107, 108, 109], "summary": {"covered_lines": 15, "num_statements": 15, "percent_covered": 100.0, "percent_covered_display": "100.00", "missing_lines": 0, "excluded_lines": 0, "percent_statements_covered": 100.0, "percent_statements_covered_display": "100.00"}, "missing_lines": [], "excluded_lines": [], "start_line": 10}, "": {"executed_lines": [3, 5, 7, 10, 13, 22, 32, 51, 83, 94], "summary": {"covered_lines": 10, "num_statements": 10, "percent_covered": 100.0, "percent_covered_display": "100.00", "missing_lines": 0, "excluded_lines": 0, "percent_statements_covered": 100.0, "percent_statements_covered_display": "100.00"}, "missing_lines": [], "excluded_lines": [], "start_line": 1}}}, "hansard_tales/vector_db/embedding.py": {"executed_lines": [3, 4, 6, 9, 12, 19, 20, 21, 23, 39, 40, 42, 59, 62, 64, 83, 84, 85], "summary": {"covered_lines": 18, "num_statements": 18, "percent_covered": 100.0, "percent_covered_display": "100.00", "missing_lines": 0, "excluded_lines": 0, "percent_statements_covered": 100.0, "percent_statements_covered_display": "100.00"}, "missing_lines": [], "excluded_lines": [], "functions": {"EmbeddingGenerator.__init__": {"executed_lines": [19, 20, 21], "summary": {"covered_lines": 3, "num_statements": 3, "percent_covered": 100.0, "percent_covered_display": "100.00", "missing_lines": 0, "excluded_lines": 0, "percent_statements_covered": 100.0, "percent_statements_covered_display": "100.00"}, "missing_lines": [], "excluded_lines": [], "start_line": 12}, "EmbeddingGenerator.generate": {"executed_lines": [39, 40], "summary": {"covered_lines": 2, "num_statements": 2, "percent_covered": 100.0, "percent_covered_display": "100.00", "missing_lines": 0, "excluded_lines": 0, "percent_statements_covered": 100.0, "percent_statements_covered_display": "100.00"}, "missing_lines": [], "excluded_lines": [], "start_line": 23}, "EmbeddingGenerator.generate_batch": {"executed_lines": [59, 62], "summary": {"covered_lines": 2, "num_statements": 2, "percent_covered": 100.0, "percent_covered_display": "100.00", "missing_lines": 0, "excluded_lines": 0, "percent_statements_covered": 100.0, "percent_statements_covered_display": "100.00"}, "missing_lines": [], "excluded_lines": [], "start_line": 42}, "EmbeddingGenerator.similarity": {"executed_lines": [83, 84, 85], "summary": {"covered_lines": 3, "num_statements": 3, "percent_covered": 100.0, "percent_covered_display": "100.00", "missing_lines": 0, "excluded_lines": 0, "percent_statements_covered": 100.0, "percent_statements_covered_display": "100.00"}, "missing_lines": [], "excluded_lines": [], "start_line": 64}, "": {"executed_lines": [3, 4, 6, 9, 12, 23, 42, 64], "summary": {"covered_lines": 8, "num_statements": 8, "percent_covered": 100.0, "percent_covered_display": "100.00", "missing_lines": 0, "excluded_lines": 0, "percent_statements_covered": 100.0, "percent_statements_covered_display": "100.00"}, "missing_lines": [], "excluded_lines": [], "start_line": 1}}, "classes": {"EmbeddingGenerator": {"executed_lines": [19, 20, 21, 39, 40, 59, 62, 83, 84, 85], "summary": {"covered_lines": 10, "num_statements": 10, "percent_covered": 100.0, "percent_covered_display": "100.00", "missing_lines": 0, "excluded_lines": 0, "percent_statements_covered": 100.0, "percent_statements_covered_display": "100.00"}, "missing_lines": [], "excluded_lines": [], "start_line": 9}, "": {"executed_lines": [3, 4, 6, 9, 12, 23, 42, 64], "summary": {"covered_lines": 8, "num_statements": 8, "percent_covered": 100.0, "percent_covered_display": "100.00", "missing_lines": 0, "excluded_lines": 0, "percent_statements_covered": 100.0, "percent_statements_covered_display": "100.00"}, "missing_lines": [], "excluded_lines": [], "start_line": 1}}}, "hansard_tales/vector_db/factory.py": {"executed_lines": [3, 4, 5, 8, 9, 11, 16, 35, 36, 37, 45], "summary": {"covered_lines": 11, "num_statements": 16, "percent_covered": 68.75, "percent_covered_display": "68.75", "missing_lines": 5, "excluded_lines": 0, "percent_statements_covered": 68.75, "percent_statements_covered_display": "68.75"}, "missing_lines": [12, 13, 38, 39, 43], "excluded_lines": [], "functions": {"create_vector_db": {"executed_lines": [35, 36, 37, 45], "summary": {"covered_lines": 4, "num_statements": 7, "percent_covered": 57.142857142857146, "percent_covered_display": "57.14", "missing_lines": 3, "excluded_lines": 0, "percent_statements_covered": 57.142857142857146, "percent_statements_covered_display": "57.14"}, "missing_lines": [38, 39, 43], "excluded_lines": [], "start_line": 16}, "": {"executed_lines": [3, 4, 5, 8, 9, 11, 16], "summary": {"covered_lines": 7, "num_statements": 9, "percent_covered": 77.77777777777777, "percent_covered_display": "77.78", "missing_lines": 2, "excluded_lines": 0, "percent_statements_covered": 77.77777777777777, "percent_statements_covered_display": "77.78"}, "missing_lines": [12, 13], "excluded_lines": [], "start_line": 1}}, "classes": {"": {"executed_lines": [3, 4, 5, 8, 9, 11, 16, 35, 36, 37, 45], "summary": {"covered_lines": 11, "num_statements": 16, "percent_covered": 68.75, "percent_covered_display": "68.75", "missing_lines": 5, "excluded_lines": 0, "percent_statements_covered": 68.75, "percent_statements_covered_display": "68.75"}, "missing_lines": [12, 13, 38, 39, 43], "excluded_lines": [], "start_line": 1}}}, "hansard_tales/vector_db/interface.py": {"executed_lines": [3, 4, 5, 8, 9, 12, 13, 14, 15, 18, 21, 22, 32, 33, 48, 49, 70, 71, 81, 82], "summary": {"covered_lines": 20, "num_statements": 25, "percent_covered": 80.0, "percent_covered_display": "80.00", "missing_lines": 5, "excluded_lines": 0, "percent_statements_covered": 80.0, "percent_statements_covered_display": "80.00"}, "missing_lines": [30, 46, 68, 79, 93], "excluded_lines": [], "functions": {"VectorDB.create_collection": {"executed_lines": [], "summary": {"covered_lines": 0, "num_statements": 1, "percent_covered": 0.0, "percent_covered_display": "0.00", "missing_lines": 1, "excluded_lines": 0, "percent_statements_covered": 0.0, "percent_statements_covered_display": "0.00"}, "missing_lines": [30], "excluded_lines": [], "start_line": 22}, "VectorDB.insert": {"executed_lines": [], "summary": {"covered_lines": 0, "num_statements": 1, "percent_covered": 0.0, "percent_covered_display": "0.00", "missing_lines": 1, "excluded_lines": 0, "percent_statements_covered": 0.0, "percent_statements_covered_display": "0.00"}, "missing_lines": [46], "excluded_lines": [], "start_line": 33}, "VectorDB.search": {"executed_lines": [], "summary": {"covered_lines": 0, "num_statements": 1, "percent_covered": 0.0, "percent_covered_display": "0.00", "missing_lines": 1, "excluded_lines": 0, "percent_statements_covered": 0.0, "percent_statements_covered_display": "0.00"}, "missing_lines": [68], "excluded_lines": [], "start_line": 49}, "VectorDB.delete": {"executed_lines": [], "summary": {"covered_lines": 0, "num_statements": 1, "percent_covered": 0.0, "percent_covered_display": "0.00", "missing_lines": 1, "excluded_lines": 0, "percent_statements_covered": 0.0, "percent_statements_covered_display": "0.00"}, "missing_lines": [79], "excluded_lines": [], "start_line": 71}, "VectorDB.get": {"executed_lines": [], "summary": {"covered_lines": 0, "num_statements": 1, "percent_covered": 0.0, "percent_covered_display": "0.00", "missing_lines": 1, "excluded_lines": 0, "percent_statements_covered": 0.0, "percent_statements_covered_display": "0.00"}, "missing_lines": [93], "excluded_lines": [], "start_line": 82}, "": {"executed_lines": [3, 4, 5, 8, 9, 12, 13, 14, 15, 18, 21, 22, 32, 33, 48, 49, 70, 71, 81, 82], "summary": {"covered_lines": 20, "num_statements": 20, "percent_covered": 100.0, "percent_covered_display": "100.00", "missing_lines": 0, "excluded_lines": 0, "percent_statements_covered": 100.0, "percent_statements_covered_display": "100.00"}, "missing_lines": [], "excluded_lines": [], "start_line": 1}}, "classes": {"VectorSearchResult": {"executed_lines": [], "summary": {"covered_lines": 0, "num_statements": 0, "percent_covered": 100.0, "percent_covered_display": "100.00", "missing_lines": 0, "excluded_lines": 0, "percent_statements_covered": 100.0, "percent_statements_covered_display": "100.00"}, "missing_lines": [], "excluded_lines": [], "start_line": 9}, "VectorDB": {"executed_lines": [], "summary": {"covered_lines": 0, "num_statements": 5, "percent_covered": 0.0, "percent_covered_display": "0.00", "missing_lines": 5, "excluded_lines": 0, "percent_statements_covered": 0.0, "percent_statements_covered_display": "0.00"}, "missing_lines": [30, 46, 68, 79, 93], "excluded_lines": [], "start_line": 18}, "": {"executed_lines": [3, 4, 5, 8, 9, 12, 13, 14, 15, 18, 21, 22, 32, 33, 48, 49, 70, 71, 81, 82], "summary": {"covered_lines": 20, "num_statements": 20, "percent_covered": 100.0, "percent_covered_display": "100.00", "missing_lines": 0, "excluded_lines": 0, "percent_statements_covered": 100.0, "percent_statements_covered_display": "100.00"}, "missing_lines": [], "excluded_lines": [], "start_line": 1}}}, "hansard_tales/vector_db/qdrant_adapter.py": {"executed_lines": [3, 5, 6, 15, 18, 21, 33, 46, 64, 107, 117], "summary": {"covered_lines": 11, "num_statements": 29, "percent_covered": 37.93103448275862, "percent_covered_display": "37.93", "missing_lines": 18, "excluded_lines": 0, "percent_statements_covered": 37.93103448275862, "percent_statements_covered_display": "37.93"}, "missing_lines": [29, 30, 31, 41, 59, 60, 83, 84, 85, 88, 90, 97, 115, 128, 129, 130, 131, 132], "excluded_lines": [], "functions": {"QdrantAdapter.__init__": {"executed_lines": [], "summary": {"covered_lines": 0, "num_statements": 3, "percent_covered": 0.0, "percent_covered_display": "0.00", "missing_lines": 3, "excluded_lines": 0, "percent_statements_covered": 0.0, "percent_statements_covered_display": "0.00"}, "missing_lines": [29, 30, 31], "excluded_lines": [], "start_line": 21}, "QdrantAdapter.create_collection": {"executed_lines": [], "summary": {"covered_lines": 0, "num_statements": 1, "percent_covered": 0.0, "percent_covered_display": "0.00", "missing_lines": 1, "excluded_lines": 0, "percent_statements_covered": 0.0, "percent_statements_covered_display": "0.00"}, "missing_lines": [41], "excluded_lines": [], "start_line": 33}, "QdrantAdapter.insert": {"executed_lines": [], "summary": {"covered_lines": 0, "num_statements": 2, "percent_covered": 0.0, "percent_covered_display": "0.00", "missing_lines": 2, "excluded_lines": 0, "percent_statements_covered": 0.0, "percent_statements_covered_display": "0.00"}, "missing_lines": [59, 60], "excluded_lines": [], "start_line": 46}, "QdrantAdapter.search": {"executed_lines": [], "summary": {"covered_lines": 0, "num_statements": 6, "percent_covered": 0.0, "percent_covered_display": "0.00", "missing_lines": 6, "excluded_lines": 0, "percent_statements_covered": 0.0, "percent_statements_covered_display": "0.00"}, "missing_lines": [83, 84, 85, 88, 90, 97], "excluded_lines": [], "start_line": 64}, "QdrantAdapter.delete": {"executed_lines": [], "summary": {"covered_lines": 0, "num_statements": 1, "percent_covered": 0.0, "percent_covered_display": "0.00", "missing_lines": 1, "excluded_lines": 0, "percent_statements_covered": 0.0, "percent_statements_covered_display": "0.00"}, "missing_lines": [115], "excluded_lines": [], "start_line": 107}, "QdrantAdapter.get": {"executed_lines": [], "summary": {"covered_lines": 0, "num_statements": 5, "percent_covered": 0.0, "percent_covered_display": "0.00", "missing_lines": 5, "excluded_lines": 0, "percent_statements_covered": 0.0, "percent_statements_covered_display": "0.00"}, "missing_lines": [128, 129, 130, 131, 132], "excluded_lines": [], "start_line": 117}, "": {"executed_lines": [3, 5, 6, 15, 18, 21, 33, 46, 64, 107, 117], "summary": {"covered_lines": 11, "num_statements": 11, "percent_covered": 100.0, "percent_covered_display": "100.00", "missing_lines": 0, "excluded_lines": 0, "percent_statements_covered": 100.0, "percent_statements_covered_display": "100.00"}, "missing_lines": [], "excluded_lines": [], "start_line": 1}}, "classes": {"QdrantAdapter": {"executed_lines": [], "summary": {"covered_lines": 0, "num_statements": 18, "percent_covered": 0.0, "percent_covered_display": "0.00", "missing_lines": 18, "excluded_lines": 0, "percent_statements_covered": 0.0, "percent_statements_covered_display": "0.00"}, "missing_lines": [29, 30, 31, 41, 59, 60, 83, 84, 85, 88, 90, 97, 115, 128, 129, 130, 131, 132], "excluded_lines": [], "start_line": 18}, "": {"executed_lines": [3, 5, 6, 15, 18, 21, 33, 46, 64, 107, 117], "summary": {"covered_lines": 11, "num_statements": 11, "percent_covered": 100.0, "percent_covered_display": "100.00", "missing_lines": 0, "excluded_lines": 0, "percent_statements_covered": 100.0, "percent_statements_covered_display": "100.00"}, "missing_lines": [], "excluded_lines": [], "start_line": 1}}}}, "totals": {"covered_lines": 1400, "num_statements": 1584, "percent_covered": 88.38383838383838, "percent_covered_display": "88.38", "missing_lines": 184, "excluded_lines": 1, "percent_statements_covered": 88.38383838383838, "percent_statements_covered_display": "88.38"}}
