============================= test session starts ==============================
platform darwin -- Python 3.12.12, pytest-8.0.0, pluggy-1.6.0 -- /Users/oanyango/hansard-tales/venv/bin/python
cachedir: .pytest_cache
hypothesis profile 'default'
rootdir: /Users/oanyango/hansard-tales
configfile: pytest.ini
testpaths: tests/unit, tests/integration, tests/end_to_end, tests/contract, tests/scraper, tests/fixtures, tests
plugins: hypothesis-6.150.2, xdist-3.8.0, timeout-2.4.0, cov-4.1.0, mock-3.12.0
timeout: 5.0s
timeout method: signal
timeout func_only: False
created: 8/8 workers
8 workers [805 items]

scheduling tests via LoadScheduling

tests/unit/test_bill_extractor.py::TestBillExtractor::test_extractor_initialization 
tests/unit/test_bill_extractor.py::TestStatistics::test_statistics_with_bills 
tests/unit/test_db_updater.py::TestProcessHansardPDF::test_process_hansard_pdf_skip_duplicate 
tests/unit/test_hansard_scraper.py::TestErrorHandling::test_fetch_page_with_network_error 
tests/unit/test_hansard_scraper.py::TestPaginationEdgeCases::test_scrape_all_stops_when_all_dates_after_end_date_without_adding 
tests/unit/test_hansard_scraper.py::TestDateParsing::test_extract_date_formats[1st January 2025-2025-01-01] 
tests/unit/test_homepage.py::TestHomepageSearch::test_search_has_javascript 
tests/unit/test_filename_generator.py::TestParse::test_parse_wrong_prefix 
[gw0] [  0%] PASSED tests/unit/test_bill_extractor.py::TestBillExtractor::test_extractor_initialization 
[gw1] [  0%] PASSED tests/unit/test_bill_extractor.py::TestStatistics::test_statistics_with_bills 
tests/unit/test_bill_extractor.py::TestBillExtractor::test_patterns_compiled 
tests/unit/test_bill_extractor.py::TestCLI::test_main_with_text_file 
[gw7] [  0%] PASSED tests/unit/test_homepage.py::TestHomepageSearch::test_search_has_javascript 
[gw3] [  0%] PASSED tests/unit/test_filename_generator.py::TestParse::test_parse_wrong_prefix 
[gw0] [  0%] PASSED tests/unit/test_bill_extractor.py::TestBillExtractor::test_patterns_compiled 
tests/unit/test_homepage.py::TestHomepageParliamentInfo::test_shows_current_parliament_term 
tests/unit/test_filename_generator.py::TestParse::test_parse_wrong_date_format 
tests/unit/test_bill_extractor.py::TestBillNormalization::test_normalize_simple_number 
[gw3] [  0%] PASSED tests/unit/test_filename_generator.py::TestParse::test_parse_wrong_date_format 
[gw0] [  0%] PASSED tests/unit/test_bill_extractor.py::TestBillNormalization::test_normalize_simple_number 
tests/unit/test_filename_generator.py::TestParse::test_parse_invalid_period 
[gw7] [  0%] PASSED tests/unit/test_homepage.py::TestHomepageParliamentInfo::test_shows_current_parliament_term 
tests/unit/test_bill_extractor.py::TestBillNormalization::test_normalize_with_year 
tests/unit/test_homepage.py::TestHomepageParliamentInfo::test_shows_parliament_dates 
[gw3] [  1%] PASSED tests/unit/test_filename_generator.py::TestParse::test_parse_invalid_period 
[gw6] [  1%] PASSED tests/unit/test_hansard_scraper.py::TestPaginationEdgeCases::test_scrape_all_stops_when_all_dates_after_end_date_without_adding 
[gw0] [  1%] PASSED tests/unit/test_bill_extractor.py::TestBillNormalization::test_normalize_with_year 
tests/unit/test_bill_extractor.py::TestBillNormalization::test_normalize_leading_zeros 
tests/unit/test_filename_generator.py::TestParse::test_parse_missing_extension 
[gw7] [  1%] PASSED tests/unit/test_homepage.py::TestHomepageParliamentInfo::test_shows_parliament_dates 
tests/unit/test_hansard_scraper.py::TestDownloadEdgeCases::test_download_pdf_with_http_error 
tests/unit/test_homepage.py::TestHomepageParliamentInfo::test_shows_total_mps 
[gw3] [  1%] PASSED tests/unit/test_filename_generator.py::TestParse::test_parse_missing_extension 
tests/unit/test_filename_generator.py::TestParse::test_parse_wrong_extension 
[gw0] [  1%] PASSED tests/unit/test_bill_extractor.py::TestBillNormalization::test_normalize_leading_zeros 
tests/unit/test_bill_extractor.py::TestBillNormalization::test_normalize_zero 
[gw7] [  1%] PASSED tests/unit/test_homepage.py::TestHomepageParliamentInfo::test_shows_total_mps 
[gw1] [  1%] PASSED tests/unit/test_bill_extractor.py::TestCLI::test_main_with_text_file 
[gw3] [  2%] PASSED tests/unit/test_filename_generator.py::TestParse::test_parse_wrong_extension 
[gw0] [  2%] PASSED tests/unit/test_bill_extractor.py::TestBillNormalization::test_normalize_zero 
tests/unit/test_homepage.py::TestHomepageParliamentInfo::test_shows_what_we_track 
tests/unit/test_filename_generator.py::TestParse::test_parse_extra_underscores 
tests/unit/test_bill_extractor.py::TestCLI::test_main_with_json_file 
[gw3] [  2%] PASSED tests/unit/test_filename_generator.py::TestParse::test_parse_extra_underscores 
tests/unit/test_bill_extractor.py::TestBillPatternMatching::test_extract_bill_no_format 
[gw7] [  2%] PASSED tests/unit/test_homepage.py::TestHomepageParliamentInfo::test_shows_what_we_track 
tests/unit/test_filename_generator.py::TestParse::test_parse_preserves_leading_zeros 
tests/unit/test_homepage.py::TestHomepageLinks::test_has_browse_all_mps_link 
[gw0] [  2%] PASSED tests/unit/test_bill_extractor.py::TestBillPatternMatching::test_extract_bill_no_format 
tests/unit/test_bill_extractor.py::TestBillPatternMatching::test_extract_bill_year_slash_format 
[gw3] [  2%] PASSED tests/unit/test_filename_generator.py::TestParse::test_parse_preserves_leading_zeros 
tests/unit/test_filename_generator.py::TestRoundTrip::test_roundtrip_basic 
[gw0] [  2%] PASSED tests/unit/test_bill_extractor.py::TestBillPatternMatching::test_extract_bill_year_slash_format 
[gw7] [  2%] PASSED tests/unit/test_homepage.py::TestHomepageLinks::test_has_browse_all_mps_link 
[gw1] [  3%] PASSED tests/unit/test_bill_extractor.py::TestCLI::test_main_with_json_file 
tests/unit/test_bill_extractor.py::TestBillPatternMatching::test_extract_bill_year_dash_format 
tests/unit/test_homepage.py::TestHomepageLinks::test_has_parties_link 
tests/unit/test_bill_extractor.py::TestCLI::test_main_with_output_file 
[gw3] [  3%] PASSED tests/unit/test_filename_generator.py::TestRoundTrip::test_roundtrip_basic 
tests/unit/test_filename_generator.py::TestRoundTrip::test_roundtrip_with_suffix 
[gw7] [  3%] PASSED tests/unit/test_homepage.py::TestHomepageLinks::test_has_parties_link 
[gw0] [  3%] PASSED tests/unit/test_bill_extractor.py::TestBillPatternMatching::test_extract_bill_year_dash_format 
tests/unit/test_bill_extractor.py::TestBillPatternMatching::test_extract_named_bill_with_year 
tests/unit/test_homepage.py::TestHomepageLinks::test_has_about_link 
[gw3] [  3%] PASSED tests/unit/test_filename_generator.py::TestRoundTrip::test_roundtrip_with_suffix 
tests/unit/test_filename_generator.py::TestRoundTrip::test_roundtrip_all_periods 
[gw0] [  3%] PASSED tests/unit/test_bill_extractor.py::TestBillPatternMatching::test_extract_named_bill_with_year 
[gw7] [  3%] PASSED tests/unit/test_homepage.py::TestHomepageLinks::test_has_about_link 
[gw3] [  3%] PASSED tests/unit/test_filename_generator.py::TestRoundTrip::test_roundtrip_all_periods 
tests/unit/test_bill_extractor.py::TestBillPatternMatching::test_extract_named_bill_without_the 
tests/unit/test_homepage.py::TestHomepageLinks::test_has_parliament_source_link 
tests/unit/test_filename_generator.py::TestEdgeCases::test_generate_leap_year_date 
[gw0] [  4%] PASSED tests/unit/test_bill_extractor.py::TestBillPatternMatching::test_extract_named_bill_without_the 
[gw3] [  4%] PASSED tests/unit/test_filename_generator.py::TestEdgeCases::test_generate_leap_year_date 
tests/unit/test_bill_extractor.py::TestBillPatternMatching::test_extract_bill_number_format 
[gw7] [  4%] PASSED tests/unit/test_homepage.py::TestHomepageLinks::test_has_parliament_source_link 
tests/unit/test_filename_generator.py::TestEdgeCases::test_generate_year_boundary 
[gw1] [  4%] PASSED tests/unit/test_bill_extractor.py::TestCLI::test_main_with_output_file 
tests/unit/test_homepage.py::TestHomepageLinks::test_external_links_open_in_new_tab 
[gw3] [  4%] PASSED tests/unit/test_filename_generator.py::TestEdgeCases::test_generate_year_boundary 
tests/unit/test_bill_extractor.py::TestCLI::test_main_file_not_found 
[gw0] [  4%] PASSED tests/unit/test_bill_extractor.py::TestBillPatternMatching::test_extract_bill_number_format 
tests/unit/test_bill_extractor.py::TestBillPatternMatching::test_extract_simple_bill_format 
tests/unit/test_filename_generator.py::TestEdgeCases::test_parse_year_boundary 
[gw7] [  4%] PASSED tests/unit/test_homepage.py::TestHomepageLinks::test_external_links_open_in_new_tab 
[gw3] [  4%] PASSED tests/unit/test_filename_generator.py::TestEdgeCases::test_parse_year_boundary 
[gw1] [  5%] PASSED tests/unit/test_bill_extractor.py::TestCLI::test_main_file_not_found 
[gw0] [  5%] PASSED tests/unit/test_bill_extractor.py::TestBillPatternMatching::test_extract_simple_bill_format 
tests/unit/test_homepage.py::TestHomepageResponsive::test_uses_responsive_classes 
tests/unit/test_filename_generator.py::TestEdgeCases::test_generate_with_unrelated_files 
tests/unit/test_bill_extractor.py::TestCLI::test_main_invalid_json 
tests/unit/test_bill_extractor.py::TestBillPatternMatching::test_extract_multiple_bills 
[gw3] [  5%] PASSED tests/unit/test_filename_generator.py::TestEdgeCases::test_generate_with_unrelated_files 
[gw7] [  5%] PASSED tests/unit/test_homepage.py::TestHomepageResponsive::test_uses_responsive_classes 
tests/unit/test_filename_generator.py::TestEdgeCases::test_generate_case_sensitive_period 
[gw0] [  5%] PASSED tests/unit/test_bill_extractor.py::TestBillPatternMatching::test_extract_multiple_bills 
tests/unit/test_homepage.py::TestHomepageResponsive::test_uses_grid_layout 
tests/unit/test_bill_extractor.py::TestBillPatternMatching::test_case_insensitive_matching 
[gw0] [  5%] PASSED tests/unit/test_bill_extractor.py::TestBillPatternMatching::test_case_insensitive_matching 
[gw7] [  5%] PASSED tests/unit/test_homepage.py::TestHomepageResponsive::test_uses_grid_layout 
[gw3] [  5%] PASSED tests/unit/test_filename_generator.py::TestEdgeCases::test_generate_case_sensitive_period 
tests/unit/test_bill_extractor.py::TestBillPatternMatching::test_no_bills_found 
[gw1] [  6%] PASSED tests/unit/test_bill_extractor.py::TestCLI::test_main_invalid_json 
tests/unit/test_homepage.py::TestHomepageResponsive::test_uses_max_width_container 
tests/unit/test_filename_generator.py::TestEdgeCases::test_parse_case_sensitive_period 
tests/unit/test_bill_extractor.py::TestCLI::test_statistics_empty 
[gw0] [  6%] PASSED tests/unit/test_bill_extractor.py::TestBillPatternMatching::test_no_bills_found 
[gw3] [  6%] PASSED tests/unit/test_filename_generator.py::TestEdgeCases::test_parse_case_sensitive_period 
tests/unit/test_bill_extractor.py::TestBillPatternMatching::test_empty_text 
[gw1] [  6%] PASSED tests/unit/test_bill_extractor.py::TestCLI::test_statistics_empty 
[gw7] [  6%] PASSED tests/unit/test_homepage.py::TestHomepageResponsive::test_uses_max_width_container 
tests/unit/test_homepage.py::TestHomepageAccessibility::test_uses_semantic_html 
tests/unit/test_filename_generator.py::TestFilenameProperties::test_filename_format_validation_property 
tests/unit/test_bill_extractor.py::TestBillFormatting::test_format_named_bill_with_year 
[gw0] [  6%] PASSED tests/unit/test_bill_extractor.py::TestBillPatternMatching::test_empty_text 
tests/unit/test_bill_extractor.py::TestBillPatternMatching::test_none_text 
[gw1] [  6%] PASSED tests/unit/test_bill_extractor.py::TestBillFormatting::test_format_named_bill_with_year 
[gw7] [  6%] PASSED tests/unit/test_homepage.py::TestHomepageAccessibility::test_uses_semantic_html 
[gw0] [  7%] PASSED tests/unit/test_bill_extractor.py::TestBillPatternMatching::test_none_text 
tests/unit/test_bill_extractor.py::TestBillFormatting::test_format_numbered_bill_with_year 
tests/unit/test_bill_extractor.py::TestBillDeduplication::test_deduplicate_same_bill_number 
tests/unit/test_homepage.py::TestHomepageAccessibility::test_has_aria_labels 
[gw1] [  7%] PASSED tests/unit/test_bill_extractor.py::TestBillFormatting::test_format_numbered_bill_with_year 
tests/unit/test_bill_extractor.py::TestBillFormatting::test_format_numbered_bill_without_year 
[gw0] [  7%] PASSED tests/unit/test_bill_extractor.py::TestBillDeduplication::test_deduplicate_same_bill_number 
[gw7] [  7%] PASSED tests/unit/test_homepage.py::TestHomepageAccessibility::test_has_aria_labels 
tests/unit/test_homepage.py::TestHomepageAccessibility::test_links_have_descriptive_text 
tests/unit/test_bill_extractor.py::TestBillDeduplication::test_deduplicate_named_bills 
[gw1] [  7%] PASSED tests/unit/test_bill_extractor.py::TestBillFormatting::test_format_numbered_bill_without_year 
[gw0] [  7%] PASSED tests/unit/test_bill_extractor.py::TestBillDeduplication::test_deduplicate_named_bills 
tests/unit/test_bill_extractor.py::TestBillFormatting::test_format_fallback 
[gw2] [  7%] PASSED tests/unit/test_db_updater.py::TestProcessHansardPDF::test_process_hansard_pdf_skip_duplicate 
[gw7] [  7%] PASSED tests/unit/test_homepage.py::TestHomepageAccessibility::test_links_have_descriptive_text 
tests/unit/test_bill_extractor.py::TestBillDeduplication::test_different_bills_not_deduplicated 
[gw1] [  8%] PASSED tests/unit/test_bill_extractor.py::TestBillFormatting::test_format_fallback 
tests/unit/test_homepage.py::TestHomepageStyling::test_uses_tailwind_classes 
[gw0] [  8%] PASSED tests/unit/test_bill_extractor.py::TestBillDeduplication::test_different_bills_not_deduplicated 
tests/unit/test_bill_extractor.py::TestRealTextIntegration::test_extract_from_realistic_text 
tests/unit/test_bill_extractor.py::TestBillPositions::test_bills_sorted_by_position 
tests/unit/test_db_updater.py::TestSessionStatistics::test_get_session_statistics 
[gw7] [  8%] PASSED tests/unit/test_homepage.py::TestHomepageStyling::test_uses_tailwind_classes 
[gw1] [  8%] PASSED tests/unit/test_bill_extractor.py::TestRealTextIntegration::test_extract_from_realistic_text 
tests/unit/test_homepage.py::TestHomepageStyling::test_uses_kenya_colors 
[gw0] [  8%] PASSED tests/unit/test_bill_extractor.py::TestBillPositions::test_bills_sorted_by_position 
tests/unit/test_bill_extractor.py::TestRealTextIntegration::test_extract_with_complex_formatting 
tests/unit/test_bill_extractor.py::TestBillPositions::test_position_recorded 
[gw7] [  8%] PASSED tests/unit/test_homepage.py::TestHomepageStyling::test_uses_kenya_colors 
[gw1] [  8%] PASSED tests/unit/test_bill_extractor.py::TestRealTextIntegration::test_extract_with_complex_formatting 
tests/unit/test_homepage.py::TestHomepageStyling::test_uses_rounded_corners 
[gw0] [  8%] PASSED tests/unit/test_bill_extractor.py::TestBillPositions::test_position_recorded 
tests/unit/test_db_updater.py::TestDatabaseConnection::test_get_connection 
tests/unit/test_bill_extractor.py::TestExtractFromStatements::test_extract_from_statements 
[gw7] [  9%] PASSED tests/unit/test_homepage.py::TestHomepageStyling::test_uses_rounded_corners 
[gw0] [  9%] PASSED tests/unit/test_bill_extractor.py::TestExtractFromStatements::test_extract_from_statements 
tests/unit/test_bill_extractor.py::TestExtractFromStatements::test_extract_from_empty_statements 
tests/unit/test_homepage.py::TestHomepageStyling::test_uses_borders 
[gw0] [  9%] PASSED tests/unit/test_bill_extractor.py::TestExtractFromStatements::test_extract_from_empty_statements 
[gw7] [  9%] PASSED tests/unit/test_homepage.py::TestHomepageStyling::test_uses_borders 
tests/unit/test_homepage.py::TestHomepageDataAttribution::test_has_data_source_section 
tests/unit/test_homepage.py::TestHomepageQuickLinks::test_has_quick_links_section 
[gw0] [  9%] PASSED tests/unit/test_homepage.py::TestHomepageDataAttribution::test_has_data_source_section 
[gw7] [  9%] PASSED tests/unit/test_homepage.py::TestHomepageQuickLinks::test_has_quick_links_section 
tests/unit/test_homepage.py::TestHomepageDataAttribution::test_mentions_hansard 
tests/unit/test_homepage.py::TestHomepageQuickLinks::test_quick_links_are_cards 
[gw0] [  9%] PASSED tests/unit/test_homepage.py::TestHomepageDataAttribution::test_mentions_hansard 
[gw7] [  9%] PASSED tests/unit/test_homepage.py::TestHomepageQuickLinks::test_quick_links_are_cards 
tests/unit/test_homepage.py::TestHomepageDataAttribution::test_has_last_updated_info 
tests/unit/test_homepage.py::TestHomepageQuickLinks::test_has_all_mps_card 
[gw0] [ 10%] PASSED tests/unit/test_homepage.py::TestHomepageDataAttribution::test_has_last_updated_info 
[gw7] [ 10%] PASSED tests/unit/test_homepage.py::TestHomepageQuickLinks::test_has_all_mps_card 
tests/unit/test_import_mps.py::TestMPImporter::test_initialization 
tests/unit/test_homepage.py::TestHomepageQuickLinks::test_has_parties_card 
[gw7] [ 10%] PASSED tests/unit/test_homepage.py::TestHomepageQuickLinks::test_has_parties_card 
tests/unit/test_homepage.py::TestHomepageQuickLinks::test_has_about_card 
[gw7] [ 10%] PASSED tests/unit/test_homepage.py::TestHomepageQuickLinks::test_has_about_card 
tests/unit/test_mp_data_scraper.py::TestMPDataScraper::test_save_to_json 
[gw7] [ 10%] PASSED tests/unit/test_mp_data_scraper.py::TestMPDataScraper::test_save_to_json 
tests/unit/test_mp_data_scraper.py::TestMPDataScraper::test_save_to_csv 
[gw7] [ 10%] PASSED tests/unit/test_mp_data_scraper.py::TestMPDataScraper::test_save_to_csv 
tests/unit/test_mp_data_scraper.py::TestMPDataScraper::test_save_to_csv_empty 
[gw7] [ 10%] PASSED tests/unit/test_mp_data_scraper.py::TestMPDataScraper::test_save_to_csv_empty 
tests/unit/test_mp_data_scraper.py::TestMPDataScraperIntegration::test_fetch_page_real 
[gw1] [ 10%] PASSED tests/unit/test_db_updater.py::TestDatabaseConnection::test_get_connection 
[gw2] [ 11%] PASSED tests/unit/test_db_updater.py::TestSessionStatistics::test_get_session_statistics 
tests/unit/test_db_updater.py::TestMPManagement::test_get_or_create_mp_new 
tests/unit/test_db_updater.py::TestSessionStatistics::test_get_session_statistics_not_found 
[gw0] [ 11%] PASSED tests/unit/test_import_mps.py::TestMPImporter::test_initialization 
tests/unit/test_import_mps.py::TestMPImporter::test_connect 
[gw2] [ 11%] PASSED tests/unit/test_db_updater.py::TestSessionStatistics::test_get_session_statistics_not_found 
tests/unit/test_db_updater.py::TestEdgeCases::test_process_hansard_no_current_term 
[gw1] [ 11%] PASSED tests/unit/test_db_updater.py::TestMPManagement::test_get_or_create_mp_new 
tests/unit/test_db_updater.py::TestMPManagement::test_get_or_create_mp_existing 
[gw0] [ 11%] PASSED tests/unit/test_import_mps.py::TestMPImporter::test_connect 
tests/unit/test_import_mps.py::TestMPImporter::test_get_term_by_year 
[gw1] [ 11%] PASSED tests/unit/test_db_updater.py::TestMPManagement::test_get_or_create_mp_existing 
tests/unit/test_db_updater.py::TestMPManagement::test_link_mp_to_current_term 
[gw2] [ 11%] PASSED tests/unit/test_db_updater.py::TestEdgeCases::test_process_hansard_no_current_term 
[gw0] [ 11%] PASSED tests/unit/test_import_mps.py::TestMPImporter::test_get_term_by_year 
tests/unit/test_db_updater.py::TestEdgeCases::test_get_or_create_mp_with_special_characters 
tests/unit/test_import_mps.py::TestMPImporter::test_get_or_create_mp_new 
[gw1] [ 12%] PASSED tests/unit/test_db_updater.py::TestMPManagement::test_link_mp_to_current_term 
tests/unit/test_db_updater.py::TestMPManagement::test_link_mp_to_current_term_duplicate 
[gw2] [ 12%] PASSED tests/unit/test_db_updater.py::TestEdgeCases::test_get_or_create_mp_with_special_characters 
[gw0] [ 12%] PASSED tests/unit/test_import_mps.py::TestMPImporter::test_get_or_create_mp_new 
tests/unit/test_db_updater.py::TestEdgeCases::test_insert_statement_with_empty_text 
tests/unit/test_import_mps.py::TestMPImporter::test_get_or_create_mp_existing 
[gw1] [ 12%] PASSED tests/unit/test_db_updater.py::TestMPManagement::test_link_mp_to_current_term_duplicate 
tests/unit/test_db_updater.py::TestSessionManagement::test_get_or_create_session_new 
[gw0] [ 12%] PASSED tests/unit/test_import_mps.py::TestMPImporter::test_get_or_create_mp_existing 
[gw2] [ 12%] PASSED tests/unit/test_db_updater.py::TestEdgeCases::test_insert_statement_with_empty_text 
tests/unit/test_import_mps.py::TestMPImporter::test_link_mp_to_term 
tests/unit/test_db_updater.py::TestEdgeCases::test_process_hansard_with_duplicate_statements 
[gw1] [ 12%] PASSED tests/unit/test_db_updater.py::TestSessionManagement::test_get_or_create_session_new 
tests/unit/test_db_updater.py::TestSessionManagement::test_get_or_create_session_existing 
[gw0] [ 12%] PASSED tests/unit/test_import_mps.py::TestMPImporter::test_link_mp_to_term 
[gw2] [ 13%] PASSED tests/unit/test_db_updater.py::TestEdgeCases::test_process_hansard_with_duplicate_statements 
tests/unit/test_import_mps.py::TestMPImporter::test_link_mp_to_term_duplicate 
tests/unit/test_db_updater.py::TestCLI::test_main_with_arguments 
[gw3] [ 13%] PASSED tests/unit/test_filename_generator.py::TestFilenameProperties::test_filename_format_validation_property 
tests/unit/test_filename_generator.py::TestFilenameProperties::test_numeric_suffix_generation_property 
[gw2] [ 13%] PASSED tests/unit/test_db_updater.py::TestCLI::test_main_with_arguments 
tests/unit/test_db_updater.py::TestCLI::test_main_with_force_flag 
[gw4] [ 13%] PASSED tests/unit/test_hansard_scraper.py::TestDateParsing::test_extract_date_formats[1st January 2025-2025-01-01] 
tests/unit/test_hansard_scraper.py::TestDateParsing::test_extract_date_formats[22nd November 2024-2024-11-22] 
[gw2] [ 13%] PASSED tests/unit/test_db_updater.py::TestCLI::test_main_with_force_flag 
tests/unit/test_db_updater.py::TestCLI::test_main_skipped_session 
[gw4] [ 13%] PASSED tests/unit/test_hansard_scraper.py::TestDateParsing::test_extract_date_formats[22nd November 2024-2024-11-22] 
tests/unit/test_hansard_scraper.py::TestDateParsing::test_extract_date_formats[2025-12-04-2025-12-04] 
[gw2] [ 13%] PASSED tests/unit/test_db_updater.py::TestCLI::test_main_skipped_session 
[gw1] [ 13%] PASSED tests/unit/test_db_updater.py::TestSessionManagement::test_get_or_create_session_existing 
tests/unit/test_db_updater.py::TestCLI::test_main_error_case 
[gw4] [ 14%] PASSED tests/unit/test_hansard_scraper.py::TestDateParsing::test_extract_date_formats[2025-12-04-2025-12-04] 
tests/unit/test_hansard_scraper.py::TestDateParsing::test_extract_date_formats[04/12/2025-2025-12-04] 
tests/unit/test_db_updater.py::TestSessionManagement::test_check_duplicate_session 
[gw2] [ 14%] PASSED tests/unit/test_db_updater.py::TestCLI::test_main_error_case 
[gw4] [ 14%] PASSED tests/unit/test_hansard_scraper.py::TestDateParsing::test_extract_date_formats[04/12/2025-2025-12-04] 
tests/unit/test_hansard_scraper.py::TestDateParsing::test_extract_date_formats[04-12-2025-2025-12-04] 
tests/unit/test_filename_generator.py::TestGenerate::test_generate_different_periods_no_conflict 
[gw4] [ 14%] PASSED tests/unit/test_hansard_scraper.py::TestDateParsing::test_extract_date_formats[04-12-2025-2025-12-04] 
tests/unit/test_hansard_scraper.py::TestDateParsing::test_extract_date_formats[December 4, 2025-2025-12-04] 
[gw2] [ 14%] PASSED tests/unit/test_filename_generator.py::TestGenerate::test_generate_different_periods_no_conflict 
tests/unit/test_filename_generator.py::TestGenerate::test_generate_different_dates_no_conflict 
[gw2] [ 14%] PASSED tests/unit/test_filename_generator.py::TestGenerate::test_generate_different_dates_no_conflict 
tests/unit/test_filename_generator.py::TestGenerate::test_generate_invalid_period_raises_error 
[gw0] [ 14%] PASSED tests/unit/test_import_mps.py::TestMPImporter::test_link_mp_to_term_duplicate 
[gw2] [ 14%] PASSED tests/unit/test_filename_generator.py::TestGenerate::test_generate_invalid_period_raises_error 
[gw4] [ 15%] PASSED tests/unit/test_hansard_scraper.py::TestDateParsing::test_extract_date_formats[December 4, 2025-2025-12-04] 
tests/unit/test_import_mps.py::TestMPImporter::test_import_from_json 
tests/unit/test_filename_generator.py::TestGenerate::test_generate_invalid_date_format_raises_error 
tests/unit/test_hansard_scraper.py::TestDateParsing::test_extract_date_formats[Hansard for Thursday, 4th December 2025 - Afternoon-2025-12-04] 
[gw2] [ 15%] PASSED tests/unit/test_filename_generator.py::TestGenerate::test_generate_invalid_date_format_raises_error 
[gw4] [ 15%] PASSED tests/unit/test_hansard_scraper.py::TestDateParsing::test_extract_date_formats[Hansard for Thursday, 4th December 2025 - Afternoon-2025-12-04] 
tests/unit/test_hansard_scraper.py::TestDateParsing::test_extract_date_formats[No date here-None] 
tests/unit/test_filename_generator.py::TestGenerate::test_generate_invalid_month_raises_error 
[gw4] [ 15%] PASSED tests/unit/test_hansard_scraper.py::TestDateParsing::test_extract_date_formats[No date here-None] 
[gw2] [ 15%] PASSED tests/unit/test_filename_generator.py::TestGenerate::test_generate_invalid_month_raises_error 
tests/unit/test_hansard_scraper.py::TestDateParsing::test_extract_date_formats[-None] 
tests/unit/test_filename_generator.py::TestGenerate::test_generate_invalid_day_raises_error 
[gw4] [ 15%] PASSED tests/unit/test_hansard_scraper.py::TestDateParsing::test_extract_date_formats[-None] 
[gw2] [ 15%] PASSED tests/unit/test_filename_generator.py::TestGenerate::test_generate_invalid_day_raises_error 
tests/unit/test_hansard_scraper.py::TestDatabaseInitialization::test_database_auto_created_if_missing 
tests/unit/test_filename_generator.py::TestGenerate::test_generate_empty_existing_files 
[gw2] [ 15%] PASSED tests/unit/test_filename_generator.py::TestGenerate::test_generate_empty_existing_files 
tests/unit/test_filename_generator.py::TestGenerate::test_generate_preserves_leading_zeros 
[gw1] [ 16%] PASSED tests/unit/test_db_updater.py::TestSessionManagement::test_check_duplicate_session 
[gw2] [ 16%] PASSED tests/unit/test_filename_generator.py::TestGenerate::test_generate_preserves_leading_zeros 
tests/unit/test_filename_generator.py::TestParse::test_parse_basic_filename 
tests/unit/test_db_updater.py::TestSessionManagement::test_mark_session_processed 
[gw2] [ 16%] PASSED tests/unit/test_filename_generator.py::TestParse::test_parse_basic_filename 
tests/unit/test_filename_generator.py::TestParse::test_parse_filename_with_suffix 
[gw2] [ 16%] PASSED tests/unit/test_filename_generator.py::TestParse::test_parse_filename_with_suffix 
tests/unit/test_filename_generator.py::TestParse::test_parse_morning_period 
[gw2] [ 16%] PASSED tests/unit/test_filename_generator.py::TestParse::test_parse_morning_period 
tests/unit/test_filename_generator.py::TestParse::test_parse_evening_period 
[gw2] [ 16%] PASSED tests/unit/test_filename_generator.py::TestParse::test_parse_evening_period 
tests/unit/test_filename_generator.py::TestParse::test_parse_large_suffix 
[gw2] [ 16%] PASSED tests/unit/test_filename_generator.py::TestParse::test_parse_large_suffix 
tests/unit/test_filename_generator.py::TestParse::test_parse_invalid_format_returns_none 
[gw2] [ 16%] PASSED tests/unit/test_filename_generator.py::TestParse::test_parse_invalid_format_returns_none 
tests/unit/test_mp_identifier.py::TestCLI::test_main_invalid_json 
[gw0] [ 17%] PASSED tests/unit/test_import_mps.py::TestMPImporter::test_import_from_json 
[gw2] [ 17%] PASSED tests/unit/test_mp_identifier.py::TestCLI::test_main_invalid_json 
tests/unit/test_import_mps.py::TestMPImporter::test_import_from_json_with_term_id 
tests/unit/test_mp_name_parsing_property.py::TestMPNameParsingProperty::test_name_with_honorific_property 
[gw4] [ 17%] PASSED tests/unit/test_hansard_scraper.py::TestDatabaseInitialization::test_database_auto_created_if_missing 
tests/unit/test_hansard_scraper.py::TestDatabaseInitialization::test_creates_table_if_db_exists_but_table_missing 
[gw1] [ 17%] PASSED tests/unit/test_db_updater.py::TestSessionManagement::test_mark_session_processed 
[gw4] [ 17%] PASSED tests/unit/test_hansard_scraper.py::TestDatabaseInitialization::test_creates_table_if_db_exists_but_table_missing 
tests/unit/test_hansard_scraper.py::TestDatabaseInitialization::test_raises_error_if_table_has_wrong_schema 
tests/unit/test_db_updater.py::TestStatementInsertion::test_insert_statement 
[gw4] [ 17%] PASSED tests/unit/test_hansard_scraper.py::TestDatabaseInitialization::test_raises_error_if_table_has_wrong_schema 
tests/unit/test_hansard_scraper.py::TestDownloadLogic::test_download_new_file 
[gw0] [ 17%] PASSED tests/unit/test_import_mps.py::TestMPImporter::test_import_from_json_with_term_id 
tests/unit/test_import_mps.py::TestMPImporter::test_import_from_json_idempotent 
[gw1] [ 17%] PASSED tests/unit/test_db_updater.py::TestStatementInsertion::test_insert_statement 
tests/unit/test_db_updater.py::TestStatementInsertion::test_insert_statement_with_bills 
[gw3] [ 18%] PASSED tests/unit/test_filename_generator.py::TestFilenameProperties::test_numeric_suffix_generation_property 
tests/unit/test_filename_generator.py::TestFilenameProperties::test_parse_roundtrip_property 
[gw0] [ 18%] PASSED tests/unit/test_import_mps.py::TestMPImporter::test_import_from_json_idempotent 
[gw1] [ 18%] PASSED tests/unit/test_db_updater.py::TestStatementInsertion::test_insert_statement_with_bills 
tests/unit/test_import_mps.py::TestMPImporter::test_verify_import 
tests/unit/test_db_updater.py::TestProcessHansardPDF::test_process_hansard_pdf_success 
[gw1] [ 18%] PASSED tests/unit/test_db_updater.py::TestProcessHansardPDF::test_process_hansard_pdf_success 
[gw0] [ 18%] PASSED tests/unit/test_import_mps.py::TestMPImporter::test_verify_import 
tests/unit/test_mp_identifier.py::TestSpeakerFinding::test_find_the_speaker 
tests/unit/test_import_mps.py::TestMPImporter::test_import_invalid_file 
[gw1] [ 18%] PASSED tests/unit/test_mp_identifier.py::TestSpeakerFinding::test_find_the_speaker 
tests/unit/test_mp_identifier.py::TestSpeakerFinding::test_find_mr_speaker 
[gw1] [ 18%] PASSED tests/unit/test_mp_identifier.py::TestSpeakerFinding::test_find_mr_speaker 
tests/unit/test_mp_identifier.py::TestSpeakerFinding::test_find_madam_speaker 
[gw1] [ 18%] PASSED tests/unit/test_mp_identifier.py::TestSpeakerFinding::test_find_madam_speaker 
tests/unit/test_mp_identifier.py::TestSpeakerFinding::test_speakers_sorted_by_position 
[gw1] [ 19%] PASSED tests/unit/test_mp_identifier.py::TestSpeakerFinding::test_speakers_sorted_by_position 
tests/unit/test_mp_identifier.py::TestStatementExtraction::test_extract_statement_to_next_speaker 
[gw1] [ 19%] PASSED tests/unit/test_mp_identifier.py::TestStatementExtraction::test_extract_statement_to_next_speaker 
tests/unit/test_mp_identifier.py::TestStatementExtraction::test_extract_statement_to_end 
[gw1] [ 19%] PASSED tests/unit/test_mp_identifier.py::TestStatementExtraction::test_extract_statement_to_end 
tests/unit/test_mp_identifier.py::TestStatementExtraction::test_extract_statement_strips_whitespace 
[gw1] [ 19%] PASSED tests/unit/test_mp_identifier.py::TestStatementExtraction::test_extract_statement_strips_whitespace 
tests/unit/test_mp_identifier.py::TestStatementExtraction::test_extract_statement_removes_leading_colon 
[gw1] [ 19%] PASSED tests/unit/test_mp_identifier.py::TestStatementExtraction::test_extract_statement_removes_leading_colon 
tests/unit/test_mp_identifier.py::TestExtractStatements::test_extract_single_statement 
[gw1] [ 19%] PASSED tests/unit/test_mp_identifier.py::TestExtractStatements::test_extract_single_statement 
tests/unit/test_mp_identifier.py::TestExtractStatements::test_extract_multiple_statements 
[gw1] [ 19%] PASSED tests/unit/test_mp_identifier.py::TestExtractStatements::test_extract_multiple_statements 
tests/unit/test_mp_identifier.py::TestExtractStatements::test_filter_non_mp_speakers 
[gw0] [ 19%] PASSED tests/unit/test_import_mps.py::TestMPImporter::test_import_invalid_file 
[gw1] [ 20%] PASSED tests/unit/test_mp_identifier.py::TestExtractStatements::test_filter_non_mp_speakers 
tests/unit/test_import_mps.py::TestMPImporter::test_import_no_term 
tests/unit/test_mp_identifier.py::TestExtractStatements::test_include_non_mp_speakers 
[gw1] [ 20%] PASSED tests/unit/test_mp_identifier.py::TestExtractStatements::test_include_non_mp_speakers 
tests/unit/test_mp_identifier.py::TestExtractStatements::test_skip_empty_statements 
[gw1] [ 20%] PASSED tests/unit/test_mp_identifier.py::TestExtractStatements::test_skip_empty_statements 
tests/unit/test_mp_identifier.py::TestExtractStatements::test_skip_short_statements 
[gw1] [ 20%] PASSED tests/unit/test_mp_identifier.py::TestExtractStatements::test_skip_short_statements 
tests/unit/test_mp_identifier.py::TestExtractStatements::test_statement_positions 
[gw1] [ 20%] PASSED tests/unit/test_mp_identifier.py::TestExtractStatements::test_statement_positions 
tests/unit/test_mp_identifier.py::TestExtractStatements::test_statement_with_page_number 
[gw1] [ 20%] PASSED tests/unit/test_mp_identifier.py::TestExtractStatements::test_statement_with_page_number 
tests/unit/test_mp_identifier.py::TestExtractStatements::test_no_speakers_found 
[gw1] [ 20%] PASSED tests/unit/test_mp_identifier.py::TestExtractStatements::test_no_speakers_found 
tests/unit/test_mp_identifier.py::TestExtractFromPages::test_extract_from_pages 
[gw1] [ 20%] PASSED tests/unit/test_mp_identifier.py::TestExtractFromPages::test_extract_from_pages 
tests/unit/test_mp_profile.py::TestMPProfileStyling::test_template_has_borders 
[gw1] [ 20%] PASSED tests/unit/test_mp_profile.py::TestMPProfileStyling::test_template_has_borders 
tests/unit/test_mps_list.py::TestMPsListingTemplate::test_template_file_exists 
[gw1] [ 21%] PASSED tests/unit/test_mps_list.py::TestMPsListingTemplate::test_template_file_exists 
tests/unit/test_mps_list.py::TestMPsListingTemplate::test_template_extends_base 
[gw1] [ 21%] PASSED tests/unit/test_mps_list.py::TestMPsListingTemplate::test_template_extends_base 
tests/unit/test_mps_list.py::TestMPsListingTemplate::test_template_has_title_block 
[gw1] [ 21%] PASSED tests/unit/test_mps_list.py::TestMPsListingTemplate::test_template_has_title_block 
[gw0] [ 21%] PASSED tests/unit/test_import_mps.py::TestMPImporter::test_import_no_term 
tests/unit/test_mps_list.py::TestMPsListingTemplate::test_template_has_content_block 
tests/unit/test_import_mps.py::TestHonorificSeparation::test_parse_hon_john_doe 
[gw1] [ 21%] PASSED tests/unit/test_mps_list.py::TestMPsListingTemplate::test_template_has_content_block 
tests/unit/test_mps_list.py::TestMPsListingRoute::test_mps_route_exists 
[gw0] [ 21%] PASSED tests/unit/test_import_mps.py::TestHonorificSeparation::test_parse_hon_john_doe 
tests/unit/test_import_mps.py::TestHonorificSeparation::test_parse_dr_jane_smith 
[gw0] [ 21%] PASSED tests/unit/test_import_mps.py::TestHonorificSeparation::test_parse_dr_jane_smith 
tests/unit/test_import_mps.py::TestHonorificSeparation::test_parse_prof_peter_parker 
[gw0] [ 21%] PASSED tests/unit/test_import_mps.py::TestHonorificSeparation::test_parse_prof_peter_parker 
tests/unit/test_import_mps.py::TestHonorificSeparation::test_parse_name_without_honorific 
[gw0] [ 22%] PASSED tests/unit/test_import_mps.py::TestHonorificSeparation::test_parse_name_without_honorific 
[gw3] [ 22%] PASSED tests/unit/test_filename_generator.py::TestFilenameProperties::test_parse_roundtrip_property 
tests/unit/test_mp_identifier.py::TestExtractFromPages::test_extract_from_empty_pages 
tests/unit/test_filename_generator.py::TestFilenameProperties::test_generate_parse_roundtrip_property 
[gw0] [ 22%] PASSED tests/unit/test_mp_identifier.py::TestExtractFromPages::test_extract_from_empty_pages 
tests/unit/test_mp_identifier.py::TestExtractFromPages::test_extract_from_mixed_pages 
[gw0] [ 22%] PASSED tests/unit/test_mp_identifier.py::TestExtractFromPages::test_extract_from_mixed_pages 
tests/unit/test_mp_identifier.py::TestUtilityMethods::test_get_unique_mp_names 
[gw0] [ 22%] PASSED tests/unit/test_mp_identifier.py::TestUtilityMethods::test_get_unique_mp_names 
tests/unit/test_mp_identifier.py::TestUtilityMethods::test_get_statements_by_mp 
[gw0] [ 22%] PASSED tests/unit/test_mp_identifier.py::TestUtilityMethods::test_get_statements_by_mp 
tests/unit/test_mp_identifier.py::TestUtilityMethods::test_get_statistics 
[gw0] [ 22%] PASSED tests/unit/test_mp_identifier.py::TestUtilityMethods::test_get_statistics 
tests/unit/test_mp_identifier.py::TestUtilityMethods::test_get_statistics_empty 
[gw0] [ 22%] PASSED tests/unit/test_mp_identifier.py::TestUtilityMethods::test_get_statistics_empty 
tests/unit/test_mp_identifier.py::TestRealPDFIntegration::test_extract_from_real_hansard 
[gw0] [ 23%] SKIPPED tests/unit/test_mp_identifier.py::TestRealPDFIntegration::test_extract_from_real_hansard 
tests/unit/test_mp_identifier.py::TestRealPDFIntegration::test_real_hansard_mp_names 
[gw0] [ 23%] SKIPPED tests/unit/test_mp_identifier.py::TestRealPDFIntegration::test_real_hansard_mp_names 
tests/unit/test_mp_identifier.py::TestRealPDFIntegration::test_real_hansard_statement_quality 
[gw0] [ 23%] SKIPPED tests/unit/test_mp_identifier.py::TestRealPDFIntegration::test_real_hansard_statement_quality 
tests/unit/test_mp_identifier.py::TestHonorificSeparation::test_parse_hon_john_doe 
[gw0] [ 23%] PASSED tests/unit/test_mp_identifier.py::TestHonorificSeparation::test_parse_hon_john_doe 
tests/unit/test_mp_identifier.py::TestHonorificSeparation::test_parse_dr_jane_smith 
[gw0] [ 23%] PASSED tests/unit/test_mp_identifier.py::TestHonorificSeparation::test_parse_dr_jane_smith 
tests/unit/test_mp_identifier.py::TestHonorificSeparation::test_parse_prof_peter_parker 
[gw0] [ 23%] PASSED tests/unit/test_mp_identifier.py::TestHonorificSeparation::test_parse_prof_peter_parker 
tests/unit/test_mp_identifier.py::TestHonorificSeparation::test_parse_name_without_honorific 
[gw0] [ 23%] PASSED tests/unit/test_mp_identifier.py::TestHonorificSeparation::test_parse_name_without_honorific 
tests/unit/test_mp_identifier.py::TestCLI::test_main_with_text_file 
[gw0] [ 23%] PASSED tests/unit/test_mp_identifier.py::TestCLI::test_main_with_text_file 
tests/unit/test_mp_identifier.py::TestCLI::test_main_with_json_file 
[gw0] [ 24%] PASSED tests/unit/test_mp_identifier.py::TestCLI::test_main_with_json_file 
tests/unit/test_mp_identifier.py::TestCLI::test_main_with_output_file 
[gw1] [ 24%] PASSED tests/unit/test_mps_list.py::TestMPsListingRoute::test_mps_route_exists 
[gw0] [ 24%] PASSED tests/unit/test_mp_identifier.py::TestCLI::test_main_with_output_file 
tests/unit/test_mp_identifier.py::TestCLI::test_main_with_include_non_mps 
tests/unit/test_mps_list.py::TestMPsListingRoute::test_mps_returns_html 
[gw0] [ 24%] PASSED tests/unit/test_mp_identifier.py::TestCLI::test_main_with_include_non_mps 
tests/unit/test_mp_identifier.py::TestCLI::test_main_file_not_found 
[gw0] [ 24%] PASSED tests/unit/test_mp_identifier.py::TestCLI::test_main_file_not_found 
tests/unit/test_mps_list.py::TestMPsListingEmptyState::test_has_no_results_message 
[gw0] [ 24%] PASSED tests/unit/test_mps_list.py::TestMPsListingEmptyState::test_has_no_results_message 
tests/unit/test_parliament_data.py::TestParliamentaryTermInsertion::test_insert_13th_parliament 
[gw1] [ 24%] PASSED tests/unit/test_mps_list.py::TestMPsListingRoute::test_mps_returns_html 
tests/unit/test_mps_list.py::TestMPsListingRoute::test_mps_has_content 
[gw1] [ 24%] PASSED tests/unit/test_mps_list.py::TestMPsListingRoute::test_mps_has_content 
tests/unit/test_mps_list.py::TestMPsListingContent::test_shows_page_title 
[gw0] [ 25%] PASSED tests/unit/test_parliament_data.py::TestParliamentaryTermInsertion::test_insert_13th_parliament 
tests/unit/test_parliament_data.py::TestParliamentaryTermInsertion::test_insert_12th_parliament 
[gw1] [ 25%] PASSED tests/unit/test_mps_list.py::TestMPsListingContent::test_shows_page_title 
[gw3] [ 25%] PASSED tests/unit/test_filename_generator.py::TestFilenameProperties::test_generate_parse_roundtrip_property 
tests/unit/test_filename_generator.py::TestFilenameProperties::test_parse_invalid_format_property 
tests/unit/test_mps_list.py::TestMPsListingContent::test_shows_mp_cards 
[gw1] [ 25%] PASSED tests/unit/test_mps_list.py::TestMPsListingContent::test_shows_mp_cards 
tests/unit/test_mps_list.py::TestMPsListingContent::test_shows_mp_constituencies 
[gw0] [ 25%] PASSED tests/unit/test_parliament_data.py::TestParliamentaryTermInsertion::test_insert_12th_parliament 
tests/unit/test_parliament_data.py::TestParliamentaryTermInsertion::test_insert_duplicate_term 
[gw1] [ 25%] PASSED tests/unit/test_mps_list.py::TestMPsListingContent::test_shows_mp_constituencies 
tests/unit/test_mps_list.py::TestMPsListingContent::test_shows_mp_parties 
[gw1] [ 25%] PASSED tests/unit/test_mps_list.py::TestMPsListingContent::test_shows_mp_parties 
tests/unit/test_mps_list.py::TestMPsListingContent::test_shows_total_count 
[gw0] [ 25%] PASSED tests/unit/test_parliament_data.py::TestParliamentaryTermInsertion::test_insert_duplicate_term 
tests/unit/test_parliament_data.py::TestParliamentaryTermInsertion::test_insert_multiple_terms 
[gw1] [ 26%] PASSED tests/unit/test_mps_list.py::TestMPsListingContent::test_shows_total_count 
tests/unit/test_mps_list.py::TestMPsListingFilters::test_has_party_filter 
[gw1] [ 26%] PASSED tests/unit/test_mps_list.py::TestMPsListingFilters::test_has_party_filter 
tests/unit/test_mps_list.py::TestMPsListingFilters::test_has_sort_options 
[gw2] [ 26%] PASSED tests/unit/test_mp_name_parsing_property.py::TestMPNameParsingProperty::test_name_with_honorific_property 
[gw1] [ 26%] PASSED tests/unit/test_mps_list.py::TestMPsListingFilters::test_has_sort_options 
tests/unit/test_mp_name_parsing_property.py::TestMPNameParsingProperty::test_name_without_honorific_property 
tests/unit/test_mps_list.py::TestMPsListingFilters::test_party_filter_shows_all_option 
[gw1] [ 26%] PASSED tests/unit/test_mps_list.py::TestMPsListingFilters::test_party_filter_shows_all_option 
tests/unit/test_mps_list.py::TestMPsListingFilters::test_party_filter_shows_parties 
[gw0] [ 26%] PASSED tests/unit/test_parliament_data.py::TestParliamentaryTermInsertion::test_insert_multiple_terms 
tests/unit/test_parliament_data.py::TestParliamentaryTermVerification::test_verify_with_current_term 
[gw1] [ 26%] PASSED tests/unit/test_mps_list.py::TestMPsListingFilters::test_party_filter_shows_parties 
tests/unit/test_mps_list.py::TestMPsListingJavaScript::test_has_filter_javascript 
[gw1] [ 26%] PASSED tests/unit/test_mps_list.py::TestMPsListingJavaScript::test_has_filter_javascript 
tests/unit/test_mps_list.py::TestMPsListingJavaScript::test_has_sort_javascript 
[gw1] [ 27%] PASSED tests/unit/test_mps_list.py::TestMPsListingJavaScript::test_has_sort_javascript 
tests/unit/test_mps_list.py::TestMPsListingJavaScript::test_has_data_attributes 
[gw1] [ 27%] PASSED tests/unit/test_mps_list.py::TestMPsListingJavaScript::test_has_data_attributes 
tests/unit/test_mps_list.py::TestMPsListingResponsive::test_uses_responsive_classes 
[gw1] [ 27%] PASSED tests/unit/test_mps_list.py::TestMPsListingResponsive::test_uses_responsive_classes 
tests/unit/test_mps_list.py::TestMPsListingResponsive::test_uses_grid_layout 
[gw1] [ 27%] PASSED tests/unit/test_mps_list.py::TestMPsListingResponsive::test_uses_grid_layout 
tests/unit/test_mps_list.py::TestMPsListingAccessibility::test_uses_semantic_html 
[gw0] [ 27%] PASSED tests/unit/test_parliament_data.py::TestParliamentaryTermVerification::test_verify_with_current_term 
[gw1] [ 27%] PASSED tests/unit/test_mps_list.py::TestMPsListingAccessibility::test_uses_semantic_html 
tests/unit/test_mps_list.py::TestMPsListingAccessibility::test_has_labels_for_inputs 
tests/unit/test_parliament_data.py::TestParliamentaryTermVerification::test_verify_with_no_terms 
[gw1] [ 27%] PASSED tests/unit/test_mps_list.py::TestMPsListingAccessibility::test_has_labels_for_inputs 
tests/unit/test_mps_list.py::TestMPsListingAccessibility::test_links_are_descriptive 
[gw1] [ 27%] PASSED tests/unit/test_mps_list.py::TestMPsListingAccessibility::test_links_are_descriptive 
tests/unit/test_mps_list.py::TestMPsListingStyling::test_uses_tailwind 
[gw1] [ 28%] PASSED tests/unit/test_mps_list.py::TestMPsListingStyling::test_uses_tailwind 
tests/unit/test_mps_list.py::TestMPsListingStyling::test_uses_kenya_colors 
[gw1] [ 28%] PASSED tests/unit/test_mps_list.py::TestMPsListingStyling::test_uses_kenya_colors 
[gw3] [ 28%] PASSED tests/unit/test_filename_generator.py::TestFilenameProperties::test_parse_invalid_format_property 
tests/unit/test_mps_list.py::TestMPsListingStyling::test_uses_borders 
tests/unit/test_hansard_scraper.py::TestHTMLExtraction::test_extract_links_from_cols2_table 
[gw1] [ 28%] PASSED tests/unit/test_mps_list.py::TestMPsListingStyling::test_uses_borders 
tests/unit/test_mps_list.py::TestMPsListingLinks::test_links_to_mp_profiles 
[gw1] [ 28%] PASSED tests/unit/test_mps_list.py::TestMPsListingLinks::test_links_to_mp_profiles 
tests/unit/test_mps_list.py::TestMPsListingLinks::test_mp_cards_are_clickable 
[gw0] [ 28%] PASSED tests/unit/test_parliament_data.py::TestParliamentaryTermVerification::test_verify_with_no_terms 
tests/unit/test_parliament_data.py::TestParliamentaryTermVerification::test_verify_with_no_current_term 
[gw1] [ 28%] PASSED tests/unit/test_mps_list.py::TestMPsListingLinks::test_mp_cards_are_clickable 
tests/unit/test_mps_list.py::TestMPsListingEmptyState::test_has_empty_state 
[gw1] [ 28%] PASSED tests/unit/test_mps_list.py::TestMPsListingEmptyState::test_has_empty_state 
tests/unit/test_parties.py::TestPartyDetailTemplate::test_template_has_title_block 
[gw1] [ 29%] PASSED tests/unit/test_parties.py::TestPartyDetailTemplate::test_template_has_title_block 
tests/unit/test_parties.py::TestPartyDetailTemplate::test_template_has_content_block 
[gw1] [ 29%] PASSED tests/unit/test_parties.py::TestPartyDetailTemplate::test_template_has_content_block 
tests/unit/test_parties.py::TestPartyDetailRoute::test_party_route_exists 
[gw0] [ 29%] PASSED tests/unit/test_parliament_data.py::TestParliamentaryTermVerification::test_verify_with_no_current_term 
tests/unit/test_parliament_data.py::TestParliamentaryTermVerification::test_verify_with_multiple_current_terms 
[gw1] [ 29%] PASSED tests/unit/test_parties.py::TestPartyDetailRoute::test_party_route_exists 
tests/unit/test_parties.py::TestPartyDetailRoute::test_party_not_found 
[gw1] [ 29%] PASSED tests/unit/test_parties.py::TestPartyDetailRoute::test_party_not_found 
tests/unit/test_parties.py::TestPartyDetailRoute::test_party_returns_html 
[gw0] [ 29%] PASSED tests/unit/test_parliament_data.py::TestParliamentaryTermVerification::test_verify_with_multiple_current_terms 
tests/unit/test_parliament_data.py::TestParliamentaryTermVerification::test_verify_with_historical_and_current 
[gw1] [ 29%] PASSED tests/unit/test_parties.py::TestPartyDetailRoute::test_party_returns_html 
tests/unit/test_parties.py::TestPartyDetailContent::test_shows_party_name 
[gw2] [ 29%] PASSED tests/unit/test_mp_name_parsing_property.py::TestMPNameParsingProperty::test_name_without_honorific_property 
tests/unit/test_mp_name_parsing_property.py::TestMPNameParsingProperty::test_single_name_with_honorific_property 
[gw1] [ 30%] PASSED tests/unit/test_parties.py::TestPartyDetailContent::test_shows_party_name 
tests/unit/test_parties.py::TestPartyDetailContent::test_shows_party_stats 
[gw0] [ 30%] PASSED tests/unit/test_parliament_data.py::TestParliamentaryTermVerification::test_verify_with_historical_and_current 
tests/unit/test_parliament_data.py::TestInitializeParliamentData::test_initialize_current_term_only 
[gw1] [ 30%] PASSED tests/unit/test_parties.py::TestPartyDetailContent::test_shows_party_stats 
tests/unit/test_parties.py::TestPartyDetailContent::test_shows_mp_list 
[gw1] [ 30%] PASSED tests/unit/test_parties.py::TestPartyDetailContent::test_shows_mp_list 
tests/unit/test_parties.py::TestPartyDetailContent::test_has_back_link 
[gw0] [ 30%] PASSED tests/unit/test_parliament_data.py::TestInitializeParliamentData::test_initialize_current_term_only 
tests/unit/test_parliament_data.py::TestInitializeParliamentData::test_initialize_with_historical 
[gw1] [ 30%] PASSED tests/unit/test_parties.py::TestPartyDetailContent::test_has_back_link 
tests/unit/test_parties.py::TestPartiesResponsive::test_listing_uses_responsive_classes 
[gw1] [ 30%] PASSED tests/unit/test_parties.py::TestPartiesResponsive::test_listing_uses_responsive_classes 
tests/unit/test_parties.py::TestPartiesResponsive::test_detail_uses_responsive_classes 
[gw1] [ 30%] PASSED tests/unit/test_parties.py::TestPartiesResponsive::test_detail_uses_responsive_classes 
tests/unit/test_parties.py::TestPartiesResponsive::test_uses_grid_layout 
[gw1] [ 31%] PASSED tests/unit/test_parties.py::TestPartiesResponsive::test_uses_grid_layout 
tests/unit/test_parties.py::TestPartiesAccessibility::test_listing_uses_semantic_html 
[gw1] [ 31%] PASSED tests/unit/test_parties.py::TestPartiesAccessibility::test_listing_uses_semantic_html 
tests/unit/test_parties.py::TestPartiesAccessibility::test_detail_uses_semantic_html 
[gw1] [ 31%] PASSED tests/unit/test_parties.py::TestPartiesAccessibility::test_detail_uses_semantic_html 
tests/unit/test_parties.py::TestPartiesAccessibility::test_links_are_descriptive 
[gw1] [ 31%] PASSED tests/unit/test_parties.py::TestPartiesAccessibility::test_links_are_descriptive 
tests/unit/test_parties.py::TestPartiesStyling::test_listing_uses_tailwind 
[gw1] [ 31%] PASSED tests/unit/test_parties.py::TestPartiesStyling::test_listing_uses_tailwind 
tests/unit/test_parties.py::TestPartiesStyling::test_detail_uses_tailwind 
[gw1] [ 31%] PASSED tests/unit/test_parties.py::TestPartiesStyling::test_detail_uses_tailwind 
[gw0] [ 31%] PASSED tests/unit/test_parliament_data.py::TestInitializeParliamentData::test_initialize_with_historical 
tests/unit/test_parties.py::TestPartiesStyling::test_uses_kenya_colors 
tests/unit/test_parliament_data.py::TestInitializeParliamentData::test_initialize_nonexistent_database 
[gw1] [ 31%] PASSED tests/unit/test_parties.py::TestPartiesStyling::test_uses_kenya_colors 
tests/unit/test_parties.py::TestPartiesStyling::test_uses_borders 
[gw0] [ 32%] PASSED tests/unit/test_parliament_data.py::TestInitializeParliamentData::test_initialize_nonexistent_database 
tests/unit/test_parliament_data.py::TestInitializeParliamentData::test_initialize_idempotent 
[gw1] [ 32%] PASSED tests/unit/test_parties.py::TestPartiesStyling::test_uses_borders 
tests/unit/test_parties.py::TestPartyDetailSorting::test_has_sort_dropdown 
[gw1] [ 32%] PASSED tests/unit/test_parties.py::TestPartyDetailSorting::test_has_sort_dropdown 
tests/unit/test_parties.py::TestPartyDetailSorting::test_has_sort_options 
[gw1] [ 32%] PASSED tests/unit/test_parties.py::TestPartyDetailSorting::test_has_sort_options 
tests/unit/test_parties.py::TestPartyDetailSorting::test_has_sorting_javascript 
[gw1] [ 32%] PASSED tests/unit/test_parties.py::TestPartyDetailSorting::test_has_sorting_javascript 
tests/unit/test_parties.py::TestPartiesLinks::test_listing_links_to_party_pages 
[gw1] [ 32%] PASSED tests/unit/test_parties.py::TestPartiesLinks::test_listing_links_to_party_pages 
tests/unit/test_parties.py::TestPartiesLinks::test_detail_links_to_mp_profiles 
[gw1] [ 32%] PASSED tests/unit/test_parties.py::TestPartiesLinks::test_detail_links_to_mp_profiles 
tests/unit/test_parties.py::TestPartiesLinks::test_detail_has_back_link 
[gw1] [ 32%] PASSED tests/unit/test_parties.py::TestPartiesLinks::test_detail_has_back_link 
tests/unit/test_pdf_processor.py::TestPDFProcessor::test_processor_initialization 
[gw1] [ 33%] PASSED tests/unit/test_pdf_processor.py::TestPDFProcessor::test_processor_initialization 
tests/unit/test_pdf_processor.py::TestPDFProcessor::test_processor_no_output_dir 
[gw1] [ 33%] PASSED tests/unit/test_pdf_processor.py::TestPDFProcessor::test_processor_no_output_dir 
tests/unit/test_pdf_processor.py::TestPDFProcessor::test_output_directory_created 
[gw1] [ 33%] PASSED tests/unit/test_pdf_processor.py::TestPDFProcessor::test_output_directory_created 
tests/unit/test_pdf_processor.py::TestTextExtraction::test_extract_text_success 
[gw0] [ 33%] PASSED tests/unit/test_parliament_data.py::TestInitializeParliamentData::test_initialize_idempotent 
tests/unit/test_parliament_data.py::TestParliamentaryTermDates::test_13th_parliament_dates 
[gw1] [ 33%] PASSED tests/unit/test_pdf_processor.py::TestTextExtraction::test_extract_text_success 
tests/unit/test_pdf_processor.py::TestTextExtraction::test_extract_text_file_not_found 
[gw1] [ 33%] PASSED tests/unit/test_pdf_processor.py::TestTextExtraction::test_extract_text_file_not_found 
tests/unit/test_pdf_processor.py::TestTextExtraction::test_extract_text_empty_page 
[gw2] [ 33%] PASSED tests/unit/test_mp_name_parsing_property.py::TestMPNameParsingProperty::test_single_name_with_honorific_property 
tests/unit/test_mp_name_parsing_property.py::TestMPNameParsingProperty::test_case_insensitive_honorific_property 
[gw1] [ 33%] PASSED tests/unit/test_pdf_processor.py::TestTextExtraction::test_extract_text_empty_page 
tests/unit/test_pdf_processor.py::TestTextExtraction::test_extract_text_page_error 
[gw1] [ 34%] PASSED tests/unit/test_pdf_processor.py::TestTextExtraction::test_extract_text_page_error 
tests/unit/test_pdf_processor.py::TestTextRetrieval::test_get_full_text 
[gw1] [ 34%] PASSED tests/unit/test_pdf_processor.py::TestTextRetrieval::test_get_full_text 
tests/unit/test_pdf_processor.py::TestTextRetrieval::test_get_full_text_empty_data 
[gw1] [ 34%] PASSED tests/unit/test_pdf_processor.py::TestTextRetrieval::test_get_full_text_empty_data 
[gw0] [ 34%] PASSED tests/unit/test_parliament_data.py::TestParliamentaryTermDates::test_13th_parliament_dates 
tests/unit/test_pdf_processor.py::TestTextRetrieval::test_get_full_text_none 
tests/unit/test_parliament_data.py::TestParliamentaryTermDates::test_12th_parliament_dates 
[gw1] [ 34%] PASSED tests/unit/test_pdf_processor.py::TestTextRetrieval::test_get_full_text_none 
tests/unit/test_pdf_processor.py::TestTextRetrieval::test_get_page_text 
[gw1] [ 34%] PASSED tests/unit/test_pdf_processor.py::TestTextRetrieval::test_get_page_text 
tests/unit/test_pdf_processor.py::TestTextRetrieval::test_get_page_text_invalid_page 
[gw1] [ 34%] PASSED tests/unit/test_pdf_processor.py::TestTextRetrieval::test_get_page_text_invalid_page 
tests/unit/test_pdf_processor.py::TestTextRetrieval::test_get_page_text_empty_data 
[gw1] [ 34%] PASSED tests/unit/test_pdf_processor.py::TestTextRetrieval::test_get_page_text_empty_data 
tests/unit/test_pdf_processor.py::TestSaveExtractedText::test_save_extracted_text 
[gw1] [ 35%] PASSED tests/unit/test_pdf_processor.py::TestSaveExtractedText::test_save_extracted_text 
tests/unit/test_pdf_processor.py::TestSaveExtractedText::test_save_extracted_text_auto_path 
[gw1] [ 35%] PASSED tests/unit/test_pdf_processor.py::TestSaveExtractedText::test_save_extracted_text_auto_path 
tests/unit/test_pdf_processor.py::TestSaveExtractedText::test_save_extracted_text_no_data 
[gw0] [ 35%] PASSED tests/unit/test_parliament_data.py::TestParliamentaryTermDates::test_12th_parliament_dates 
[gw1] [ 35%] PASSED tests/unit/test_pdf_processor.py::TestSaveExtractedText::test_save_extracted_text_no_data 
tests/unit/test_parliament_data.py::TestCLI::test_main_with_arguments 
tests/unit/test_pdf_processor.py::TestSaveExtractedText::test_save_extracted_text_no_output_path 
[gw1] [ 35%] PASSED tests/unit/test_pdf_processor.py::TestSaveExtractedText::test_save_extracted_text_no_output_path 
[gw0] [ 35%] PASSED tests/unit/test_parliament_data.py::TestCLI::test_main_with_arguments 
tests/unit/test_pdf_processor.py::TestStatistics::test_statistics_calculation 
tests/unit/test_parliament_data.py::TestCLI::test_main_default_path 
[gw0] [ 35%] PASSED tests/unit/test_parliament_data.py::TestCLI::test_main_default_path 
tests/unit/test_parties.py::TestPartiesListingTemplate::test_template_file_exists 
[gw1] [ 35%] PASSED tests/unit/test_pdf_processor.py::TestStatistics::test_statistics_calculation 
[gw0] [ 36%] PASSED tests/unit/test_parties.py::TestPartiesListingTemplate::test_template_file_exists 
tests/unit/test_parties.py::TestPartiesListingTemplate::test_template_extends_base 
tests/unit/test_pdf_processor.py::TestProcessPDF::test_process_pdf_with_save 
[gw0] [ 36%] PASSED tests/unit/test_parties.py::TestPartiesListingTemplate::test_template_extends_base 
[gw3] [ 36%] PASSED tests/unit/test_hansard_scraper.py::TestHTMLExtraction::test_extract_links_from_cols2_table 
tests/unit/test_parties.py::TestPartiesListingTemplate::test_template_has_title_block 
tests/unit/test_hansard_scraper.py::TestHTMLExtraction::test_ignores_hidden_col0_table 
[gw0] [ 36%] PASSED tests/unit/test_parties.py::TestPartiesListingTemplate::test_template_has_title_block 
[gw1] [ 36%] PASSED tests/unit/test_pdf_processor.py::TestProcessPDF::test_process_pdf_with_save 
tests/unit/test_parties.py::TestPartiesListingTemplate::test_template_has_content_block 
[gw0] [ 36%] PASSED tests/unit/test_parties.py::TestPartiesListingTemplate::test_template_has_content_block 
tests/unit/test_pdf_processor.py::TestProcessPDF::test_process_pdf_without_save 
tests/unit/test_parties.py::TestPartiesListingRoute::test_parties_route_exists 
[gw1] [ 36%] PASSED tests/unit/test_pdf_processor.py::TestProcessPDF::test_process_pdf_without_save 
[gw3] [ 36%] PASSED tests/unit/test_hansard_scraper.py::TestHTMLExtraction::test_ignores_hidden_col0_table 
tests/unit/test_hansard_scraper.py::TestHTMLExtraction::test_filters_order_papers 
tests/unit/test_pdf_processor.py::TestProcessDirectory::test_process_directory_not_found 
[gw1] [ 37%] PASSED tests/unit/test_pdf_processor.py::TestProcessDirectory::test_process_directory_not_found 
[gw3] [ 37%] PASSED tests/unit/test_hansard_scraper.py::TestHTMLExtraction::test_filters_order_papers 
tests/unit/test_pdf_processor.py::TestProcessDirectory::test_process_directory_no_pdfs 
tests/unit/test_hansard_scraper.py::TestDateParsing::test_extract_date_formats[Thursday, 4th December 2025-2025-12-04] 
[gw3] [ 37%] PASSED tests/unit/test_hansard_scraper.py::TestDateParsing::test_extract_date_formats[Thursday, 4th December 2025-2025-12-04] 
tests/unit/test_import_mps.py::TestHonorificSeparation::test_parse_name_with_multiple_last_names 
[gw1] [ 37%] PASSED tests/unit/test_pdf_processor.py::TestProcessDirectory::test_process_directory_no_pdfs 
tests/unit/test_pdf_processor.py::TestProcessDirectory::test_process_directory_with_pdfs 
[gw3] [ 37%] PASSED tests/unit/test_import_mps.py::TestHonorificSeparation::test_parse_name_with_multiple_last_names 
tests/unit/test_import_mps.py::TestHonorificSeparation::test_parse_name_with_single_name 
[gw3] [ 37%] PASSED tests/unit/test_import_mps.py::TestHonorificSeparation::test_parse_name_with_single_name 
tests/unit/test_import_mps.py::TestHonorificSeparation::test_parse_name_case_insensitive 
[gw3] [ 37%] PASSED tests/unit/test_import_mps.py::TestHonorificSeparation::test_parse_name_case_insensitive 
[gw1] [ 37%] PASSED tests/unit/test_pdf_processor.py::TestProcessDirectory::test_process_directory_with_pdfs 
tests/unit/test_import_mps.py::TestCLI::test_main_with_arguments 
tests/unit/test_pdf_processor.py::TestRealPDFIntegration::test_extract_text_from_real_pdf 
[gw1] [ 38%] SKIPPED tests/unit/test_pdf_processor.py::TestRealPDFIntegration::test_extract_text_from_real_pdf 
tests/unit/test_pdf_processor.py::TestRealPDFIntegration::test_real_pdf_contains_expected_content 
[gw1] [ 38%] SKIPPED tests/unit/test_pdf_processor.py::TestRealPDFIntegration::test_real_pdf_contains_expected_content 
[gw3] [ 38%] PASSED tests/unit/test_import_mps.py::TestCLI::test_main_with_arguments 
tests/unit/test_pdf_processor.py::TestRealPDFIntegration::test_process_real_pdf_with_save 
tests/unit/test_import_mps.py::TestCLI::test_main_with_term_id 
[gw1] [ 38%] SKIPPED tests/unit/test_pdf_processor.py::TestRealPDFIntegration::test_process_real_pdf_with_save 
tests/unit/test_pdf_processor.py::TestRealPDFIntegration::test_get_page_text_from_real_pdf 
[gw1] [ 38%] SKIPPED tests/unit/test_pdf_processor.py::TestRealPDFIntegration::test_get_page_text_from_real_pdf 
[gw3] [ 38%] PASSED tests/unit/test_import_mps.py::TestCLI::test_main_with_term_id 
tests/unit/test_pdf_processor.py::TestCLI::test_main_with_pdf_argument 
tests/unit/test_mp_data_scraper.py::TestMPDataScraper::test_initialization 
[gw3] [ 38%] PASSED tests/unit/test_mp_data_scraper.py::TestMPDataScraper::test_initialization 
tests/unit/test_mp_data_scraper.py::TestMPDataScraper::test_build_url 
[gw1] [ 38%] PASSED tests/unit/test_pdf_processor.py::TestCLI::test_main_with_pdf_argument 
tests/unit/test_pdf_processor.py::TestCLI::test_main_with_print_flag 
[gw3] [ 39%] PASSED tests/unit/test_mp_data_scraper.py::TestMPDataScraper::test_build_url 
tests/unit/test_mp_data_scraper.py::TestMPDataScraper::test_build_url_different_term 
[gw3] [ 39%] PASSED tests/unit/test_mp_data_scraper.py::TestMPDataScraper::test_build_url_different_term 
[gw1] [ 39%] PASSED tests/unit/test_pdf_processor.py::TestCLI::test_main_with_print_flag 
tests/unit/test_mp_data_scraper.py::TestMPDataScraper::test_extract_mp_data_elected 
tests/unit/test_period_extractor.py::TestExtractFromContent::test_extract_evening_from_content 
[gw3] [ 39%] PASSED tests/unit/test_mp_data_scraper.py::TestMPDataScraper::test_extract_mp_data_elected 
tests/unit/test_mp_data_scraper.py::TestMPDataScraper::test_extract_mp_data_nominated 
[gw1] [ 39%] PASSED tests/unit/test_period_extractor.py::TestExtractFromContent::test_extract_evening_from_content 
tests/unit/test_period_extractor.py::TestExtractFromContent::test_extract_case_insensitive_content 
[gw3] [ 39%] PASSED tests/unit/test_mp_data_scraper.py::TestMPDataScraper::test_extract_mp_data_nominated 
tests/unit/test_mp_data_scraper.py::TestMPDataScraper::test_extract_mp_data_removes_hon_prefix 
[gw1] [ 39%] PASSED tests/unit/test_period_extractor.py::TestExtractFromContent::test_extract_case_insensitive_content 
tests/unit/test_period_extractor.py::TestExtractFromContent::test_extract_no_keywords_in_content 
[gw3] [ 39%] PASSED tests/unit/test_mp_data_scraper.py::TestMPDataScraper::test_extract_mp_data_removes_hon_prefix 
tests/unit/test_mp_data_scraper.py::TestMPDataScraper::test_extract_mp_data_invalid_row 
[gw1] [ 40%] PASSED tests/unit/test_period_extractor.py::TestExtractFromContent::test_extract_no_keywords_in_content 
[gw3] [ 40%] PASSED tests/unit/test_mp_data_scraper.py::TestMPDataScraper::test_extract_mp_data_invalid_row 
[gw0] [ 40%] PASSED tests/unit/test_parties.py::TestPartiesListingRoute::test_parties_route_exists 
tests/unit/test_period_extractor.py::TestExtractFromContent::test_extract_file_not_found 
tests/unit/test_mp_data_scraper.py::TestMPDataScraper::test_extract_mp_data_empty_name 
tests/unit/test_parties.py::TestPartiesListingRoute::test_parties_returns_html 
[gw1] [ 40%] PASSED tests/unit/test_period_extractor.py::TestExtractFromContent::test_extract_file_not_found 
[gw3] [ 40%] PASSED tests/unit/test_mp_data_scraper.py::TestMPDataScraper::test_extract_mp_data_empty_name 
tests/unit/test_period_extractor.py::TestExtractFromContent::test_extract_no_pages 
tests/unit/test_mp_data_scraper.py::TestMPDataScraper::test_has_next_page_true 
[gw1] [ 40%] PASSED tests/unit/test_period_extractor.py::TestExtractFromContent::test_extract_no_pages 
tests/unit/test_period_extractor.py::TestExtractFromContent::test_extract_empty_first_page 
[gw3] [ 40%] PASSED tests/unit/test_mp_data_scraper.py::TestMPDataScraper::test_has_next_page_true 
tests/unit/test_mp_data_scraper.py::TestMPDataScraper::test_has_next_page_false 
[gw1] [ 40%] PASSED tests/unit/test_period_extractor.py::TestExtractFromContent::test_extract_empty_first_page 
[gw3] [ 40%] PASSED tests/unit/test_mp_data_scraper.py::TestMPDataScraper::test_has_next_page_false 
tests/unit/test_period_extractor.py::TestExtractFromContent::test_extract_pdf_error 
tests/unit/test_mp_data_scraper.py::TestMPDataScraper::test_has_next_page_no_pager 
[gw0] [ 41%] PASSED tests/unit/test_parties.py::TestPartiesListingRoute::test_parties_returns_html 
[gw3] [ 41%] PASSED tests/unit/test_mp_data_scraper.py::TestMPDataScraper::test_has_next_page_no_pager 
tests/unit/test_mp_data_scraper.py::TestMPDataScraper::test_scrape_page_success 
tests/unit/test_parties.py::TestPartiesListingRoute::test_parties_has_content 
[gw1] [ 41%] PASSED tests/unit/test_period_extractor.py::TestExtractFromContent::test_extract_pdf_error 
tests/unit/test_period_extractor.py::TestExtractWithFallback::test_extract_from_title_first 
[gw1] [ 41%] PASSED tests/unit/test_period_extractor.py::TestExtractWithFallback::test_extract_from_title_first 
tests/unit/test_period_extractor.py::TestExtractWithFallback::test_extract_fallback_to_content 
[gw3] [ 41%] PASSED tests/unit/test_mp_data_scraper.py::TestMPDataScraper::test_scrape_page_success 
tests/unit/test_mp_data_scraper.py::TestMPDataScraper::test_scrape_page_no_table 
[gw1] [ 41%] PASSED tests/unit/test_period_extractor.py::TestExtractWithFallback::test_extract_fallback_to_content 
[gw3] [ 41%] PASSED tests/unit/test_mp_data_scraper.py::TestMPDataScraper::test_scrape_page_no_table 
tests/unit/test_period_extractor.py::TestExtractWithFallback::test_extract_default_to_p 
tests/unit/test_mp_data_scraper.py::TestMPDataScraper::test_scrape_page_fetch_fails 
[gw3] [ 41%] PASSED tests/unit/test_mp_data_scraper.py::TestMPDataScraper::test_scrape_page_fetch_fails 
[gw1] [ 42%] PASSED tests/unit/test_period_extractor.py::TestExtractWithFallback::test_extract_default_to_p 
tests/unit/test_period_extractor.py::TestExtractWithFallback::test_extract_file_not_found_defaults_to_p 
tests/unit/test_period_extractor.py::TestExtractWithFallback::test_extract_no_title_provided 
[gw0] [ 42%] PASSED tests/unit/test_parties.py::TestPartiesListingRoute::test_parties_has_content 
[gw3] [ 42%] PASSED tests/unit/test_period_extractor.py::TestExtractWithFallback::test_extract_file_not_found_defaults_to_p 
[gw1] [ 42%] PASSED tests/unit/test_period_extractor.py::TestExtractWithFallback::test_extract_no_title_provided 
tests/unit/test_period_extractor.py::TestKeywordsMapping::test_keywords_structure 
tests/unit/test_period_extractor.py::TestExtractWithFallback::test_extract_empty_title 
tests/unit/test_parties.py::TestPartiesListingContent::test_shows_page_title 
[gw3] [ 42%] PASSED tests/unit/test_period_extractor.py::TestKeywordsMapping::test_keywords_structure 
[gw1] [ 42%] PASSED tests/unit/test_period_extractor.py::TestExtractWithFallback::test_extract_empty_title 
tests/unit/test_period_extractor.py::TestKeywordsMapping::test_keywords_content 
[gw2] [ 42%] PASSED tests/unit/test_mp_name_parsing_property.py::TestMPNameParsingProperty::test_case_insensitive_honorific_property 
tests/unit/test_search.py::TestSearchIndex::test_search_index_keywords 
tests/unit/test_mp_name_parsing_property.py::TestMPNameParsingProperty::test_parsing_never_crashes 
[gw3] [ 42%] PASSED tests/unit/test_period_extractor.py::TestKeywordsMapping::test_keywords_content 
tests/unit/test_period_extractor.py::TestKeywordsMapping::test_all_keywords_lowercase 
[gw2] [ 43%] PASSED tests/unit/test_mp_name_parsing_property.py::TestMPNameParsingProperty::test_parsing_never_crashes 
[gw3] [ 43%] PASSED tests/unit/test_period_extractor.py::TestKeywordsMapping::test_all_keywords_lowercase 
tests/unit/test_mp_profile.py::TestMPProfileRoute::test_mp_profile_route_exists 
tests/unit/test_period_extractor.py::TestEdgeCases::test_multiple_keywords_in_content 
[gw3] [ 43%] PASSED tests/unit/test_period_extractor.py::TestEdgeCases::test_multiple_keywords_in_content 
tests/unit/test_period_extractor.py::TestEdgeCases::test_keyword_in_different_context 
[gw3] [ 43%] PASSED tests/unit/test_period_extractor.py::TestEdgeCases::test_keyword_in_different_context 
[gw0] [ 43%] PASSED tests/unit/test_parties.py::TestPartiesListingContent::test_shows_page_title 
tests/unit/test_period_extractor.py::TestEdgeCases::test_whitespace_handling 
tests/unit/test_parties.py::TestPartiesListingContent::test_shows_party_cards 
[gw3] [ 43%] PASSED tests/unit/test_period_extractor.py::TestEdgeCases::test_whitespace_handling 
tests/unit/test_period_extractor.py::TestEdgeCases::test_special_characters_in_title 
[gw3] [ 43%] PASSED tests/unit/test_period_extractor.py::TestEdgeCases::test_special_characters_in_title 
[gw1] [ 43%] PASSED tests/unit/test_search.py::TestSearchIndex::test_search_index_keywords 
tests/unit/test_period_extractor.py::TestEdgeCases::test_unicode_content 
tests/unit/test_search.py::TestSearchIndex::test_search_index_historical_terms 
[gw3] [ 44%] PASSED tests/unit/test_period_extractor.py::TestEdgeCases::test_unicode_content 
tests/unit/test_period_extractor.py::TestPeriodExtractionProperties::test_no_keywords_returns_none_property 
[gw0] [ 44%] PASSED tests/unit/test_parties.py::TestPartiesListingContent::test_shows_party_cards 
tests/unit/test_parties.py::TestPartiesListingContent::test_shows_mp_counts 
[gw1] [ 44%] PASSED tests/unit/test_search.py::TestSearchIndex::test_search_index_historical_terms 
tests/unit/test_search.py::TestSearchUI::test_homepage_has_search_input 
[gw0] [ 44%] PASSED tests/unit/test_parties.py::TestPartiesListingContent::test_shows_mp_counts 
tests/unit/test_parties.py::TestPartyDetailTemplate::test_template_file_exists 
[gw0] [ 44%] PASSED tests/unit/test_parties.py::TestPartyDetailTemplate::test_template_file_exists 
tests/unit/test_parties.py::TestPartyDetailTemplate::test_template_extends_base 
[gw0] [ 44%] PASSED tests/unit/test_parties.py::TestPartyDetailTemplate::test_template_extends_base 
[gw1] [ 44%] PASSED tests/unit/test_search.py::TestSearchUI::test_homepage_has_search_input 
tests/unit/test_period_extractor.py::TestExtractFromTitle::test_period_extraction_from_title[Hansard Report - Afternoon Session-A] 
tests/unit/test_search.py::TestSearchUI::test_homepage_has_search_results_container 
[gw0] [ 44%] PASSED tests/unit/test_period_extractor.py::TestExtractFromTitle::test_period_extraction_from_title[Hansard Report - Afternoon Session-A] 
tests/unit/test_period_extractor.py::TestExtractFromTitle::test_period_extraction_from_title[Morning Plenary Session-P] 
[gw1] [ 45%] PASSED tests/unit/test_search.py::TestSearchUI::test_homepage_has_search_results_container 
tests/unit/test_search.py::TestSearchUI::test_homepage_loads_fusejs 
[gw0] [ 45%] PASSED tests/unit/test_period_extractor.py::TestExtractFromTitle::test_period_extraction_from_title[Morning Plenary Session-P] 
tests/unit/test_period_extractor.py::TestExtractFromTitle::test_period_extraction_from_title[Plenary Session Report-P] 
[gw0] [ 45%] PASSED tests/unit/test_period_extractor.py::TestExtractFromTitle::test_period_extraction_from_title[Plenary Session Report-P] 
tests/unit/test_period_extractor.py::TestExtractFromTitle::test_period_extraction_from_title[Evening Session - Hansard-E] 
[gw1] [ 45%] PASSED tests/unit/test_search.py::TestSearchUI::test_homepage_loads_fusejs 
tests/unit/test_search.py::TestSearchUI::test_homepage_loads_search_js 
[gw0] [ 45%] PASSED tests/unit/test_period_extractor.py::TestExtractFromTitle::test_period_extraction_from_title[Evening Session - Hansard-E] 
tests/unit/test_period_extractor.py::TestExtractFromTitle::test_extract_case_insensitive 
[gw0] [ 45%] PASSED tests/unit/test_period_extractor.py::TestExtractFromTitle::test_extract_case_insensitive 
[gw1] [ 45%] PASSED tests/unit/test_search.py::TestSearchUI::test_homepage_loads_search_js 
tests/unit/test_period_extractor.py::TestExtractFromTitle::test_extract_first_match_when_multiple_keywords 
tests/unit/test_search.py::TestSearchUI::test_search_js_file_exists 
[gw0] [ 45%] PASSED tests/unit/test_period_extractor.py::TestExtractFromTitle::test_extract_first_match_when_multiple_keywords 
tests/unit/test_period_extractor.py::TestExtractFromTitle::test_extract_no_keywords_found 
[gw1] [ 46%] PASSED tests/unit/test_search.py::TestSearchUI::test_search_js_file_exists 
tests/unit/test_search.py::TestSearchIndexEndpoint::test_search_index_accessible 
[gw0] [ 46%] PASSED tests/unit/test_period_extractor.py::TestExtractFromTitle::test_extract_no_keywords_found 
tests/unit/test_period_extractor.py::TestExtractFromTitle::test_extract_empty_title 
[gw0] [ 46%] PASSED tests/unit/test_period_extractor.py::TestExtractFromTitle::test_extract_empty_title 
tests/unit/test_period_extractor.py::TestExtractFromTitle::test_extract_keyword_as_substring 
[gw0] [ 46%] PASSED tests/unit/test_period_extractor.py::TestExtractFromTitle::test_extract_keyword_as_substring 
tests/unit/test_period_extractor.py::TestExtractFromContent::test_extract_afternoon_from_content 
[gw0] [ 46%] PASSED tests/unit/test_period_extractor.py::TestExtractFromContent::test_extract_afternoon_from_content 
tests/unit/test_period_extractor.py::TestExtractFromContent::test_extract_morning_from_content 
[gw0] [ 46%] PASSED tests/unit/test_period_extractor.py::TestExtractFromContent::test_extract_morning_from_content 
tests/unit/test_period_extractor.py::TestExtractFromContent::test_extract_plenary_from_content 
[gw1] [ 46%] PASSED tests/unit/test_search.py::TestSearchIndexEndpoint::test_search_index_accessible 
[gw0] [ 46%] PASSED tests/unit/test_period_extractor.py::TestExtractFromContent::test_extract_plenary_from_content 
tests/unit/test_site_generator.py::TestURLFor::test_static_endpoint_with_base_path 
tests/unit/test_search.py::TestSearchFunctionality::test_search_with_empty_query 
[gw0] [ 47%] PASSED tests/unit/test_site_generator.py::TestURLFor::test_static_endpoint_with_base_path 
[gw2] [ 47%] PASSED tests/unit/test_mp_profile.py::TestMPProfileRoute::test_mp_profile_route_exists 
tests/unit/test_site_generator.py::TestURLFor::test_index_endpoint_no_base_path 
[gw0] [ 47%] PASSED tests/unit/test_site_generator.py::TestURLFor::test_index_endpoint_no_base_path 
tests/unit/test_mp_profile.py::TestMPProfileRoute::test_mp_profile_not_found 
tests/unit/test_site_generator.py::TestURLFor::test_index_endpoint_with_base_path 
[gw0] [ 47%] PASSED tests/unit/test_site_generator.py::TestURLFor::test_index_endpoint_with_base_path 
tests/unit/test_site_generator.py::TestURLFor::test_mps_list_endpoint_with_base_path 
[gw0] [ 47%] PASSED tests/unit/test_site_generator.py::TestURLFor::test_mps_list_endpoint_with_base_path 
tests/unit/test_site_generator.py::TestURLFor::test_mp_profile_endpoint_with_base_path 
[gw0] [ 47%] PASSED tests/unit/test_site_generator.py::TestURLFor::test_mp_profile_endpoint_with_base_path 
tests/unit/test_site_generator.py::TestURLFor::test_parties_endpoint_with_base_path 
[gw0] [ 47%] PASSED tests/unit/test_site_generator.py::TestURLFor::test_parties_endpoint_with_base_path 
tests/unit/test_site_generator.py::TestURLFor::test_party_detail_endpoint_with_base_path 
[gw0] [ 47%] PASSED tests/unit/test_site_generator.py::TestURLFor::test_party_detail_endpoint_with_base_path 
tests/unit/test_site_generator.py::TestURLFor::test_base_path_trailing_slash_removed 
[gw1] [ 48%] PASSED tests/unit/test_search.py::TestSearchFunctionality::test_search_with_empty_query 
[gw0] [ 48%] PASSED tests/unit/test_site_generator.py::TestURLFor::test_base_path_trailing_slash_removed 
[gw2] [ 48%] PASSED tests/unit/test_mp_profile.py::TestMPProfileRoute::test_mp_profile_not_found 
tests/unit/test_site_generator.py::TestLogoFilename::test_simple_party_name 
tests/unit/test_search.py::TestSearchFunctionality::test_search_by_name 
tests/unit/test_mp_profile.py::TestMPProfileRoute::test_mp_profile_contains_mp_name 
[gw0] [ 48%] PASSED tests/unit/test_site_generator.py::TestLogoFilename::test_simple_party_name 
tests/unit/test_site_generator.py::TestLogoFilename::test_party_with_spaces 
[gw0] [ 48%] PASSED tests/unit/test_site_generator.py::TestLogoFilename::test_party_with_spaces 
tests/unit/test_site_generator.py::TestLogoFilename::test_ford_k_special_case 
[gw0] [ 48%] PASSED tests/unit/test_site_generator.py::TestLogoFilename::test_ford_k_special_case 
tests/unit/test_site_generator.py::TestLogoFilename::test_independent_special_case 
[gw0] [ 48%] PASSED tests/unit/test_site_generator.py::TestLogoFilename::test_independent_special_case 
tests/unit/test_site_generator.py::TestSiteGeneration::test_generate_site_creates_output_dir 
[gw1] [ 48%] PASSED tests/unit/test_search.py::TestSearchFunctionality::test_search_by_name 
[gw2] [ 49%] PASSED tests/unit/test_mp_profile.py::TestMPProfileRoute::test_mp_profile_contains_mp_name 
tests/unit/test_search.py::TestSearchFunctionality::test_search_by_constituency 
tests/unit/test_mp_profile.py::TestMPProfileTemplate::test_template_file_exists 
[gw2] [ 49%] PASSED tests/unit/test_mp_profile.py::TestMPProfileTemplate::test_template_file_exists 
tests/unit/test_mp_profile.py::TestMPProfileTemplate::test_template_extends_base 
[gw2] [ 49%] PASSED tests/unit/test_mp_profile.py::TestMPProfileTemplate::test_template_extends_base 
tests/unit/test_mp_profile.py::TestMPProfileTemplate::test_template_has_title_block 
[gw3] [ 49%] PASSED tests/unit/test_period_extractor.py::TestPeriodExtractionProperties::test_no_keywords_returns_none_property 
[gw2] [ 49%] PASSED tests/unit/test_mp_profile.py::TestMPProfileTemplate::test_template_has_title_block 
tests/unit/test_search.py::TestSearchIndex::test_search_index_structure 
tests/unit/test_mp_profile.py::TestMPProfileTemplate::test_template_has_content_block 
[gw2] [ 49%] PASSED tests/unit/test_mp_profile.py::TestMPProfileTemplate::test_template_has_content_block 
tests/unit/test_mp_profile.py::TestMPProfileContent::test_profile_displays_mp_info 
[gw1] [ 49%] PASSED tests/unit/test_search.py::TestSearchFunctionality::test_search_by_constituency 
tests/unit/test_search_index_generator.py::test_generate_search_index_mp_data 
[gw3] [ 49%] PASSED tests/unit/test_search.py::TestSearchIndex::test_search_index_structure 
[gw2] [ 50%] PASSED tests/unit/test_mp_profile.py::TestMPProfileContent::test_profile_displays_mp_info 
tests/unit/test_search.py::TestSearchIndex::test_search_index_current_term 
tests/unit/test_mp_profile.py::TestMPProfileContent::test_profile_displays_performance_metrics 
[gw1] [ 50%] PASSED tests/unit/test_search_index_generator.py::test_generate_search_index_mp_data 
tests/unit/test_search_index_generator.py::test_generate_search_index_current_term_data 
[gw2] [ 50%] PASSED tests/unit/test_mp_profile.py::TestMPProfileContent::test_profile_displays_performance_metrics 
tests/unit/test_mp_profile.py::TestMPProfileContent::test_profile_has_statements_section 
[gw3] [ 50%] PASSED tests/unit/test_search.py::TestSearchIndex::test_search_index_current_term 
tests/unit/test_search.py::TestSearchFunctionality::test_search_by_party 
[gw1] [ 50%] PASSED tests/unit/test_search_index_generator.py::test_generate_search_index_current_term_data 
tests/unit/test_search_index_generator.py::test_generate_search_index_historical_terms 
[gw2] [ 50%] PASSED tests/unit/test_mp_profile.py::TestMPProfileContent::test_profile_has_statements_section 
tests/unit/test_mp_profile.py::TestMPProfileResponsive::test_template_has_responsive_classes 
[gw2] [ 50%] PASSED tests/unit/test_mp_profile.py::TestMPProfileResponsive::test_template_has_responsive_classes 
[gw3] [ 50%] PASSED tests/unit/test_search.py::TestSearchFunctionality::test_search_by_party 
tests/unit/test_site_generator.py::TestSiteGeneration::test_generate_site_creates_nojekyll 
tests/unit/test_search.py::TestSearchPerformance::test_search_index_size 
[gw1] [ 51%] PASSED tests/unit/test_search_index_generator.py::test_generate_search_index_historical_terms 
tests/unit/test_search_index_generator.py::test_generate_search_index_keywords 
[gw3] [ 51%] PASSED tests/unit/test_search.py::TestSearchPerformance::test_search_index_size 
tests/unit/test_search.py::TestSearchPerformance::test_search_index_json_valid 
[gw1] [ 51%] PASSED tests/unit/test_search_index_generator.py::test_generate_search_index_keywords 
tests/unit/test_search_index_generator.py::test_generate_search_index_sorted_by_name 
[...]
INFO     hansard_tales.storage.filesystem:filesystem.py:196 File operation: MOVE src=Ż.pdf, dest=ż.pdf
INFO     hansard_tales.storage.filesystem:filesystem.py:121 File operation: WRITE path=Ż.pdf, size=1 bytes
INFO     hansard_tales.storage.filesystem:filesystem.py:196 File operation: MOVE src=Ż.pdf, dest=ż.pdf
INFO     hansard_tales.storage.filesystem:filesystem.py:121 File operation: WRITE path=Ż.pdf, size=2 bytes
INFO     hansard_tales.storage.filesystem:filesystem.py:196 File operation: MOVE src=Ż.pdf, dest=ż.pdf
INFO     hansard_tales.storage.filesystem:filesystem.py:121 File operation: WRITE path=Ż.pdf, size=3 bytes
INFO     hansard_tales.storage.filesystem:filesystem.py:196 File operation: MOVE src=Ż.pdf, dest=ż.pdf
INFO     hansard_tales.storage.filesystem:filesystem.py:121 File operation: WRITE path=Ż.pdf, size=9 bytes
INFO     hansard_tales.storage.filesystem:filesystem.py:196 File operation: MOVE src=Ż.pdf, dest=ż.pdf
INFO     hansard_tales.storage.filesystem:filesystem.py:121 File operation: WRITE path=Ż.pdf, size=7 bytes
INFO     hansard_tales.storage.filesystem:filesystem.py:196 File operation: MOVE src=Ż.pdf, dest=ż.pdf
INFO     hansard_tales.storage.filesystem:filesystem.py:121 File operation: WRITE path=Ż.pdf, size=7 bytes
INFO     hansard_tales.storage.filesystem:filesystem.py:196 File operation: MOVE src=Ż.pdf, dest=ż.pdf
INFO     hansard_tales.storage.filesystem:filesystem.py:121 File operation: WRITE path=Ż.pdf, size=1 bytes
INFO     hansard_tales.storage.filesystem:filesystem.py:196 File operation: MOVE src=Ż.pdf, dest=ż.pdf
INFO     hansard_tales.storage.filesystem:filesystem.py:121 File operation: WRITE path=Ż.pdf, size=1 bytes
INFO     hansard_tales.storage.filesystem:filesystem.py:196 File operation: MOVE src=Ż.pdf, dest=ż.pdf
INFO     hansard_tales.storage.filesystem:filesystem.py:121 File operation: WRITE path=Ż.pdf, size=3 bytes
INFO     hansard_tales.storage.filesystem:filesystem.py:196 File operation: MOVE src=Ż.pdf, dest=ż.pdf
INFO     hansard_tales.storage.filesystem:filesystem.py:121 File operation: WRITE path=Ż.pdf, size=1 bytes
INFO     hansard_tales.storage.filesystem:filesystem.py:196 File operation: MOVE src=Ż.pdf, dest=ż.pdf
INFO     hansard_tales.storage.filesystem:filesystem.py:121 File operation: WRITE path=Ż.pdf, size=6 bytes
INFO     hansard_tales.storage.filesystem:filesystem.py:196 File operation: MOVE src=Ż.pdf, dest=ż.pdf
INFO     hansard_tales.storage.filesystem:filesystem.py:121 File operation: WRITE path=Ż.pdf, size=2 bytes
INFO     hansard_tales.storage.filesystem:filesystem.py:196 File operation: MOVE src=Ż.pdf, dest=ż.pdf
INFO     hansard_tales.storage.filesystem:filesystem.py:121 File operation: WRITE path=Ż.pdf, size=3 bytes
INFO     hansard_tales.storage.filesystem:filesystem.py:196 File operation: MOVE src=Ż.pdf, dest=ż.pdf
INFO     hansard_tales.storage.filesystem:filesystem.py:121 File operation: WRITE path=Ż.pdf, size=1 bytes
INFO     hansard_tales.storage.filesystem:filesystem.py:196 File operation: MOVE src=Ż.pdf, dest=ż.pdf
INFO     hansard_tales.storage.filesystem:filesystem.py:121 File operation: WRITE path=Ż.pdf, size=22 bytes
INFO     hansard_tales.storage.filesystem:filesystem.py:196 File operation: MOVE src=Ż.pdf, dest=ż.pdf
INFO     hansard_tales.storage.filesystem:filesystem.py:121 File operation: WRITE path=Ż.pdf, size=1 bytes
INFO     hansard_tales.storage.filesystem:filesystem.py:196 File operation: MOVE src=Ż.pdf, dest=ż.pdf
INFO     hansard_tales.storage.filesystem:filesystem.py:121 File operation: WRITE path=Ż.pdf, size=5 bytes
INFO     hansard_tales.storage.filesystem:filesystem.py:196 File operation: MOVE src=Ż.pdf, dest=ż.pdf
INFO     hansard_tales.storage.filesystem:filesystem.py:121 File operation: WRITE path=Ż.pdf, size=4 bytes
INFO     hansard_tales.storage.filesystem:filesystem.py:196 File operation: MOVE src=Ż.pdf, dest=ż.pdf
INFO     hansard_tales.storage.filesystem:filesystem.py:121 File operation: WRITE path=Ż.pdf, size=1 bytes
INFO     hansard_tales.storage.filesystem:filesystem.py:196 File operation: MOVE src=Ż.pdf, dest=ż.pdf
INFO     hansard_tales.storage.filesystem:filesystem.py:121 File operation: WRITE path=Ż.pdf, size=2 bytes
INFO     hansard_tales.storage.filesystem:filesystem.py:196 File operation: MOVE src=Ż.pdf, dest=ż.pdf
INFO     hansard_tales.storage.filesystem:filesystem.py:121 File operation: WRITE path=Ż.pdf, size=8 bytes
INFO     hansard_tales.storage.filesystem:filesystem.py:196 File operation: MOVE src=Ż.pdf, dest=ż.pdf
INFO     hansard_tales.storage.filesystem:filesystem.py:121 File operation: WRITE path=Ż.pdf, size=7 bytes
INFO     hansard_tales.storage.filesystem:filesystem.py:196 File operation: MOVE src=Ż.pdf, dest=ż.pdf
INFO     hansard_tales.storage.filesystem:filesystem.py:121 File operation: WRITE path=Ż.pdf, size=4 bytes
INFO     hansard_tales.storage.filesystem:filesystem.py:196 File operation: MOVE src=Ż.pdf, dest=ż.pdf
INFO     hansard_tales.storage.filesystem:filesystem.py:121 File operation: WRITE path=Ż.pdf, size=1 bytes
INFO     hansard_tales.storage.filesystem:filesystem.py:196 File operation: MOVE src=Ż.pdf, dest=ż.pdf
INFO     hansard_tales.storage.filesystem:filesystem.py:121 File operation: WRITE path=Ż.pdf, size=4 bytes
INFO     hansard_tales.storage.filesystem:filesystem.py:196 File operation: MOVE src=Ż.pdf, dest=ż.pdf
INFO     hansard_tales.storage.filesystem:filesystem.py:121 File operation: WRITE path=Ż.pdf, size=2 bytes
INFO     hansard_tales.storage.filesystem:filesystem.py:196 File operation: MOVE src=Ż.pdf, dest=ż.pdf
INFO     hansard_tales.storage.filesystem:filesystem.py:121 File operation: WRITE path=Ż.pdf, size=5 bytes
INFO     hansard_tales.storage.filesystem:filesystem.py:196 File operation: MOVE src=Ż.pdf, dest=ż.pdf
INFO     hansard_tales.storage.filesystem:filesystem.py:121 File operation: WRITE path=Ż.pdf, size=2 bytes
INFO     hansard_tales.storage.filesystem:filesystem.py:196 File operation: MOVE src=Ż.pdf, dest=ż.pdf
INFO     hansard_tales.storage.filesystem:filesystem.py:121 File operation: WRITE path=Ż.pdf, size=4 bytes
INFO     hansard_tales.storage.filesystem:filesystem.py:196 File operation: MOVE src=Ż.pdf, dest=ż.pdf
INFO     hansard_tales.storage.filesystem:filesystem.py:121 File operation: WRITE path=Ż.pdf, size=1 bytes
INFO     hansard_tales.storage.filesystem:filesystem.py:196 File operation: MOVE src=Ż.pdf, dest=ż.pdf
INFO     hansard_tales.storage.filesystem:filesystem.py:121 File operation: WRITE path=Ż.pdf, size=16 bytes
INFO     hansard_tales.storage.filesystem:filesystem.py:196 File operation: MOVE src=Ż.pdf, dest=ż.pdf
INFO     hansard_tales.storage.filesystem:filesystem.py:121 File operation: WRITE path=Ż.pdf, size=5 bytes
INFO     hansard_tales.storage.filesystem:filesystem.py:196 File operation: MOVE src=Ż.pdf, dest=ż.pdf
INFO     hansard_tales.storage.filesystem:filesystem.py:121 File operation: WRITE path=Ż.pdf, size=8 bytes
INFO     hansard_tales.storage.filesystem:filesystem.py:196 File operation: MOVE src=Ż.pdf, dest=ż.pdf
INFO     hansard_tales.storage.filesystem:filesystem.py:121 File operation: WRITE path=Ż.pdf, size=2 bytes
INFO     hansard_tales.storage.filesystem:filesystem.py:196 File operation: MOVE src=Ż.pdf, dest=ż.pdf
INFO     hansard_tales.storage.filesystem:filesystem.py:121 File operation: WRITE path=Ż.pdf, size=3 bytes
INFO     hansard_tales.storage.filesystem:filesystem.py:196 File operation: MOVE src=Ż.pdf, dest=ż.pdf
INFO     hansard_tales.storage.filesystem:filesystem.py:121 File operation: WRITE path=Ż.pdf, size=1 bytes
INFO     hansard_tales.storage.filesystem:filesystem.py:196 File operation: MOVE src=Ż.pdf, dest=ż.pdf
INFO     hansard_tales.storage.filesystem:filesystem.py:121 File operation: WRITE path=Ż.pdf, size=1 bytes
INFO     hansard_tales.storage.filesystem:filesystem.py:196 File operation: MOVE src=Ż.pdf, dest=ż.pdf
INFO     hansard_tales.storage.filesystem:filesystem.py:121 File operation: WRITE path=Ż.pdf, size=18 bytes
INFO     hansard_tales.storage.filesystem:filesystem.py:196 File operation: MOVE src=Ż.pdf, dest=ż.pdf
INFO     hansard_tales.storage.filesystem:filesystem.py:121 File operation: WRITE path=Ż.pdf, size=3 bytes
INFO     hansard_tales.storage.filesystem:filesystem.py:196 File operation: MOVE src=Ż.pdf, dest=ż.pdf
INFO     hansard_tales.storage.filesystem:filesystem.py:121 File operation: WRITE path=Ż.pdf, size=12 bytes
INFO     hansard_tales.storage.filesystem:filesystem.py:196 File operation: MOVE src=Ż.pdf, dest=ż.pdf
INFO     hansard_tales.storage.filesystem:filesystem.py:121 File operation: WRITE path=Ż.pdf, size=6 bytes
INFO     hansard_tales.storage.filesystem:filesystem.py:196 File operation: MOVE src=Ż.pdf, dest=ż.pdf
INFO     hansard_tales.storage.filesystem:filesystem.py:121 File operation: WRITE path=Ż.pdf, size=1 bytes
INFO     hansard_tales.storage.filesystem:filesystem.py:196 File operation: MOVE src=Ż.pdf, dest=ż.pdf
INFO     hansard_tales.storage.filesystem:filesystem.py:121 File operation: WRITE path=Ż.pdf, size=1 bytes
INFO     hansard_tales.storage.filesystem:filesystem.py:196 File operation: MOVE src=Ż.pdf, dest=ż.pdf
INFO     hansard_tales.storage.filesystem:filesystem.py:121 File operation: WRITE path=Ż.pdf, size=2 bytes
INFO     hansard_tales.storage.filesystem:filesystem.py:196 File operation: MOVE src=Ż.pdf, dest=ż.pdf
INFO     hansard_tales.storage.filesystem:filesystem.py:121 File operation: WRITE path=Ż.pdf, size=5 bytes
INFO     hansard_tales.storage.filesystem:filesystem.py:196 File operation: MOVE src=Ż.pdf, dest=ż.pdf
INFO     hansard_tales.storage.filesystem:filesystem.py:121 File operation: WRITE path=Ż.pdf, size=10 bytes
INFO     hansard_tales.storage.filesystem:filesystem.py:196 File operation: MOVE src=Ż.pdf, dest=ż.pdf
INFO     hansard_tales.storage.filesystem:filesystem.py:121 File operation: WRITE path=Ż.pdf, size=1 bytes
INFO     hansard_tales.storage.filesystem:filesystem.py:196 File operation: MOVE src=Ż.pdf, dest=ż.pdf
INFO     hansard_tales.storage.filesystem:filesystem.py:121 File operation: WRITE path=Ż.pdf, size=4 bytes
INFO     hansard_tales.storage.filesystem:filesystem.py:196 File operation: MOVE src=Ż.pdf, dest=ż.pdf
INFO     hansard_tales.storage.filesystem:filesystem.py:121 File operation: WRITE path=Ż.pdf, size=7 bytes
INFO     hansard_tales.storage.filesystem:filesystem.py:196 File operation: MOVE src=Ż.pdf, dest=ż.pdf
INFO     hansard_tales.storage.filesystem:filesystem.py:121 File operation: WRITE path=Ż.pdf, size=1 bytes
INFO     hansard_tales.storage.filesystem:filesystem.py:196 File operation: MOVE src=Ż.pdf, dest=ż.pdf
INFO     hansard_tales.storage.filesystem:filesystem.py:121 File operation: WRITE path=Ż.pdf, size=2 bytes
INFO     hansard_tales.storage.filesystem:filesystem.py:196 File operation: MOVE src=Ż.pdf, dest=ż.pdf
INFO     hansard_tales.storage.filesystem:filesystem.py:121 File operation: WRITE path=Ż.pdf, size=6 bytes
INFO     hansard_tales.storage.filesystem:filesystem.py:196 File operation: MOVE src=Ż.pdf, dest=ż.pdf
INFO     hansard_tales.storage.filesystem:filesystem.py:121 File operation: WRITE path=Ż.pdf, size=11 bytes
INFO     hansard_tales.storage.filesystem:filesystem.py:196 File operation: MOVE src=Ż.pdf, dest=ż.pdf
INFO     hansard_tales.storage.filesystem:filesystem.py:121 File operation: WRITE path=Ż.pdf, size=15 bytes
INFO     hansard_tales.storage.filesystem:filesystem.py:196 File operation: MOVE src=Ż.pdf, dest=ż.pdf
INFO     hansard_tales.storage.filesystem:filesystem.py:121 File operation: WRITE path=Ż.pdf, size=5 bytes
INFO     hansard_tales.storage.filesystem:filesystem.py:196 File operation: MOVE src=Ż.pdf, dest=ż.pdf
INFO     hansard_tales.storage.filesystem:filesystem.py:121 File operation: WRITE path=Ż.pdf, size=6 bytes
INFO     hansard_tales.storage.filesystem:filesystem.py:196 File operation: MOVE src=Ż.pdf, dest=ż.pdf
INFO     hansard_tales.storage.filesystem:filesystem.py:121 File operation: WRITE path=Ż.pdf, size=6 bytes
INFO     hansard_tales.storage.filesystem:filesystem.py:196 File operation: MOVE src=Ż.pdf, dest=ż.pdf
INFO     hansard_tales.storage.filesystem:filesystem.py:121 File operation: WRITE path=Ż.pdf, size=3 bytes
INFO     hansard_tales.storage.filesystem:filesystem.py:196 File operation: MOVE src=Ż.pdf, dest=ż.pdf
INFO     hansard_tales.storage.filesystem:filesystem.py:121 File operation: WRITE path=Ż.pdf, size=10 bytes
INFO     hansard_tales.storage.filesystem:filesystem.py:196 File operation: MOVE src=Ż.pdf, dest=ż.pdf
INFO     hansard_tales.storage.filesystem:filesystem.py:121 File operation: WRITE path=Ż.pdf, size=9 bytes
INFO     hansard_tales.storage.filesystem:filesystem.py:196 File operation: MOVE src=Ż.pdf, dest=ż.pdf
INFO     hansard_tales.storage.filesystem:filesystem.py:121 File operation: WRITE path=Ż.pdf, size=4 bytes
INFO     hansard_tales.storage.filesystem:filesystem.py:196 File operation: MOVE src=Ż.pdf, dest=ż.pdf
INFO     hansard_tales.storage.filesystem:filesystem.py:121 File operation: WRITE path=Ż.pdf, size=1 bytes
INFO     hansard_tales.storage.filesystem:filesystem.py:196 File operation: MOVE src=Ż.pdf, dest=ż.pdf
INFO     hansard_tales.storage.filesystem:filesystem.py:121 File operation: WRITE path=Ż.pdf, size=9 bytes
INFO     hansard_tales.storage.filesystem:filesystem.py:196 File operation: MOVE src=Ż.pdf, dest=ż.pdf
INFO     hansard_tales.storage.filesystem:filesystem.py:121 File operation: WRITE path=Ż.pdf, size=5 bytes
INFO     hansard_tales.storage.filesystem:filesystem.py:196 File operation: MOVE src=Ż.pdf, dest=ż.pdf
INFO     hansard_tales.storage.filesystem:filesystem.py:121 File operation: WRITE path=Ż.pdf, size=2 bytes
INFO     hansard_tales.storage.filesystem:filesystem.py:196 File operation: MOVE src=Ż.pdf, dest=ż.pdf
INFO     hansard_tales.storage.filesystem:filesystem.py:121 File operation: WRITE path=Ż.pdf, size=6 bytes
INFO     hansard_tales.storage.filesystem:filesystem.py:196 File operation: MOVE src=Ż.pdf, dest=ż.pdf
INFO     hansard_tales.storage.filesystem:filesystem.py:121 File operation: WRITE path=Ż.pdf, size=4 bytes
INFO     hansard_tales.storage.filesystem:filesystem.py:196 File operation: MOVE src=Ż.pdf, dest=ż.pdf
INFO     hansard_tales.storage.filesystem:filesystem.py:121 File operation: WRITE path=Ż.pdf, size=4 bytes
INFO     hansard_tales.storage.filesystem:filesystem.py:196 File operation: MOVE src=Ż.pdf, dest=ż.pdf
INFO     hansard_tales.storage.filesystem:filesystem.py:121 File operation: WRITE path=Ż.pdf, size=3 bytes
INFO     hansard_tales.storage.filesystem:filesystem.py:196 File operation: MOVE src=Ż.pdf, dest=ż.pdf
INFO     hansard_tales.storage.filesystem:filesystem.py:121 File operation: WRITE path=Ż.pdf, size=21 bytes
INFO     hansard_tales.storage.filesystem:filesystem.py:196 File operation: MOVE src=Ż.pdf, dest=ż.pdf
INFO     hansard_tales.storage.filesystem:filesystem.py:121 File operation: WRITE path=Ż.pdf, size=2 bytes
INFO     hansard_tales.storage.filesystem:filesystem.py:196 File operation: MOVE src=Ż.pdf, dest=ż.pdf
INFO     hansard_tales.storage.filesystem:filesystem.py:121 File operation: WRITE path=Ż.pdf, size=19 bytes
INFO     hansard_tales.storage.filesystem:filesystem.py:196 File operation: MOVE src=Ż.pdf, dest=ż.pdf
INFO     hansard_tales.storage.filesystem:filesystem.py:121 File operation: WRITE path=Ż.pdf, size=4 bytes
INFO     hansard_tales.storage.filesystem:filesystem.py:196 File operation: MOVE src=Ż.pdf, dest=ż.pdf
INFO     hansard_tales.storage.filesystem:filesystem.py:121 File operation: WRITE path=Ż.pdf, size=1 bytes
INFO     hansard_tales.storage.filesystem:filesystem.py:196 File operation: MOVE src=Ż.pdf, dest=ż.pdf

--------- coverage: platform darwin, python 3.12.12-final-0 ----------
Name                                             Stmts   Miss  Cover   Missing
------------------------------------------------------------------------------
hansard_tales/__init__.py                            2      0   100%
hansard_tales/database/__init__.py                   3      0   100%
hansard_tales/database/db_manager.py                53      4    92%   160-163
hansard_tales/database/db_updater.py               185     11    94%   122-123, 324-325, 350, 372-373, 385-386, 416, 436
hansard_tales/database/import_mps.py               145     12    92%   213, 252-254, 339-340, 344-346, 400-402
hansard_tales/database/init_db.py                   88     17    81%   243-244, 257-258, 290-291, 297-302, 325-327, 331-332
hansard_tales/database/init_parliament_data.py      75      8    89%   173-174, 180-185
hansard_tales/process_historical_data.py           529     56    89%   45-48, 53-56, 258-261, 268-269, 343-344, 353, 355, 392-395, 454-457, 537-540, 619-628, 651-659, 684-685, 828, 866, 890, 894, 1027, 1034-1041
hansard_tales/processors/__init__.py                 5      0   100%
hansard_tales/processors/bill_extractor.py         165      3    98%   172, 208, 240
hansard_tales/processors/mp_identifier.py          164     13    92%   83, 120-135, 235-236
hansard_tales/processors/pdf_processor.py          139     17    88%   122-128, 201-203, 220, 325, 335-344
hansard_tales/processors/period_extractor.py        55      0   100%
hansard_tales/scrapers/__init__.py                   3      0   100%
hansard_tales/scrapers/hansard_scraper.py          364     65    82%   35-38, 120, 185, 242-243, 255-258, 287, 676-679, 725-726, 773-774, 835-838, 845-936
hansard_tales/scrapers/mp_data_scraper.py          157     26    83%   98-100, 156-158, 223-246, 341-345
hansard_tales/search_index_generator.py             60      8    87%   82, 87, 195-211
hansard_tales/site_generator.py                    165     14    92%   59, 95, 100, 246-247, 263, 411, 476-486
hansard_tales/storage/__init__.py                    4      0   100%
hansard_tales/storage/base.py                       24      7    71%   38, 58, 78, 98, 115, 136, 153
hansard_tales/storage/config.py                     15      0   100%
hansard_tales/storage/filesystem.py                 57      1    98%   216
hansard_tales/utils/__init__.py                      0      0   100%
hansard_tales/utils/filename_generator.py           44      0   100%
hansard_tales/workflow/__init__.py                   2      0   100%
hansard_tales/workflow/orchestrator.py             192     36    81%   145-146, 283-284, 317, 383, 451-452, 508-572
------------------------------------------------------------------------------
TOTAL                                             2695    298    89%
Coverage HTML written to dir htmlcov

============================= slowest 10 durations =============================
3.89s call     tests/unit/test_mp_data_scraper.py::TestMPDataScraperIntegration::test_fetch_page_real
3.65s call     tests/unit/test_mp_data_scraper.py::TestMPDataScraperIntegration::test_scrape_page_real
3.02s call     tests/integration/test_mocked_parliament_http_integration.py::test_multiple_scrapers_use_same_mock
3.01s call     tests/unit/test_hansard_scraper.py::TestErrorHandling::test_fetch_page_with_network_error
3.01s call     tests/unit/test_hansard_scraper.py::TestDownloadLogic::test_download_failure_cleanup
3.01s call     tests/unit/test_hansard_scraper.py::TestRetryLogic::test_download_retries_on_network_error
3.01s call     tests/unit/test_hansard_scraper.py::TestDownloadEdgeCases::test_download_pdf_with_timeout
3.01s call     tests/unit/test_hansard_scraper.py::TestDownloadEdgeCases::test_download_pdf_with_http_error
3.00s call     tests/unit/test_hansard_scraper.py::TestRetryLogic::test_download_fails_after_max_retries
2.91s call     tests/unit/test_session_linking_property.py::TestSessionLinkingProperty::test_session_linking_updates_database
=========================== short test summary info ============================
FAILED tests/unit/test_storage_abstraction.py::TestStorageInterface::test_property_move_preserves_content
============ 1 failed, 797 passed, 7 skipped, 21 warnings in 14.31s ============
