============================= test session starts ==============================
platform darwin -- Python 3.12.12, pytest-8.0.0, pluggy-1.6.0 -- /Users/oanyango/hansard-tales/venv/bin/python
cachedir: .pytest_cache
hypothesis profile 'default'
rootdir: /Users/oanyango/hansard-tales
configfile: pytest.ini
testpaths: tests/unit, tests/integration, tests/end_to_end, tests/contract, tests/scraper, tests/fixtures, tests
plugins: hypothesis-6.150.2, xdist-3.8.0, timeout-2.4.0, cov-4.1.0, mock-3.12.0
timeout: 5.0s
timeout method: signal
timeout func_only: False
created: 8/8 workers
8 workers [805 items]

scheduling tests via LoadScheduling

tests/unit/test_bill_extractor.py::TestBillExtractor::test_extractor_initialization 
tests/unit/test_bill_extractor.py::TestStatistics::test_statistics_with_bills 
tests/unit/test_db_updater.py::TestProcessHansardPDF::test_process_hansard_pdf_skip_duplicate 
tests/unit/test_hansard_scraper.py::TestErrorHandling::test_fetch_page_with_network_error 
tests/unit/test_hansard_scraper.py::TestPaginationEdgeCases::test_scrape_all_stops_when_all_dates_after_end_date_without_adding 
tests/unit/test_hansard_scraper.py::TestDateParsing::test_extract_date_formats[1st January 2025-2025-01-01] 
tests/unit/test_homepage.py::TestHomepageSearch::test_search_has_javascript 
tests/unit/test_filename_generator.py::TestParse::test_parse_wrong_prefix 
[gw0] [  0%] PASSED tests/unit/test_bill_extractor.py::TestBillExtractor::test_extractor_initialization 
[gw1] [  0%] PASSED tests/unit/test_bill_extractor.py::TestStatistics::test_statistics_with_bills 
tests/unit/test_bill_extractor.py::TestBillExtractor::test_patterns_compiled 
tests/unit/test_bill_extractor.py::TestCLI::test_main_with_text_file 
[gw7] [  0%] PASSED tests/unit/test_homepage.py::TestHomepageSearch::test_search_has_javascript 
[gw3] [  0%] PASSED tests/unit/test_filename_generator.py::TestParse::test_parse_wrong_prefix 
[gw0] [  0%] PASSED tests/unit/test_bill_extractor.py::TestBillExtractor::test_patterns_compiled 
tests/unit/test_homepage.py::TestHomepageParliamentInfo::test_shows_current_parliament_term 
tests/unit/test_filename_generator.py::TestParse::test_parse_wrong_date_format 
tests/unit/test_bill_extractor.py::TestBillNormalization::test_normalize_simple_number 
[gw3] [  0%] PASSED tests/unit/test_filename_generator.py::TestParse::test_parse_wrong_date_format 
[gw0] [  0%] PASSED tests/unit/test_bill_extractor.py::TestBillNormalization::test_normalize_simple_number 
tests/unit/test_filename_generator.py::TestParse::test_parse_invalid_period 
[gw7] [  0%] PASSED tests/unit/test_homepage.py::TestHomepageParliamentInfo::test_shows_current_parliament_term 
tests/unit/test_bill_extractor.py::TestBillNormalization::test_normalize_with_year 
tests/unit/test_homepage.py::TestHomepageParliamentInfo::test_shows_parliament_dates 
[gw3] [  1%] PASSED tests/unit/test_filename_generator.py::TestParse::test_parse_invalid_period 
[gw6] [  1%] PASSED tests/unit/test_hansard_scraper.py::TestPaginationEdgeCases::test_scrape_all_stops_when_all_dates_after_end_date_without_adding 
[gw0] [  1%] PASSED tests/unit/test_bill_extractor.py::TestBillNormalization::test_normalize_with_year 
tests/unit/test_bill_extractor.py::TestBillNormalization::test_normalize_leading_zeros 
tests/unit/test_filename_generator.py::TestParse::test_parse_missing_extension 
[gw7] [  1%] PASSED tests/unit/test_homepage.py::TestHomepageParliamentInfo::test_shows_parliament_dates 
tests/unit/test_hansard_scraper.py::TestDownloadEdgeCases::test_download_pdf_with_http_error 
tests/unit/test_homepage.py::TestHomepageParliamentInfo::test_shows_total_mps 
[gw3] [  1%] PASSED tests/unit/test_filename_generator.py::TestParse::test_parse_missing_extension 
tests/unit/test_filename_generator.py::TestParse::test_parse_wrong_extension 
[gw0] [  1%] PASSED tests/unit/test_bill_extractor.py::TestBillNormalization::test_normalize_leading_zeros 
tests/unit/test_bill_extractor.py::TestBillNormalization::test_normalize_zero 
[gw7] [  1%] PASSED tests/unit/test_homepage.py::TestHomepageParliamentInfo::test_shows_total_mps 
[gw1] [  1%] PASSED tests/unit/test_bill_extractor.py::TestCLI::test_main_with_text_file 
[gw3] [  2%] PASSED tests/unit/test_filename_generator.py::TestParse::test_parse_wrong_extension 
[gw0] [  2%] PASSED tests/unit/test_bill_extractor.py::TestBillNormalization::test_normalize_zero 
tests/unit/test_homepage.py::TestHomepageParliamentInfo::test_shows_what_we_track 
tests/unit/test_filename_generator.py::TestParse::test_parse_extra_underscores 
tests/unit/test_bill_extractor.py::TestCLI::test_main_with_json_file 
[gw3] [  2%] PASSED tests/unit/test_filename_generator.py::TestParse::test_parse_extra_underscores 
tests/unit/test_bill_extractor.py::TestBillPatternMatching::test_extract_bill_no_format 
[gw7] [  2%] PASSED tests/unit/test_homepage.py::TestHomepageParliamentInfo::test_shows_what_we_track 
tests/unit/test_filename_generator.py::TestParse::test_parse_preserves_leading_zeros 
tests/unit/test_homepage.py::TestHomepageLinks::test_has_browse_all_mps_link 
[gw0] [  2%] PASSED tests/unit/test_bill_extractor.py::TestBillPatternMatching::test_extract_bill_no_format 
tests/unit/test_bill_extractor.py::TestBillPatternMatching::test_extract_bill_year_slash_format 
[gw3] [  2%] PASSED tests/unit/test_filename_generator.py::TestParse::test_parse_preserves_leading_zeros 
tests/unit/test_filename_generator.py::TestRoundTrip::test_roundtrip_basic 
[gw0] [  2%] PASSED tests/unit/test_bill_extractor.py::TestBillPatternMatching::test_extract_bill_year_slash_format 
[gw7] [  2%] PASSED tests/unit/test_homepage.py::TestHomepageLinks::test_has_browse_all_mps_link 
[gw1] [  3%] PASSED tests/unit/test_bill_extractor.py::TestCLI::test_main_with_json_file 
tests/unit/test_bill_extractor.py::TestBillPatternMatching::test_extract_bill_year_dash_format 
tests/unit/test_homepage.py::TestHomepageLinks::test_has_parties_link 
tests/unit/test_bill_extractor.py::TestCLI::test_main_with_output_file 
[gw3] [  3%] PASSED tests/unit/test_filename_generator.py::TestRoundTrip::test_roundtrip_basic 
tests/unit/test_filename_generator.py::TestRoundTrip::test_roundtrip_with_suffix 
[gw7] [  3%] PASSED tests/unit/test_homepage.py::TestHomepageLinks::test_has_parties_link 
[gw0] [  3%] PASSED tests/unit/test_bill_extractor.py::TestBillPatternMatching::test_extract_bill_year_dash_format 
tests/unit/test_bill_extractor.py::TestBillPatternMatching::test_extract_named_bill_with_year 
tests/unit/test_homepage.py::TestHomepageLinks::test_has_about_link 
[gw3] [  3%] PASSED tests/unit/test_filename_generator.py::TestRoundTrip::test_roundtrip_with_suffix 
tests/unit/test_filename_generator.py::TestRoundTrip::test_roundtrip_all_periods 
[gw0] [  3%] PASSED tests/unit/test_bill_extractor.py::TestBillPatternMatching::test_extract_named_bill_with_year 
[gw7] [  3%] PASSED tests/unit/test_homepage.py::TestHomepageLinks::test_has_about_link 
[gw3] [  3%] PASSED tests/unit/test_filename_generator.py::TestRoundTrip::test_roundtrip_all_periods 
tests/unit/test_bill_extractor.py::TestBillPatternMatching::test_extract_named_bill_without_the 
tests/unit/test_homepage.py::TestHomepageLinks::test_has_parliament_source_link 
tests/unit/test_filename_generator.py::TestEdgeCases::test_generate_leap_year_date 
[gw0] [  4%] PASSED tests/unit/test_bill_extractor.py::TestBillPatternMatching::test_extract_named_bill_without_the 
[gw3] [  4%] PASSED tests/unit/test_filename_generator.py::TestEdgeCases::test_generate_leap_year_date 
tests/unit/test_bill_extractor.py::TestBillPatternMatching::test_extract_bill_number_format 
[gw7] [  4%] PASSED tests/unit/test_homepage.py::TestHomepageLinks::test_has_parliament_source_link 
tests/unit/test_filename_generator.py::TestEdgeCases::test_generate_year_boundary 
[gw1] [  4%] PASSED tests/unit/test_bill_extractor.py::TestCLI::test_main_with_output_file 
tests/unit/test_homepage.py::TestHomepageLinks::test_external_links_open_in_new_tab 
[gw3] [  4%] PASSED tests/unit/test_filename_generator.py::TestEdgeCases::test_generate_year_boundary 
tests/unit/test_bill_extractor.py::TestCLI::test_main_file_not_found 
[gw0] [  4%] PASSED tests/unit/test_bill_extractor.py::TestBillPatternMatching::test_extract_bill_number_format 
tests/unit/test_bill_extractor.py::TestBillPatternMatching::test_extract_simple_bill_format 
tests/unit/test_filename_generator.py::TestEdgeCases::test_parse_year_boundary 
[gw7] [  4%] PASSED tests/unit/test_homepage.py::TestHomepageLinks::test_external_links_open_in_new_tab 
[gw3] [  4%] PASSED tests/unit/test_filename_generator.py::TestEdgeCases::test_parse_year_boundary 
[gw1] [  5%] PASSED tests/unit/test_bill_extractor.py::TestCLI::test_main_file_not_found 
[gw0] [  5%] PASSED tests/unit/test_bill_extractor.py::TestBillPatternMatching::test_extract_simple_bill_format 
tests/unit/test_homepage.py::TestHomepageResponsive::test_uses_responsive_classes 
tests/unit/test_filename_generator.py::TestEdgeCases::test_generate_with_unrelated_files 
tests/unit/test_bill_extractor.py::TestCLI::test_main_invalid_json 
tests/unit/test_bill_extractor.py::TestBillPatternMatching::test_extract_multiple_bills 
[gw3] [  5%] PASSED tests/unit/test_filename_generator.py::TestEdgeCases::test_generate_with_unrelated_files 
[gw7] [  5%] PASSED tests/unit/test_homepage.py::TestHomepageResponsive::test_uses_responsive_classes 
tests/unit/test_filename_generator.py::TestEdgeCases::test_generate_case_sensitive_period 
[gw0] [  5%] PASSED tests/unit/test_bill_extractor.py::TestBillPatternMatching::test_extract_multiple_bills 
tests/unit/test_homepage.py::TestHomepageResponsive::test_uses_grid_layout 
tests/unit/test_bill_extractor.py::TestBillPatternMatching::test_case_insensitive_matching 
[gw0] [  5%] PASSED tests/unit/test_bill_extractor.py::TestBillPatternMatching::test_case_insensitive_matching 
[gw7] [  5%] PASSED tests/unit/test_homepage.py::TestHomepageResponsive::test_uses_grid_layout 
[gw3] [  5%] PASSED tests/unit/test_filename_generator.py::TestEdgeCases::test_generate_case_sensitive_period 
tests/unit/test_bill_extractor.py::TestBillPatternMatching::test_no_bills_found 
[gw1] [  6%] PASSED tests/unit/test_bill_extractor.py::TestCLI::test_main_invalid_json 
tests/unit/test_homepage.py::TestHomepageResponsive::test_uses_max_width_container 
tests/unit/test_filename_generator.py::TestEdgeCases::test_parse_case_sensitive_period 
tests/unit/test_bill_extractor.py::TestCLI::test_statistics_empty 
[gw0] [  6%] PASSED tests/unit/test_bill_extractor.py::TestBillPatternMatching::test_no_bills_found 
[gw3] [  6%] PASSED tests/unit/test_filename_generator.py::TestEdgeCases::test_parse_case_sensitive_period 
tests/unit/test_bill_extractor.py::TestBillPatternMatching::test_empty_text 
[gw1] [  6%] PASSED tests/unit/test_bill_extractor.py::TestCLI::test_statistics_empty 
[gw7] [  6%] PASSED tests/unit/test_homepage.py::TestHomepageResponsive::test_uses_max_width_container 
tests/unit/test_homepage.py::TestHomepageAccessibility::test_uses_semantic_html 
tests/unit/test_filename_generator.py::TestFilenameProperties::test_filename_format_validation_property 
tests/unit/test_bill_extractor.py::TestBillFormatting::test_format_named_bill_with_year 
[gw0] [  6%] PASSED tests/unit/test_bill_extractor.py::TestBillPatternMatching::test_empty_text 
tests/unit/test_bill_extractor.py::TestBillPatternMatching::test_none_text 
[gw1] [  6%] PASSED tests/unit/test_bill_extractor.py::TestBillFormatting::test_format_named_bill_with_year 
[gw7] [  6%] PASSED tests/unit/test_homepage.py::TestHomepageAccessibility::test_uses_semantic_html 
[gw0] [  7%] PASSED tests/unit/test_bill_extractor.py::TestBillPatternMatching::test_none_text 
tests/unit/test_bill_extractor.py::TestBillFormatting::test_format_numbered_bill_with_year 
tests/unit/test_bill_extractor.py::TestBillDeduplication::test_deduplicate_same_bill_number 
tests/unit/test_homepage.py::TestHomepageAccessibility::test_has_aria_labels 
[gw1] [  7%] PASSED tests/unit/test_bill_extractor.py::TestBillFormatting::test_format_numbered_bill_with_year 
tests/unit/test_bill_extractor.py::TestBillFormatting::test_format_numbered_bill_without_year 
[gw0] [  7%] PASSED tests/unit/test_bill_extractor.py::TestBillDeduplication::test_deduplicate_same_bill_number 
[gw7] [  7%] PASSED tests/unit/test_homepage.py::TestHomepageAccessibility::test_has_aria_labels 
tests/unit/test_homepage.py::TestHomepageAccessibility::test_links_have_descriptive_text 
tests/unit/test_bill_extractor.py::TestBillDeduplication::test_deduplicate_named_bills 
[gw1] [  7%] PASSED tests/unit/test_bill_extractor.py::TestBillFormatting::test_format_numbered_bill_without_year 
[gw0] [  7%] PASSED tests/unit/test_bill_extractor.py::TestBillDeduplication::test_deduplicate_named_bills 
tests/unit/test_bill_extractor.py::TestBillFormatting::test_format_fallback 
[gw2] [  7%] PASSED tests/unit/test_db_updater.py::TestProcessHansardPDF::test_process_hansard_pdf_skip_duplicate 
[gw7] [  7%] PASSED tests/unit/test_homepage.py::TestHomepageAccessibility::test_links_have_descriptive_text 
tests/unit/test_bill_extractor.py::TestBillDeduplication::test_different_bills_not_deduplicated 
[gw1] [  8%] PASSED tests/unit/test_bill_extractor.py::TestBillFormatting::test_format_fallback 
tests/unit/test_homepage.py::TestHomepageStyling::test_uses_tailwind_classes 
[gw0] [  8%] PASSED tests/unit/test_bill_extractor.py::TestBillDeduplication::test_different_bills_not_deduplicated 
tests/unit/test_bill_extractor.py::TestRealTextIntegration::test_extract_from_realistic_text 
tests/unit/test_bill_extractor.py::TestBillPositions::test_bills_sorted_by_position 
tests/unit/test_db_updater.py::TestSessionStatistics::test_get_session_statistics 
[gw7] [  8%] PASSED tests/unit/test_homepage.py::TestHomepageStyling::test_uses_tailwind_classes 
[gw1] [  8%] PASSED tests/unit/test_bill_extractor.py::TestRealTextIntegration::test_extract_from_realistic_text 
tests/unit/test_homepage.py::TestHomepageStyling::test_uses_kenya_colors 
[gw0] [  8%] PASSED tests/unit/test_bill_extractor.py::TestBillPositions::test_bills_sorted_by_position 
tests/unit/test_bill_extractor.py::TestRealTextIntegration::test_extract_with_complex_formatting 
tests/unit/test_bill_extractor.py::TestBillPositions::test_position_recorded 
[gw7] [  8%] PASSED tests/unit/test_homepage.py::TestHomepageStyling::test_uses_kenya_colors 
[gw1] [  8%] PASSED tests/unit/test_bill_extractor.py::TestRealTextIntegration::test_extract_with_complex_formatting 
tests/unit/test_homepage.py::TestHomepageStyling::test_uses_rounded_corners 
[gw0] [  8%] PASSED tests/unit/test_bill_extractor.py::TestBillPositions::test_position_recorded 
tests/unit/test_db_updater.py::TestDatabaseConnection::test_get_connection 
tests/unit/test_bill_extractor.py::TestExtractFromStatements::test_extract_from_statements 
[gw7] [  9%] PASSED tests/unit/test_homepage.py::TestHomepageStyling::test_uses_rounded_corners 
[gw0] [  9%] PASSED tests/unit/test_bill_extractor.py::TestExtractFromStatements::test_extract_from_statements 
tests/unit/test_bill_extractor.py::TestExtractFromStatements::test_extract_from_empty_statements 
tests/unit/test_homepage.py::TestHomepageStyling::test_uses_borders 
[gw0] [  9%] PASSED tests/unit/test_bill_extractor.py::TestExtractFromStatements::test_extract_from_empty_statements 
[gw7] [  9%] PASSED tests/unit/test_homepage.py::TestHomepageStyling::test_uses_borders 
tests/unit/test_homepage.py::TestHomepageDataAttribution::test_has_data_source_section 
tests/unit/test_homepage.py::TestHomepageQuickLinks::test_has_quick_links_section 
[gw0] [  9%] PASSED tests/unit/test_homepage.py::TestHomepageDataAttribution::test_has_data_source_section 
[gw7] [  9%] PASSED tests/unit/test_homepage.py::TestHomepageQuickLinks::test_has_quick_links_section 
tests/unit/test_homepage.py::TestHomepageDataAttribution::test_mentions_hansard 
tests/unit/test_homepage.py::TestHomepageQuickLinks::test_quick_links_are_cards 
[gw0] [  9%] PASSED tests/unit/test_homepage.py::TestHomepageDataAttribution::test_mentions_hansard 
[gw7] [  9%] PASSED tests/unit/test_homepage.py::TestHomepageQuickLinks::test_quick_links_are_cards 
tests/unit/test_homepage.py::TestHomepageDataAttribution::test_has_last_updated_info 
tests/unit/test_homepage.py::TestHomepageQuickLinks::test_has_all_mps_card 
[gw0] [ 10%] PASSED tests/unit/test_homepage.py::TestHomepageDataAttribution::test_has_last_updated_info 
[gw7] [ 10%] PASSED tests/unit/test_homepage.py::TestHomepageQuickLinks::test_has_all_mps_card 
tests/unit/test_import_mps.py::TestMPImporter::test_initialization 
tests/unit/test_homepage.py::TestHomepageQuickLinks::test_has_parties_card 
[gw7] [ 10%] PASSED tests/unit/test_homepage.py::TestHomepageQuickLinks::test_has_parties_card 
tests/unit/test_homepage.py::TestHomepageQuickLinks::test_has_about_card 
[gw7] [ 10%] PASSED tests/unit/test_homepage.py::TestHomepageQuickLinks::test_has_about_card 
tests/unit/test_mp_data_scraper.py::TestMPDataScraper::test_save_to_json 
[gw7] [ 10%] PASSED tests/unit/test_mp_data_scraper.py::TestMPDataScraper::test_save_to_json 
tests/unit/test_mp_data_scraper.py::TestMPDataScraper::test_save_to_csv 
[gw7] [ 10%] PASSED tests/unit/test_mp_data_scraper.py::TestMPDataScraper::test_save_to_csv 
tests/unit/test_mp_data_scraper.py::TestMPDataScraper::test_save_to_csv_empty 
[gw7] [ 10%] PASSED tests/unit/test_mp_data_scraper.py::TestMPDataScraper::test_save_to_csv_empty 
tests/unit/test_mp_data_scraper.py::TestMPDataScraperIntegration::test_fetch_page_real 
[gw1] [ 10%] PASSED tests/unit/test_db_updater.py::TestDatabaseConnection::test_get_connection 
[gw2] [ 11%] PASSED tests/unit/test_db_updater.py::TestSessionStatistics::test_get_session_statistics 
tests/unit/test_db_updater.py::TestMPManagement::test_get_or_create_mp_new 
tests/unit/test_db_updater.py::TestSessionStatistics::test_get_session_statistics_not_found 
[gw0] [ 11%] PASSED tests/unit/test_import_mps.py::TestMPImporter::test_initialization 
tests/unit/test_import_mps.py::TestMPImporter::test_connect 
[gw2] [ 11%] PASSED tests/unit/test_db_updater.py::TestSessionStatistics::test_get_session_statistics_not_found 
tests/unit/test_db_updater.py::TestEdgeCases::test_process_hansard_no_current_term 
[gw1] [ 11%] PASSED tests/unit/test_db_updater.py::TestMPManagement::test_get_or_create_mp_new 
tests/unit/test_db_updater.py::TestMPManagement::test_get_or_create_mp_existing 
[gw0] [ 11%] PASSED tests/unit/test_import_mps.py::TestMPImporter::test_connect 
tests/unit/test_import_mps.py::TestMPImporter::test_get_term_by_year 
[gw1] [ 11%] PASSED tests/unit/test_db_updater.py::TestMPManagement::test_get_or_create_mp_existing 
tests/unit/test_db_updater.py::TestMPManagement::test_link_mp_to_current_term 
[gw2] [ 11%] PASSED tests/unit/test_db_updater.py::TestEdgeCases::test_process_hansard_no_current_term 
[gw0] [ 11%] PASSED tests/unit/test_import_mps.py::TestMPImporter::test_get_term_by_year 
tests/unit/test_db_updater.py::TestEdgeCases::test_get_or_create_mp_with_special_characters 
tests/unit/test_import_mps.py::TestMPImporter::test_get_or_create_mp_new 
[gw1] [ 12%] PASSED tests/unit/test_db_updater.py::TestMPManagement::test_link_mp_to_current_term 
tests/unit/test_db_updater.py::TestMPManagement::test_link_mp_to_current_term_duplicate 
[gw2] [ 12%] PASSED tests/unit/test_db_updater.py::TestEdgeCases::test_get_or_create_mp_with_special_characters 
[gw0] [ 12%] PASSED tests/unit/test_import_mps.py::TestMPImporter::test_get_or_create_mp_new 
tests/unit/test_db_updater.py::TestEdgeCases::test_insert_statement_with_empty_text 
tests/unit/test_import_mps.py::TestMPImporter::test_get_or_create_mp_existing 
[gw1] [ 12%] PASSED tests/unit/test_db_updater.py::TestMPManagement::test_link_mp_to_current_term_duplicate 
tests/unit/test_db_updater.py::TestSessionManagement::test_get_or_create_session_new 
[gw0] [ 12%] PASSED tests/unit/test_import_mps.py::TestMPImporter::test_get_or_create_mp_existing 
[gw2] [ 12%] PASSED tests/unit/test_db_updater.py::TestEdgeCases::test_insert_statement_with_empty_text 
tests/unit/test_import_mps.py::TestMPImporter::test_link_mp_to_term 
tests/unit/test_db_updater.py::TestEdgeCases::test_process_hansard_with_duplicate_statements 
[gw1] [ 12%] PASSED tests/unit/test_db_updater.py::TestSessionManagement::test_get_or_create_session_new 
tests/unit/test_db_updater.py::TestSessionManagement::test_get_or_create_session_existing 
[gw0] [ 12%] PASSED tests/unit/test_import_mps.py::TestMPImporter::test_link_mp_to_term 
[gw2] [ 13%] PASSED tests/unit/test_db_updater.py::TestEdgeCases::test_process_hansard_with_duplicate_statements 
tests/unit/test_import_mps.py::TestMPImporter::test_link_mp_to_term_duplicate 
tests/unit/test_db_updater.py::TestCLI::test_main_with_arguments 
[gw3] [ 13%] PASSED tests/unit/test_filename_generator.py::TestFilenameProperties::test_filename_format_validation_property 
tests/unit/test_filename_generator.py::TestFilenameProperties::test_numeric_suffix_generation_property 
[gw2] [ 13%] PASSED tests/unit/test_db_updater.py::TestCLI::test_main_with_arguments 
tests/unit/test_db_updater.py::TestCLI::test_main_with_force_flag 
[gw4] [ 13%] PASSED tests/unit/test_hansard_scraper.py::TestDateParsing::test_extract_date_formats[1st January 2025-2025-01-01] 
tests/unit/test_hansard_scraper.py::TestDateParsing::test_extract_date_formats[22nd November 2024-2024-11-22] 
[gw2] [ 13%] PASSED tests/unit/test_db_updater.py::TestCLI::test_main_with_force_flag 
tests/unit/test_db_updater.py::TestCLI::test_main_skipped_session 
[gw4] [ 13%] PASSED tests/unit/test_hansard_scraper.py::TestDateParsing::test_extract_date_formats[22nd November 2024-2024-11-22] 
tests/unit/test_hansard_scraper.py::TestDateParsing::test_extract_date_formats[2025-12-04-2025-12-04] 
[gw2] [ 13%] PASSED tests/unit/test_db_updater.py::TestCLI::test_main_skipped_session 
[gw1] [ 13%] PASSED tests/unit/test_db_updater.py::TestSessionManagement::test_get_or_create_session_existing 
tests/unit/test_db_updater.py::TestCLI::test_main_error_case 
[gw4] [ 14%] PASSED tests/unit/test_hansard_scraper.py::TestDateParsing::test_extract_date_formats[2025-12-04-2025-12-04] 
tests/unit/test_hansard_scraper.py::TestDateParsing::test_extract_date_formats[04/12/2025-2025-12-04] 
tests/unit/test_db_updater.py::TestSessionManagement::test_check_duplicate_session 
[gw2] [ 14%] PASSED tests/unit/test_db_updater.py::TestCLI::test_main_error_case 
[gw4] [ 14%] PASSED tests/unit/test_hansard_scraper.py::TestDateParsing::test_extract_date_formats[04/12/2025-2025-12-04] 
tests/unit/test_hansard_scraper.py::TestDateParsing::test_extract_date_formats[04-12-2025-2025-12-04] 
tests/unit/test_filename_generator.py::TestGenerate::test_generate_different_periods_no_conflict 
[gw4] [ 14%] PASSED tests/unit/test_hansard_scraper.py::TestDateParsing::test_extract_date_formats[04-12-2025-2025-12-04] 
tests/unit/test_hansard_scraper.py::TestDateParsing::test_extract_date_formats[December 4, 2025-2025-12-04] 
[gw2] [ 14%] PASSED tests/unit/test_filename_generator.py::TestGenerate::test_generate_different_periods_no_conflict 
tests/unit/test_filename_generator.py::TestGenerate::test_generate_different_dates_no_conflict 
[gw2] [ 14%] PASSED tests/unit/test_filename_generator.py::TestGenerate::test_generate_different_dates_no_conflict 
tests/unit/test_filename_generator.py::TestGenerate::test_generate_invalid_period_raises_error 
[gw0] [ 14%] PASSED tests/unit/test_import_mps.py::TestMPImporter::test_link_mp_to_term_duplicate 
[gw2] [ 14%] PASSED tests/unit/test_filename_generator.py::TestGenerate::test_generate_invalid_period_raises_error 
[gw4] [ 15%] PASSED tests/unit/test_hansard_scraper.py::TestDateParsing::test_extract_date_formats[December 4, 2025-2025-12-04] 
tests/unit/test_import_mps.py::TestMPImporter::test_import_from_json 
tests/unit/test_filename_generator.py::TestGenerate::test_generate_invalid_date_format_raises_error 
tests/unit/test_hansard_scraper.py::TestDateParsing::test_extract_date_formats[Hansard for Thursday, 4th December 2025 - Afternoon-2025-12-04] 
[gw2] [ 15%] PASSED tests/unit/test_filename_generator.py::TestGenerate::test_generate_invalid_date_format_raises_error 
[gw4] [ 15%] PASSED tests/unit/test_hansard_scraper.py::TestDateParsing::test_extract_date_formats[Hansard for Thursday, 4th December 2025 - Afternoon-2025-12-04] 
tests/unit/test_hansard_scraper.py::TestDateParsing::test_extract_date_formats[No date here-None] 
tests/unit/test_filename_generator.py::TestGenerate::test_generate_invalid_month_raises_error 
[gw4] [ 15%] PASSED tests/unit/test_hansard_scraper.py::TestDateParsing::test_extract_date_formats[No date here-None] 
[gw2] [ 15%] PASSED tests/unit/test_filename_generator.py::TestGenerate::test_generate_invalid_month_raises_error 
tests/unit/test_hansard_scraper.py::TestDateParsing::test_extract_date_formats[-None] 
tests/unit/test_filename_generator.py::TestGenerate::test_generate_invalid_day_raises_error 
[gw4] [ 15%] PASSED tests/unit/test_hansard_scraper.py::TestDateParsing::test_extract_date_formats[-None] 
[gw2] [ 15%] PASSED tests/unit/test_filename_generator.py::TestGenerate::test_generate_invalid_day_raises_error 
tests/unit/test_hansard_scraper.py::TestDatabaseInitialization::test_database_auto_created_if_missing 
tests/unit/test_filename_generator.py::TestGenerate::test_generate_empty_existing_files 
[gw2] [ 15%] PASSED tests/unit/test_filename_generator.py::TestGenerate::test_generate_empty_existing_files 
tests/unit/test_filename_generator.py::TestGenerate::test_generate_preserves_leading_zeros 
[gw1] [ 16%] PASSED tests/unit/test_db_updater.py::TestSessionManagement::test_check_duplicate_session 
[gw2] [ 16%] PASSED tests/unit/test_filename_generator.py::TestGenerate::test_generate_preserves_leading_zeros 
tests/unit/test_filename_generator.py::TestParse::test_parse_basic_filename 
tests/unit/test_db_updater.py::TestSessionManagement::test_mark_session_processed 
[gw2] [ 16%] PASSED tests/unit/test_filename_generator.py::TestParse::test_parse_basic_filename 
tests/unit/test_filename_generator.py::TestParse::test_parse_filename_with_suffix 
[gw2] [ 16%] PASSED tests/unit/test_filename_generator.py::TestParse::test_parse_filename_with_suffix 
tests/unit/test_filename_generator.py::TestParse::test_parse_morning_period 
[gw2] [ 16%] PASSED tests/unit/test_filename_generator.py::TestParse::test_parse_morning_period 
tests/unit/test_filename_generator.py::TestParse::test_parse_evening_period 
[gw2] [ 16%] PASSED tests/unit/test_filename_generator.py::TestParse::test_parse_evening_period 
tests/unit/test_filename_generator.py::TestParse::test_parse_large_suffix 
[gw2] [ 16%] PASSED tests/unit/test_filename_generator.py::TestParse::test_parse_large_suffix 
tests/unit/test_filename_generator.py::TestParse::test_parse_invalid_format_returns_none 
[gw2] [ 16%] PASSED tests/unit/test_filename_generator.py::TestParse::test_parse_invalid_format_returns_none 
tests/unit/test_mp_identifier.py::TestCLI::test_main_invalid_json 
[gw0] [ 17%] PASSED tests/unit/test_import_mps.py::TestMPImporter::test_import_from_json 
[gw2] [ 17%] PASSED tests/unit/test_mp_identifier.py::TestCLI::test_main_invalid_json 
tests/unit/test_import_mps.py::TestMPImporter::test_import_from_json_with_term_id 
tests/unit/test_mp_name_parsing_property.py::TestMPNameParsingProperty::test_name_with_honorific_property 
[gw4] [ 17%] PASSED tests/unit/test_hansard_scraper.py::TestDatabaseInitialization::test_database_auto_created_if_missing 
tests/unit/test_hansard_scraper.py::TestDatabaseInitialization::test_creates_table_if_db_exists_but_table_missing 
[gw1] [ 17%] PASSED tests/unit/test_db_updater.py::TestSessionManagement::test_mark_session_processed 
[gw4] [ 17%] PASSED tests/unit/test_hansard_scraper.py::TestDatabaseInitialization::test_creates_table_if_db_exists_but_table_missing 
tests/unit/test_hansard_scraper.py::TestDatabaseInitialization::test_raises_error_if_table_has_wrong_schema 
tests/unit/test_db_updater.py::TestStatementInsertion::test_insert_statement 
[gw4] [ 17%] PASSED tests/unit/test_hansard_scraper.py::TestDatabaseInitialization::test_raises_error_if_table_has_wrong_schema 
tests/unit/test_hansard_scraper.py::TestDownloadLogic::test_download_new_file 
[gw0] [ 17%] PASSED tests/unit/test_import_mps.py::TestMPImporter::test_import_from_json_with_term_id 
tests/unit/test_import_mps.py::TestMPImporter::test_import_from_json_idempotent 
[gw1] [ 17%] PASSED tests/unit/test_db_updater.py::TestStatementInsertion::test_insert_statement 
tests/unit/test_db_updater.py::TestStatementInsertion::test_insert_statement_with_bills 
[gw3] [ 18%] PASSED tests/unit/test_filename_generator.py::TestFilenameProperties::test_numeric_suffix_generation_property 
tests/unit/test_filename_generator.py::TestFilenameProperties::test_parse_roundtrip_property 
[gw0] [ 18%] PASSED tests/unit/test_import_mps.py::TestMPImporter::test_import_from_json_idempotent 
[gw1] [ 18%] PASSED tests/unit/test_db_updater.py::TestStatementInsertion::test_insert_statement_with_bills 
tests/unit/test_import_mps.py::TestMPImporter::test_verify_import 
tests/unit/test_db_updater.py::TestProcessHansardPDF::test_process_hansard_pdf_success 
[gw1] [ 18%] PASSED tests/unit/test_db_updater.py::TestProcessHansardPDF::test_process_hansard_pdf_success 
[gw0] [ 18%] PASSED tests/unit/test_import_mps.py::TestMPImporter::test_verify_import 
tests/unit/test_mp_identifier.py::TestSpeakerFinding::test_find_the_speaker 
tests/unit/test_import_mps.py::TestMPImporter::test_import_invalid_file 
[gw1] [ 18%] PASSED tests/unit/test_mp_identifier.py::TestSpeakerFinding::test_find_the_speaker 
tests/unit/test_mp_identifier.py::TestSpeakerFinding::test_find_mr_speaker 
[gw1] [ 18%] PASSED tests/unit/test_mp_identifier.py::TestSpeakerFinding::test_find_mr_speaker 
tests/unit/test_mp_identifier.py::TestSpeakerFinding::test_find_madam_speaker 
[gw1] [ 18%] PASSED tests/unit/test_mp_identifier.py::TestSpeakerFinding::test_find_madam_speaker 
tests/unit/test_mp_identifier.py::TestSpeakerFinding::test_speakers_sorted_by_position 
[gw1] [ 19%] PASSED tests/unit/test_mp_identifier.py::TestSpeakerFinding::test_speakers_sorted_by_position 
tests/unit/test_mp_identifier.py::TestStatementExtraction::test_extract_statement_to_next_speaker 
[gw1] [ 19%] PASSED tests/unit/test_mp_identifier.py::TestStatementExtraction::test_extract_statement_to_next_speaker 
tests/unit/test_mp_identifier.py::TestStatementExtraction::test_extract_statement_to_end 
[gw1] [ 19%] PASSED tests/unit/test_mp_identifier.py::TestStatementExtraction::test_extract_statement_to_end 
tests/unit/test_mp_identifier.py::TestStatementExtraction::test_extract_statement_strips_whitespace 
[gw1] [ 19%] PASSED tests/unit/test_mp_identifier.py::TestStatementExtraction::test_extract_statement_strips_whitespace 
tests/unit/test_mp_identifier.py::TestStatementExtraction::test_extract_statement_removes_leading_colon 
[gw1] [ 19%] PASSED tests/unit/test_mp_identifier.py::TestStatementExtraction::test_extract_statement_removes_leading_colon 
tests/unit/test_mp_identifier.py::TestExtractStatements::test_extract_single_statement 
[gw1] [ 19%] PASSED tests/unit/test_mp_identifier.py::TestExtractStatements::test_extract_single_statement 
tests/unit/test_mp_identifier.py::TestExtractStatements::test_extract_multiple_statements 
[gw1] [ 19%] PASSED tests/unit/test_mp_identifier.py::TestExtractStatements::test_extract_multiple_statements 
tests/unit/test_mp_identifier.py::TestExtractStatements::test_filter_non_mp_speakers 
[gw0] [ 19%] PASSED tests/unit/test_import_mps.py::TestMPImporter::test_import_invalid_file 
[gw1] [ 20%] PASSED tests/unit/test_mp_identifier.py::TestExtractStatements::test_filter_non_mp_speakers 
tests/unit/test_import_mps.py::TestMPImporter::test_import_no_term 
tests/unit/test_mp_identifier.py::TestExtractStatements::test_include_non_mp_speakers 
[gw1] [ 20%] PASSED tests/unit/test_mp_identifier.py::TestExtractStatements::test_include_non_mp_speakers 
tests/unit/test_mp_identifier.py::TestExtractStatements::test_skip_empty_statements 
[gw1] [ 20%] PASSED tests/unit/test_mp_identifier.py::TestExtractStatements::test_skip_empty_statements 
tests/unit/test_mp_identifier.py::TestExtractStatements::test_skip_short_statements 
[gw1] [ 20%] PASSED tests/unit/test_mp_identifier.py::TestExtractStatements::test_skip_short_statements 
tests/unit/test_mp_identifier.py::TestExtractStatements::test_statement_positions 
[gw1] [ 20%] PASSED tests/unit/test_mp_identifier.py::TestExtractStatements::test_statement_positions 
tests/unit/test_mp_identifier.py::TestExtractStatements::test_statement_with_page_number 
[gw1] [ 20%] PASSED tests/unit/test_mp_identifier.py::TestExtractStatements::test_statement_with_page_number 
tests/unit/test_mp_identifier.py::TestExtractStatements::test_no_speakers_found 
[gw1] [ 20%] PASSED tests/unit/test_mp_identifier.py::TestExtractStatements::test_no_speakers_found 
tests/unit/test_mp_identifier.py::TestExtractFromPages::test_extract_from_pages 
[gw1] [ 20%] PASSED tests/unit/test_mp_identifier.py::TestExtractFromPages::test_extract_from_pages 
tests/unit/test_mp_profile.py::TestMPProfileStyling::test_template_has_borders 
[gw1] [ 20%] PASSED tests/unit/test_mp_profile.py::TestMPProfileStyling::test_template_has_borders 
tests/unit/test_mps_list.py::TestMPsListingTemplate::test_template_file_exists 
[gw1] [ 21%] PASSED tests/unit/test_mps_list.py::TestMPsListingTemplate::test_template_file_exists 
tests/unit/test_mps_list.py::TestMPsListingTemplate::test_template_extends_base 
[gw1] [ 21%] PASSED tests/unit/test_mps_list.py::TestMPsListingTemplate::test_template_extends_base 
tests/unit/test_mps_list.py::TestMPsListingTemplate::test_template_has_title_block 
[gw1] [ 21%] PASSED tests/unit/test_mps_list.py::TestMPsListingTemplate::test_template_has_title_block 
[gw0] [ 21%] PASSED tests/unit/test_import_mps.py::TestMPImporter::test_import_no_term 
tests/unit/test_mps_list.py::TestMPsListingTemplate::test_template_has_content_block 
tests/unit/test_import_mps.py::TestHonorificSeparation::test_parse_hon_john_doe 
[gw1] [ 21%] PASSED tests/unit/test_mps_list.py::TestMPsListingTemplate::test_template_has_content_block 
tests/unit/test_mps_list.py::TestMPsListingRoute::test_mps_route_exists 
[gw0] [ 21%] PASSED tests/unit/test_import_mps.py::TestHonorificSeparation::test_parse_hon_john_doe 
tests/unit/test_import_mps.py::TestHonorificSeparation::test_parse_dr_jane_smith 
[gw0] [ 21%] PASSED tests/unit/test_import_mps.py::TestHonorificSeparation::test_parse_dr_jane_smith 
tests/unit/test_import_mps.py::TestHonorificSeparation::test_parse_prof_peter_parker 
[gw0] [ 21%] PASSED tests/unit/test_import_mps.py::TestHonorificSeparation::test_parse_prof_peter_parker 
tests/unit/test_import_mps.py::TestHonorificSeparation::test_parse_name_without_honorific 
[gw0] [ 22%] PASSED tests/unit/test_import_mps.py::TestHonorificSeparation::test_parse_name_without_honorific 
[gw3] [ 22%] PASSED tests/unit/test_filename_generator.py::TestFilenameProperties::test_parse_roundtrip_property 
tests/unit/test_mp_identifier.py::TestExtractFromPages::test_extract_from_empty_pages 
tests/unit/test_filename_generator.py::TestFilenameProperties::test_generate_parse_roundtrip_property 
[gw0] [ 22%] PASSED tests/unit/test_mp_identifier.py::TestExtractFromPages::test_extract_from_empty_pages 
tests/unit/test_mp_identifier.py::TestExtractFromPages::test_extract_from_mixed_pages 
[gw0] [ 22%] PASSED tests/unit/test_mp_identifier.py::TestExtractFromPages::test_extract_from_mixed_pages 
tests/unit/test_mp_identifier.py::TestUtilityMethods::test_get_unique_mp_names 
[gw0] [ 22%] PASSED tests/unit/test_mp_identifier.py::TestUtilityMethods::test_get_unique_mp_names 
tests/unit/test_mp_identifier.py::TestUtilityMethods::test_get_statements_by_mp 
[gw0] [ 22%] PASSED tests/unit/test_mp_identifier.py::TestUtilityMethods::test_get_statements_by_mp 
tests/unit/test_mp_identifier.py::TestUtilityMethods::test_get_statistics 
[gw0] [ 22%] PASSED tests/unit/test_mp_identifier.py::TestUtilityMethods::test_get_statistics 
tests/unit/test_mp_identifier.py::TestUtilityMethods::test_get_statistics_empty 
[gw0] [ 22%] PASSED tests/unit/test_mp_identifier.py::TestUtilityMethods::test_get_statistics_empty 
tests/unit/test_mp_identifier.py::TestRealPDFIntegration::test_extract_from_real_hansard 
[gw0] [ 23%] SKIPPED tests/unit/test_mp_identifier.py::TestRealPDFIntegration::test_extract_from_real_hansard 
tests/unit/test_mp_identifier.py::TestRealPDFIntegration::test_real_hansard_mp_names 
[gw0] [ 23%] SKIPPED tests/unit/test_mp_identifier.py::TestRealPDFIntegration::test_real_hansard_mp_names 
tests/unit/test_mp_identifier.py::TestRealPDFIntegration::test_real_hansard_statement_quality 
[gw0] [ 23%] SKIPPED tests/unit/test_mp_identifier.py::TestRealPDFIntegration::test_real_hansard_statement_quality 
tests/unit/test_mp_identifier.py::TestHonorificSeparation::test_parse_hon_john_doe 
[gw0] [ 23%] PASSED tests/unit/test_mp_identifier.py::TestHonorificSeparation::test_parse_hon_john_doe 
tests/unit/test_mp_identifier.py::TestHonorificSeparation::test_parse_dr_jane_smith 
[gw0] [ 23%] PASSED tests/unit/test_mp_identifier.py::TestHonorificSeparation::test_parse_dr_jane_smith 
tests/unit/test_mp_identifier.py::TestHonorificSeparation::test_parse_prof_peter_parker 
[gw0] [ 23%] PASSED tests/unit/test_mp_identifier.py::TestHonorificSeparation::test_parse_prof_peter_parker 
tests/unit/test_mp_identifier.py::TestHonorificSeparation::test_parse_name_without_honorific 
[gw0] [ 23%] PASSED tests/unit/test_mp_identifier.py::TestHonorificSeparation::test_parse_name_without_honorific 
tests/unit/test_mp_identifier.py::TestCLI::test_main_with_text_file 
[gw0] [ 23%] PASSED tests/unit/test_mp_identifier.py::TestCLI::test_main_with_text_file 
tests/unit/test_mp_identifier.py::TestCLI::test_main_with_json_file 
[gw0] [ 24%] PASSED tests/unit/test_mp_identifier.py::TestCLI::test_main_with_json_file 
tests/unit/test_mp_identifier.py::TestCLI::test_main_with_output_file 
[gw1] [ 24%] PASSED tests/unit/test_mps_list.py::TestMPsListingRoute::test_mps_route_exists 
[gw0] [ 24%] PASSED tests/unit/test_mp_identifier.py::TestCLI::test_main_with_output_file 
tests/unit/test_mp_identifier.py::TestCLI::test_main_with_include_non_mps 
tests/unit/test_mps_list.py::TestMPsListingRoute::test_mps_returns_html 
[gw0] [ 24%] PASSED tests/unit/test_mp_identifier.py::TestCLI::test_main_with_include_non_mps 
tests/unit/test_mp_identifier.py::TestCLI::test_main_file_not_found 
[gw0] [ 24%] PASSED tests/unit/test_mp_identifier.py::TestCLI::test_main_file_not_found 
tests/unit/test_mps_list.py::TestMPsListingEmptyState::test_has_no_results_message 
[gw0] [ 24%] PASSED tests/unit/test_mps_list.py::TestMPsListingEmptyState::test_has_no_results_message 
tests/unit/test_parliament_data.py::TestParliamentaryTermInsertion::test_insert_13th_parliament 
[gw1] [ 24%] PASSED tests/unit/test_mps_list.py::TestMPsListingRoute::test_mps_returns_html 
tests/unit/test_mps_list.py::TestMPsListingRoute::test_mps_has_content 
[gw1] [ 24%] PASSED tests/unit/test_mps_list.py::TestMPsListingRoute::test_mps_has_content 
tests/unit/test_mps_list.py::TestMPsListingContent::test_shows_page_title 
[gw0] [ 25%] PASSED tests/unit/test_parliament_data.py::TestParliamentaryTermInsertion::test_insert_13th_parliament 
tests/unit/test_parliament_data.py::TestParliamentaryTermInsertion::test_insert_12th_parliament 
[gw1] [ 25%] PASSED tests/unit/test_mps_list.py::TestMPsListingContent::test_shows_page_title 
[gw3] [ 25%] PASSED tests/unit/test_filename_generator.py::TestFilenameProperties::test_generate_parse_roundtrip_property 
tests/unit/test_filename_generator.py::TestFilenameProperties::test_parse_invalid_format_property 
tests/unit/test_mps_list.py::TestMPsListingContent::test_shows_mp_cards 
[gw1] [ 25%] PASSED tests/unit/test_mps_list.py::TestMPsListingContent::test_shows_mp_cards 
tests/unit/test_mps_list.py::TestMPsListingContent::test_shows_mp_constituencies 
[gw0] [ 25%] PASSED tests/unit/test_parliament_data.py::TestParliamentaryTermInsertion::test_insert_12th_parliament 
tests/unit/test_parliament_data.py::TestParliamentaryTermInsertion::test_insert_duplicate_term 
[gw1] [ 25%] PASSED tests/unit/test_mps_list.py::TestMPsListingContent::test_shows_mp_constituencies 
tests/unit/test_mps_list.py::TestMPsListingContent::test_shows_mp_parties 
[gw1] [ 25%] PASSED tests/unit/test_mps_list.py::TestMPsListingContent::test_shows_mp_parties 
tests/unit/test_mps_list.py::TestMPsListingContent::test_shows_total_count 
[gw0] [ 25%] PASSED tests/unit/test_parliament_data.py::TestParliamentaryTermInsertion::test_insert_duplicate_term 
tests/unit/test_parliament_data.py::TestParliamentaryTermInsertion::test_insert_multiple_terms 
[gw1] [ 26%] PASSED tests/unit/test_mps_list.py::TestMPsListingContent::test_shows_total_count 
tests/unit/test_mps_list.py::TestMPsListingFilters::test_has_party_filter 
[gw1] [ 26%] PASSED tests/unit/test_mps_list.py::TestMPsListingFilters::test_has_party_filter 
tests/unit/test_mps_list.py::TestMPsListingFilters::test_has_sort_options 
[gw2] [ 26%] PASSED tests/unit/test_mp_name_parsing_property.py::TestMPNameParsingProperty::test_name_with_honorific_property 
[gw1] [ 26%] PASSED tests/unit/test_mps_list.py::TestMPsListingFilters::test_has_sort_options 
tests/unit/test_mp_name_parsing_property.py::TestMPNameParsingProperty::test_name_without_honorific_property 
tests/unit/test_mps_list.py::TestMPsListingFilters::test_party_filter_shows_all_option 
[gw1] [ 26%] PASSED tests/unit/test_mps_list.py::TestMPsListingFilters::test_party_filter_shows_all_option 
tests/unit/test_mps_list.py::TestMPsListingFilters::test_party_filter_shows_parties 
[gw0] [ 26%] PASSED tests/unit/test_parliament_data.py::TestParliamentaryTermInsertion::test_insert_multiple_terms 
tests/unit/test_parliament_data.py::TestParliamentaryTermVerification::test_verify_with_current_term 
[gw1] [ 26%] PASSED tests/unit/test_mps_list.py::TestMPsListingFilters::test_party_filter_shows_parties 
tests/unit/test_mps_list.py::TestMPsListingJavaScript::test_has_filter_javascript 
[gw1] [ 26%] PASSED tests/unit/test_mps_list.py::TestMPsListingJavaScript::test_has_filter_javascript 
tests/unit/test_mps_list.py::TestMPsListingJavaScript::test_has_sort_javascript 
[gw1] [ 27%] PASSED tests/unit/test_mps_list.py::TestMPsListingJavaScript::test_has_sort_javascript 
tests/unit/test_mps_list.py::TestMPsListingJavaScript::test_has_data_attributes 
[gw1] [ 27%] PASSED tests/unit/test_mps_list.py::TestMPsListingJavaScript::test_has_data_attributes 
tests/unit/test_mps_list.py::TestMPsListingResponsive::test_uses_responsive_classes 
[gw1] [ 27%] PASSED tests/unit/test_mps_list.py::TestMPsListingResponsive::test_uses_responsive_classes 
tests/unit/test_mps_list.py::TestMPsListingResponsive::test_uses_grid_layout 
[gw1] [ 27%] PASSED tests/unit/test_mps_list.py::TestMPsListingResponsive::test_uses_grid_layout 
tests/unit/test_mps_list.py::TestMPsListingAccessibility::test_uses_semantic_html 
[gw0] [ 27%] PASSED tests/unit/test_parliament_data.py::TestParliamentaryTermVerification::test_verify_with_current_term 
[gw1] [ 27%] PASSED tests/unit/test_mps_list.py::TestMPsListingAccessibility::test_uses_semantic_html 
tests/unit/test_mps_list.py::TestMPsListingAccessibility::test_has_labels_for_inputs 
tests/unit/test_parliament_data.py::TestParliamentaryTermVerification::test_verify_with_no_terms 
[gw1] [ 27%] PASSED tests/unit/test_mps_list.py::TestMPsListingAccessibility::test_has_labels_for_inputs 
tests/unit/test_mps_list.py::TestMPsListingAccessibility::test_links_are_descriptive 
[gw1] [ 27%] PASSED tests/unit/test_mps_list.py::TestMPsListingAccessibility::test_links_are_descriptive 
tests/unit/test_mps_list.py::TestMPsListingStyling::test_uses_tailwind 
[gw1] [ 28%] PASSED tests/unit/test_mps_list.py::TestMPsListingStyling::test_uses_tailwind 
tests/unit/test_mps_list.py::TestMPsListingStyling::test_uses_kenya_colors 
[gw1] [ 28%] PASSED tests/unit/test_mps_list.py::TestMPsListingStyling::test_uses_kenya_colors 
[gw3] [ 28%] PASSED tests/unit/test_filename_generator.py::TestFilenameProperties::test_parse_invalid_format_property 
tests/unit/test_mps_list.py::TestMPsListingStyling::test_uses_borders 
tests/unit/test_hansard_scraper.py::TestHTMLExtraction::test_extract_links_from_cols2_table 
[gw1] [ 28%] PASSED tests/unit/test_mps_list.py::TestMPsListingStyling::test_uses_borders 
tests/unit/test_mps_list.py::TestMPsListingLinks::test_links_to_mp_profiles 
[gw1] [ 28%] PASSED tests/unit/test_mps_list.py::TestMPsListingLinks::test_links_to_mp_profiles 
tests/unit/test_mps_list.py::TestMPsListingLinks::test_mp_cards_are_clickable 
[gw0] [ 28%] PASSED tests/unit/test_parliament_data.py::TestParliamentaryTermVerification::test_verify_with_no_terms 
tests/unit/test_parliament_data.py::TestParliamentaryTermVerification::test_verify_with_no_current_term 
[gw1] [ 28%] PASSED tests/unit/test_mps_list.py::TestMPsListingLinks::test_mp_cards_are_clickable 
tests/unit/test_mps_list.py::TestMPsListingEmptyState::test_has_empty_state 
[gw1] [ 28%] PASSED tests/unit/test_mps_list.py::TestMPsListingEmptyState::test_has_empty_state 
tests/unit/test_parties.py::TestPartyDetailTemplate::test_template_has_title_block 
[gw1] [ 29%] PASSED tests/unit/test_parties.py::TestPartyDetailTemplate::test_template_has_title_block 
tests/unit/test_parties.py::TestPartyDetailTemplate::test_template_has_content_block 
[gw1] [ 29%] PASSED tests/unit/test_parties.py::TestPartyDetailTemplate::test_template_has_content_block 
tests/unit/test_parties.py::TestPartyDetailRoute::test_party_route_exists 
[gw0] [ 29%] PASSED tests/unit/test_parliament_data.py::TestParliamentaryTermVerification::test_verify_with_no_current_term 
tests/unit/test_parliament_data.py::TestParliamentaryTermVerification::test_verify_with_multiple_current_terms 
[gw1] [ 29%] PASSED tests/unit/test_parties.py::TestPartyDetailRoute::test_party_route_exists 
tests/unit/test_parties.py::TestPartyDetailRoute::test_party_not_found 
[gw1] [ 29%] PASSED tests/unit/test_parties.py::TestPartyDetailRoute::test_party_not_found 
tests/unit/test_parties.py::TestPartyDetailRoute::test_party_returns_html 
[gw0] [ 29%] PASSED tests/unit/test_parliament_data.py::TestParliamentaryTermVerification::test_verify_with_multiple_current_terms 
tests/unit/test_parliament_data.py::TestParliamentaryTermVerification::test_verify_with_historical_and_current 
[gw1] [ 29%] PASSED tests/unit/test_parties.py::TestPartyDetailRoute::test_party_returns_html 
tests/unit/test_parties.py::TestPartyDetailContent::test_shows_party_name 
[gw2] [ 29%] PASSED tests/unit/test_mp_name_parsing_property.py::TestMPNameParsingProperty::test_name_without_honorific_property 
tests/unit/test_mp_name_parsing_property.py::TestMPNameParsingProperty::test_single_name_with_honorific_property 
[gw1] [ 30%] PASSED tests/unit/test_parties.py::TestPartyDetailContent::test_shows_party_name 
tests/unit/test_parties.py::TestPartyDetailContent::test_shows_party_stats 
[gw0] [ 30%] PASSED tests/unit/test_parliament_data.py::TestParliamentaryTermVerification::test_verify_with_historical_and_current 
tests/unit/test_parliament_data.py::TestInitializeParliamentData::test_initialize_current_term_only 
[gw1] [ 30%] PASSED tests/unit/test_parties.py::TestPartyDetailContent::test_shows_party_stats 
tests/unit/test_parties.py::TestPartyDetailContent::test_shows_mp_list 
[gw1] [ 30%] PASSED tests/unit/test_parties.py::TestPartyDetailContent::test_shows_mp_list 
tests/unit/test_parties.py::TestPartyDetailContent::test_has_back_link 
[gw0] [ 30%] PASSED tests/unit/test_parliament_data.py::TestInitializeParliamentData::test_initialize_current_term_only 
tests/unit/test_parliament_data.py::TestInitializeParliamentData::test_initialize_with_historical 
[gw1] [ 30%] PASSED tests/unit/test_parties.py::TestPartyDetailContent::test_has_back_link 
tests/unit/test_parties.py::TestPartiesResponsive::test_listing_uses_responsive_classes 
[gw1] [ 30%] PASSED tests/unit/test_parties.py::TestPartiesResponsive::test_listing_uses_responsive_classes 
tests/unit/test_parties.py::TestPartiesResponsive::test_detail_uses_responsive_classes 
[gw1] [ 30%] PASSED tests/unit/test_parties.py::TestPartiesResponsive::test_detail_uses_responsive_classes 
tests/unit/test_parties.py::TestPartiesResponsive::test_uses_grid_layout 
[gw1] [ 31%] PASSED tests/unit/test_parties.py::TestPartiesResponsive::test_uses_grid_layout 
tests/unit/test_parties.py::TestPartiesAccessibility::test_listing_uses_semantic_html 
[gw1] [ 31%] PASSED tests/unit/test_parties.py::TestPartiesAccessibility::test_listing_uses_semantic_html 
tests/unit/test_parties.py::TestPartiesAccessibility::test_detail_uses_semantic_html 
[gw1] [ 31%] PASSED tests/unit/test_parties.py::TestPartiesAccessibility::test_detail_uses_semantic_html 
tests/unit/test_parties.py::TestPartiesAccessibility::test_links_are_descriptive 
[gw1] [ 31%] PASSED tests/unit/test_parties.py::TestPartiesAccessibility::test_links_are_descriptive 
tests/unit/test_parties.py::TestPartiesStyling::test_listing_uses_tailwind 
[gw1] [ 31%] PASSED tests/unit/test_parties.py::TestPartiesStyling::test_listing_uses_tailwind 
tests/unit/test_parties.py::TestPartiesStyling::test_detail_uses_tailwind 
[gw1] [ 31%] PASSED tests/unit/test_parties.py::TestPartiesStyling::test_detail_uses_tailwind 
[gw0] [ 31%] PASSED tests/unit/test_parliament_data.py::TestInitializeParliamentData::test_initialize_with_historical 
tests/unit/test_parties.py::TestPartiesStyling::test_uses_kenya_colors 
tests/unit/test_parliament_data.py::TestInitializeParliamentData::test_initialize_nonexistent_database 
[gw1] [ 31%] PASSED tests/unit/test_parties.py::TestPartiesStyling::test_uses_kenya_colors 
tests/unit/test_parties.py::TestPartiesStyling::test_uses_borders 
[gw0] [ 32%] PASSED tests/unit/test_parliament_data.py::TestInitializeParliamentData::test_initialize_nonexistent_database 
tests/unit/test_parliament_data.py::TestInitializeParliamentData::test_initialize_idempotent 
[gw1] [ 32%] PASSED tests/unit/test_parties.py::TestPartiesStyling::test_uses_borders 
tests/unit/test_parties.py::TestPartyDetailSorting::test_has_sort_dropdown 
[gw1] [ 32%] PASSED tests/unit/test_parties.py::TestPartyDetailSorting::test_has_sort_dropdown 
tests/unit/test_parties.py::TestPartyDetailSorting::test_has_sort_options 
[gw1] [ 32%] PASSED tests/unit/test_parties.py::TestPartyDetailSorting::test_has_sort_options 
tests/unit/test_parties.py::TestPartyDetailSorting::test_has_sorting_javascript 
[gw1] [ 32%] PASSED tests/unit/test_parties.py::TestPartyDetailSorting::test_has_sorting_javascript 
tests/unit/test_parties.py::TestPartiesLinks::test_listing_links_to_party_pages 
[gw1] [ 32%] PASSED tests/unit/test_parties.py::TestPartiesLinks::test_listing_links_to_party_pages 
tests/unit/test_parties.py::TestPartiesLinks::test_detail_links_to_mp_profiles 
[gw1] [ 32%] PASSED tests/unit/test_parties.py::TestPartiesLinks::test_detail_links_to_mp_profiles 
tests/unit/test_parties.py::TestPartiesLinks::test_detail_has_back_link 
[gw1] [ 32%] PASSED tests/unit/test_parties.py::TestPartiesLinks::test_detail_has_back_link 
tests/unit/test_pdf_processor.py::TestPDFProcessor::test_processor_initialization 
[gw1] [ 33%] PASSED tests/unit/test_pdf_processor.py::TestPDFProcessor::test_processor_initialization 
tests/unit/test_pdf_processor.py::TestPDFProcessor::test_processor_no_output_dir 
[gw1] [ 33%] PASSED tests/unit/test_pdf_processor.py::TestPDFProcessor::test_processor_no_output_dir 
tests/unit/test_pdf_processor.py::TestPDFProcessor::test_output_directory_created 
[gw1] [ 33%] PASSED tests/unit/test_pdf_processor.py::TestPDFProcessor::test_output_directory_created 
tests/unit/test_pdf_processor.py::TestTextExtraction::test_extract_text_success 
[gw0] [ 33%] PASSED tests/unit/test_parliament_data.py::TestInitializeParliamentData::test_initialize_idempotent 
tests/unit/test_parliament_data.py::TestParliamentaryTermDates::test_13th_parliament_dates 
[gw1] [ 33%] PASSED tests/unit/test_pdf_processor.py::TestTextExtraction::test_extract_text_success 
tests/unit/test_pdf_processor.py::TestTextExtraction::test_extract_text_file_not_found 
[gw1] [ 33%] PASSED tests/unit/test_pdf_processor.py::TestTextExtraction::test_extract_text_file_not_found 
tests/unit/test_pdf_processor.py::TestTextExtraction::test_extract_text_empty_page 
[gw2] [ 33%] PASSED tests/unit/test_mp_name_parsing_property.py::TestMPNameParsingProperty::test_single_name_with_honorific_property 
tests/unit/test_mp_name_parsing_property.py::TestMPNameParsingProperty::test_case_insensitive_honorific_property 
[gw1] [ 33%] PASSED tests/unit/test_pdf_processor.py::TestTextExtraction::test_extract_text_empty_page 
tests/unit/test_pdf_processor.py::TestTextExtraction::test_extract_text_page_error 
[gw1] [ 34%] PASSED tests/unit/test_pdf_processor.py::TestTextExtraction::test_extract_text_page_error 
tests/unit/test_pdf_processor.py::TestTextRetrieval::test_get_full_text 
[gw1] [ 34%] PASSED tests/unit/test_pdf_processor.py::TestTextRetrieval::test_get_full_text 
tests/unit/test_pdf_processor.py::TestTextRetrieval::test_get_full_text_empty_data 
[gw1] [ 34%] PASSED tests/unit/test_pdf_processor.py::TestTextRetrieval::test_get_full_text_empty_data 
[gw0] [ 34%] PASSED tests/unit/test_parliament_data.py::TestParliamentaryTermDates::test_13th_parliament_dates 
tests/unit/test_pdf_processor.py::TestTextRetrieval::test_get_full_text_none 
tests/unit/test_parliament_data.py::TestParliamentaryTermDates::test_12th_parliament_dates 
[gw1] [ 34%] PASSED tests/unit/test_pdf_processor.py::TestTextRetrieval::test_get_full_text_none 
tests/unit/test_pdf_processor.py::TestTextRetrieval::test_get_page_text 
[gw1] [ 34%] PASSED tests/unit/test_pdf_processor.py::TestTextRetrieval::test_get_page_text 
tests/unit/test_pdf_processor.py::TestTextRetrieval::test_get_page_text_invalid_page 
[gw1] [ 34%] PASSED tests/unit/test_pdf_processor.py::TestTextRetrieval::test_get_page_text_invalid_page 
tests/unit/test_pdf_processor.py::TestTextRetrieval::test_get_page_text_empty_data 
[gw1] [ 34%] PASSED tests/unit/test_pdf_processor.py::TestTextRetrieval::test_get_page_text_empty_data 
tests/unit/test_pdf_processor.py::TestSaveExtractedText::test_save_extracted_text 
[gw1] [ 35%] PASSED tests/unit/test_pdf_processor.py::TestSaveExtractedText::test_save_extracted_text 
tests/unit/test_pdf_processor.py::TestSaveExtractedText::test_save_extracted_text_auto_path 
[gw1] [ 35%] PASSED tests/unit/test_pdf_processor.py::TestSaveExtractedText::test_save_extracted_text_auto_path 
tests/unit/test_pdf_processor.py::TestSaveExtractedText::test_save_extracted_text_no_data 
[gw0] [ 35%] PASSED tests/unit/test_parliament_data.py::TestParliamentaryTermDates::test_12th_parliament_dates 
[gw1] [ 35%] PASSED tests/unit/test_pdf_processor.py::TestSaveExtractedText::test_save_extracted_text_no_data 
tests/unit/test_parliament_data.py::TestCLI::test_main_with_arguments 
tests/unit/test_pdf_processor.py::TestSaveExtractedText::test_save_extracted_text_no_output_path 
[gw1] [ 35%] PASSED tests/unit/test_pdf_processor.py::TestSaveExtractedText::test_save_extracted_text_no_output_path 
[gw0] [ 35%] PASSED tests/unit/test_parliament_data.py::TestCLI::test_main_with_arguments 
tests/unit/test_pdf_processor.py::TestStatistics::test_statistics_calculation 
tests/unit/test_parliament_data.py::TestCLI::test_main_default_path 
[gw0] [ 35%] PASSED tests/unit/test_parliament_data.py::TestCLI::test_main_default_path 
tests/unit/test_parties.py::TestPartiesListingTemplate::test_template_file_exists 
[gw1] [ 35%] PASSED tests/unit/test_pdf_processor.py::TestStatistics::test_statistics_calculation 
[gw0] [ 36%] PASSED tests/unit/test_parties.py::TestPartiesListingTemplate::test_template_file_exists 
tests/unit/test_parties.py::TestPartiesListingTemplate::test_template_extends_base 
tests/unit/test_pdf_processor.py::TestProcessPDF::test_process_pdf_with_save 
[gw0] [ 36%] PASSED tests/unit/test_parties.py::TestPartiesListingTemplate::test_template_extends_base 
[gw3] [ 36%] PASSED tests/unit/test_hansard_scraper.py::TestHTMLExtraction::test_extract_links_from_cols2_table 
tests/unit/test_parties.py::TestPartiesListingTemplate::test_template_has_title_block 
tests/unit/test_hansard_scraper.py::TestHTMLExtraction::test_ignores_hidden_col0_table 
[gw0] [ 36%] PASSED tests/unit/test_parties.py::TestPartiesListingTemplate::test_template_has_title_block 
[gw1] [ 36%] PASSED tests/unit/test_pdf_processor.py::TestProcessPDF::test_process_pdf_with_save 
tests/unit/test_parties.py::TestPartiesListingTemplate::test_template_has_content_block 
[gw0] [ 36%] PASSED tests/unit/test_parties.py::TestPartiesListingTemplate::test_template_has_content_block 
tests/unit/test_pdf_processor.py::TestProcessPDF::test_process_pdf_without_save 
tests/unit/test_parties.py::TestPartiesListingRoute::test_parties_route_exists 
[gw1] [ 36%] PASSED tests/unit/test_pdf_processor.py::TestProcessPDF::test_process_pdf_without_save 
[gw3] [ 36%] PASSED tests/unit/test_hansard_scraper.py::TestHTMLExtraction::test_ignores_hidden_col0_table 
tests/unit/test_hansard_scraper.py::TestHTMLExtraction::test_filters_order_papers 
tests/unit/test_pdf_processor.py::TestProcessDirectory::test_process_directory_not_found 
[gw1] [ 37%] PASSED tests/unit/test_pdf_processor.py::TestProcessDirectory::test_process_directory_not_found 
[gw3] [ 37%] PASSED tests/unit/test_hansard_scraper.py::TestHTMLExtraction::test_filters_order_papers 
tests/unit/test_pdf_processor.py::TestProcessDirectory::test_process_directory_no_pdfs 
tests/unit/test_hansard_scraper.py::TestDateParsing::test_extract_date_formats[Thursday, 4th December 2025-2025-12-04] 
[gw3] [ 37%] PASSED tests/unit/test_hansard_scraper.py::TestDateParsing::test_extract_date_formats[Thursday, 4th December 2025-2025-12-04] 
tests/unit/test_import_mps.py::TestHonorificSeparation::test_parse_name_with_multiple_last_names 
[gw1] [ 37%] PASSED tests/unit/test_pdf_processor.py::TestProcessDirectory::test_process_directory_no_pdfs 
tests/unit/test_pdf_processor.py::TestProcessDirectory::test_process_directory_with_pdfs 
[gw3] [ 37%] PASSED tests/unit/test_import_mps.py::TestHonorificSeparation::test_parse_name_with_multiple_last_names 
tests/unit/test_import_mps.py::TestHonorificSeparation::test_parse_name_with_single_name 
[gw3] [ 37%] PASSED tests/unit/test_import_mps.py::TestHonorificSeparation::test_parse_name_with_single_name 
tests/unit/test_import_mps.py::TestHonorificSeparation::test_parse_name_case_insensitive 
[gw3] [ 37%] PASSED tests/unit/test_import_mps.py::TestHonorificSeparation::test_parse_name_case_insensitive 
[gw1] [ 37%] PASSED tests/unit/test_pdf_processor.py::TestProcessDirectory::test_process_directory_with_pdfs 
tests/unit/test_import_mps.py::TestCLI::test_main_with_arguments 
tests/unit/test_pdf_processor.py::TestRealPDFIntegration::test_extract_text_from_real_pdf 
[gw1] [ 38%] SKIPPED tests/unit/test_pdf_processor.py::TestRealPDFIntegration::test_extract_text_from_real_pdf 
tests/unit/test_pdf_processor.py::TestRealPDFIntegration::test_real_pdf_contains_expected_content 
[gw1] [ 38%] SKIPPED tests/unit/test_pdf_processor.py::TestRealPDFIntegration::test_real_pdf_contains_expected_content 
[gw3] [ 38%] PASSED tests/unit/test_import_mps.py::TestCLI::test_main_with_arguments 
tests/unit/test_pdf_processor.py::TestRealPDFIntegration::test_process_real_pdf_with_save 
tests/unit/test_import_mps.py::TestCLI::test_main_with_term_id 
[gw1] [ 38%] SKIPPED tests/unit/test_pdf_processor.py::TestRealPDFIntegration::test_process_real_pdf_with_save 
tests/unit/test_pdf_processor.py::TestRealPDFIntegration::test_get_page_text_from_real_pdf 
[gw1] [ 38%] SKIPPED tests/unit/test_pdf_processor.py::TestRealPDFIntegration::test_get_page_text_from_real_pdf 
[gw3] [ 38%] PASSED tests/unit/test_import_mps.py::TestCLI::test_main_with_term_id 
tests/unit/test_pdf_processor.py::TestCLI::test_main_with_pdf_argument 
tests/unit/test_mp_data_scraper.py::TestMPDataScraper::test_initialization 
[gw3] [ 38%] PASSED tests/unit/test_mp_data_scraper.py::TestMPDataScraper::test_initialization 
tests/unit/test_mp_data_scraper.py::TestMPDataScraper::test_build_url 
[gw1] [ 38%] PASSED tests/unit/test_pdf_processor.py::TestCLI::test_main_with_pdf_argument 
tests/unit/test_pdf_processor.py::TestCLI::test_main_with_print_flag 
[gw3] [ 39%] PASSED tests/unit/test_mp_data_scraper.py::TestMPDataScraper::test_build_url 
tests/unit/test_mp_data_scraper.py::TestMPDataScraper::test_build_url_different_term 
[gw3] [ 39%] PASSED tests/unit/test_mp_data_scraper.py::TestMPDataScraper::test_build_url_different_term 
[gw1] [ 39%] PASSED tests/unit/test_pdf_processor.py::TestCLI::test_main_with_print_flag 
tests/unit/test_mp_data_scraper.py::TestMPDataScraper::test_extract_mp_data_elected 
tests/unit/test_period_extractor.py::TestExtractFromContent::test_extract_evening_from_content 
[gw3] [ 39%] PASSED tests/unit/test_mp_data_scraper.py::TestMPDataScraper::test_extract_mp_data_elected 
tests/unit/test_mp_data_scraper.py::TestMPDataScraper::test_extract_mp_data_nominated 
[gw1] [ 39%] PASSED tests/unit/test_period_extractor.py::TestExtractFromContent::test_extract_evening_from_content 
tests/unit/test_period_extractor.py::TestExtractFromContent::test_extract_case_insensitive_content 
[gw3] [ 39%] PASSED tests/unit/test_mp_data_scraper.py::TestMPDataScraper::test_extract_mp_data_nominated 
tests/unit/test_mp_data_scraper.py::TestMPDataScraper::test_extract_mp_data_removes_hon_prefix 
[gw1] [ 39%] PASSED tests/unit/test_period_extractor.py::TestExtractFromContent::test_extract_case_insensitive_content 
tests/unit/test_period_extractor.py::TestExtractFromContent::test_extract_no_keywords_in_content 
[gw3] [ 39%] PASSED tests/unit/test_mp_data_scraper.py::TestMPDataScraper::test_extract_mp_data_removes_hon_prefix 
tests/unit/test_mp_data_scraper.py::TestMPDataScraper::test_extract_mp_data_invalid_row 
[gw1] [ 40%] PASSED tests/unit/test_period_extractor.py::TestExtractFromContent::test_extract_no_keywords_in_content 
[gw3] [ 40%] PASSED tests/unit/test_mp_data_scraper.py::TestMPDataScraper::test_extract_mp_data_invalid_row 
[gw0] [ 40%] PASSED tests/unit/test_parties.py::TestPartiesListingRoute::test_parties_route_exists 
tests/unit/test_period_extractor.py::TestExtractFromContent::test_extract_file_not_found 
tests/unit/test_mp_data_scraper.py::TestMPDataScraper::test_extract_mp_data_empty_name 
tests/unit/test_parties.py::TestPartiesListingRoute::test_parties_returns_html 
[gw1] [ 40%] PASSED tests/unit/test_period_extractor.py::TestExtractFromContent::test_extract_file_not_found 
[gw3] [ 40%] PASSED tests/unit/test_mp_data_scraper.py::TestMPDataScraper::test_extract_mp_data_empty_name 
tests/unit/test_period_extractor.py::TestExtractFromContent::test_extract_no_pages 
tests/unit/test_mp_data_scraper.py::TestMPDataScraper::test_has_next_page_true 
[gw1] [ 40%] PASSED tests/unit/test_period_extractor.py::TestExtractFromContent::test_extract_no_pages 
tests/unit/test_period_extractor.py::TestExtractFromContent::test_extract_empty_first_page 
[gw3] [ 40%] PASSED tests/unit/test_mp_data_scraper.py::TestMPDataScraper::test_has_next_page_true 
tests/unit/test_mp_data_scraper.py::TestMPDataScraper::test_has_next_page_false 
[gw1] [ 40%] PASSED tests/unit/test_period_extractor.py::TestExtractFromContent::test_extract_empty_first_page 
[gw3] [ 40%] PASSED tests/unit/test_mp_data_scraper.py::TestMPDataScraper::test_has_next_page_false 
tests/unit/test_period_extractor.py::TestExtractFromContent::test_extract_pdf_error 
tests/unit/test_mp_data_scraper.py::TestMPDataScraper::test_has_next_page_no_pager 
[gw0] [ 41%] PASSED tests/unit/test_parties.py::TestPartiesListingRoute::test_parties_returns_html 
[gw3] [ 41%] PASSED tests/unit/test_mp_data_scraper.py::TestMPDataScraper::test_has_next_page_no_pager 
tests/unit/test_mp_data_scraper.py::TestMPDataScraper::test_scrape_page_success 
tests/unit/test_parties.py::TestPartiesListingRoute::test_parties_has_content 
[gw1] [ 41%] PASSED tests/unit/test_period_extractor.py::TestExtractFromContent::test_extract_pdf_error 
tests/unit/test_period_extractor.py::TestExtractWithFallback::test_extract_from_title_first 
[gw1] [ 41%] PASSED tests/unit/test_period_extractor.py::TestExtractWithFallback::test_extract_from_title_first 
tests/unit/test_period_extractor.py::TestExtractWithFallback::test_extract_fallback_to_content 
[gw3] [ 41%] PASSED tests/unit/test_mp_data_scraper.py::TestMPDataScraper::test_scrape_page_success 
tests/unit/test_mp_data_scraper.py::TestMPDataScraper::test_scrape_page_no_table 
[gw1] [ 41%] PASSED tests/unit/test_period_extractor.py::TestExtractWithFallback::test_extract_fallback_to_content 
[gw3] [ 41%] PASSED tests/unit/test_mp_data_scraper.py::TestMPDataScraper::test_scrape_page_no_table 
tests/unit/test_period_extractor.py::TestExtractWithFallback::test_extract_default_to_p 
tests/unit/test_mp_data_scraper.py::TestMPDataScraper::test_scrape_page_fetch_fails 
[gw3] [ 41%] PASSED tests/unit/test_mp_data_scraper.py::TestMPDataScraper::test_scrape_page_fetch_fails 
[gw1] [ 42%] PASSED tests/unit/test_period_extractor.py::TestExtractWithFallback::test_extract_default_to_p 
tests/unit/test_period_extractor.py::TestExtractWithFallback::test_extract_file_not_found_defaults_to_p 
tests/unit/test_period_extractor.py::TestExtractWithFallback::test_extract_no_title_provided 
[gw0] [ 42%] PASSED tests/unit/test_parties.py::TestPartiesListingRoute::test_parties_has_content 
[gw3] [ 42%] PASSED tests/unit/test_period_extractor.py::TestExtractWithFallback::test_extract_file_not_found_defaults_to_p 
[gw1] [ 42%] PASSED tests/unit/test_period_extractor.py::TestExtractWithFallback::test_extract_no_title_provided 
tests/unit/test_period_extractor.py::TestKeywordsMapping::test_keywords_structure 
tests/unit/test_period_extractor.py::TestExtractWithFallback::test_extract_empty_title 
tests/unit/test_parties.py::TestPartiesListingContent::test_shows_page_title 
[gw3] [ 42%] PASSED tests/unit/test_period_extractor.py::TestKeywordsMapping::test_keywords_structure 
[gw1] [ 42%] PASSED tests/unit/test_period_extractor.py::TestExtractWithFallback::test_extract_empty_title 
tests/unit/test_period_extractor.py::TestKeywordsMapping::test_keywords_content 
[gw2] [ 42%] PASSED tests/unit/test_mp_name_parsing_property.py::TestMPNameParsingProperty::test_case_insensitive_honorific_property 
tests/unit/test_search.py::TestSearchIndex::test_search_index_keywords 
tests/unit/test_mp_name_parsing_property.py::TestMPNameParsingProperty::test_parsing_never_crashes 
[gw3] [ 42%] PASSED tests/unit/test_period_extractor.py::TestKeywordsMapping::test_keywords_content 
tests/unit/test_period_extractor.py::TestKeywordsMapping::test_all_keywords_lowercase 
[gw2] [ 43%] PASSED tests/unit/test_mp_name_parsing_property.py::TestMPNameParsingProperty::test_parsing_never_crashes 
[gw3] [ 43%] PASSED tests/unit/test_period_extractor.py::TestKeywordsMapping::test_all_keywords_lowercase 
tests/unit/test_mp_profile.py::TestMPProfileRoute::test_mp_profile_route_exists 
tests/unit/test_period_extractor.py::TestEdgeCases::test_multiple_keywords_in_content 
[gw3] [ 43%] PASSED tests/unit/test_period_extractor.py::TestEdgeCases::test_multiple_keywords_in_content 
tests/unit/test_period_extractor.py::TestEdgeCases::test_keyword_in_different_context 
[gw3] [ 43%] PASSED tests/unit/test_period_extractor.py::TestEdgeCases::test_keyword_in_different_context 
[gw0] [ 43%] PASSED tests/unit/test_parties.py::TestPartiesListingContent::test_shows_page_title 
tests/unit/test_period_extractor.py::TestEdgeCases::test_whitespace_handling 
tests/unit/test_parties.py::TestPartiesListingContent::test_shows_party_cards 
[gw3] [ 43%] PASSED tests/unit/test_period_extractor.py::TestEdgeCases::test_whitespace_handling 
tests/unit/test_period_extractor.py::TestEdgeCases::test_special_characters_in_title 
[gw3] [ 43%] PASSED tests/unit/test_period_extractor.py::TestEdgeCases::test_special_characters_in_title 
[gw1] [ 43%] PASSED tests/unit/test_search.py::TestSearchIndex::test_search_index_keywords 
tests/unit/test_period_extractor.py::TestEdgeCases::test_unicode_content 
tests/unit/test_search.py::TestSearchIndex::test_search_index_historical_terms 
[gw3] [ 44%] PASSED tests/unit/test_period_extractor.py::TestEdgeCases::test_unicode_content 
tests/unit/test_period_extractor.py::TestPeriodExtractionProperties::test_no_keywords_returns_none_property 
[gw0] [ 44%] PASSED tests/unit/test_parties.py::TestPartiesListingContent::test_shows_party_cards 
tests/unit/test_parties.py::TestPartiesListingContent::test_shows_mp_counts 
[gw1] [ 44%] PASSED tests/unit/test_search.py::TestSearchIndex::test_search_index_historical_terms 
tests/unit/test_search.py::TestSearchUI::test_homepage_has_search_input 
[gw0] [ 44%] PASSED tests/unit/test_parties.py::TestPartiesListingContent::test_shows_mp_counts 
tests/unit/test_parties.py::TestPartyDetailTemplate::test_template_file_exists 
[gw0] [ 44%] PASSED tests/unit/test_parties.py::TestPartyDetailTemplate::test_template_file_exists 
tests/unit/test_parties.py::TestPartyDetailTemplate::test_template_extends_base 
[gw0] [ 44%] PASSED tests/unit/test_parties.py::TestPartyDetailTemplate::test_template_extends_base 
[gw1] [ 44%] PASSED tests/unit/test_search.py::TestSearchUI::test_homepage_has_search_input 
tests/unit/test_period_extractor.py::TestExtractFromTitle::test_period_extraction_from_title[Hansard Report - Afternoon Session-A] 
tests/unit/test_search.py::TestSearchUI::test_homepage_has_search_results_container 
[gw0] [ 44%] PASSED tests/unit/test_period_extractor.py::TestExtractFromTitle::test_period_extraction_from_title[Hansard Report - Afternoon Session-A] 
tests/unit/test_period_extractor.py::TestExtractFromTitle::test_period_extraction_from_title[Morning Plenary Session-P] 
[gw1] [ 45%] PASSED tests/unit/test_search.py::TestSearchUI::test_homepage_has_search_results_container 
tests/unit/test_search.py::TestSearchUI::test_homepage_loads_fusejs 
[gw0] [ 45%] PASSED tests/unit/test_period_extractor.py::TestExtractFromTitle::test_period_extraction_from_title[Morning Plenary Session-P] 
tests/unit/test_period_extractor.py::TestExtractFromTitle::test_period_extraction_from_title[Plenary Session Report-P] 
[gw0] [ 45%] PASSED tests/unit/test_period_extractor.py::TestExtractFromTitle::test_period_extraction_from_title[Plenary Session Report-P] 
tests/unit/test_period_extractor.py::TestExtractFromTitle::test_period_extraction_from_title[Evening Session - Hansard-E] 
[gw1] [ 45%] PASSED tests/unit/test_search.py::TestSearchUI::test_homepage_loads_fusejs 
tests/unit/test_search.py::TestSearchUI::test_homepage_loads_search_js 
[gw0] [ 45%] PASSED tests/unit/test_period_extractor.py::TestExtractFromTitle::test_period_extraction_from_title[Evening Session - Hansard-E] 
tests/unit/test_period_extractor.py::TestExtractFromTitle::test_extract_case_insensitive 
[gw0] [ 45%] PASSED tests/unit/test_period_extractor.py::TestExtractFromTitle::test_extract_case_insensitive 
[gw1] [ 45%] PASSED tests/unit/test_search.py::TestSearchUI::test_homepage_loads_search_js 
tests/unit/test_period_extractor.py::TestExtractFromTitle::test_extract_first_match_when_multiple_keywords 
tests/unit/test_search.py::TestSearchUI::test_search_js_file_exists 
[gw0] [ 45%] PASSED tests/unit/test_period_extractor.py::TestExtractFromTitle::test_extract_first_match_when_multiple_keywords 
tests/unit/test_period_extractor.py::TestExtractFromTitle::test_extract_no_keywords_found 
[gw1] [ 46%] PASSED tests/unit/test_search.py::TestSearchUI::test_search_js_file_exists 
tests/unit/test_search.py::TestSearchIndexEndpoint::test_search_index_accessible 
[gw0] [ 46%] PASSED tests/unit/test_period_extractor.py::TestExtractFromTitle::test_extract_no_keywords_found 
tests/unit/test_period_extractor.py::TestExtractFromTitle::test_extract_empty_title 
[gw0] [ 46%] PASSED tests/unit/test_period_extractor.py::TestExtractFromTitle::test_extract_empty_title 
tests/unit/test_period_extractor.py::TestExtractFromTitle::test_extract_keyword_as_substring 
[gw0] [ 46%] PASSED tests/unit/test_period_extractor.py::TestExtractFromTitle::test_extract_keyword_as_substring 
tests/unit/test_period_extractor.py::TestExtractFromContent::test_extract_afternoon_from_content 
[gw0] [ 46%] PASSED tests/unit/test_period_extractor.py::TestExtractFromContent::test_extract_afternoon_from_content 
tests/unit/test_period_extractor.py::TestExtractFromContent::test_extract_morning_from_content 
[gw0] [ 46%] PASSED tests/unit/test_period_extractor.py::TestExtractFromContent::test_extract_morning_from_content 
tests/unit/test_period_extractor.py::TestExtractFromContent::test_extract_plenary_from_content 
[gw1] [ 46%] PASSED tests/unit/test_search.py::TestSearchIndexEndpoint::test_search_index_accessible 
[gw0] [ 46%] PASSED tests/unit/test_period_extractor.py::TestExtractFromContent::test_extract_plenary_from_content 
tests/unit/test_site_generator.py::TestURLFor::test_static_endpoint_with_base_path 
tests/unit/test_search.py::TestSearchFunctionality::test_search_with_empty_query 
[gw0] [ 47%] PASSED tests/unit/test_site_generator.py::TestURLFor::test_static_endpoint_with_base_path 
[gw2] [ 47%] PASSED tests/unit/test_mp_profile.py::TestMPProfileRoute::test_mp_profile_route_exists 
tests/unit/test_site_generator.py::TestURLFor::test_index_endpoint_no_base_path 
[gw0] [ 47%] PASSED tests/unit/test_site_generator.py::TestURLFor::test_index_endpoint_no_base_path 
tests/unit/test_mp_profile.py::TestMPProfileRoute::test_mp_profile_not_found 
tests/unit/test_site_generator.py::TestURLFor::test_index_endpoint_with_base_path 
[gw0] [ 47%] PASSED tests/unit/test_site_generator.py::TestURLFor::test_index_endpoint_with_base_path 
tests/unit/test_site_generator.py::TestURLFor::test_mps_list_endpoint_with_base_path 
[gw0] [ 47%] PASSED tests/unit/test_site_generator.py::TestURLFor::test_mps_list_endpoint_with_base_path 
tests/unit/test_site_generator.py::TestURLFor::test_mp_profile_endpoint_with_base_path 
[gw0] [ 47%] PASSED tests/unit/test_site_generator.py::TestURLFor::test_mp_profile_endpoint_with_base_path 
tests/unit/test_site_generator.py::TestURLFor::test_parties_endpoint_with_base_path 
[gw0] [ 47%] PASSED tests/unit/test_site_generator.py::TestURLFor::test_parties_endpoint_with_base_path 
tests/unit/test_site_generator.py::TestURLFor::test_party_detail_endpoint_with_base_path 
[gw0] [ 47%] PASSED tests/unit/test_site_generator.py::TestURLFor::test_party_detail_endpoint_with_base_path 
tests/unit/test_site_generator.py::TestURLFor::test_base_path_trailing_slash_removed 
[gw1] [ 48%] PASSED tests/unit/test_search.py::TestSearchFunctionality::test_search_with_empty_query 
[gw0] [ 48%] PASSED tests/unit/test_site_generator.py::TestURLFor::test_base_path_trailing_slash_removed 
[gw2] [ 48%] PASSED tests/unit/test_mp_profile.py::TestMPProfileRoute::test_mp_profile_not_found 
tests/unit/test_site_generator.py::TestLogoFilename::test_simple_party_name 
tests/unit/test_search.py::TestSearchFunctionality::test_search_by_name 
tests/unit/test_mp_profile.py::TestMPProfileRoute::test_mp_profile_contains_mp_name 
[gw0] [ 48%] PASSED tests/unit/test_site_generator.py::TestLogoFilename::test_simple_party_name 
tests/unit/test_site_generator.py::TestLogoFilename::test_party_with_spaces 
[gw0] [ 48%] PASSED tests/unit/test_site_generator.py::TestLogoFilename::test_party_with_spaces 
tests/unit/test_site_generator.py::TestLogoFilename::test_ford_k_special_case 
[gw0] [ 48%] PASSED tests/unit/test_site_generator.py::TestLogoFilename::test_ford_k_special_case 
tests/unit/test_site_generator.py::TestLogoFilename::test_independent_special_case 
[gw0] [ 48%] PASSED tests/unit/test_site_generator.py::TestLogoFilename::test_independent_special_case 
tests/unit/test_site_generator.py::TestSiteGeneration::test_generate_site_creates_output_dir 
[gw1] [ 48%] PASSED tests/unit/test_search.py::TestSearchFunctionality::test_search_by_name 
[gw2] [ 49%] PASSED tests/unit/test_mp_profile.py::TestMPProfileRoute::test_mp_profile_contains_mp_name 
tests/unit/test_search.py::TestSearchFunctionality::test_search_by_constituency 
tests/unit/test_mp_profile.py::TestMPProfileTemplate::test_template_file_exists 
[gw2] [ 49%] PASSED tests/unit/test_mp_profile.py::TestMPProfileTemplate::test_template_file_exists 
tests/unit/test_mp_profile.py::TestMPProfileTemplate::test_template_extends_base 
[gw2] [ 49%] PASSED tests/unit/test_mp_profile.py::TestMPProfileTemplate::test_template_extends_base 
tests/unit/test_mp_profile.py::TestMPProfileTemplate::test_template_has_title_block 
[gw3] [ 49%] PASSED tests/unit/test_period_extractor.py::TestPeriodExtractionProperties::test_no_keywords_returns_none_property 
[gw2] [ 49%] PASSED tests/unit/test_mp_profile.py::TestMPProfileTemplate::test_template_has_title_block 
tests/unit/test_search.py::TestSearchIndex::test_search_index_structure 
tests/unit/test_mp_profile.py::TestMPProfileTemplate::test_template_has_content_block 
[gw2] [ 49%] PASSED tests/unit/test_mp_profile.py::TestMPProfileTemplate::test_template_has_content_block 
tests/unit/test_mp_profile.py::TestMPProfileContent::test_profile_displays_mp_info 
[gw1] [ 49%] PASSED tests/unit/test_search.py::TestSearchFunctionality::test_search_by_constituency 
tests/unit/test_search_index_generator.py::test_generate_search_index_mp_data 
[gw3] [ 49%] PASSED tests/unit/test_search.py::TestSearchIndex::test_search_index_structure 
[gw2] [ 50%] PASSED tests/unit/test_mp_profile.py::TestMPProfileContent::test_profile_displays_mp_info 
tests/unit/test_search.py::TestSearchIndex::test_search_index_current_term 
tests/unit/test_mp_profile.py::TestMPProfileContent::test_profile_displays_performance_metrics 
[gw1] [ 50%] PASSED tests/unit/test_search_index_generator.py::test_generate_search_index_mp_data 
tests/unit/test_search_index_generator.py::test_generate_search_index_current_term_data 
[gw2] [ 50%] PASSED tests/unit/test_mp_profile.py::TestMPProfileContent::test_profile_displays_performance_metrics 
tests/unit/test_mp_profile.py::TestMPProfileContent::test_profile_has_statements_section 
[gw3] [ 50%] PASSED tests/unit/test_search.py::TestSearchIndex::test_search_index_current_term 
tests/unit/test_search.py::TestSearchFunctionality::test_search_by_party 
[gw1] [ 50%] PASSED tests/unit/test_search_index_generator.py::test_generate_search_index_current_term_data 
tests/unit/test_search_index_generator.py::test_generate_search_index_historical_terms 
[gw2] [ 50%] PASSED tests/unit/test_mp_profile.py::TestMPProfileContent::test_profile_has_statements_section 
tests/unit/test_mp_profile.py::TestMPProfileResponsive::test_template_has_responsive_classes 
[gw2] [ 50%] PASSED tests/unit/test_mp_profile.py::TestMPProfileResponsive::test_template_has_responsive_classes 
[gw3] [ 50%] PASSED tests/unit/test_search.py::TestSearchFunctionality::test_search_by_party 
tests/unit/test_site_generator.py::TestSiteGeneration::test_generate_site_creates_nojekyll 
tests/unit/test_search.py::TestSearchPerformance::test_search_index_size 
[gw1] [ 51%] PASSED tests/unit/test_search_index_generator.py::test_generate_search_index_historical_terms 
tests/unit/test_search_index_generator.py::test_generate_search_index_keywords 
[gw3] [ 51%] PASSED tests/unit/test_search.py::TestSearchPerformance::test_search_index_size 
tests/unit/test_search.py::TestSearchPerformance::test_search_index_json_valid 
[gw1] [ 51%] PASSED tests/unit/test_search_index_generator.py::test_generate_search_index_keywords 
tests/unit/test_search_index_generator.py::test_generate_search_index_sorted_by_name 
[gw3] [ 51%] PASSED tests/unit/test_search.py::TestSearchPerformance::test_search_index_json_valid 
tests/unit/test_search.py::TestSearchPerformance::test_keywords_no_duplicates 
[gw1] [ 51%] PASSED tests/unit/test_search_index_generator.py::test_generate_search_index_sorted_by_name 
tests/unit/test_search_index_generator.py::test_generate_search_index_json_format 
[gw1] [ 51%] PASSED tests/unit/test_search_index_generator.py::test_generate_search_index_json_format 
tests/unit/test_search_index_generator.py::test_generate_search_index_missing_database 
[gw1] [ 51%] PASSED tests/unit/test_search_index_generator.py::test_generate_search_index_missing_database 
tests/unit/test_search_index_generator.py::test_generate_search_index_creates_output_directory 
[gw1] [ 51%] PASSED tests/unit/test_search_index_generator.py::test_generate_search_index_creates_output_directory 
tests/unit/test_session_linking_property.py::TestSessionLinkingProperty::test_session_linking_updates_database 
[gw3] [ 52%] PASSED tests/unit/test_search.py::TestSearchPerformance::test_keywords_no_duplicates 
tests/unit/test_search_index_generator.py::test_get_db_connection 
[gw0] [ 52%] PASSED tests/unit/test_site_generator.py::TestSiteGeneration::test_generate_site_creates_output_dir 
[gw3] [ 52%] PASSED tests/unit/test_search_index_generator.py::test_get_db_connection 
tests/unit/test_search_index_generator.py::test_generate_keywords_basic 
[gw3] [ 52%] PASSED tests/unit/test_search_index_generator.py::test_generate_keywords_basic 
tests/unit/test_search_index_generator.py::test_generate_keywords_with_county 
[gw3] [ 52%] PASSED tests/unit/test_search_index_generator.py::test_generate_keywords_with_county 
tests/unit/test_search_index_generator.py::test_generate_keywords_no_duplicates 
[gw3] [ 52%] PASSED tests/unit/test_search_index_generator.py::test_generate_keywords_no_duplicates 
tests/unit/test_search_index_generator.py::test_generate_keywords_empty_data 
[gw3] [ 52%] PASSED tests/unit/test_search_index_generator.py::test_generate_keywords_empty_data 
tests/unit/test_search_index_generator.py::test_generate_keywords_none_values 
[gw3] [ 52%] PASSED tests/unit/test_search_index_generator.py::test_generate_keywords_none_values 
tests/unit/test_search_index_generator.py::test_generate_search_index_basic 
tests/unit/test_site_generator.py::TestSiteGeneration::test_generate_site_creates_index 
[gw3] [ 53%] PASSED tests/unit/test_search_index_generator.py::test_generate_search_index_basic 
tests/unit/test_storage_abstraction.py::TestFilesystemStorage::test_read_raises_for_nonexistent_file 
[gw3] [ 53%] PASSED tests/unit/test_storage_abstraction.py::TestFilesystemStorage::test_read_raises_for_nonexistent_file 
tests/unit/test_storage_abstraction.py::TestFilesystemStorage::test_delete_removes_file 
[gw3] [ 53%] PASSED tests/unit/test_storage_abstraction.py::TestFilesystemStorage::test_delete_removes_file 
tests/unit/test_storage_abstraction.py::TestFilesystemStorage::test_delete_raises_for_nonexistent_file 
[gw3] [ 53%] PASSED tests/unit/test_storage_abstraction.py::TestFilesystemStorage::test_delete_raises_for_nonexistent_file 
tests/unit/test_storage_abstraction.py::TestFilesystemStorage::test_move_renames_file 
[gw3] [ 53%] PASSED tests/unit/test_storage_abstraction.py::TestFilesystemStorage::test_move_renames_file 
tests/unit/test_storage_abstraction.py::TestFilesystemStorage::test_move_creates_parent_directories 
[gw3] [ 53%] PASSED tests/unit/test_storage_abstraction.py::TestFilesystemStorage::test_move_creates_parent_directories 
tests/unit/test_storage_abstraction.py::TestFilesystemStorage::test_move_overwrites_destination 
[gw3] [ 53%] PASSED tests/unit/test_storage_abstraction.py::TestFilesystemStorage::test_move_overwrites_destination 
tests/unit/test_storage_abstraction.py::TestFilesystemStorage::test_move_raises_for_nonexistent_source 
[gw3] [ 53%] PASSED tests/unit/test_storage_abstraction.py::TestFilesystemStorage::test_move_raises_for_nonexistent_source 
tests/unit/test_storage_abstraction.py::TestFilesystemStorage::test_list_files_returns_empty_for_empty_storage 
[gw3] [ 54%] PASSED tests/unit/test_storage_abstraction.py::TestFilesystemStorage::test_list_files_returns_empty_for_empty_storage 
tests/unit/test_storage_abstraction.py::TestFilesystemStorage::test_list_files_returns_all_files 
[gw2] [ 54%] PASSED tests/unit/test_site_generator.py::TestSiteGeneration::test_generate_site_creates_nojekyll 
[gw3] [ 54%] PASSED tests/unit/test_storage_abstraction.py::TestFilesystemStorage::test_list_files_returns_all_files 
tests/unit/test_storage_abstraction.py::TestFilesystemStorage::test_list_files_filters_by_prefix 
[gw3] [ 54%] PASSED tests/unit/test_storage_abstraction.py::TestFilesystemStorage::test_list_files_filters_by_prefix 
tests/unit/test_storage_abstraction.py::TestFilesystemStorage::test_list_files_returns_sorted_results 
[gw3] [ 54%] PASSED tests/unit/test_storage_abstraction.py::TestFilesystemStorage::test_list_files_returns_sorted_results 
tests/unit/test_site_generator.py::TestSiteGeneration::test_generate_site_with_nonexistent_db 
tests/unit/test_storage_abstraction.py::TestStorageInterface::test_property_storage_preserves_content 
[gw2] [ 54%] PASSED tests/unit/test_site_generator.py::TestSiteGeneration::test_generate_site_with_nonexistent_db 
tests/unit/test_site_generator.py::TestSiteGeneration::test_generate_site_with_base_path 
[gw0] [ 54%] PASSED tests/unit/test_site_generator.py::TestSiteGeneration::test_generate_site_creates_index 
tests/unit/test_site_generator.py::TestSiteGeneration::test_generate_site_creates_mps_listing 
[gw2] [ 54%] PASSED tests/unit/test_site_generator.py::TestSiteGeneration::test_generate_site_with_base_path 
tests/unit/test_site_generator.py::TestMPProfileContent::test_mp_profile_contains_name 
[gw0] [ 55%] PASSED tests/unit/test_site_generator.py::TestSiteGeneration::test_generate_site_creates_mps_listing 
[gw4] [ 55%] PASSED tests/unit/test_hansard_scraper.py::TestDownloadLogic::test_download_new_file 
tests/unit/test_hansard_scraper.py::TestDownloadLogic::test_skip_existing_file 
tests/unit/test_site_generator.py::TestSiteGeneration::test_generate_site_creates_mp_profiles 
[gw4] [ 55%] PASSED tests/unit/test_hansard_scraper.py::TestDownloadLogic::test_skip_existing_file 
tests/unit/test_hansard_scraper.py::TestDownloadLogic::test_filter_by_date_range 
[gw4] [ 55%] PASSED tests/unit/test_hansard_scraper.py::TestDownloadLogic::test_filter_by_date_range 
tests/unit/test_hansard_scraper.py::TestDownloadLogic::test_download_failure_cleanup 
[gw2] [ 55%] PASSED tests/unit/test_site_generator.py::TestMPProfileContent::test_mp_profile_contains_name 
tests/unit/test_site_generator.py::TestMPProfileContent::test_mp_profile_contains_constituency 
[gw3] [ 55%] PASSED tests/unit/test_storage_abstraction.py::TestStorageInterface::test_property_storage_preserves_content 
tests/unit/test_storage_abstraction.py::TestStorageInterface::test_property_write_read_cycle 
[gw0] [ 55%] PASSED tests/unit/test_site_generator.py::TestSiteGeneration::test_generate_site_creates_mp_profiles 
tests/unit/test_site_generator.py::TestSiteGeneration::test_generate_site_creates_parties_listing 
[gw2] [ 55%] PASSED tests/unit/test_site_generator.py::TestMPProfileContent::test_mp_profile_contains_constituency 
tests/unit/test_site_generator.py::TestPartiesContent::test_parties_listing_contains_party_names 
[gw0] [ 56%] PASSED tests/unit/test_site_generator.py::TestSiteGeneration::test_generate_site_creates_parties_listing 
tests/unit/test_site_generator.py::TestSiteGeneration::test_generate_site_creates_party_pages 
[gw2] [ 56%] PASSED tests/unit/test_site_generator.py::TestPartiesContent::test_parties_listing_contains_party_names 
tests/unit/test_site_generator.py::TestPartiesContent::test_party_page_contains_party_name 
[gw0] [ 56%] PASSED tests/unit/test_site_generator.py::TestSiteGeneration::test_generate_site_creates_party_pages 
tests/unit/test_site_generator.py::TestSiteGeneration::test_generate_site_creates_placeholder_pages 
[gw3] [ 56%] PASSED tests/unit/test_storage_abstraction.py::TestStorageInterface::test_property_write_read_cycle 
tests/unit/test_storage_abstraction.py::TestStorageInterface::test_property_move_preserves_content 
[gw2] [ 56%] PASSED tests/unit/test_site_generator.py::TestPartiesContent::test_party_page_contains_party_name 
tests/unit/test_site_generator.py::TestFileStructure::test_output_has_correct_structure 
[gw0] [ 56%] PASSED tests/unit/test_site_generator.py::TestSiteGeneration::test_generate_site_creates_placeholder_pages 
tests/unit/test_site_generator.py::TestSiteGeneration::test_generate_site_copies_static_files 
[gw2] [ 56%] PASSED tests/unit/test_site_generator.py::TestFileStructure::test_output_has_correct_structure 
tests/unit/test_site_generator.py::TestFileStructure::test_mp_profiles_have_index_html 
[gw0] [ 56%] PASSED tests/unit/test_site_generator.py::TestSiteGeneration::test_generate_site_copies_static_files 
tests/unit/test_storage_abstraction.py::TestStorageConfiguration::test_get_storage_backend_raises_for_unsupported_type 
[gw0] [ 57%] PASSED tests/unit/test_storage_abstraction.py::TestStorageConfiguration::test_get_storage_backend_raises_for_unsupported_type 
tests/unit/test_storage_abstraction.py::TestStorageConfiguration::test_default_storage_backend_is_filesystem 
[gw0] [ 57%] PASSED tests/unit/test_storage_abstraction.py::TestStorageConfiguration::test_default_storage_backend_is_filesystem 
tests/unit/test_templates.py::TestBaseTemplate::test_base_template_exists 
[gw0] [ 57%] PASSED tests/unit/test_templates.py::TestBaseTemplate::test_base_template_exists 
tests/unit/test_templates.py::TestBaseTemplate::test_base_template_has_required_blocks 
[gw0] [ 57%] PASSED tests/unit/test_templates.py::TestBaseTemplate::test_base_template_has_required_blocks 
tests/unit/test_templates.py::TestBaseTemplate::test_base_template_has_navigation 
[gw0] [ 57%] PASSED tests/unit/test_templates.py::TestBaseTemplate::test_base_template_has_navigation 
tests/unit/test_templates.py::TestBaseTemplate::test_base_template_has_header 
[gw0] [ 57%] PASSED tests/unit/test_templates.py::TestBaseTemplate::test_base_template_has_header 
tests/unit/test_templates.py::TestBaseTemplate::test_base_template_has_footer 
[gw0] [ 57%] PASSED tests/unit/test_templates.py::TestBaseTemplate::test_base_template_has_footer 
tests/unit/test_templates.py::TestBaseTemplate::test_base_template_includes_css 
[gw0] [ 57%] PASSED tests/unit/test_templates.py::TestBaseTemplate::test_base_template_includes_css 
tests/unit/test_templates.py::TestBaseTemplate::test_base_template_includes_js 
[gw2] [ 58%] PASSED tests/unit/test_site_generator.py::TestFileStructure::test_mp_profiles_have_index_html 
[gw0] [ 58%] PASSED tests/unit/test_templates.py::TestBaseTemplate::test_base_template_includes_js 
tests/unit/test_templates.py::TestStaticAssets::test_css_directory_exists 
[gw0] [ 58%] PASSED tests/unit/test_templates.py::TestStaticAssets::test_css_directory_exists 
tests/unit/test_templates.py::TestStaticAssets::test_js_directory_exists 
[gw0] [ 58%] PASSED tests/unit/test_templates.py::TestStaticAssets::test_js_directory_exists 
tests/unit/test_templates.py::TestStaticAssets::test_images_directory_exists 
[gw0] [ 58%] PASSED tests/unit/test_templates.py::TestStaticAssets::test_images_directory_exists 
tests/unit/test_templates.py::TestStaticAssets::test_main_css_exists 
[gw0] [ 58%] PASSED tests/unit/test_templates.py::TestStaticAssets::test_main_css_exists 
tests/unit/test_templates.py::TestStaticAssets::test_main_js_exists 
[gw0] [ 58%] PASSED tests/unit/test_templates.py::TestStaticAssets::test_main_js_exists 
tests/unit/test_templates.py::TestStaticAssets::test_main_css_has_content 
[gw0] [ 58%] PASSED tests/unit/test_templates.py::TestStaticAssets::test_main_css_has_content 
tests/unit/test_templates.py::TestStaticAssets::test_main_js_has_content 
[gw0] [ 59%] PASSED tests/unit/test_templates.py::TestStaticAssets::test_main_js_has_content 
tests/unit/test_site_generator.py::TestFileStructure::test_party_pages_have_index_html 
tests/unit/test_templates.py::TestResponsiveDesign::test_css_has_mobile_first_approach 
[gw0] [ 59%] PASSED tests/unit/test_templates.py::TestResponsiveDesign::test_css_has_mobile_first_approach 
tests/unit/test_templates.py::TestResponsiveDesign::test_base_template_has_viewport_meta 
[gw0] [ 59%] PASSED tests/unit/test_templates.py::TestResponsiveDesign::test_base_template_has_viewport_meta 
tests/unit/test_templates.py::TestAccessibility::test_base_template_has_lang_attribute 
[gw0] [ 59%] PASSED tests/unit/test_templates.py::TestAccessibility::test_base_template_has_lang_attribute 
tests/unit/test_templates.py::TestAccessibility::test_base_template_has_semantic_html 
[gw0] [ 59%] PASSED tests/unit/test_templates.py::TestAccessibility::test_base_template_has_semantic_html 
tests/unit/test_templates.py::TestAccessibility::test_mobile_menu_has_aria_label 
[gw0] [ 59%] PASSED tests/unit/test_templates.py::TestAccessibility::test_mobile_menu_has_aria_label 
tests/integration/test_cli_db_manager.py::TestBackupCommand::test_backup_command_success 
[gw0] [ 59%] PASSED tests/integration/test_cli_db_manager.py::TestBackupCommand::test_backup_command_success 
tests/integration/test_cli_db_manager.py::TestBackupCommand::test_backup_command_database_not_found 
[gw0] [ 59%] PASSED tests/integration/test_cli_db_manager.py::TestBackupCommand::test_backup_command_database_not_found 
tests/integration/test_cli_db_manager.py::TestBackupCommand::test_backup_command_argument_parsing 
[gw0] [ 60%] PASSED tests/integration/test_cli_db_manager.py::TestBackupCommand::test_backup_command_argument_parsing 
tests/integration/test_cli_db_manager.py::TestCleanCommand::test_clean_command_success_with_confirmation 
[gw0] [ 60%] PASSED tests/integration/test_cli_db_manager.py::TestCleanCommand::test_clean_command_success_with_confirmation 
tests/integration/test_cli_db_manager.py::TestCleanCommand::test_clean_command_database_not_found 
[gw0] [ 60%] PASSED tests/integration/test_cli_db_manager.py::TestCleanCommand::test_clean_command_database_not_found 
tests/integration/test_cli_db_manager.py::TestCleanCommand::test_clean_command_argument_parsing 
[gw0] [ 60%] PASSED tests/integration/test_cli_db_manager.py::TestCleanCommand::test_clean_command_argument_parsing 
tests/integration/test_cli_db_manager.py::TestMainFunction::test_main_with_backup_command 
[gw0] [ 60%] PASSED tests/integration/test_cli_db_manager.py::TestMainFunction::test_main_with_backup_command 
tests/integration/test_cli_db_manager.py::TestMainFunction::test_main_with_clean_command 
[gw0] [ 60%] PASSED tests/integration/test_cli_db_manager.py::TestMainFunction::test_main_with_clean_command 
tests/integration/test_cli_db_manager.py::TestMainFunction::test_main_keyboard_interrupt 
[gw0] [ 60%] PASSED tests/integration/test_cli_db_manager.py::TestMainFunction::test_main_keyboard_interrupt 
tests/integration/test_cli_run_workflow.py::TestArgumentParsing::test_default_arguments 
[gw0] [ 60%] PASSED tests/integration/test_cli_run_workflow.py::TestArgumentParsing::test_default_arguments 
tests/integration/test_cli_run_workflow.py::TestArgumentParsing::test_custom_arguments 
[gw0] [ 60%] PASSED tests/integration/test_cli_run_workflow.py::TestArgumentParsing::test_custom_arguments 
tests/integration/test_cli_run_workflow.py::TestArgumentParsing::test_date_range_arguments 
[gw0] [ 61%] PASSED tests/integration/test_cli_run_workflow.py::TestArgumentParsing::test_date_range_arguments 
tests/integration/test_cli_run_workflow.py::TestMainFunction::test_main_success 
[gw2] [ 61%] PASSED tests/unit/test_site_generator.py::TestFileStructure::test_party_pages_have_index_html 
[gw0] [ 61%] PASSED tests/integration/test_cli_run_workflow.py::TestMainFunction::test_main_success 
tests/integration/test_cli_run_workflow.py::TestMainFunction::test_main_with_date_range 
[gw0] [ 61%] PASSED tests/integration/test_cli_run_workflow.py::TestMainFunction::test_main_with_date_range 
tests/integration/test_cli_run_workflow.py::TestMainFunction::test_main_workflow_failure 
[gw0] [ 61%] PASSED tests/integration/test_cli_run_workflow.py::TestMainFunction::test_main_workflow_failure 
tests/integration/test_cli_run_workflow.py::TestMainFunction::test_main_keyboard_interrupt 
[gw0] [ 61%] PASSED tests/integration/test_cli_run_workflow.py::TestMainFunction::test_main_keyboard_interrupt 
tests/integration/test_cli_run_workflow.py::TestWorkflowIntegration::test_orchestrator_initialization 
[gw0] [ 61%] PASSED tests/integration/test_cli_run_workflow.py::TestWorkflowIntegration::test_orchestrator_initialization 
tests/unit/test_templates.py::TestBaseTemplate::test_base_template_mobile_menu 
tests/integration/test_database.py::TestDatabaseSchema::test_create_tables 
[gw2] [ 61%] PASSED tests/unit/test_templates.py::TestBaseTemplate::test_base_template_mobile_menu 
tests/unit/test_templates.py::TestBaseTemplate::test_base_template_active_page_highlighting 
[gw0] [ 62%] PASSED tests/integration/test_database.py::TestDatabaseSchema::test_create_tables 
tests/integration/test_database.py::TestDatabaseSchema::test_parliamentary_terms_table_structure 
[gw2] [ 62%] PASSED tests/unit/test_templates.py::TestBaseTemplate::test_base_template_active_page_highlighting 
tests/unit/test_templates.py::TestPageTemplate::test_test_page_exists 
[gw2] [ 62%] PASSED tests/unit/test_templates.py::TestPageTemplate::test_test_page_exists 
tests/unit/test_templates.py::TestPageTemplate::test_test_page_extends_base 
[gw2] [ 62%] PASSED tests/unit/test_templates.py::TestPageTemplate::test_test_page_extends_base 
tests/unit/test_templates.py::TestPageTemplate::test_test_page_renders 
[gw0] [ 62%] PASSED tests/integration/test_database.py::TestDatabaseSchema::test_parliamentary_terms_table_structure 
tests/integration/test_database.py::TestDatabaseSchema::test_mps_table_structure 
[gw2] [ 62%] PASSED tests/unit/test_templates.py::TestPageTemplate::test_test_page_renders 
tests/unit/test_templates.py::TestPageTemplate::test_test_page_has_content 
[gw0] [ 62%] PASSED tests/integration/test_database.py::TestDatabaseSchema::test_mps_table_structure 
tests/integration/test_database.py::TestDatabaseSchema::test_mp_terms_table_structure 
[gw2] [ 62%] PASSED tests/unit/test_templates.py::TestPageTemplate::test_test_page_has_content 
tests/unit/test_templates.py::TestTemplateStructure::test_templates_directory_exists 
[gw2] [ 63%] PASSED tests/unit/test_templates.py::TestTemplateStructure::test_templates_directory_exists 
tests/unit/test_templates.py::TestTemplateStructure::test_layouts_directory_exists 
[gw2] [ 63%] PASSED tests/unit/test_templates.py::TestTemplateStructure::test_layouts_directory_exists 
tests/unit/test_templates.py::TestTemplateStructure::test_pages_directory_exists 
[gw2] [ 63%] PASSED tests/unit/test_templates.py::TestTemplateStructure::test_pages_directory_exists 
tests/unit/test_templates.py::TestTemplateStructure::test_components_directory_exists 
[gw2] [ 63%] PASSED tests/unit/test_templates.py::TestTemplateStructure::test_components_directory_exists 
tests/unit/test_templates.py::TestStaticAssets::test_static_directory_exists 
[gw2] [ 63%] PASSED tests/unit/test_templates.py::TestStaticAssets::test_static_directory_exists 
tests/integration/test_database.py::TestDatabaseSchema::test_current_mps_view_structure 
[gw0] [ 63%] PASSED tests/integration/test_database.py::TestDatabaseSchema::test_mp_terms_table_structure 
tests/integration/test_database.py::TestDatabaseSchema::test_hansard_sessions_table_structure 
[gw2] [ 63%] PASSED tests/integration/test_database.py::TestDatabaseSchema::test_current_mps_view_structure 
tests/integration/test_database.py::TestDatabaseSchema::test_verify_schema_success 
[gw0] [ 63%] PASSED tests/integration/test_database.py::TestDatabaseSchema::test_hansard_sessions_table_structure 
tests/integration/test_database.py::TestDatabaseSchema::test_statements_table_structure 
[gw2] [ 64%] PASSED tests/integration/test_database.py::TestDatabaseSchema::test_verify_schema_success 
tests/integration/test_database.py::TestDatabaseSchema::test_verify_schema_missing_tables 
[gw2] [ 64%] PASSED tests/integration/test_database.py::TestDatabaseSchema::test_verify_schema_missing_tables 
tests/integration/test_database.py::TestDatabaseSchema::test_initialize_database 
[gw0] [ 64%] PASSED tests/integration/test_database.py::TestDatabaseSchema::test_statements_table_structure 
tests/integration/test_database.py::TestDatabaseSchema::test_create_indexes 
[gw2] [ 64%] PASSED tests/integration/test_database.py::TestDatabaseSchema::test_initialize_database 
tests/integration/test_database.py::TestDatabaseSchema::test_foreign_key_constraints 
[gw0] [ 64%] PASSED tests/integration/test_database.py::TestDatabaseSchema::test_create_indexes 
tests/integration/test_database.py::TestDatabaseSchema::test_create_views 
[gw2] [ 64%] PASSED tests/integration/test_database.py::TestDatabaseSchema::test_foreign_key_constraints 
tests/integration/test_database.py::TestDatabaseSchema::test_unique_constraints 
[gw0] [ 64%] PASSED tests/integration/test_database.py::TestDatabaseSchema::test_create_views 
tests/integration/test_database.py::TestDatabaseOperations::test_insert_mp 
[gw2] [ 64%] PASSED tests/integration/test_database.py::TestDatabaseSchema::test_unique_constraints 
tests/integration/test_database.py::TestDatabaseOperations::test_insert_parliamentary_term 
[gw0] [ 65%] PASSED tests/integration/test_database.py::TestDatabaseOperations::test_insert_mp 
tests/integration/test_database.py::TestDatabaseOperations::test_link_mp_to_term 
[gw2] [ 65%] PASSED tests/integration/test_database.py::TestDatabaseOperations::test_insert_parliamentary_term 
tests/integration/test_database.py::TestInitDBCLI::test_main_with_arguments 
[gw2] [ 65%] PASSED tests/integration/test_database.py::TestInitDBCLI::test_main_with_arguments 
[gw0] [ 65%] PASSED tests/integration/test_database.py::TestDatabaseOperations::test_link_mp_to_term 
tests/integration/test_database.py::TestInitDBCLI::test_main_default_path 
tests/integration/test_database.py::TestFilePathValidation::test_hansard_sessions_file_paths_reference_existing_files 
[gw2] [ 65%] PASSED tests/integration/test_database.py::TestInitDBCLI::test_main_default_path 
tests/integration/test_database_manager.py::TestBackupProperties::test_backup_filename_format_property 
[gw0] [ 65%] PASSED tests/integration/test_database.py::TestFilePathValidation::test_hansard_sessions_file_paths_reference_existing_files 
tests/integration/test_database.py::TestFilePathValidation::test_downloaded_pdfs_file_paths_reference_existing_files 
[gw0] [ 65%] PASSED tests/integration/test_database.py::TestFilePathValidation::test_downloaded_pdfs_file_paths_reference_existing_files 
tests/integration/test_database.py::TestFilePathValidation::test_file_path_validation_detects_missing_files 
[gw0] [ 65%] PASSED tests/integration/test_database.py::TestFilePathValidation::test_file_path_validation_detects_missing_files 
tests/integration/test_database.py::TestFilePathValidation::test_file_path_validation_with_null_paths 
[gw0] [ 66%] PASSED tests/integration/test_database.py::TestFilePathValidation::test_file_path_validation_with_null_paths 
tests/integration/test_database_manager.py::TestBackup::test_backup_nonexistent_database_raises_error 
[gw0] [ 66%] PASSED tests/integration/test_database_manager.py::TestBackup::test_backup_nonexistent_database_raises_error 
tests/integration/test_database_manager.py::TestBackup::test_backup_returns_correct_path 
[gw0] [ 66%] PASSED tests/integration/test_database_manager.py::TestBackup::test_backup_returns_correct_path 
tests/integration/test_database_manager.py::TestBackup::test_backup_multiple_times_creates_unique_files 
[gw5] [ 66%] PASSED tests/unit/test_hansard_scraper.py::TestErrorHandling::test_fetch_page_with_network_error 
tests/unit/test_hansard_scraper.py::TestErrorHandling::test_scrape_all_handles_network_error_on_first_page 
[gw6] [ 66%] PASSED tests/unit/test_hansard_scraper.py::TestDownloadEdgeCases::test_download_pdf_with_http_error 
tests/unit/test_hansard_scraper.py::TestDownloadEdgeCases::test_download_pdf_with_timeout 
[gw5] [ 66%] PASSED tests/unit/test_hansard_scraper.py::TestErrorHandling::test_scrape_all_handles_network_error_on_first_page 
tests/unit/test_hansard_scraper.py::TestErrorHandling::test_scrape_all_stops_on_network_error_mid_pagination 
[gw5] [ 66%] PASSED tests/unit/test_hansard_scraper.py::TestErrorHandling::test_scrape_all_stops_on_network_error_mid_pagination 
tests/unit/test_hansard_scraper.py::TestErrorHandling::test_scrape_all_stops_when_all_dates_after_end_date 
[gw5] [ 66%] PASSED tests/unit/test_hansard_scraper.py::TestErrorHandling::test_scrape_all_stops_when_all_dates_after_end_date 
tests/unit/test_hansard_scraper.py::TestDateExtraction::test_extract_date_with_dateparser_available 
[gw5] [ 67%] PASSED tests/unit/test_hansard_scraper.py::TestDateExtraction::test_extract_date_with_dateparser_available 
tests/unit/test_hansard_scraper.py::TestDateExtraction::test_extract_date_dateparser_exception_fallback 
[gw5] [ 67%] PASSED tests/unit/test_hansard_scraper.py::TestDateExtraction::test_extract_date_dateparser_exception_fallback 
tests/unit/test_hansard_scraper.py::TestTrackingLogic::test_track_download_without_database 
[gw5] [ 67%] PASSED tests/unit/test_hansard_scraper.py::TestTrackingLogic::test_track_download_without_database 
tests/unit/test_hansard_scraper.py::TestTrackingLogic::test_track_download_with_file_size 
[gw5] [ 67%] PASSED tests/unit/test_hansard_scraper.py::TestTrackingLogic::test_track_download_with_file_size 
tests/unit/test_hansard_scraper.py::TestTrackingLogic::test_check_existing_download_file_missing_redownload 
[gw5] [ 67%] PASSED tests/unit/test_hansard_scraper.py::TestTrackingLogic::test_check_existing_download_file_missing_redownload 
tests/unit/test_hansard_scraper.py::TestTrackingLogic::test_check_existing_download_database_error 
[gw3] [ 67%] FAILED tests/unit/test_storage_abstraction.py::TestStorageInterface::test_property_move_preserves_content 
tests/unit/test_storage_abstraction.py::TestStorageConfiguration::test_get_default_storage_returns_filesystem 
[gw3] [ 67%] PASSED tests/unit/test_storage_abstraction.py::TestStorageConfiguration::test_get_default_storage_returns_filesystem 
tests/unit/test_storage_abstraction.py::TestStorageConfiguration::test_get_storage_backend_with_default_type 
[gw3] [ 67%] PASSED tests/unit/test_storage_abstraction.py::TestStorageConfiguration::test_get_storage_backend_with_default_type 
tests/unit/test_storage_abstraction.py::TestStorageConfiguration::test_get_storage_backend_with_explicit_filesystem 
[gw5] [ 68%] PASSED tests/unit/test_hansard_scraper.py::TestTrackingLogic::test_check_existing_download_database_error 
[gw3] [ 68%] PASSED tests/unit/test_storage_abstraction.py::TestStorageConfiguration::test_get_storage_backend_with_explicit_filesystem 
tests/unit/test_hansard_scraper.py::TestTrackingLogic::test_track_download_handles_file_size_error 
tests/unit/test_storage_abstraction.py::TestStorageConfiguration::test_get_storage_backend_with_custom_config 
[gw3] [ 68%] PASSED tests/unit/test_storage_abstraction.py::TestStorageConfiguration::test_get_storage_backend_with_custom_config 
tests/integration/test_database_manager.py::TestClean::test_clean_with_custom_preserve_list 
[gw2] [ 68%] PASSED tests/integration/test_database_manager.py::TestBackupProperties::test_backup_filename_format_property 
tests/integration/test_database_manager.py::TestBackup::test_backup_creates_file 
[gw5] [ 68%] PASSED tests/unit/test_hansard_scraper.py::TestTrackingLogic::test_track_download_handles_file_size_error 
tests/unit/test_hansard_scraper.py::TestTrackingLogic::test_track_download_database_error 
[gw3] [ 68%] PASSED tests/integration/test_database_manager.py::TestClean::test_clean_with_custom_preserve_list 
tests/integration/test_database_manager.py::TestClean::test_clean_nonexistent_database_raises_error 
[gw3] [ 68%] PASSED tests/integration/test_database_manager.py::TestClean::test_clean_nonexistent_database_raises_error 
[gw2] [ 68%] PASSED tests/integration/test_database_manager.py::TestBackup::test_backup_creates_file 
tests/integration/test_database_manager.py::TestClean::test_clean_with_confirmation_yes 
tests/integration/test_database_manager.py::TestBackup::test_backup_preserves_data 
[gw5] [ 69%] PASSED tests/unit/test_hansard_scraper.py::TestTrackingLogic::test_track_download_database_error 
tests/unit/test_hansard_scraper.py::TestPeriodExtraction::test_download_pdf_defaults_to_afternoon_when_no_period_found 
[gw3] [ 69%] PASSED tests/integration/test_database_manager.py::TestClean::test_clean_with_confirmation_yes 
tests/integration/test_database_manager.py::TestClean::test_clean_with_confirmation_no 
[gw2] [ 69%] PASSED tests/integration/test_database_manager.py::TestBackup::test_backup_preserves_data 
tests/integration/test_database_manager.py::TestBackup::test_backup_creates_directory_if_not_exists 
[gw3] [ 69%] PASSED tests/integration/test_database_manager.py::TestClean::test_clean_with_confirmation_no 
tests/integration/test_database_manager.py::TestClean::test_clean_preserves_table_structure 
[gw2] [ 69%] PASSED tests/integration/test_database_manager.py::TestBackup::test_backup_creates_directory_if_not_exists 
tests/integration/test_database_manager.py::TestEdgeCases::test_backup_empty_database 
[gw2] [ 69%] PASSED tests/integration/test_database_manager.py::TestEdgeCases::test_backup_empty_database 
tests/integration/test_database_manager.py::TestEdgeCases::test_clean_empty_tables 
[gw3] [ 69%] PASSED tests/integration/test_database_manager.py::TestClean::test_clean_preserves_table_structure 
tests/integration/test_database_manager.py::TestClean::test_clean_does_not_affect_sqlite_tables 
[gw2] [ 69%] PASSED tests/integration/test_database_manager.py::TestEdgeCases::test_clean_empty_tables 
tests/integration/test_database_manager.py::TestEdgeCases::test_backup_with_special_characters_in_path 
[gw3] [ 70%] PASSED tests/integration/test_database_manager.py::TestClean::test_clean_does_not_affect_sqlite_tables 
tests/integration/test_integration_diagnostics_property.py::TestErrorMessageQualityProperty::test_component_identification_is_clear 
[gw2] [ 70%] PASSED tests/integration/test_database_manager.py::TestEdgeCases::test_backup_with_special_characters_in_path 
tests/integration/test_integration_diagnostics_property.py::TestIntegrationDiagnosticsProperty::test_component_errors_include_component_name 
[gw3] [ 70%] PASSED tests/integration/test_integration_diagnostics_property.py::TestErrorMessageQualityProperty::test_component_identification_is_clear 
tests/integration/test_mocked_parliament_http_integration.py::test_scraper_uses_mocked_http 
[gw3] [ 70%] PASSED tests/integration/test_mocked_parliament_http_integration.py::test_scraper_uses_mocked_http 
tests/integration/test_mocked_parliament_http_integration.py::test_scraper_fetch_page_uses_mock 
[gw2] [ 70%] PASSED tests/integration/test_integration_diagnostics_property.py::TestIntegrationDiagnosticsProperty::test_component_errors_include_component_name 
tests/integration/test_integration_diagnostics_property.py::TestIntegrationDiagnosticsProperty::test_operation_errors_include_operation_context 
[gw2] [ 70%] PASSED tests/integration/test_integration_diagnostics_property.py::TestIntegrationDiagnosticsProperty::test_operation_errors_include_operation_context 
tests/integration/test_integration_diagnostics_property.py::TestIntegrationDiagnosticsProperty::test_wrapped_errors_preserve_component_info 
[gw2] [ 70%] PASSED tests/integration/test_integration_diagnostics_property.py::TestIntegrationDiagnosticsProperty::test_wrapped_errors_preserve_component_info 
tests/integration/test_integration_diagnostics_property.py::TestErrorMessageQualityProperty::test_error_messages_are_non_empty 
[gw2] [ 70%] PASSED tests/integration/test_integration_diagnostics_property.py::TestErrorMessageQualityProperty::test_error_messages_are_non_empty 
tests/integration/test_process_historical_data.py::TestExtractDateFromFilename::test_long_format 
[gw2] [ 71%] PASSED tests/integration/test_process_historical_data.py::TestExtractDateFromFilename::test_long_format 
tests/integration/test_process_historical_data.py::TestExtractDateFromFilename::test_invalid_filenames 
[gw2] [ 71%] PASSED tests/integration/test_process_historical_data.py::TestExtractDateFromFilename::test_invalid_filenames 
tests/integration/test_process_historical_data.py::TestProcessSinglePDF::test_success_case 
[gw2] [ 71%] PASSED tests/integration/test_process_historical_data.py::TestProcessSinglePDF::test_success_case 
tests/integration/test_process_historical_data.py::TestProcessSinglePDF::test_already_processed 
[gw2] [ 71%] PASSED tests/integration/test_process_historical_data.py::TestProcessSinglePDF::test_already_processed 
tests/integration/test_process_historical_data.py::TestProcessSinglePDF::test_pdf_extraction_failure 
[gw2] [ 71%] PASSED tests/integration/test_process_historical_data.py::TestProcessSinglePDF::test_pdf_extraction_failure 
tests/integration/test_process_historical_data.py::TestProcessSinglePDF::test_no_statements_found 
[gw2] [ 71%] PASSED tests/integration/test_process_historical_data.py::TestProcessSinglePDF::test_no_statements_found 
tests/integration/test_process_historical_data.py::TestProcessSinglePDF::test_unexpected_error 
[gw2] [ 71%] PASSED tests/integration/test_process_historical_data.py::TestProcessSinglePDF::test_unexpected_error 
tests/integration/test_process_historical_data.py::TestHistoricalDataProcessor::test_initialization 
[gw2] [ 71%] PASSED tests/integration/test_process_historical_data.py::TestHistoricalDataProcessor::test_initialization 
tests/integration/test_process_historical_data.py::TestHistoricalDataProcessor::test_is_within_date_range_no_range 
[gw2] [ 72%] PASSED tests/integration/test_process_historical_data.py::TestHistoricalDataProcessor::test_is_within_date_range_no_range 
tests/integration/test_process_historical_data.py::TestHistoricalDataProcessor::test_is_within_date_range_start_only 
[gw2] [ 72%] PASSED tests/integration/test_process_historical_data.py::TestHistoricalDataProcessor::test_is_within_date_range_start_only 
tests/integration/test_process_historical_data.py::TestHistoricalDataProcessor::test_is_within_date_range_end_only 
[gw2] [ 72%] PASSED tests/integration/test_process_historical_data.py::TestHistoricalDataProcessor::test_is_within_date_range_end_only 
tests/integration/test_process_historical_data.py::TestHistoricalDataProcessor::test_is_within_date_range_both_dates 
[gw2] [ 72%] PASSED tests/integration/test_process_historical_data.py::TestHistoricalDataProcessor::test_is_within_date_range_both_dates 
tests/integration/test_process_historical_data.py::TestHistoricalDataProcessor::test_clean_database_backup_creation 
[gw1] [ 72%] PASSED tests/unit/test_session_linking_property.py::TestSessionLinkingProperty::test_session_linking_updates_database 
tests/unit/test_session_linking_property.py::TestSessionLinkingProperty::test_session_linking_without_existing_pdf_record 
[gw2] [ 72%] PASSED tests/integration/test_process_historical_data.py::TestHistoricalDataProcessor::test_clean_database_backup_creation 
tests/integration/test_process_historical_data.py::TestHistoricalDataProcessor::test_clean_database_data_deletion 
[gw2] [ 72%] PASSED tests/integration/test_process_historical_data.py::TestHistoricalDataProcessor::test_clean_database_data_deletion 
tests/integration/test_process_historical_data.py::TestHistoricalDataProcessor::test_clean_database_preserve_downloaded_pdfs 
[gw2] [ 72%] PASSED tests/integration/test_process_historical_data.py::TestHistoricalDataProcessor::test_clean_database_preserve_downloaded_pdfs 
tests/integration/test_process_historical_data.py::TestHistoricalDataProcessor::test_download_pdfs_success 
[gw2] [ 73%] PASSED tests/integration/test_process_historical_data.py::TestHistoricalDataProcessor::test_download_pdfs_success 
tests/integration/test_process_historical_data.py::TestHistoricalDataProcessor::test_download_pdfs_error_handling 
[gw2] [ 73%] PASSED tests/integration/test_process_historical_data.py::TestHistoricalDataProcessor::test_download_pdfs_error_handling 
tests/integration/test_process_historical_data.py::TestHistoricalDataProcessor::test_process_pdfs_parallel 
[gw2] [ 73%] PASSED tests/integration/test_process_historical_data.py::TestHistoricalDataProcessor::test_process_pdfs_parallel 
tests/integration/test_process_historical_data.py::TestHistoricalDataProcessor::test_process_pdfs_date_filtering 
[gw2] [ 73%] PASSED tests/integration/test_process_historical_data.py::TestHistoricalDataProcessor::test_process_pdfs_date_filtering 
tests/integration/test_process_historical_data.py::TestHistoricalDataProcessor::test_batch_write_to_database 
[gw2] [ 73%] PASSED tests/integration/test_process_historical_data.py::TestHistoricalDataProcessor::test_batch_write_to_database 
tests/integration/test_process_historical_data.py::TestHistoricalDataProcessor::test_quality_assurance 
[gw2] [ 73%] PASSED tests/integration/test_process_historical_data.py::TestHistoricalDataProcessor::test_quality_assurance 
tests/integration/test_process_historical_data.py::TestHistoricalDataProcessor::test_generate_outputs 
[gw2] [ 73%] PASSED tests/integration/test_process_historical_data.py::TestHistoricalDataProcessor::test_generate_outputs 
tests/integration/test_process_historical_data.py::TestHistoricalDataProcessor::test_print_summary 
[gw2] [ 73%] PASSED tests/integration/test_process_historical_data.py::TestHistoricalDataProcessor::test_print_summary 
tests/integration/test_process_historical_data.py::TestHistoricalDataProcessor::test_emit_metrics 
[gw2] [ 74%] PASSED tests/integration/test_process_historical_data.py::TestHistoricalDataProcessor::test_emit_metrics 
tests/integration/test_process_historical_data.py::TestHistoricalDataProcessorRun::test_run_success 
[gw2] [ 74%] PASSED tests/integration/test_process_historical_data.py::TestHistoricalDataProcessorRun::test_run_success 
tests/integration/test_process_historical_data.py::TestHistoricalDataProcessorRun::test_run_with_error 
[gw2] [ 74%] PASSED tests/integration/test_process_historical_data.py::TestHistoricalDataProcessorRun::test_run_with_error 
tests/integration/test_process_historical_data.py::TestHistoricalDataProcessorRun::test_run_dry_run 
[gw2] [ 74%] PASSED tests/integration/test_process_historical_data.py::TestHistoricalDataProcessorRun::test_run_dry_run 
tests/integration/test_process_historical_data.py::TestHistoricalDataProcessorRun::test_run_with_clean 
[gw0] [ 74%] PASSED tests/integration/test_database_manager.py::TestBackup::test_backup_multiple_times_creates_unique_files 
tests/integration/test_database_manager.py::TestBackup::test_backup_default_directory 
[gw0] [ 74%] PASSED tests/integration/test_database_manager.py::TestBackup::test_backup_default_directory 
tests/integration/test_database_manager.py::TestClean::test_clean_preserves_downloaded_pdfs 
[gw2] [ 74%] PASSED tests/integration/test_process_historical_data.py::TestHistoricalDataProcessorRun::test_run_with_clean 
tests/integration/test_process_historical_data.py::TestMainFunction::test_main_with_year 
[gw2] [ 74%] PASSED tests/integration/test_process_historical_data.py::TestMainFunction::test_main_with_year 
tests/integration/test_process_historical_data.py::TestMainFunction::test_main_with_date_range 
[gw2] [ 75%] PASSED tests/integration/test_process_historical_data.py::TestMainFunction::test_main_with_date_range 
tests/integration/test_process_historical_data.py::TestMainFunction::test_main_with_invalid_date 
[gw0] [ 75%] PASSED tests/integration/test_database_manager.py::TestClean::test_clean_preserves_downloaded_pdfs 
tests/integration/test_database_manager.py::TestClean::test_clean_removes_other_tables 
[gw0] [ 75%] PASSED tests/integration/test_database_manager.py::TestClean::test_clean_removes_other_tables 
[gw7] [ 75%] PASSED tests/unit/test_mp_data_scraper.py::TestMPDataScraperIntegration::test_fetch_page_real 
tests/unit/test_mp_data_scraper.py::TestMPDataScraperIntegration::test_scrape_page_real 
tests/integration/test_process_historical_data.py::TestEdgeCases::test_extract_date_url_encoded_filename 
[gw0] [ 75%] PASSED tests/integration/test_process_historical_data.py::TestEdgeCases::test_extract_date_url_encoded_filename 
tests/integration/test_process_historical_data.py::TestEdgeCases::test_process_single_pdf_cannot_extract_date 
[gw0] [ 75%] PASSED tests/integration/test_process_historical_data.py::TestEdgeCases::test_process_single_pdf_cannot_extract_date 
tests/integration/test_process_historical_data.py::TestEdgeCases::test_process_single_pdf_with_force 
[gw0] [ 75%] PASSED tests/integration/test_process_historical_data.py::TestEdgeCases::test_process_single_pdf_with_force 
tests/integration/test_process_historical_data.py::TestEdgeCases::test_processor_with_invalid_workers 
[gw0] [ 75%] PASSED tests/integration/test_process_historical_data.py::TestEdgeCases::test_processor_with_invalid_workers 
tests/integration/test_process_historical_data.py::TestEdgeCases::test_is_within_date_range_invalid_date 
[gw0] [ 76%] PASSED tests/integration/test_process_historical_data.py::TestEdgeCases::test_is_within_date_range_invalid_date 
tests/integration/test_process_historical_data.py::TestAdditionalCoverage::test_download_pdfs_without_tqdm 
[gw0] [ 76%] PASSED tests/integration/test_process_historical_data.py::TestAdditionalCoverage::test_download_pdfs_without_tqdm 
tests/integration/test_process_historical_data.py::TestAdditionalCoverage::test_process_pdfs_without_tqdm 
[gw0] [ 76%] PASSED tests/integration/test_process_historical_data.py::TestAdditionalCoverage::test_process_pdfs_without_tqdm 
tests/integration/test_process_historical_data.py::TestAdditionalCoverage::test_batch_write_without_tqdm 
[gw0] [ 76%] PASSED tests/integration/test_process_historical_data.py::TestAdditionalCoverage::test_batch_write_without_tqdm 
tests/integration/test_process_historical_data.py::TestAdditionalCoverage::test_print_summary_with_timing 
[gw0] [ 76%] PASSED tests/integration/test_process_historical_data.py::TestAdditionalCoverage::test_print_summary_with_timing 
tests/integration/test_process_historical_data.py::TestAdditionalCoverage::test_print_summary_with_errors 
[gw0] [ 76%] PASSED tests/integration/test_process_historical_data.py::TestAdditionalCoverage::test_print_summary_with_errors 
tests/integration/test_process_historical_data.py::TestAdditionalCoverage::test_print_summary_with_recommendations 
[gw0] [ 76%] PASSED tests/integration/test_process_historical_data.py::TestAdditionalCoverage::test_print_summary_with_recommendations 
tests/integration/test_process_historical_data.py::TestAdditionalCoverage::test_download_pdfs_with_date_range 
[gw0] [ 76%] PASSED tests/integration/test_process_historical_data.py::TestAdditionalCoverage::test_download_pdfs_with_date_range 
tests/integration/test_process_historical_data.py::TestAdditionalCoverage::test_download_pdfs_with_failures 
[gw0] [ 77%] PASSED tests/integration/test_process_historical_data.py::TestAdditionalCoverage::test_download_pdfs_with_failures 
tests/integration/test_process_historical_data.py::TestAdditionalCoverage::test_batch_write_with_duplicates 
[gw0] [ 77%] PASSED tests/integration/test_process_historical_data.py::TestAdditionalCoverage::test_batch_write_with_duplicates 
tests/integration/test_process_historical_data.py::TestAdditionalCoverage::test_batch_write_with_error 
[gw0] [ 77%] PASSED tests/integration/test_process_historical_data.py::TestAdditionalCoverage::test_batch_write_with_error 
tests/integration/test_process_historical_data.py::TestAdditionalCoverage::test_batch_write_with_exception 
[gw0] [ 77%] PASSED tests/integration/test_process_historical_data.py::TestAdditionalCoverage::test_batch_write_with_exception 
tests/integration/test_process_historical_data.py::TestAdditionalCoverage::test_main_with_invalid_date_range 
[gw0] [ 77%] PASSED tests/integration/test_process_historical_data.py::TestAdditionalCoverage::test_main_with_invalid_date_range 
tests/integration/test_process_historical_data.py::TestAdditionalCoverage::test_main_with_invalid_workers_count 
[gw0] [ 77%] PASSED tests/integration/test_process_historical_data.py::TestAdditionalCoverage::test_main_with_invalid_workers_count 
tests/integration/test_process_historical_data.py::TestAdditionalCoverage::test_main_with_many_workers 
[gw0] [ 77%] PASSED tests/integration/test_process_historical_data.py::TestAdditionalCoverage::test_main_with_many_workers 
tests/integration/test_process_historical_data.py::TestAdditionalCoverage::test_main_with_processor_failure 
[gw0] [ 77%] PASSED tests/integration/test_process_historical_data.py::TestAdditionalCoverage::test_main_with_processor_failure 
tests/integration/test_process_historical_data.py::TestAdditionalCoverage::test_process_pdfs_with_keyboard_interrupt 
[gw0] [ 78%] PASSED tests/integration/test_process_historical_data.py::TestAdditionalCoverage::test_process_pdfs_with_keyboard_interrupt 
tests/integration/test_process_historical_data.py::TestAdditionalCoverage::test_clean_database_nonexistent 
[gw0] [ 78%] PASSED tests/integration/test_process_historical_data.py::TestAdditionalCoverage::test_clean_database_nonexistent 
tests/integration/test_process_historical_data.py::TestAdditionalCoverage::test_clean_database_dry_run 
[gw0] [ 78%] PASSED tests/integration/test_process_historical_data.py::TestAdditionalCoverage::test_clean_database_dry_run 
tests/integration/test_process_historical_data.py::TestFinalCoverage::test_parse_date_without_dateparser 
[gw0] [ 78%] PASSED tests/integration/test_process_historical_data.py::TestFinalCoverage::test_parse_date_without_dateparser 
tests/integration/test_process_historical_data.py::TestFinalCoverage::test_extract_date_leap_year 
[gw0] [ 78%] PASSED tests/integration/test_process_historical_data.py::TestFinalCoverage::test_extract_date_leap_year 
tests/integration/test_process_historical_data.py::TestFinalCoverage::test_extract_date_invalid_month 
[gw0] [ 78%] PASSED tests/integration/test_process_historical_data.py::TestFinalCoverage::test_extract_date_invalid_month 
tests/integration/test_process_historical_data.py::TestFinalCoverage::test_extract_date_invalid_day 
[gw0] [ 78%] PASSED tests/integration/test_process_historical_data.py::TestFinalCoverage::test_extract_date_invalid_day 
tests/integration/test_process_historical_data.py::TestFinalCoverage::test_extract_date_long_format_invalid_month 
[gw0] [ 78%] PASSED tests/integration/test_process_historical_data.py::TestFinalCoverage::test_extract_date_long_format_invalid_month 
tests/integration/test_process_historical_data.py::TestFinalCoverage::test_extract_date_long_format_invalid_day 
[gw0] [ 79%] PASSED tests/integration/test_process_historical_data.py::TestFinalCoverage::test_extract_date_long_format_invalid_day 
tests/integration/test_process_historical_data.py::TestFinalCoverage::test_quality_assurance_with_duplicates 
[gw0] [ 79%] PASSED tests/integration/test_process_historical_data.py::TestFinalCoverage::test_quality_assurance_with_duplicates 
tests/integration/test_process_historical_data.py::TestFinalCoverage::test_quality_assurance_with_bills 
[gw0] [ 79%] PASSED tests/integration/test_process_historical_data.py::TestFinalCoverage::test_quality_assurance_with_bills 
tests/integration/test_process_historical_data.py::TestFinalCoverage::test_download_pdfs_dry_run_with_existing 
[gw0] [ 79%] PASSED tests/integration/test_process_historical_data.py::TestFinalCoverage::test_download_pdfs_dry_run_with_existing 
tests/integration/test_process_historical_data.py::TestFinalCoverage::test_process_pdfs_dry_run 
[gw0] [ 79%] PASSED tests/integration/test_process_historical_data.py::TestFinalCoverage::test_process_pdfs_dry_run 
tests/integration/test_workflow_orchestrator.py::TestWorkflowOrchestrator::test_orchestrator_initialization 
[gw4] [ 79%] PASSED tests/unit/test_hansard_scraper.py::TestDownloadLogic::test_download_failure_cleanup 
tests/unit/test_hansard_scraper.py::TestRetryLogic::test_download_succeeds_on_first_attempt 
[gw5] [ 79%] PASSED tests/unit/test_hansard_scraper.py::TestPeriodExtraction::test_download_pdf_defaults_to_afternoon_when_no_period_found 
tests/unit/test_hansard_scraper.py::TestScrapingLogic::test_scrape_all_stops_on_empty_page 
[gw4] [ 79%] PASSED tests/unit/test_hansard_scraper.py::TestRetryLogic::test_download_succeeds_on_first_attempt 
tests/unit/test_hansard_scraper.py::TestRetryLogic::test_download_retries_on_network_error 
[gw5] [ 80%] PASSED tests/unit/test_hansard_scraper.py::TestScrapingLogic::test_scrape_all_stops_on_empty_page 
tests/unit/test_hansard_scraper.py::TestScrapingLogic::test_scrape_hansard_page_constructs_correct_url 
[gw5] [ 80%] PASSED tests/unit/test_hansard_scraper.py::TestScrapingLogic::test_scrape_hansard_page_constructs_correct_url 
tests/unit/test_hansard_scraper.py::TestScrapingLogic::test_scrape_hansard_page_returns_empty_on_fetch_failure 
[gw5] [ 80%] PASSED tests/unit/test_hansard_scraper.py::TestScrapingLogic::test_scrape_hansard_page_returns_empty_on_fetch_failure 
tests/unit/test_hansard_scraper.py::TestScrapingLogic::test_download_all_filters_by_date_range 
[gw0] [ 80%] PASSED tests/integration/test_workflow_orchestrator.py::TestWorkflowOrchestrator::test_orchestrator_initialization 
tests/integration/test_workflow_orchestrator.py::TestWorkflowOrchestrator::test_orchestrator_default_storage 
[gw0] [ 80%] PASSED tests/integration/test_workflow_orchestrator.py::TestWorkflowOrchestrator::test_orchestrator_default_storage 
tests/integration/test_workflow_orchestrator.py::TestWorkflowOrchestrator::test_scrape_mps_success 
[gw0] [ 80%] PASSED tests/integration/test_workflow_orchestrator.py::TestWorkflowOrchestrator::test_scrape_mps_success 
tests/integration/test_workflow_orchestrator.py::TestWorkflowOrchestrator::test_scrape_mps_no_results 
[gw0] [ 80%] PASSED tests/integration/test_workflow_orchestrator.py::TestWorkflowOrchestrator::test_scrape_mps_no_results 
tests/integration/test_workflow_orchestrator.py::TestWorkflowOrchestrator::test_scrape_mps_error 
[gw0] [ 80%] PASSED tests/integration/test_workflow_orchestrator.py::TestWorkflowOrchestrator::test_scrape_mps_error 
tests/integration/test_workflow_orchestrator.py::TestWorkflowOrchestrator::test_scrape_hansards_success 
[gw3] [ 80%] PASSED tests/integration/test_mocked_parliament_http_integration.py::test_scraper_fetch_page_uses_mock 
tests/integration/test_mocked_parliament_http_integration.py::test_multiple_scrapers_use_same_mock 
[gw0] [ 81%] PASSED tests/integration/test_workflow_orchestrator.py::TestWorkflowOrchestrator::test_scrape_hansards_success 
tests/integration/test_workflow_orchestrator.py::TestWorkflowOrchestrator::test_scrape_hansards_no_results 
[gw0] [ 81%] PASSED tests/integration/test_workflow_orchestrator.py::TestWorkflowOrchestrator::test_scrape_hansards_no_results 
tests/integration/test_workflow_orchestrator.py::TestWorkflowOrchestrator::test_scrape_hansards_error 
[gw0] [ 81%] PASSED tests/integration/test_workflow_orchestrator.py::TestWorkflowOrchestrator::test_scrape_hansards_error 
tests/integration/test_workflow_orchestrator.py::TestWorkflowOrchestrator::test_process_pdfs_success 
[gw0] [ 81%] PASSED tests/integration/test_workflow_orchestrator.py::TestWorkflowOrchestrator::test_process_pdfs_success 
tests/integration/test_workflow_orchestrator.py::TestWorkflowOrchestrator::test_process_pdfs_error 
[gw0] [ 81%] PASSED tests/integration/test_workflow_orchestrator.py::TestWorkflowOrchestrator::test_process_pdfs_error 
tests/integration/test_workflow_orchestrator.py::TestWorkflowOrchestrator::test_generate_search_index_success 
[gw0] [ 81%] PASSED tests/integration/test_workflow_orchestrator.py::TestWorkflowOrchestrator::test_generate_search_index_success 
tests/integration/test_workflow_orchestrator.py::TestWorkflowOrchestrator::test_generate_search_index_error 
[gw0] [ 81%] PASSED tests/integration/test_workflow_orchestrator.py::TestWorkflowOrchestrator::test_generate_search_index_error 
tests/integration/test_workflow_orchestrator.py::TestWorkflowOrchestrator::test_generate_site_success 
[gw0] [ 81%] PASSED tests/integration/test_workflow_orchestrator.py::TestWorkflowOrchestrator::test_generate_site_success 
tests/integration/test_workflow_orchestrator.py::TestWorkflowOrchestrator::test_generate_site_error 
[gw0] [ 82%] PASSED tests/integration/test_workflow_orchestrator.py::TestWorkflowOrchestrator::test_generate_site_error 
tests/integration/test_workflow_orchestrator.py::TestWorkflowOrchestrator::test_run_full_workflow_success 
[gw0] [ 82%] PASSED tests/integration/test_workflow_orchestrator.py::TestWorkflowOrchestrator::test_run_full_workflow_success 
tests/integration/test_workflow_orchestrator.py::TestWorkflowOrchestrator::test_run_full_workflow_stops_on_failure 
[gw0] [ 82%] PASSED tests/integration/test_workflow_orchestrator.py::TestWorkflowOrchestrator::test_run_full_workflow_stops_on_failure 
tests/integration/test_workflow_orchestrator.py::TestWorkflowOrchestrator::test_run_full_workflow_returns_statistics 
[gw0] [ 82%] PASSED tests/integration/test_workflow_orchestrator.py::TestWorkflowOrchestrator::test_run_full_workflow_returns_statistics 
tests/integration/test_workflow_orchestrator.py::TestWorkflowOrchestratorEdgeCases::test_orchestrator_with_custom_workers 
[gw0] [ 82%] PASSED tests/integration/test_workflow_orchestrator.py::TestWorkflowOrchestratorEdgeCases::test_orchestrator_with_custom_workers 
tests/integration/test_workflow_orchestrator.py::TestWorkflowOrchestratorEdgeCases::test_orchestrator_creates_directories 
[gw0] [ 82%] PASSED tests/integration/test_workflow_orchestrator.py::TestWorkflowOrchestratorEdgeCases::test_orchestrator_creates_directories 
tests/contract/test_contract_failure_guidance.py::TestContractFailureGuidance::test_contract_test_error_messages_are_descriptive 
[gw0] [ 82%] PASSED tests/contract/test_contract_failure_guidance.py::TestContractFailureGuidance::test_contract_test_error_messages_are_descriptive 
tests/contract/test_contract_failure_guidance.py::TestContractFailureGuidance::test_contract_test_errors_mention_what_changed 
[gw0] [ 82%] PASSED tests/contract/test_contract_failure_guidance.py::TestContractFailureGuidance::test_contract_test_errors_mention_what_changed 
tests/contract/test_contract_failure_guidance.py::TestContractFailureGuidance::test_contract_test_errors_include_actual_values 
[gw0] [ 83%] PASSED tests/contract/test_contract_failure_guidance.py::TestContractFailureGuidance::test_contract_test_errors_include_actual_values 
tests/contract/test_contract_failure_guidance.py::TestContractFailureGuidance::test_contract_validation_never_crashes 
[gw0] [ 83%] PASSED tests/contract/test_contract_failure_guidance.py::TestContractFailureGuidance::test_contract_validation_never_crashes 
tests/contract/test_contract_failure_guidance.py::TestContractFailureGuidance::test_contract_test_error_format_consistency 
[gw0] [ 83%] PASSED tests/contract/test_contract_failure_guidance.py::TestContractFailureGuidance::test_contract_test_error_format_consistency 
tests/contract/test_contract_failure_guidance.py::TestContractFailureGuidance::test_contract_test_errors_are_actionable 
[gw0] [ 83%] PASSED tests/contract/test_contract_failure_guidance.py::TestContractFailureGuidance::test_contract_test_errors_are_actionable 
tests/contract/test_date_formats.py::TestDateFormatContract::test_all_fixture_dates_parse_correctly 
[gw5] [ 83%] PASSED tests/unit/test_hansard_scraper.py::TestScrapingLogic::test_download_all_filters_by_date_range 
tests/unit/test_hansard_scraper.py::TestInitialization::test_init_with_default_storage 
[gw5] [ 83%] PASSED tests/unit/test_hansard_scraper.py::TestInitialization::test_init_with_default_storage 
tests/unit/test_hansard_scraper.py::TestInitialization::test_init_with_custom_rate_limit 
[gw5] [ 83%] PASSED tests/unit/test_hansard_scraper.py::TestInitialization::test_init_with_custom_rate_limit 
tests/unit/test_hansard_scraper.py::TestInitialization::test_init_with_date_range 
[gw5] [ 83%] PASSED tests/unit/test_hansard_scraper.py::TestInitialization::test_init_with_date_range 
tests/unit/test_hansard_scraper.py::TestInitialization::test_init_without_dateparser_logs_warning 
[gw5] [ 84%] PASSED tests/unit/test_hansard_scraper.py::TestInitialization::test_init_without_dateparser_logs_warning 
tests/unit/test_hansard_scraper.py::TestHTMLExtractionEdgeCases::test_extract_links_with_empty_href 
[gw5] [ 84%] PASSED tests/unit/test_hansard_scraper.py::TestHTMLExtractionEdgeCases::test_extract_links_with_empty_href 
tests/unit/test_hansard_scraper.py::TestHTMLExtractionEdgeCases::test_extract_links_with_duplicate_urls 
[gw5] [ 84%] PASSED tests/unit/test_hansard_scraper.py::TestHTMLExtractionEdgeCases::test_extract_links_with_duplicate_urls 
tests/unit/test_hansard_scraper.py::TestPaginationEdgeCases::test_scrape_all_with_no_max_page_detected 
[gw5] [ 84%] PASSED tests/unit/test_hansard_scraper.py::TestPaginationEdgeCases::test_scrape_all_with_no_max_page_detected 
tests/unit/test_hansard_scraper.py::TestPaginationEdgeCases::test_scrape_all_adds_hansards_from_page_with_early_dates 
[gw5] [ 84%] PASSED tests/unit/test_hansard_scraper.py::TestPaginationEdgeCases::test_scrape_all_adds_hansards_from_page_with_early_dates 
tests/contract/test_date_formats.py::TestDateFormatContract::test_british_dates_contain_ordinal_suffixes 
[gw5] [ 84%] PASSED tests/contract/test_date_formats.py::TestDateFormatContract::test_british_dates_contain_ordinal_suffixes 
tests/contract/test_date_formats.py::TestDateFormatContract::test_ordinal_suffixes_are_correct 
[gw5] [ 84%] PASSED tests/contract/test_date_formats.py::TestDateFormatContract::test_ordinal_suffixes_are_correct 
tests/contract/test_date_formats.py::TestDateFormatContract::test_month_names_are_spelled_correctly 
[gw5] [ 84%] PASSED tests/contract/test_date_formats.py::TestDateFormatContract::test_month_names_are_spelled_correctly 
tests/contract/test_date_formats.py::TestDateFormatContract::test_parsed_dates_are_valid_iso_format 
[gw5] [ 85%] PASSED tests/contract/test_date_formats.py::TestDateFormatContract::test_parsed_dates_are_valid_iso_format 
tests/contract/test_date_formats.py::TestDateFormatContract::test_date_parsing_is_consistent 
[gw5] [ 85%] PASSED tests/contract/test_date_formats.py::TestDateFormatContract::test_date_parsing_is_consistent 
tests/contract/test_date_formats.py::TestDateFormatContract::test_british_dates_contain_year 
[gw5] [ 85%] PASSED tests/contract/test_date_formats.py::TestDateFormatContract::test_british_dates_contain_year 
tests/contract/test_date_formats.py::TestDateFormatContract::test_fixture_dates_match_expected_iso_dates 
[gw5] [ 85%] PASSED tests/contract/test_date_formats.py::TestDateFormatContract::test_fixture_dates_match_expected_iso_dates 
tests/contract/test_date_formats.py::TestDateFormatContract::test_date_components_are_extractable 
[gw5] [ 85%] PASSED tests/contract/test_date_formats.py::TestDateFormatContract::test_date_components_are_extractable 
tests/contract/test_html_structure.py::TestHTMLStructureContract::test_hansard_list_has_pdf_links 
[gw5] [ 85%] PASSED tests/contract/test_html_structure.py::TestHTMLStructureContract::test_hansard_list_has_pdf_links 
tests/contract/test_html_structure.py::TestHTMLStructureContract::test_pdf_link_text_contains_date 
[gw5] [ 85%] PASSED tests/contract/test_html_structure.py::TestHTMLStructureContract::test_pdf_link_text_contains_date 
tests/contract/test_html_structure.py::TestHTMLStructureContract::test_pdf_links_are_relative_urls 
[gw5] [ 85%] PASSED tests/contract/test_html_structure.py::TestHTMLStructureContract::test_pdf_links_are_relative_urls 
tests/contract/test_html_structure.py::TestHTMLStructureContract::test_pdf_links_point_to_pdf_files 
[gw5] [ 86%] PASSED tests/contract/test_html_structure.py::TestHTMLStructureContract::test_pdf_links_point_to_pdf_files 
tests/contract/test_html_structure.py::TestHTMLStructureContract::test_pagination_page_has_pdf_links 
[gw5] [ 86%] PASSED tests/contract/test_html_structure.py::TestHTMLStructureContract::test_pagination_page_has_pdf_links 
tests/contract/test_html_structure.py::TestHTMLStructureContract::test_empty_page_has_no_pdf_links 
[gw5] [ 86%] PASSED tests/contract/test_html_structure.py::TestHTMLStructureContract::test_empty_page_has_no_pdf_links 
tests/contract/test_html_structure.py::TestHTMLStructureContract::test_mixed_formats_page_has_valid_links 
[gw5] [ 86%] PASSED tests/contract/test_html_structure.py::TestHTMLStructureContract::test_mixed_formats_page_has_valid_links 
tests/contract/test_mock_structure_validation.py::TestMockStructureValidation::test_all_html_fixtures_are_valid_html 
[gw5] [ 86%] PASSED tests/contract/test_mock_structure_validation.py::TestMockStructureValidation::test_all_html_fixtures_are_valid_html 
tests/contract/test_mock_structure_validation.py::TestMockStructureValidation::test_html_fixtures_with_pdfs_have_valid_link_structure 
[gw5] [ 86%] PASSED tests/contract/test_mock_structure_validation.py::TestMockStructureValidation::test_html_fixtures_with_pdfs_have_valid_link_structure 
tests/contract/test_mock_structure_validation.py::TestMockStructureValidation::test_html_fixtures_are_documented 
[gw0] [ 86%] PASSED tests/contract/test_date_formats.py::TestDateFormatContract::test_all_fixture_dates_parse_correctly 
tests/contract/test_date_formats.py::TestDateFormatContract::test_british_dates_contain_day_names 
[gw0] [ 86%] PASSED tests/contract/test_date_formats.py::TestDateFormatContract::test_british_dates_contain_day_names 
tests/contract/test_mock_structure_validation.py::TestMockStructureValidation::test_pagination_fixture_has_pagination_controls 
[gw0] [ 87%] PASSED tests/contract/test_mock_structure_validation.py::TestMockStructureValidation::test_pagination_fixture_has_pagination_controls 
tests/contract/test_mock_structure_validation.py::TestMockStructureValidation::test_pdf_links_use_url_encoding 
[gw0] [ 87%] PASSED tests/contract/test_mock_structure_validation.py::TestMockStructureValidation::test_pdf_links_use_url_encoding 
tests/contract/test_mock_structure_validation.py::TestMockStructureValidation::test_all_fixtures_accessible_via_get_sample 
[gw0] [ 87%] PASSED tests/contract/test_mock_structure_validation.py::TestMockStructureValidation::test_all_fixtures_accessible_via_get_sample 
tests/contract/test_pdf_links.py::TestPDFLinkContract::test_all_fixture_links_parse_correctly 
[gw0] [ 87%] PASSED tests/contract/test_pdf_links.py::TestPDFLinkContract::test_all_fixture_links_parse_correctly 
tests/contract/test_pdf_links.py::TestPDFLinkContract::test_link_hrefs_follow_expected_pattern 
[gw0] [ 87%] PASSED tests/contract/test_pdf_links.py::TestPDFLinkContract::test_link_hrefs_follow_expected_pattern 
tests/contract/test_pdf_links.py::TestPDFLinkContract::test_link_hrefs_are_relative_urls 
[gw0] [ 87%] PASSED tests/contract/test_pdf_links.py::TestPDFLinkContract::test_link_hrefs_are_relative_urls 
tests/contract/test_pdf_links.py::TestPDFLinkContract::test_link_hrefs_contain_year_month_directory 
[gw0] [ 87%] PASSED tests/contract/test_pdf_links.py::TestPDFLinkContract::test_link_hrefs_contain_year_month_directory 
tests/contract/test_pdf_links.py::TestPDFLinkContract::test_link_hrefs_end_with_pdf_extension 
[gw0] [ 87%] PASSED tests/contract/test_pdf_links.py::TestPDFLinkContract::test_link_hrefs_end_with_pdf_extension 
tests/contract/test_pdf_links.py::TestPDFLinkContract::test_link_text_contains_session_information 
[gw0] [ 88%] PASSED tests/contract/test_pdf_links.py::TestPDFLinkContract::test_link_text_contains_session_information 
tests/contract/test_pdf_links.py::TestPDFLinkContract::test_link_text_contains_date_information 
[gw0] [ 88%] PASSED tests/contract/test_pdf_links.py::TestPDFLinkContract::test_link_text_contains_date_information 
tests/contract/test_pdf_links.py::TestPDFLinkContract::test_link_text_follows_expected_format 
[gw0] [ 88%] PASSED tests/contract/test_pdf_links.py::TestPDFLinkContract::test_link_text_follows_expected_format 
tests/contract/test_pdf_links.py::TestPDFLinkContract::test_link_text_contains_ordinal_suffixes 
[gw0] [ 88%] PASSED tests/contract/test_pdf_links.py::TestPDFLinkContract::test_link_text_contains_ordinal_suffixes 
tests/contract/test_pdf_links.py::TestPDFLinkContract::test_link_text_contains_year 
[gw0] [ 88%] PASSED tests/contract/test_pdf_links.py::TestPDFLinkContract::test_link_text_contains_year 
tests/contract/test_pdf_links.py::TestPDFLinkContract::test_fixture_links_have_complete_metadata 
[gw5] [ 88%] PASSED tests/contract/test_mock_structure_validation.py::TestMockStructureValidation::test_html_fixtures_are_documented 
[gw0] [ 88%] PASSED tests/contract/test_pdf_links.py::TestPDFLinkContract::test_fixture_links_have_complete_metadata 
tests/contract/test_mock_structure_validation.py::TestMockStructureValidation::test_empty_page_fixture_has_no_pdf_links 
tests/contract/test_pdf_links.py::TestPDFLinkContract::test_fixture_expected_dates_are_valid_iso_format 
[gw5] [ 88%] PASSED tests/contract/test_mock_structure_validation.py::TestMockStructureValidation::test_empty_page_fixture_has_no_pdf_links 
[gw0] [ 89%] PASSED tests/contract/test_pdf_links.py::TestPDFLinkContract::test_fixture_expected_dates_are_valid_iso_format 
tests/contract/test_pdf_links.py::TestPDFLinkContract::test_fixture_expected_periods_are_valid 
tests/contract/test_pdf_links.py::TestPDFLinkContract::test_link_href_matches_expected_date 
[gw0] [ 89%] PASSED tests/contract/test_pdf_links.py::TestPDFLinkContract::test_link_href_matches_expected_date 
[gw5] [ 89%] PASSED tests/contract/test_pdf_links.py::TestPDFLinkContract::test_fixture_expected_periods_are_valid 
tests/contract/test_pdf_links.py::TestPDFLinkContract::test_link_text_matches_expected_period 
tests/contract/test_pdf_links.py::TestPDFLinkContract::test_fixture_coverage_includes_all_periods 
[gw5] [ 89%] PASSED tests/contract/test_pdf_links.py::TestPDFLinkContract::test_link_text_matches_expected_period 
[gw0] [ 89%] PASSED tests/contract/test_pdf_links.py::TestPDFLinkContract::test_fixture_coverage_includes_all_periods 
tests/contract/test_pdf_links.py::TestPDFLinkContract::test_fixture_coverage_includes_various_ordinals 
[gw5] [ 89%] PASSED tests/contract/test_pdf_links.py::TestPDFLinkContract::test_fixture_coverage_includes_various_ordinals 
[gw1] [ 89%] PASSED tests/unit/test_session_linking_property.py::TestSessionLinkingProperty::test_session_linking_without_existing_pdf_record 
tests/unit/test_site_generator.py::TestURLFor::test_static_endpoint_no_base_path 
[gw1] [ 89%] PASSED tests/unit/test_site_generator.py::TestURLFor::test_static_endpoint_no_base_path 
tests/unit/test_storage_abstraction.py::TestFilesystemStorage::test_initialization_creates_directory 
[gw1] [ 90%] PASSED tests/unit/test_storage_abstraction.py::TestFilesystemStorage::test_initialization_creates_directory 
tests/unit/test_storage_abstraction.py::TestFilesystemStorage::test_write_creates_file 
[gw1] [ 90%] PASSED tests/unit/test_storage_abstraction.py::TestFilesystemStorage::test_write_creates_file 
tests/unit/test_storage_abstraction.py::TestFilesystemStorage::test_write_creates_parent_directories 
[gw1] [ 90%] PASSED tests/unit/test_storage_abstraction.py::TestFilesystemStorage::test_write_creates_parent_directories 
tests/unit/test_storage_abstraction.py::TestFilesystemStorage::test_write_overwrites_existing_file 
[gw1] [ 90%] PASSED tests/unit/test_storage_abstraction.py::TestFilesystemStorage::test_write_overwrites_existing_file 
tests/unit/test_storage_abstraction.py::TestFilesystemStorage::test_exists_returns_false_for_nonexistent_file 
[gw1] [ 90%] PASSED tests/unit/test_storage_abstraction.py::TestFilesystemStorage::test_exists_returns_false_for_nonexistent_file 
tests/unit/test_storage_abstraction.py::TestFilesystemStorage::test_exists_returns_true_for_existing_file 
[gw1] [ 90%] PASSED tests/unit/test_storage_abstraction.py::TestFilesystemStorage::test_exists_returns_true_for_existing_file 
tests/unit/test_storage_abstraction.py::TestFilesystemStorage::test_get_size_returns_correct_size 
[gw1] [ 90%] PASSED tests/unit/test_storage_abstraction.py::TestFilesystemStorage::test_get_size_returns_correct_size 
tests/unit/test_storage_abstraction.py::TestFilesystemStorage::test_get_size_raises_for_nonexistent_file 
[gw1] [ 90%] PASSED tests/unit/test_storage_abstraction.py::TestFilesystemStorage::test_get_size_raises_for_nonexistent_file 
tests/unit/test_storage_abstraction.py::TestFilesystemStorage::test_read_returns_correct_content 
[gw1] [ 91%] PASSED tests/unit/test_storage_abstraction.py::TestFilesystemStorage::test_read_returns_correct_content 
[gw6] [ 91%] PASSED tests/unit/test_hansard_scraper.py::TestDownloadEdgeCases::test_download_pdf_with_timeout 
tests/unit/test_hansard_scraper.py::TestCheckExistingDownload::test_file_exists_with_record 
[gw6] [ 91%] PASSED tests/unit/test_hansard_scraper.py::TestCheckExistingDownload::test_file_exists_with_record 
tests/unit/test_hansard_scraper.py::TestCheckExistingDownload::test_file_exists_without_record 
[gw2] [ 91%] PASSED tests/integration/test_process_historical_data.py::TestMainFunction::test_main_with_invalid_date 
tests/integration/test_process_historical_data.py::TestMainFunction::test_main_with_workers 
[gw2] [ 91%] PASSED tests/integration/test_process_historical_data.py::TestMainFunction::test_main_with_workers 
tests/integration/test_process_historical_data.py::TestMainFunction::test_main_with_flags 
[gw2] [ 91%] PASSED tests/integration/test_process_historical_data.py::TestMainFunction::test_main_with_flags 
[gw6] [ 91%] PASSED tests/unit/test_hansard_scraper.py::TestCheckExistingDownload::test_file_exists_without_record 
tests/unit/test_hansard_scraper.py::TestCheckExistingDownload::test_new_download_needed 
[gw6] [ 91%] PASSED tests/unit/test_hansard_scraper.py::TestCheckExistingDownload::test_new_download_needed 
tests/unit/test_hansard_scraper.py::TestIntegration::test_complete_workflow_with_date_filtering 
[gw4] [ 92%] PASSED tests/unit/test_hansard_scraper.py::TestRetryLogic::test_download_retries_on_network_error 
tests/unit/test_hansard_scraper.py::TestRetryLogic::test_download_fails_after_max_retries 
[gw3] [ 92%] PASSED tests/integration/test_mocked_parliament_http_integration.py::test_multiple_scrapers_use_same_mock 
tests/integration/test_mocked_parliament_http_integration.py::test_scraper_with_realistic_html_structure 
[gw7] [ 92%] PASSED tests/unit/test_mp_data_scraper.py::TestMPDataScraperIntegration::test_scrape_page_real 
tests/unit/test_mp_data_scraper.py::TestCLI::test_main_with_arguments 
[gw7] [ 92%] PASSED tests/unit/test_mp_data_scraper.py::TestCLI::test_main_with_arguments 
tests/unit/test_mp_data_scraper.py::TestCLI::test_main_no_mps_found 
[gw7] [ 92%] PASSED tests/unit/test_mp_data_scraper.py::TestCLI::test_main_no_mps_found 
tests/unit/test_mp_identifier.py::TestMPIdentifier::test_identifier_initialization 
[gw7] [ 92%] PASSED tests/unit/test_mp_identifier.py::TestMPIdentifier::test_identifier_initialization 
tests/unit/test_mp_identifier.py::TestMPIdentifier::test_identifier_with_spacy_unavailable 
[gw6] [ 92%] PASSED tests/unit/test_hansard_scraper.py::TestIntegration::test_complete_workflow_with_date_filtering 
tests/unit/test_hansard_scraper.py::TestIntegration::test_statistics_accuracy 
[gw3] [ 92%] PASSED tests/integration/test_mocked_parliament_http_integration.py::test_scraper_with_realistic_html_structure 
tests/integration/test_process_historical_data.py::TestParseDateString::test_parse_iso_format 
[gw3] [ 93%] PASSED tests/integration/test_process_historical_data.py::TestParseDateString::test_parse_iso_format 
tests/integration/test_process_historical_data.py::TestParseDateString::test_parse_natural_language 
[gw3] [ 93%] PASSED tests/integration/test_process_historical_data.py::TestParseDateString::test_parse_natural_language 
tests/integration/test_process_historical_data.py::TestParseDateString::test_parse_invalid_dates 
[gw7] [ 93%] PASSED tests/unit/test_mp_identifier.py::TestMPIdentifier::test_identifier_with_spacy_unavailable 
tests/unit/test_mp_identifier.py::TestMPIdentifier::test_speaker_patterns_compiled 
[gw7] [ 93%] PASSED tests/unit/test_mp_identifier.py::TestMPIdentifier::test_speaker_patterns_compiled 
tests/unit/test_mp_identifier.py::TestNameNormalization::test_normalize_simple_name 
[gw7] [ 93%] PASSED tests/unit/test_mp_identifier.py::TestNameNormalization::test_normalize_simple_name 
tests/unit/test_mp_identifier.py::TestNameNormalization::test_normalize_name_with_extra_spaces 
[gw7] [ 93%] PASSED tests/unit/test_mp_identifier.py::TestNameNormalization::test_normalize_name_with_extra_spaces 
tests/unit/test_mp_identifier.py::TestNameNormalization::test_normalize_name_with_parenthetical 
[gw7] [ 93%] PASSED tests/unit/test_mp_identifier.py::TestNameNormalization::test_normalize_name_with_parenthetical 
tests/unit/test_mp_identifier.py::TestNameNormalization::test_normalize_name_with_mp_suffix 
[gw7] [ 93%] PASSED tests/unit/test_mp_identifier.py::TestNameNormalization::test_normalize_name_with_mp_suffix 
tests/unit/test_mp_identifier.py::TestNameNormalization::test_normalize_lowercase_name 
[gw7] [ 94%] PASSED tests/unit/test_mp_identifier.py::TestNameNormalization::test_normalize_lowercase_name 
tests/unit/test_mp_identifier.py::TestNameNormalization::test_normalize_mixed_case_name 
[gw7] [ 94%] PASSED tests/unit/test_mp_identifier.py::TestNameNormalization::test_normalize_mixed_case_name 
tests/unit/test_mp_identifier.py::TestSpeakerFinding::test_find_hon_speaker 
[gw7] [ 94%] PASSED tests/unit/test_mp_identifier.py::TestSpeakerFinding::test_find_hon_speaker 
tests/unit/test_mp_identifier.py::TestSpeakerFinding::test_find_multiple_speakers 
[gw7] [ 94%] PASSED tests/unit/test_mp_identifier.py::TestSpeakerFinding::test_find_multiple_speakers 
tests/unit/test_mp_identifier.py::TestSpeakerFinding::test_find_speaker_with_parenthetical 
[gw7] [ 94%] PASSED tests/unit/test_mp_identifier.py::TestSpeakerFinding::test_find_speaker_with_parenthetical 
[gw6] [ 94%] PASSED tests/unit/test_hansard_scraper.py::TestIntegration::test_statistics_accuracy 
tests/unit/test_hansard_scraper.py::TestIntegration::test_duplicate_urls_same_filename 
[gw3] [ 94%] PASSED tests/integration/test_process_historical_data.py::TestParseDateString::test_parse_invalid_dates 
tests/integration/test_process_historical_data.py::TestExtractDateFromFilename::test_standardized_format 
[gw3] [ 94%] PASSED tests/integration/test_process_historical_data.py::TestExtractDateFromFilename::test_standardized_format 
tests/integration/test_process_historical_data.py::TestExtractDateFromFilename::test_iso_format 
[gw3] [ 95%] PASSED tests/integration/test_process_historical_data.py::TestExtractDateFromFilename::test_iso_format 
[gw6] [ 95%] PASSED tests/unit/test_hansard_scraper.py::TestIntegration::test_duplicate_urls_same_filename 
tests/unit/test_homepage.py::TestHomepageRoute::test_homepage_route_exists 
[gw6] [ 95%] PASSED tests/unit/test_homepage.py::TestHomepageRoute::test_homepage_route_exists 
tests/unit/test_homepage.py::TestHomepageRoute::test_homepage_returns_html 
[gw6] [ 95%] PASSED tests/unit/test_homepage.py::TestHomepageRoute::test_homepage_returns_html 
tests/unit/test_homepage.py::TestHomepageRoute::test_homepage_has_content 
[gw6] [ 95%] PASSED tests/unit/test_homepage.py::TestHomepageRoute::test_homepage_has_content 
tests/unit/test_homepage.py::TestHomepageTemplate::test_template_file_exists 
[gw6] [ 95%] PASSED tests/unit/test_homepage.py::TestHomepageTemplate::test_template_file_exists 
tests/unit/test_homepage.py::TestHomepageTemplate::test_template_extends_base 
[gw6] [ 95%] PASSED tests/unit/test_homepage.py::TestHomepageTemplate::test_template_extends_base 
tests/unit/test_homepage.py::TestHomepageTemplate::test_template_has_title_block 
[gw6] [ 95%] PASSED tests/unit/test_homepage.py::TestHomepageTemplate::test_template_has_title_block 
tests/unit/test_homepage.py::TestHomepageTemplate::test_template_has_content_block 
[gw6] [ 96%] PASSED tests/unit/test_homepage.py::TestHomepageTemplate::test_template_has_content_block 
tests/unit/test_homepage.py::TestHomepageContent::test_homepage_has_hero_section 
[gw6] [ 96%] PASSED tests/unit/test_homepage.py::TestHomepageContent::test_homepage_has_hero_section 
tests/unit/test_homepage.py::TestHomepageContent::test_homepage_has_search_box 
[gw6] [ 96%] PASSED tests/unit/test_homepage.py::TestHomepageContent::test_homepage_has_search_box 
tests/unit/test_homepage.py::TestHomepageContent::test_homepage_has_introduction 
[gw6] [ 96%] PASSED tests/unit/test_homepage.py::TestHomepageContent::test_homepage_has_introduction 
tests/unit/test_homepage.py::TestHomepageContent::test_homepage_has_parliament_info 
[gw6] [ 96%] PASSED tests/unit/test_homepage.py::TestHomepageContent::test_homepage_has_parliament_info 
tests/unit/test_homepage.py::TestHomepageContent::test_homepage_has_navigation_links 
[gw6] [ 96%] PASSED tests/unit/test_homepage.py::TestHomepageContent::test_homepage_has_navigation_links 
tests/unit/test_homepage.py::TestHomepageSearch::test_search_input_exists 
[gw6] [ 96%] PASSED tests/unit/test_homepage.py::TestHomepageSearch::test_search_input_exists 
tests/unit/test_homepage.py::TestHomepageSearch::test_search_has_placeholder 
[gw6] [ 96%] PASSED tests/unit/test_homepage.py::TestHomepageSearch::test_search_has_placeholder 
tests/unit/test_homepage.py::TestHomepageSearch::test_search_has_aria_label 
[gw6] [ 97%] PASSED tests/unit/test_homepage.py::TestHomepageSearch::test_search_has_aria_label 
tests/unit/test_homepage.py::TestHomepageSearch::test_search_results_container_exists 
[gw6] [ 97%] PASSED tests/unit/test_homepage.py::TestHomepageSearch::test_search_results_container_exists 
[gw4] [ 97%] PASSED tests/unit/test_hansard_scraper.py::TestRetryLogic::test_download_fails_after_max_retries 
tests/unit/test_hansard_scraper.py::TestPagination::test_extract_max_page_from_pagination 
[gw4] [ 97%] PASSED tests/unit/test_hansard_scraper.py::TestPagination::test_extract_max_page_from_pagination 
tests/unit/test_hansard_scraper.py::TestPagination::test_extract_max_page_no_pagination 
[gw4] [ 97%] PASSED tests/unit/test_hansard_scraper.py::TestPagination::test_extract_max_page_no_pagination 
tests/unit/test_hansard_scraper.py::TestPagination::test_stops_when_finding_date_before_start_date 
[gw4] [ 97%] PASSED tests/unit/test_hansard_scraper.py::TestPagination::test_stops_when_finding_date_before_start_date 
tests/unit/test_hansard_scraper.py::TestErrorHandling::test_extract_links_raises_error_when_no_pdf_links 
[gw4] [ 97%] PASSED tests/unit/test_hansard_scraper.py::TestErrorHandling::test_extract_links_raises_error_when_no_pdf_links 
tests/unit/test_hansard_scraper.py::TestErrorHandling::test_download_pdf_with_no_date 
[gw4] [ 97%] PASSED tests/unit/test_hansard_scraper.py::TestErrorHandling::test_download_pdf_with_no_date 
tests/unit/test_hansard_scraper.py::TestErrorHandling::test_download_pdf_with_empty_date 
[gw4] [ 98%] PASSED tests/unit/test_hansard_scraper.py::TestErrorHandling::test_download_pdf_with_empty_date 
tests/unit/test_mp_profile.py::TestMPProfileResponsive::test_template_has_grid_layout 
[gw4] [ 98%] PASSED tests/unit/test_mp_profile.py::TestMPProfileResponsive::test_template_has_grid_layout 
tests/unit/test_mp_profile.py::TestMPProfileAccessibility::test_template_has_semantic_html 
[gw4] [ 98%] PASSED tests/unit/test_mp_profile.py::TestMPProfileAccessibility::test_template_has_semantic_html 
tests/unit/test_mp_profile.py::TestMPProfileAccessibility::test_template_has_alt_text_for_images 
[gw4] [ 98%] PASSED tests/unit/test_mp_profile.py::TestMPProfileAccessibility::test_template_has_alt_text_for_images 
tests/unit/test_mp_profile.py::TestMPProfileAccessibility::test_template_has_aria_labels 
[gw4] [ 98%] PASSED tests/unit/test_mp_profile.py::TestMPProfileAccessibility::test_template_has_aria_labels 
tests/unit/test_mp_profile.py::TestMPProfileTermFilter::test_template_has_term_filter 
[gw4] [ 98%] PASSED tests/unit/test_mp_profile.py::TestMPProfileTermFilter::test_template_has_term_filter 
tests/unit/test_mp_profile.py::TestMPProfileTermFilter::test_template_has_filter_javascript 
[gw4] [ 98%] PASSED tests/unit/test_mp_profile.py::TestMPProfileTermFilter::test_template_has_filter_javascript 
tests/unit/test_mp_profile.py::TestMPProfileHistoricalTerms::test_template_has_historical_section 
[gw4] [ 98%] PASSED tests/unit/test_mp_profile.py::TestMPProfileHistoricalTerms::test_template_has_historical_section 
tests/unit/test_mp_profile.py::TestMPProfileHistoricalTerms::test_template_shows_historical_conditionally 
[gw4] [ 99%] PASSED tests/unit/test_mp_profile.py::TestMPProfileHistoricalTerms::test_template_shows_historical_conditionally 
tests/unit/test_mp_profile.py::TestMPProfileLinks::test_template_has_hansard_links 
[gw4] [ 99%] PASSED tests/unit/test_mp_profile.py::TestMPProfileLinks::test_template_has_hansard_links 
tests/unit/test_mp_profile.py::TestMPProfileLinks::test_template_links_open_in_new_tab 
[gw4] [ 99%] PASSED tests/unit/test_mp_profile.py::TestMPProfileLinks::test_template_links_open_in_new_tab 
tests/unit/test_mp_profile.py::TestDatabaseQueries::test_get_db_connection_works 
[gw4] [ 99%] PASSED tests/unit/test_mp_profile.py::TestDatabaseQueries::test_get_db_connection_works 
tests/unit/test_mp_profile.py::TestDatabaseQueries::test_can_query_mps_table 
[gw4] [ 99%] PASSED tests/unit/test_mp_profile.py::TestDatabaseQueries::test_can_query_mps_table 
tests/unit/test_mp_profile.py::TestDatabaseQueries::test_can_query_mp_terms_table 
[gw4] [ 99%] PASSED tests/unit/test_mp_profile.py::TestDatabaseQueries::test_can_query_mp_terms_table 
tests/unit/test_mp_profile.py::TestMPProfileStyling::test_template_uses_tailwind_classes 
[gw4] [ 99%] PASSED tests/unit/test_mp_profile.py::TestMPProfileStyling::test_template_uses_tailwind_classes 
tests/unit/test_mp_profile.py::TestMPProfileStyling::test_template_uses_kenya_colors 
[gw4] [ 99%] PASSED tests/unit/test_mp_profile.py::TestMPProfileStyling::test_template_uses_kenya_colors 
tests/unit/test_mp_profile.py::TestMPProfileStyling::test_template_has_rounded_corners 
[gw4] [100%] PASSED tests/unit/test_mp_profile.py::TestMPProfileStyling::test_template_has_rounded_corners 

=================================== FAILURES ===================================
__________ TestStorageInterface.test_property_move_preserves_content ___________
[gw3] darwin -- Python 3.12.12 /Users/oanyango/hansard-tales/venv/bin/python
tests/unit/test_storage_abstraction.py:276: in test_property_move_preserves_content
    old_name=st.text(
tests/unit/test_storage_abstraction.py:320: in test_property_move_preserves_content
    assert not temp_storage.exists(old_name)
E   AssertionError: assert not True
E    +  where True = <bound method FilesystemStorage.exists of <hansard_tales.storage.filesystem.FilesystemStorage object at 0x10ad14d10>>('.pdf')
E    +    where <bound method FilesystemStorage.exists of <hansard_tales.storage.filesystem.FilesystemStorage object at 0x10ad14d10>> = <hansard_tales.storage.filesystem.FilesystemStorage object at 0x10ad14d10>.exists
E   Falsifying example: test_property_move_preserves_content(
E       self=<tests.unit.test_storage_abstraction.TestStorageInterface object at 0x1094c7ec0>,
E       old_name='',
E       new_name='',
E       content=b'\x00',  # or any other generated value
E   )
----------------------------- Captured stderr call -----------------------------
2026-01-27 14:35:20,502 - INFO - File operation: WRITE path=e8Z.pdf, size=1 bytes
2026-01-27 14:35:20,503 - INFO - File operation: MOVE src=e8Z.pdf, dest=0.pdf
2026-01-27 14:35:20,506 - INFO - File operation: WRITE path=e8Z.pdf, size=11 bytes
2026-01-27 14:35:20,507 - INFO - File operation: MOVE src=e8Z.pdf, dest=t.pdf
2026-01-27 14:35:20,510 - INFO - File operation: WRITE path=.pdf, size=1 bytes
2026-01-27 14:35:20,510 - INFO - File operation: MOVE src=.pdf, dest=0.pdf
2026-01-27 14:35:20,512 - INFO - File operation: WRITE path=.pdf, size=2 bytes
2026-01-27 14:35:20,512 - INFO - File operation: MOVE src=.pdf, dest=.pdf
2026-01-27 14:35:20,552 - INFO - File operation: WRITE path=w.pdf, size=17 bytes
2026-01-27 14:35:20,553 - INFO - File operation: MOVE src=w.pdf, dest=w.pdf
2026-01-27 14:35:20,559 - INFO - File operation: WRITE path=V5.pdf, size=1 bytes
2026-01-27 14:35:20,560 - INFO - File operation: MOVE src=V5.pdf, dest=BBPEL.pdf
2026-01-27 14:35:20,563 - INFO - File operation: WRITE path=.pdf, size=2 bytes
2026-01-27 14:35:20,563 - INFO - File operation: MOVE src=.pdf, dest=.pdf
2026-01-27 14:35:20,574 - INFO - File operation: WRITE path=.pdf, size=1 bytes
2026-01-27 14:35:20,575 - INFO - File operation: MOVE src=.pdf, dest=.pdf
2026-01-27 14:35:20,585 - INFO - File operation: WRITE path=0.pdf, size=1 bytes
2026-01-27 14:35:20,585 - INFO - File operation: MOVE src=0.pdf, dest=.pdf
2026-01-27 14:35:20,591 - INFO - File operation: WRITE path=.pdf, size=1 bytes
2026-01-27 14:35:20,591 - INFO - File operation: MOVE src=.pdf, dest=.pdf
2026-01-27 14:35:20,600 - INFO - File operation: WRITE path=.pdf, size=1 bytes
2026-01-27 14:35:20,601 - INFO - File operation: MOVE src=.pdf, dest=0.pdf
2026-01-27 14:35:20,603 - INFO - File operation: WRITE path=.pdf, size=1 bytes
2026-01-27 14:35:20,604 - INFO - File operation: MOVE src=.pdf, dest=1.pdf
2026-01-27 14:35:20,608 - INFO - File operation: WRITE path=.pdf, size=1 bytes
2026-01-27 14:35:20,608 - INFO - File operation: MOVE src=.pdf, dest=.pdf
2026-01-27 14:35:20,611 - INFO - File operation: WRITE path=.pdf, size=1 bytes
2026-01-27 14:35:20,612 - INFO - File operation: MOVE src=.pdf, dest=.pdf
2026-01-27 14:35:20,615 - INFO - File operation: WRITE path=.pdf, size=1 bytes
2026-01-27 14:35:20,616 - INFO - File operation: MOVE src=.pdf, dest=.pdf
2026-01-27 14:35:20,621 - INFO - File operation: WRITE path=0.pdf, size=1 bytes
2026-01-27 14:35:20,623 - INFO - File operation: MOVE src=0.pdf, dest=.pdf
2026-01-27 14:35:20,627 - INFO - File operation: WRITE path=1.pdf, size=1 bytes
2026-01-27 14:35:20,629 - INFO - File operation: MOVE src=1.pdf, dest=.pdf
2026-01-27 14:35:20,633 - INFO - File operation: WRITE path=.pdf, size=1 bytes
2026-01-27 14:35:20,634 - INFO - File operation: MOVE src=.pdf, dest=.pdf
2026-01-27 14:35:20,642 - INFO - File operation: WRITE path=.pdf, size=1 bytes
2026-01-27 14:35:20,645 - INFO - File operation: MOVE src=.pdf, dest=.pdf
2026-01-27 14:35:20,659 - INFO - File operation: WRITE path=.pdf, size=1 bytes
2026-01-27 14:35:20,663 - INFO - File operation: MOVE src=.pdf, dest=.pdf
2026-01-27 14:35:20,672 - INFO - File operation: WRITE path=.pdf, size=1 bytes
2026-01-27 14:35:20,674 - INFO - File operation: MOVE src=.pdf, dest=.pdf
2026-01-27 14:35:20,715 - INFO - File operation: WRITE path=.pdf, size=3 bytes
2026-01-27 14:35:20,716 - INFO - File operation: MOVE src=.pdf, dest=.pdf
2026-01-27 14:35:20,970 - INFO - File operation: WRITE path=.pdf, size=3 bytes
2026-01-27 14:35:20,972 - INFO - File operation: MOVE src=.pdf, dest=.pdf
2026-01-27 14:35:21,034 - INFO - File operation: WRITE path=.pdf, size=4 bytes
2026-01-27 14:35:21,036 - INFO - File operation: MOVE src=.pdf, dest=.pdf
2026-01-27 14:35:21,052 - INFO - File operation: WRITE path=.pdf, size=4 bytes
2026-01-27 14:35:21,206 - INFO - File operation: MOVE src=.pdf, dest=.pdf
2026-01-27 14:35:21,216 - INFO - File operation: WRITE path=.pdf, size=3 bytes
2026-01-27 14:35:21,217 - INFO - File operation: MOVE src=.pdf, dest=.pdf
2026-01-27 14:35:21,227 - INFO - File operation: WRITE path=.pdf, size=8 bytes
2026-01-27 14:35:21,227 - INFO - File operation: MOVE src=.pdf, dest=.pdf
2026-01-27 14:35:21,237 - INFO - File operation: WRITE path=.pdf, size=11 bytes
2026-01-27 14:35:21,238 - INFO - File operation: MOVE src=.pdf, dest=.pdf
2026-01-27 14:35:21,248 - INFO - File operation: WRITE path=.pdf, size=6 bytes
2026-01-27 14:35:21,249 - INFO - File operation: MOVE src=.pdf, dest=.pdf
2026-01-27 14:35:21,262 - INFO - File operation: WRITE path=.pdf, size=2 bytes
2026-01-27 14:35:21,263 - INFO - File operation: MOVE src=.pdf, dest=.pdf
2026-01-27 14:35:21,275 - INFO - File operation: WRITE path=.pdf, size=4 bytes
2026-01-27 14:35:21,280 - INFO - File operation: MOVE src=.pdf, dest=.pdf
2026-01-27 14:35:21,309 - INFO - File operation: WRITE path=.pdf, size=13 bytes
2026-01-27 14:35:21,311 - INFO - File operation: MOVE src=.pdf, dest=.pdf
2026-01-27 14:35:21,326 - INFO - File operation: WRITE path=.pdf, size=3 bytes
2026-01-27 14:35:21,326 - INFO - File operation: MOVE src=.pdf, dest=.pdf
2026-01-27 14:35:21,338 - INFO - File operation: WRITE path=.pdf, size=3 bytes
2026-01-27 14:35:21,339 - INFO - File operation: MOVE src=.pdf, dest=.pdf
2026-01-27 14:35:21,349 - INFO - File operation: WRITE path=.pdf, size=1 bytes
2026-01-27 14:35:21,350 - INFO - File operation: MOVE src=.pdf, dest=.pdf
2026-01-27 14:35:21,362 - INFO - File operation: WRITE path=.pdf, size=3 bytes
2026-01-27 14:35:21,363 - INFO - File operation: MOVE src=.pdf, dest=.pdf
2026-01-27 14:35:21,376 - INFO - File operation: WRITE path=.pdf, size=10 bytes
2026-01-27 14:35:21,377 - INFO - File operation: MOVE src=.pdf, dest=.pdf
2026-01-27 14:35:21,386 - INFO - File operation: WRITE path=.pdf, size=5 bytes
2026-01-27 14:35:21,387 - INFO - File operation: MOVE src=.pdf, dest=.pdf
2026-01-27 14:35:21,396 - INFO - File operation: WRITE path=.pdf, size=15 bytes
2026-01-27 14:35:21,397 - INFO - File operation: MOVE src=.pdf, dest=.pdf
2026-01-27 14:35:21,406 - INFO - File operation: WRITE path=.pdf, size=4 bytes
2026-01-27 14:35:21,406 - INFO - File operation: MOVE src=.pdf, dest=.pdf
2026-01-27 14:35:21,415 - INFO - File operation: WRITE path=.pdf, size=13 bytes
2026-01-27 14:35:21,415 - INFO - File operation: MOVE src=.pdf, dest=.pdf
2026-01-27 14:35:21,425 - INFO - File operation: WRITE path=.pdf, size=3 bytes
2026-01-27 14:35:21,425 - INFO - File operation: MOVE src=.pdf, dest=.pdf
2026-01-27 14:35:21,433 - INFO - File operation: WRITE path=.pdf, size=1 bytes
2026-01-27 14:35:21,434 - INFO - File operation: MOVE src=.pdf, dest=.pdf
2026-01-27 14:35:21,443 - INFO - File operation: WRITE path=.pdf, size=15 bytes
2026-01-27 14:35:21,444 - INFO - File operation: MOVE src=.pdf, dest=.pdf
2026-01-27 14:35:21,452 - INFO - File operation: WRITE path=.pdf, size=8 bytes
2026-01-27 14:35:21,452 - INFO - File operation: MOVE src=.pdf, dest=.pdf
2026-01-27 14:35:21,462 - INFO - File operation: WRITE path=.pdf, size=3 bytes
2026-01-27 14:35:21,463 - INFO - File operation: MOVE src=.pdf, dest=.pdf
2026-01-27 14:35:21,471 - INFO - File operation: WRITE path=.pdf, size=19 bytes
2026-01-27 14:35:21,472 - INFO - File operation: MOVE src=.pdf, dest=.pdf
2026-01-27 14:35:21,480 - INFO - File operation: WRITE path=.pdf, size=1 bytes
2026-01-27 14:35:21,481 - INFO - File operation: MOVE src=.pdf, dest=.pdf
2026-01-27 14:35:21,488 - INFO - File operation: WRITE path=.pdf, size=2 bytes
2026-01-27 14:35:21,489 - INFO - File operation: MOVE src=.pdf, dest=.pdf
2026-01-27 14:35:21,498 - INFO - File operation: WRITE path=.pdf, size=3 bytes
2026-01-27 14:35:21,499 - INFO - File operation: MOVE src=.pdf, dest=.pdf
2026-01-27 14:35:21,507 - INFO - File operation: WRITE path=.pdf, size=9 bytes
2026-01-27 14:35:21,508 - INFO - File operation: MOVE src=.pdf, dest=.pdf
2026-01-27 14:35:21,516 - INFO - File operation: WRITE path=.pdf, size=7 bytes
2026-01-27 14:35:21,517 - INFO - File operation: MOVE src=.pdf, dest=.pdf
2026-01-27 14:35:21,526 - INFO - File operation: WRITE path=.pdf, size=7 bytes
2026-01-27 14:35:21,526 - INFO - File operation: MOVE src=.pdf, dest=.pdf
2026-01-27 14:35:21,534 - INFO - File operation: WRITE path=.pdf, size=1 bytes
2026-01-27 14:35:21,535 - INFO - File operation: MOVE src=.pdf, dest=.pdf
2026-01-27 14:35:21,544 - INFO - File operation: WRITE path=.pdf, size=1 bytes
2026-01-27 14:35:21,544 - INFO - File operation: MOVE src=.pdf, dest=.pdf
2026-01-27 14:35:21,552 - INFO - File operation: WRITE path=.pdf, size=3 bytes
2026-01-27 14:35:21,553 - INFO - File operation: MOVE src=.pdf, dest=.pdf
2026-01-27 14:35:21,561 - INFO - File operation: WRITE path=.pdf, size=1 bytes
2026-01-27 14:35:21,561 - INFO - File operation: MOVE src=.pdf, dest=.pdf
2026-01-27 14:35:21,569 - INFO - File operation: WRITE path=.pdf, size=6 bytes
2026-01-27 14:35:21,570 - INFO - File operation: MOVE src=.pdf, dest=.pdf
2026-01-27 14:35:21,579 - INFO - File operation: WRITE path=.pdf, size=2 bytes
2026-01-27 14:35:21,579 - INFO - File operation: MOVE src=.pdf, dest=.pdf
2026-01-27 14:35:21,587 - INFO - File operation: WRITE path=.pdf, size=3 bytes
2026-01-27 14:35:21,587 - INFO - File operation: MOVE src=.pdf, dest=.pdf
2026-01-27 14:35:21,596 - INFO - File operation: WRITE path=.pdf, size=1 bytes
2026-01-27 14:35:21,596 - INFO - File operation: MOVE src=.pdf, dest=.pdf
2026-01-27 14:35:21,604 - INFO - File operation: WRITE path=.pdf, size=22 bytes
2026-01-27 14:35:21,606 - INFO - File operation: MOVE src=.pdf, dest=.pdf
2026-01-27 14:35:21,614 - INFO - File operation: WRITE path=.pdf, size=1 bytes
2026-01-27 14:35:21,615 - INFO - File operation: MOVE src=.pdf, dest=.pdf
2026-01-27 14:35:21,624 - INFO - File operation: WRITE path=.pdf, size=5 bytes
2026-01-27 14:35:21,625 - INFO - File operation: MOVE src=.pdf, dest=.pdf
2026-01-27 14:35:21,632 - INFO - File operation: WRITE path=.pdf, size=4 bytes
2026-01-27 14:35:21,632 - INFO - File operation: MOVE src=.pdf, dest=.pdf
2026-01-27 14:35:21,642 - INFO - File operation: WRITE path=.pdf, size=1 bytes
2026-01-27 14:35:21,643 - INFO - File operation: MOVE src=.pdf, dest=.pdf
2026-01-27 14:35:21,651 - INFO - File operation: WRITE path=.pdf, size=2 bytes
2026-01-27 14:35:21,651 - INFO - File operation: MOVE src=.pdf, dest=.pdf
2026-01-27 14:35:21,660 - INFO - File operation: WRITE path=.pdf, size=8 bytes
2026-01-27 14:35:21,660 - INFO - File operation: MOVE src=.pdf, dest=.pdf
2026-01-27 14:35:21,667 - INFO - File operation: WRITE path=.pdf, size=7 bytes
2026-01-27 14:35:21,668 - INFO - File operation: MOVE src=.pdf, dest=.pdf
2026-01-27 14:35:21,676 - INFO - File operation: WRITE path=.pdf, size=4 bytes
2026-01-27 14:35:21,677 - INFO - File operation: MOVE src=.pdf, dest=.pdf
2026-01-27 14:35:21,684 - INFO - File operation: WRITE path=.pdf, size=1 bytes
2026-01-27 14:35:21,684 - INFO - File operation: MOVE src=.pdf, dest=.pdf
2026-01-27 14:35:21,692 - INFO - File operation: WRITE path=.pdf, size=4 bytes
2026-01-27 14:35:21,693 - INFO - File operation: MOVE src=.pdf, dest=.pdf
2026-01-27 14:35:21,700 - INFO - File operation: WRITE path=.pdf, size=2 bytes
2026-01-27 14:35:21,701 - INFO - File operation: MOVE src=.pdf, dest=.pdf
2026-01-27 14:35:21,709 - INFO - File operation: WRITE path=.pdf, size=5 bytes
2026-01-27 14:35:21,709 - INFO - File operation: MOVE src=.pdf, dest=.pdf
2026-01-27 14:35:21,716 - INFO - File operation: WRITE path=.pdf, size=2 bytes
2026-01-27 14:35:21,717 - INFO - File operation: MOVE src=.pdf, dest=.pdf
2026-01-27 14:35:21,725 - INFO - File operation: WRITE path=.pdf, size=4 bytes
2026-01-27 14:35:21,725 - INFO - File operation: MOVE src=.pdf, dest=.pdf
2026-01-27 14:35:21,734 - INFO - File operation: WRITE path=.pdf, size=1 bytes
2026-01-27 14:35:21,735 - INFO - File operation: MOVE src=.pdf, dest=.pdf
2026-01-27 14:35:21,744 - INFO - File operation: WRITE path=.pdf, size=16 bytes
2026-01-27 14:35:21,745 - INFO - File operation: MOVE src=.pdf, dest=.pdf
2026-01-27 14:35:21,753 - INFO - File operation: WRITE path=.pdf, size=5 bytes
2026-01-27 14:35:21,755 - INFO - File operation: MOVE src=.pdf, dest=.pdf
2026-01-27 14:35:21,764 - INFO - File operation: WRITE path=.pdf, size=8 bytes
2026-01-27 14:35:21,764 - INFO - File operation: MOVE src=.pdf, dest=.pdf
2026-01-27 14:35:21,773 - INFO - File operation: WRITE path=.pdf, size=2 bytes
2026-01-27 14:35:21,773 - INFO - File operation: MOVE src=.pdf, dest=.pdf
2026-01-27 14:35:21,781 - INFO - File operation: WRITE path=.pdf, size=3 bytes
2026-01-27 14:35:21,782 - INFO - File operation: MOVE src=.pdf, dest=.pdf
2026-01-27 14:35:21,791 - INFO - File operation: WRITE path=.pdf, size=1 bytes
2026-01-27 14:35:21,792 - INFO - File operation: MOVE src=.pdf, dest=.pdf
2026-01-27 14:35:21,800 - INFO - File operation: WRITE path=.pdf, size=1 bytes
2026-01-27 14:35:21,800 - INFO - File operation: MOVE src=.pdf, dest=.pdf
2026-01-27 14:35:21,809 - INFO - File operation: WRITE path=.pdf, size=18 bytes
2026-01-27 14:35:21,809 - INFO - File operation: MOVE src=.pdf, dest=.pdf
2026-01-27 14:35:21,817 - INFO - File operation: WRITE path=.pdf, size=3 bytes
2026-01-27 14:35:21,817 - INFO - File operation: MOVE src=.pdf, dest=.pdf
2026-01-27 14:35:21,825 - INFO - File operation: WRITE path=.pdf, size=12 bytes
2026-01-27 14:35:21,826 - INFO - File operation: MOVE src=.pdf, dest=.pdf
2026-01-27 14:35:21,834 - INFO - File operation: WRITE path=.pdf, size=6 bytes
2026-01-27 14:35:21,834 - INFO - File operation: MOVE src=.pdf, dest=.pdf
2026-01-27 14:35:21,843 - INFO - File operation: WRITE path=.pdf, size=1 bytes
2026-01-27 14:35:21,843 - INFO - File operation: MOVE src=.pdf, dest=.pdf
2026-01-27 14:35:21,851 - INFO - File operation: WRITE path=.pdf, size=1 bytes
2026-01-27 14:35:21,852 - INFO - File operation: MOVE src=.pdf, dest=.pdf
2026-01-27 14:35:21,859 - INFO - File operation: WRITE path=.pdf, size=2 bytes
2026-01-27 14:35:21,860 - INFO - File operation: MOVE src=.pdf, dest=.pdf
2026-01-27 14:35:21,867 - INFO - File operation: WRITE path=.pdf, size=5 bytes
2026-01-27 14:35:21,867 - INFO - File operation: MOVE src=.pdf, dest=.pdf
2026-01-27 14:35:21,875 - INFO - File operation: WRITE path=.pdf, size=10 bytes
2026-01-27 14:35:21,875 - INFO - File operation: MOVE src=.pdf, dest=.pdf
2026-01-27 14:35:21,884 - INFO - File operation: WRITE path=.pdf, size=1 bytes
2026-01-27 14:35:21,884 - INFO - File operation: MOVE src=.pdf, dest=.pdf
2026-01-27 14:35:21,892 - INFO - File operation: WRITE path=.pdf, size=4 bytes
2026-01-27 14:35:21,892 - INFO - File operation: MOVE src=.pdf, dest=.pdf
2026-01-27 14:35:21,900 - INFO - File operation: WRITE path=.pdf, size=7 bytes
2026-01-27 14:35:21,900 - INFO - File operation: MOVE src=.pdf, dest=.pdf
2026-01-27 14:35:21,908 - INFO - File operation: WRITE path=.pdf, size=1 bytes
2026-01-27 14:35:21,908 - INFO - File operation: MOVE src=.pdf, dest=.pdf
2026-01-27 14:35:21,915 - INFO - File operation: WRITE path=.pdf, size=2 bytes
2026-01-27 14:35:21,916 - INFO - File operation: MOVE src=.pdf, dest=.pdf
2026-01-27 14:35:21,923 - INFO - File operation: WRITE path=.pdf, size=6 bytes
2026-01-27 14:35:21,923 - INFO - File operation: MOVE src=.pdf, dest=.pdf
2026-01-27 14:35:21,930 - INFO - File operation: WRITE path=.pdf, size=11 bytes
2026-01-27 14:35:21,931 - INFO - File operation: MOVE src=.pdf, dest=.pdf
2026-01-27 14:35:21,937 - INFO - File operation: WRITE path=.pdf, size=15 bytes
2026-01-27 14:35:21,938 - INFO - File operation: MOVE src=.pdf, dest=.pdf
2026-01-27 14:35:21,947 - INFO - File operation: WRITE path=.pdf, size=5 bytes
2026-01-27 14:35:21,948 - INFO - File operation: MOVE src=.pdf, dest=.pdf
2026-01-27 14:35:21,956 - INFO - File operation: WRITE path=.pdf, size=6 bytes
2026-01-27 14:35:21,957 - INFO - File operation: MOVE src=.pdf, dest=.pdf
2026-01-27 14:35:21,964 - INFO - File operation: WRITE path=.pdf, size=6 bytes
2026-01-27 14:35:21,965 - INFO - File operation: MOVE src=.pdf, dest=.pdf
2026-01-27 14:35:21,972 - INFO - File operation: WRITE path=.pdf, size=3 bytes
2026-01-27 14:35:21,973 - INFO - File operation: MOVE src=.pdf, dest=.pdf
2026-01-27 14:35:21,981 - INFO - File operation: WRITE path=.pdf, size=10 bytes
2026-01-27 14:35:21,981 - INFO - File operation: MOVE src=.pdf, dest=.pdf
2026-01-27 14:35:21,989 - INFO - File operation: WRITE path=.pdf, size=9 bytes
2026-01-27 14:35:21,990 - INFO - File operation: MOVE src=.pdf, dest=.pdf
2026-01-27 14:35:21,997 - INFO - File operation: WRITE path=.pdf, size=4 bytes
2026-01-27 14:35:21,998 - INFO - File operation: MOVE src=.pdf, dest=.pdf
2026-01-27 14:35:22,007 - INFO - File operation: WRITE path=.pdf, size=1 bytes
2026-01-27 14:35:22,007 - INFO - File operation: MOVE src=.pdf, dest=.pdf
2026-01-27 14:35:22,015 - INFO - File operation: WRITE path=.pdf, size=9 bytes
2026-01-27 14:35:22,016 - INFO - File operation: MOVE src=.pdf, dest=.pdf
2026-01-27 14:35:22,025 - INFO - File operation: WRITE path=.pdf, size=5 bytes
2026-01-27 14:35:22,026 - INFO - File operation: MOVE src=.pdf, dest=.pdf
2026-01-27 14:35:22,034 - INFO - File operation: WRITE path=.pdf, size=2 bytes
2026-01-27 14:35:22,035 - INFO - File operation: MOVE src=.pdf, dest=.pdf
2026-01-27 14:35:22,042 - INFO - File operation: WRITE path=.pdf, size=6 bytes
2026-01-27 14:35:22,043 - INFO - File operation: MOVE src=.pdf, dest=.pdf
2026-01-27 14:35:22,051 - INFO - File operation: WRITE path=.pdf, size=4 bytes
2026-01-27 14:35:22,051 - INFO - File operation: MOVE src=.pdf, dest=.pdf
2026-01-27 14:35:22,059 - INFO - File operation: WRITE path=.pdf, size=4 bytes
2026-01-27 14:35:22,059 - INFO - File operation: MOVE src=.pdf, dest=.pdf
2026-01-27 14:35:22,067 - INFO - File operation: WRITE path=.pdf, size=3 bytes
2026-01-27 14:35:22,068 - INFO - File operation: MOVE src=.pdf, dest=.pdf
2026-01-27 14:35:22,076 - INFO - File operation: WRITE path=.pdf, size=21 bytes
2026-01-27 14:35:22,076 - INFO - File operation: MOVE src=.pdf, dest=.pdf
2026-01-27 14:35:22,084 - INFO - File operation: WRITE path=.pdf, size=2 bytes
2026-01-27 14:35:22,084 - INFO - File operation: MOVE src=.pdf, dest=.pdf
2026-01-27 14:35:22,093 - INFO - File operation: WRITE path=.pdf, size=19 bytes
2026-01-27 14:35:22,093 - INFO - File operation: MOVE src=.pdf, dest=.pdf
2026-01-27 14:35:22,101 - INFO - File operation: WRITE path=.pdf, size=4 bytes
2026-01-27 14:35:22,101 - INFO - File operation: MOVE src=.pdf, dest=.pdf
2026-01-27 14:35:22,117 - INFO - File operation: WRITE path=.pdf, size=1 bytes
2026-01-27 14:35:22,117 - INFO - File operation: MOVE src=.pdf, dest=.pdf
------------------------------ Captured log call -------------------------------
INFO     hansard_tales.storage.filesystem:filesystem.py:121 File operation: WRITE path=e8Z.pdf, size=1 bytes
INFO     hansard_tales.storage.filesystem:filesystem.py:196 File operation: MOVE src=e8Z.pdf, dest=0.pdf
INFO     hansard_tales.storage.filesystem:filesystem.py:121 File operation: WRITE path=e8Z.pdf, size=11 bytes
INFO     hansard_tales.storage.filesystem:filesystem.py:196 File operation: MOVE src=e8Z.pdf, dest=t.pdf
INFO     hansard_tales.storage.filesystem:filesystem.py:121 File operation: WRITE path=.pdf, size=1 bytes
INFO     hansard_tales.storage.filesystem:filesystem.py:196 File operation: MOVE src=.pdf, dest=0.pdf
INFO     hansard_tales.storage.filesystem:filesystem.py:121 File operation: WRITE path=.pdf, size=2 bytes
INFO     hansard_tales.storage.filesystem:filesystem.py:196 File operation: MOVE src=.pdf, dest=.pdf
INFO     hansard_tales.storage.filesystem:filesystem.py:121 File operation: WRITE path=w.pdf, size=17 bytes
INFO     hansard_tales.storage.filesystem:filesystem.py:196 File operation: MOVE src=w.pdf, dest=w.pdf
INFO     hansard_tales.storage.filesystem:filesystem.py:121 File operation: WRITE path=V5.pdf, size=1 bytes
INFO     hansard_tales.storage.filesystem:filesystem.py:196 File operation: MOVE src=V5.pdf, dest=BBPEL.pdf
INFO     hansard_tales.storage.filesystem:filesystem.py:121 File operation: WRITE path=.pdf, size=2 bytes
INFO     hansard_tales.storage.filesystem:filesystem.py:196 File operation: MOVE src=.pdf, dest=.pdf
INFO     hansard_tales.storage.filesystem:filesystem.py:121 File operation: WRITE path=.pdf, size=1 bytes
INFO     hansard_tales.storage.filesystem:filesystem.py:196 File operation: MOVE src=.pdf, dest=.pdf
INFO     hansard_tales.storage.filesystem:filesystem.py:121 File operation: WRITE path=0.pdf, size=1 bytes
INFO     hansard_tales.storage.filesystem:filesystem.py:196 File operation: MOVE src=0.pdf, dest=.pdf
INFO     hansard_tales.storage.filesystem:filesystem.py:121 File operation: WRITE path=.pdf, size=1 bytes
INFO     hansard_tales.storage.filesystem:filesystem.py:196 File operation: MOVE src=.pdf, dest=.pdf
INFO     hansard_tales.storage.filesystem:filesystem.py:121 File operation: WRITE path=.pdf, size=1 bytes
INFO     hansard_tales.storage.filesystem:filesystem.py:196 File operation: MOVE src=.pdf, dest=0.pdf
INFO     hansard_tales.storage.filesystem:filesystem.py:121 File operation: WRITE path=.pdf, size=1 bytes
INFO     hansard_tales.storage.filesystem:filesystem.py:196 File operation: MOVE src=.pdf, dest=1.pdf
INFO     hansard_tales.storage.filesystem:filesystem.py:121 File operation: WRITE path=.pdf, size=1 bytes
INFO     hansard_tales.storage.filesystem:filesystem.py:196 File operation: MOVE src=.pdf, dest=.pdf
INFO     hansard_tales.storage.filesystem:filesystem.py:121 File operation: WRITE path=.pdf, size=1 bytes
INFO     hansard_tales.storage.filesystem:filesystem.py:196 File operation: MOVE src=.pdf, dest=.pdf
INFO     hansard_tales.storage.filesystem:filesystem.py:121 File operation: WRITE path=.pdf, size=1 bytes
INFO     hansard_tales.storage.filesystem:filesystem.py:196 File operation: MOVE src=.pdf, dest=.pdf
INFO     hansard_tales.storage.filesystem:filesystem.py:121 File operation: WRITE path=0.pdf, size=1 bytes
INFO     hansard_tales.storage.filesystem:filesystem.py:196 File operation: MOVE src=0.pdf, dest=.pdf
INFO     hansard_tales.storage.filesystem:filesystem.py:121 File operation: WRITE path=1.pdf, size=1 bytes
INFO     hansard_tales.storage.filesystem:filesystem.py:196 File operation: MOVE src=1.pdf, dest=.pdf
INFO     hansard_tales.storage.filesystem:filesystem.py:121 File operation: WRITE path=.pdf, size=1 bytes
INFO     hansard_tales.storage.filesystem:filesystem.py:196 File operation: MOVE src=.pdf, dest=.pdf
INFO     hansard_tales.storage.filesystem:filesystem.py:121 File operation: WRITE path=.pdf, size=1 bytes
INFO     hansard_tales.storage.filesystem:filesystem.py:196 File operation: MOVE src=.pdf, dest=.pdf
INFO     hansard_tales.storage.filesystem:filesystem.py:121 File operation: WRITE path=.pdf, size=1 bytes
INFO     hansard_tales.storage.filesystem:filesystem.py:196 File operation: MOVE src=.pdf, dest=.pdf
INFO     hansard_tales.storage.filesystem:filesystem.py:121 File operation: WRITE path=.pdf, size=1 bytes
INFO     hansard_tales.storage.filesystem:filesystem.py:196 File operation: MOVE src=.pdf, dest=.pdf
INFO     hansard_tales.storage.filesystem:filesystem.py:121 File operation: WRITE path=.pdf, size=3 bytes
INFO     hansard_tales.storage.filesystem:filesystem.py:196 File operation: MOVE src=.pdf, dest=.pdf
INFO     hansard_tales.storage.filesystem:filesystem.py:121 File operation: WRITE path=.pdf, size=3 bytes
INFO     hansard_tales.storage.filesystem:filesystem.py:196 File operation: MOVE src=.pdf, dest=.pdf
INFO     hansard_tales.storage.filesystem:filesystem.py:121 File operation: WRITE path=.pdf, size=4 bytes
INFO     hansard_tales.storage.filesystem:filesystem.py:196 File operation: MOVE src=.pdf, dest=.pdf
INFO     hansard_tales.storage.filesystem:filesystem.py:121 File operation: WRITE path=.pdf, size=4 bytes
INFO     hansard_tales.storage.filesystem:filesystem.py:196 File operation: MOVE src=.pdf, dest=.pdf
INFO     hansard_tales.storage.filesystem:filesystem.py:121 File operation: WRITE path=.pdf, size=3 bytes
INFO     hansard_tales.storage.filesystem:filesystem.py:196 File operation: MOVE src=.pdf, dest=.pdf
INFO     hansard_tales.storage.filesystem:filesystem.py:121 File operation: WRITE path=.pdf, size=8 bytes
INFO     hansard_tales.storage.filesystem:filesystem.py:196 File operation: MOVE src=.pdf, dest=.pdf
INFO     hansard_tales.storage.filesystem:filesystem.py:121 File operation: WRITE path=.pdf, size=11 bytes
INFO     hansard_tales.storage.filesystem:filesystem.py:196 File operation: MOVE src=.pdf, dest=.pdf
INFO     hansard_tales.storage.filesystem:filesystem.py:121 File operation: WRITE path=.pdf, size=6 bytes
INFO     hansard_tales.storage.filesystem:filesystem.py:196 File operation: MOVE src=.pdf, dest=.pdf
INFO     hansard_tales.storage.filesystem:filesystem.py:121 File operation: WRITE path=.pdf, size=2 bytes
INFO     hansard_tales.storage.filesystem:filesystem.py:196 File operation: MOVE src=.pdf, dest=.pdf
INFO     hansard_tales.storage.filesystem:filesystem.py:121 File operation: WRITE path=.pdf, size=4 bytes
INFO     hansard_tales.storage.filesystem:filesystem.py:196 File operation: MOVE src=.pdf, dest=.pdf
INFO     hansard_tales.storage.filesystem:filesystem.py:121 File operation: WRITE path=.pdf, size=13 bytes
INFO     hansard_tales.storage.filesystem:filesystem.py:196 File operation: MOVE src=.pdf, dest=.pdf
INFO     hansard_tales.storage.filesystem:filesystem.py:121 File operation: WRITE path=.pdf, size=3 bytes
INFO     hansard_tales.storage.filesystem:filesystem.py:196 File operation: MOVE src=.pdf, dest=.pdf
INFO     hansard_tales.storage.filesystem:filesystem.py:121 File operation: WRITE path=.pdf, size=3 bytes
INFO     hansard_tales.storage.filesystem:filesystem.py:196 File operation: MOVE src=.pdf, dest=.pdf
INFO     hansard_tales.storage.filesystem:filesystem.py:121 File operation: WRITE path=.pdf, size=1 bytes
INFO     hansard_tales.storage.filesystem:filesystem.py:196 File operation: MOVE src=.pdf, dest=.pdf
INFO     hansard_tales.storage.filesystem:filesystem.py:121 File operation: WRITE path=.pdf, size=3 bytes
INFO     hansard_tales.storage.filesystem:filesystem.py:196 File operation: MOVE src=.pdf, dest=.pdf
INFO     hansard_tales.storage.filesystem:filesystem.py:121 File operation: WRITE path=.pdf, size=10 bytes
INFO     hansard_tales.storage.filesystem:filesystem.py:196 File operation: MOVE src=.pdf, dest=.pdf
INFO     hansard_tales.storage.filesystem:filesystem.py:121 File operation: WRITE path=.pdf, size=5 bytes
INFO     hansard_tales.storage.filesystem:filesystem.py:196 File operation: MOVE src=.pdf, dest=.pdf
INFO     hansard_tales.storage.filesystem:filesystem.py:121 File operation: WRITE path=.pdf, size=15 bytes
INFO     hansard_tales.storage.filesystem:filesystem.py:196 File operation: MOVE src=.pdf, dest=.pdf
INFO     hansard_tales.storage.filesystem:filesystem.py:121 File operation: WRITE path=.pdf, size=4 bytes
INFO     hansard_tales.storage.filesystem:filesystem.py:196 File operation: MOVE src=.pdf, dest=.pdf
INFO     hansard_tales.storage.filesystem:filesystem.py:121 File operation: WRITE path=.pdf, size=13 bytes
INFO     hansard_tales.storage.filesystem:filesystem.py:196 File operation: MOVE src=.pdf, dest=.pdf
INFO     hansard_tales.storage.filesystem:filesystem.py:121 File operation: WRITE path=.pdf, size=3 bytes
INFO     hansard_tales.storage.filesystem:filesystem.py:196 File operation: MOVE src=.pdf, dest=.pdf
INFO     hansard_tales.storage.filesystem:filesystem.py:121 File operation: WRITE path=.pdf, size=1 bytes
INFO     hansard_tales.storage.filesystem:filesystem.py:196 File operation: MOVE src=.pdf, dest=.pdf
INFO     hansard_tales.storage.filesystem:filesystem.py:121 File operation: WRITE path=.pdf, size=15 bytes
INFO     hansard_tales.storage.filesystem:filesystem.py:196 File operation: MOVE src=.pdf, dest=.pdf
INFO     hansard_tales.storage.filesystem:filesystem.py:121 File operation: WRITE path=.pdf, size=8 bytes
INFO     hansard_tales.storage.filesystem:filesystem.py:196 File operation: MOVE src=.pdf, dest=.pdf
INFO     hansard_tales.storage.filesystem:filesystem.py:121 File operation: WRITE path=.pdf, size=3 bytes
INFO     hansard_tales.storage.filesystem:filesystem.py:196 File operation: MOVE src=.pdf, dest=.pdf
INFO     hansard_tales.storage.filesystem:filesystem.py:121 File operation: WRITE path=.pdf, size=19 bytes
INFO     hansard_tales.storage.filesystem:filesystem.py:196 File operation: MOVE src=.pdf, dest=.pdf
INFO     hansard_tales.storage.filesystem:filesystem.py:121 File operation: WRITE path=.pdf, size=1 bytes
INFO     hansard_tales.storage.filesystem:filesystem.py:196 File operation: MOVE src=.pdf, dest=.pdf
INFO     hansard_tales.storage.filesystem:filesystem.py:121 File operation: WRITE path=.pdf, size=2 bytes
INFO     hansard_tales.storage.filesystem:filesystem.py:196 File operation: MOVE src=.pdf, dest=.pdf
INFO     hansard_tales.storage.filesystem:filesystem.py:121 File operation: WRITE path=.pdf, size=3 bytes
INFO     hansard_tales.storage.filesystem:filesystem.py:196 File operation: MOVE src=.pdf, dest=.pdf
INFO     hansard_tales.storage.filesystem:filesystem.py:121 File operation: WRITE path=.pdf, size=9 bytes
INFO     hansard_tales.storage.filesystem:filesystem.py:196 File operation: MOVE src=.pdf, dest=.pdf
INFO     hansard_tales.storage.filesystem:filesystem.py:121 File operation: WRITE path=.pdf, size=7 bytes
INFO     hansard_tales.storage.filesystem:filesystem.py:196 File operation: MOVE src=.pdf, dest=.pdf
INFO     hansard_tales.storage.filesystem:filesystem.py:121 File operation: WRITE path=.pdf, size=7 bytes
INFO     hansard_tales.storage.filesystem:filesystem.py:196 File operation: MOVE src=.pdf, dest=.pdf
INFO     hansard_tales.storage.filesystem:filesystem.py:121 File operation: WRITE path=.pdf, size=1 bytes
INFO     hansard_tales.storage.filesystem:filesystem.py:196 File operation: MOVE src=.pdf, dest=.pdf
INFO     hansard_tales.storage.filesystem:filesystem.py:121 File operation: WRITE path=.pdf, size=1 bytes
INFO     hansard_tales.storage.filesystem:filesystem.py:196 File operation: MOVE src=.pdf, dest=.pdf
INFO     hansard_tales.storage.filesystem:filesystem.py:121 File operation: WRITE path=.pdf, size=3 bytes
INFO     hansard_tales.storage.filesystem:filesystem.py:196 File operation: MOVE src=.pdf, dest=.pdf
INFO     hansard_tales.storage.filesystem:filesystem.py:121 File operation: WRITE path=.pdf, size=1 bytes
INFO     hansard_tales.storage.filesystem:filesystem.py:196 File operation: MOVE src=.pdf, dest=.pdf
INFO     hansard_tales.storage.filesystem:filesystem.py:121 File operation: WRITE path=.pdf, size=6 bytes
INFO     hansard_tales.storage.filesystem:filesystem.py:196 File operation: MOVE src=.pdf, dest=.pdf
INFO     hansard_tales.storage.filesystem:filesystem.py:121 File operation: WRITE path=.pdf, size=2 bytes
INFO     hansard_tales.storage.filesystem:filesystem.py:196 File operation: MOVE src=.pdf, dest=.pdf
INFO     hansard_tales.storage.filesystem:filesystem.py:121 File operation: WRITE path=.pdf, size=3 bytes
INFO     hansard_tales.storage.filesystem:filesystem.py:196 File operation: MOVE src=.pdf, dest=.pdf
INFO     hansard_tales.storage.filesystem:filesystem.py:121 File operation: WRITE path=.pdf, size=1 bytes
INFO     hansard_tales.storage.filesystem:filesystem.py:196 File operation: MOVE src=.pdf, dest=.pdf
INFO     hansard_tales.storage.filesystem:filesystem.py:121 File operation: WRITE path=.pdf, size=22 bytes
INFO     hansard_tales.storage.filesystem:filesystem.py:196 File operation: MOVE src=.pdf, dest=.pdf
INFO     hansard_tales.storage.filesystem:filesystem.py:121 File operation: WRITE path=.pdf, size=1 bytes
INFO     hansard_tales.storage.filesystem:filesystem.py:196 File operation: MOVE src=.pdf, dest=.pdf
INFO     hansard_tales.storage.filesystem:filesystem.py:121 File operation: WRITE path=.pdf, size=5 bytes
INFO     hansard_tales.storage.filesystem:filesystem.py:196 File operation: MOVE src=.pdf, dest=.pdf
INFO     hansard_tales.storage.filesystem:filesystem.py:121 File operation: WRITE path=.pdf, size=4 bytes
INFO     hansard_tales.storage.filesystem:filesystem.py:196 File operation: MOVE src=.pdf, dest=.pdf
INFO     hansard_tales.storage.filesystem:filesystem.py:121 File operation: WRITE path=.pdf, size=1 bytes
INFO     hansard_tales.storage.filesystem:filesystem.py:196 File operation: MOVE src=.pdf, dest=.pdf
INFO     hansard_tales.storage.filesystem:filesystem.py:121 File operation: WRITE path=.pdf, size=2 bytes
INFO     hansard_tales.storage.filesystem:filesystem.py:196 File operation: MOVE src=.pdf, dest=.pdf
INFO     hansard_tales.storage.filesystem:filesystem.py:121 File operation: WRITE path=.pdf, size=8 bytes
INFO     hansard_tales.storage.filesystem:filesystem.py:196 File operation: MOVE src=.pdf, dest=.pdf
INFO     hansard_tales.storage.filesystem:filesystem.py:121 File operation: WRITE path=.pdf, size=7 bytes
INFO     hansard_tales.storage.filesystem:filesystem.py:196 File operation: MOVE src=.pdf, dest=.pdf
INFO     hansard_tales.storage.filesystem:filesystem.py:121 File operation: WRITE path=.pdf, size=4 bytes
INFO     hansard_tales.storage.filesystem:filesystem.py:196 File operation: MOVE src=.pdf, dest=.pdf
INFO     hansard_tales.storage.filesystem:filesystem.py:121 File operation: WRITE path=.pdf, size=1 bytes
INFO     hansard_tales.storage.filesystem:filesystem.py:196 File operation: MOVE src=.pdf, dest=.pdf
INFO     hansard_tales.storage.filesystem:filesystem.py:121 File operation: WRITE path=.pdf, size=4 bytes
INFO     hansard_tales.storage.filesystem:filesystem.py:196 File operation: MOVE src=.pdf, dest=.pdf
INFO     hansard_tales.storage.filesystem:filesystem.py:121 File operation: WRITE path=.pdf, size=2 bytes
INFO     hansard_tales.storage.filesystem:filesystem.py:196 File operation: MOVE src=.pdf, dest=.pdf
INFO     hansard_tales.storage.filesystem:filesystem.py:121 File operation: WRITE path=.pdf, size=5 bytes
INFO     hansard_tales.storage.filesystem:filesystem.py:196 File operation: MOVE src=.pdf, dest=.pdf
INFO     hansard_tales.storage.filesystem:filesystem.py:121 File operation: WRITE path=.pdf, size=2 bytes
INFO     hansard_tales.storage.filesystem:filesystem.py:196 File operation: MOVE src=.pdf, dest=.pdf
INFO     hansard_tales.storage.filesystem:filesystem.py:121 File operation: WRITE path=.pdf, size=4 bytes
INFO     hansard_tales.storage.filesystem:filesystem.py:196 File operation: MOVE src=.pdf, dest=.pdf
INFO     hansard_tales.storage.filesystem:filesystem.py:121 File operation: WRITE path=.pdf, size=1 bytes
INFO     hansard_tales.storage.filesystem:filesystem.py:196 File operation: MOVE src=.pdf, dest=.pdf
INFO     hansard_tales.storage.filesystem:filesystem.py:121 File operation: WRITE path=.pdf, size=16 bytes
INFO     hansard_tales.storage.filesystem:filesystem.py:196 File operation: MOVE src=.pdf, dest=.pdf
INFO     hansard_tales.storage.filesystem:filesystem.py:121 File operation: WRITE path=.pdf, size=5 bytes
INFO     hansard_tales.storage.filesystem:filesystem.py:196 File operation: MOVE src=.pdf, dest=.pdf
INFO     hansard_tales.storage.filesystem:filesystem.py:121 File operation: WRITE path=.pdf, size=8 bytes
INFO     hansard_tales.storage.filesystem:filesystem.py:196 File operation: MOVE src=.pdf, dest=.pdf
INFO     hansard_tales.storage.filesystem:filesystem.py:121 File operation: WRITE path=.pdf, size=2 bytes
INFO     hansard_tales.storage.filesystem:filesystem.py:196 File operation: MOVE src=.pdf, dest=.pdf
INFO     hansard_tales.storage.filesystem:filesystem.py:121 File operation: WRITE path=.pdf, size=3 bytes
INFO     hansard_tales.storage.filesystem:filesystem.py:196 File operation: MOVE src=.pdf, dest=.pdf
INFO     hansard_tales.storage.filesystem:filesystem.py:121 File operation: WRITE path=.pdf, size=1 bytes
INFO     hansard_tales.storage.filesystem:filesystem.py:196 File operation: MOVE src=.pdf, dest=.pdf
INFO     hansard_tales.storage.filesystem:filesystem.py:121 File operation: WRITE path=.pdf, size=1 bytes
INFO     hansard_tales.storage.filesystem:filesystem.py:196 File operation: MOVE src=.pdf, dest=.pdf
INFO     hansard_tales.storage.filesystem:filesystem.py:121 File operation: WRITE path=.pdf, size=18 bytes
INFO     hansard_tales.storage.filesystem:filesystem.py:196 File operation: MOVE src=.pdf, dest=.pdf
INFO     hansard_tales.storage.filesystem:filesystem.py:121 File operation: WRITE path=.pdf, size=3 bytes
INFO     hansard_tales.storage.filesystem:filesystem.py:196 File operation: MOVE src=.pdf, dest=.pdf
INFO     hansard_tales.storage.filesystem:filesystem.py:121 File operation: WRITE path=.pdf, size=12 bytes
INFO     hansard_tales.storage.filesystem:filesystem.py:196 File operation: MOVE src=.pdf, dest=.pdf
INFO     hansard_tales.storage.filesystem:filesystem.py:121 File operation: WRITE path=.pdf, size=6 bytes
INFO     hansard_tales.storage.filesystem:filesystem.py:196 File operation: MOVE src=.pdf, dest=.pdf
INFO     hansard_tales.storage.filesystem:filesystem.py:121 File operation: WRITE path=.pdf, size=1 bytes
INFO     hansard_tales.storage.filesystem:filesystem.py:196 File operation: MOVE src=.pdf, dest=.pdf
INFO     hansard_tales.storage.filesystem:filesystem.py:121 File operation: WRITE path=.pdf, size=1 bytes
INFO     hansard_tales.storage.filesystem:filesystem.py:196 File operation: MOVE src=.pdf, dest=.pdf
INFO     hansard_tales.storage.filesystem:filesystem.py:121 File operation: WRITE path=.pdf, size=2 bytes
INFO     hansard_tales.storage.filesystem:filesystem.py:196 File operation: MOVE src=.pdf, dest=.pdf
INFO     hansard_tales.storage.filesystem:filesystem.py:121 File operation: WRITE path=.pdf, size=5 bytes
INFO     hansard_tales.storage.filesystem:filesystem.py:196 File operation: MOVE src=.pdf, dest=.pdf
INFO     hansard_tales.storage.filesystem:filesystem.py:121 File operation: WRITE path=.pdf, size=10 bytes
INFO     hansard_tales.storage.filesystem:filesystem.py:196 File operation: MOVE src=.pdf, dest=.pdf
INFO     hansard_tales.storage.filesystem:filesystem.py:121 File operation: WRITE path=.pdf, size=1 bytes
INFO     hansard_tales.storage.filesystem:filesystem.py:196 File operation: MOVE src=.pdf, dest=.pdf
INFO     hansard_tales.storage.filesystem:filesystem.py:121 File operation: WRITE path=.pdf, size=4 bytes
INFO     hansard_tales.storage.filesystem:filesystem.py:196 File operation: MOVE src=.pdf, dest=.pdf
INFO     hansard_tales.storage.filesystem:filesystem.py:121 File operation: WRITE path=.pdf, size=7 bytes
INFO     hansard_tales.storage.filesystem:filesystem.py:196 File operation: MOVE src=.pdf, dest=.pdf
INFO     hansard_tales.storage.filesystem:filesystem.py:121 File operation: WRITE path=.pdf, size=1 bytes
INFO     hansard_tales.storage.filesystem:filesystem.py:196 File operation: MOVE src=.pdf, dest=.pdf
INFO     hansard_tales.storage.filesystem:filesystem.py:121 File operation: WRITE path=.pdf, size=2 bytes
INFO     hansard_tales.storage.filesystem:filesystem.py:196 File operation: MOVE src=.pdf, dest=.pdf
INFO     hansard_tales.storage.filesystem:filesystem.py:121 File operation: WRITE path=.pdf, size=6 bytes
INFO     hansard_tales.storage.filesystem:filesystem.py:196 File operation: MOVE src=.pdf, dest=.pdf
INFO     hansard_tales.storage.filesystem:filesystem.py:121 File operation: WRITE path=.pdf, size=11 bytes
INFO     hansard_tales.storage.filesystem:filesystem.py:196 File operation: MOVE src=.pdf, dest=.pdf
INFO     hansard_tales.storage.filesystem:filesystem.py:121 File operation: WRITE path=.pdf, size=15 bytes
INFO     hansard_tales.storage.filesystem:filesystem.py:196 File operation: MOVE src=.pdf, dest=.pdf
INFO     hansard_tales.storage.filesystem:filesystem.py:121 File operation: WRITE path=.pdf, size=5 bytes
INFO     hansard_tales.storage.filesystem:filesystem.py:196 File operation: MOVE src=.pdf, dest=.pdf
INFO     hansard_tales.storage.filesystem:filesystem.py:121 File operation: WRITE path=.pdf, size=6 bytes
INFO     hansard_tales.storage.filesystem:filesystem.py:196 File operation: MOVE src=.pdf, dest=.pdf
INFO     hansard_tales.storage.filesystem:filesystem.py:121 File operation: WRITE path=.pdf, size=6 bytes
INFO     hansard_tales.storage.filesystem:filesystem.py:196 File operation: MOVE src=.pdf, dest=.pdf
INFO     hansard_tales.storage.filesystem:filesystem.py:121 File operation: WRITE path=.pdf, size=3 bytes
INFO     hansard_tales.storage.filesystem:filesystem.py:196 File operation: MOVE src=.pdf, dest=.pdf
INFO     hansard_tales.storage.filesystem:filesystem.py:121 File operation: WRITE path=.pdf, size=10 bytes
INFO     hansard_tales.storage.filesystem:filesystem.py:196 File operation: MOVE src=.pdf, dest=.pdf
INFO     hansard_tales.storage.filesystem:filesystem.py:121 File operation: WRITE path=.pdf, size=9 bytes
INFO     hansard_tales.storage.filesystem:filesystem.py:196 File operation: MOVE src=.pdf, dest=.pdf
INFO     hansard_tales.storage.filesystem:filesystem.py:121 File operation: WRITE path=.pdf, size=4 bytes
INFO     hansard_tales.storage.filesystem:filesystem.py:196 File operation: MOVE src=.pdf, dest=.pdf
INFO     hansard_tales.storage.filesystem:filesystem.py:121 File operation: WRITE path=.pdf, size=1 bytes
INFO     hansard_tales.storage.filesystem:filesystem.py:196 File operation: MOVE src=.pdf, dest=.pdf
INFO     hansard_tales.storage.filesystem:filesystem.py:121 File operation: WRITE path=.pdf, size=9 bytes
INFO     hansard_tales.storage.filesystem:filesystem.py:196 File operation: MOVE src=.pdf, dest=.pdf
INFO     hansard_tales.storage.filesystem:filesystem.py:121 File operation: WRITE path=.pdf, size=5 bytes
INFO     hansard_tales.storage.filesystem:filesystem.py:196 File operation: MOVE src=.pdf, dest=.pdf
INFO     hansard_tales.storage.filesystem:filesystem.py:121 File operation: WRITE path=.pdf, size=2 bytes
INFO     hansard_tales.storage.filesystem:filesystem.py:196 File operation: MOVE src=.pdf, dest=.pdf
INFO     hansard_tales.storage.filesystem:filesystem.py:121 File operation: WRITE path=.pdf, size=6 bytes
INFO     hansard_tales.storage.filesystem:filesystem.py:196 File operation: MOVE src=.pdf, dest=.pdf
INFO     hansard_tales.storage.filesystem:filesystem.py:121 File operation: WRITE path=.pdf, size=4 bytes
INFO     hansard_tales.storage.filesystem:filesystem.py:196 File operation: MOVE src=.pdf, dest=.pdf
INFO     hansard_tales.storage.filesystem:filesystem.py:121 File operation: WRITE path=.pdf, size=4 bytes
INFO     hansard_tales.storage.filesystem:filesystem.py:196 File operation: MOVE src=.pdf, dest=.pdf
INFO     hansard_tales.storage.filesystem:filesystem.py:121 File operation: WRITE path=.pdf, size=3 bytes
INFO     hansard_tales.storage.filesystem:filesystem.py:196 File operation: MOVE src=.pdf, dest=.pdf
INFO     hansard_tales.storage.filesystem:filesystem.py:121 File operation: WRITE path=.pdf, size=21 bytes
INFO     hansard_tales.storage.filesystem:filesystem.py:196 File operation: MOVE src=.pdf, dest=.pdf
INFO     hansard_tales.storage.filesystem:filesystem.py:121 File operation: WRITE path=.pdf, size=2 bytes
INFO     hansard_tales.storage.filesystem:filesystem.py:196 File operation: MOVE src=.pdf, dest=.pdf
INFO     hansard_tales.storage.filesystem:filesystem.py:121 File operation: WRITE path=.pdf, size=19 bytes
INFO     hansard_tales.storage.filesystem:filesystem.py:196 File operation: MOVE src=.pdf, dest=.pdf
INFO     hansard_tales.storage.filesystem:filesystem.py:121 File operation: WRITE path=.pdf, size=4 bytes
INFO     hansard_tales.storage.filesystem:filesystem.py:196 File operation: MOVE src=.pdf, dest=.pdf
INFO     hansard_tales.storage.filesystem:filesystem.py:121 File operation: WRITE path=.pdf, size=1 bytes
INFO     hansard_tales.storage.filesystem:filesystem.py:196 File operation: MOVE src=.pdf, dest=.pdf

--------- coverage: platform darwin, python 3.12.12-final-0 ----------
Name                                             Stmts   Miss  Cover   Missing
------------------------------------------------------------------------------
hansard_tales/__init__.py                            2      0   100%
hansard_tales/database/__init__.py                   3      0   100%
hansard_tales/database/db_manager.py                53      4    92%   160-163
hansard_tales/database/db_updater.py               185     11    94%   122-123, 324-325, 350, 372-373, 385-386, 416, 436
hansard_tales/database/import_mps.py               145     12    92%   213, 252-254, 339-340, 344-346, 400-402
hansard_tales/database/init_db.py                   88     17    81%   243-244, 257-258, 290-291, 297-302, 325-327, 331-332
hansard_tales/database/init_parliament_data.py      75      8    89%   173-174, 180-185
hansard_tales/process_historical_data.py           529     56    89%   45-48, 53-56, 258-261, 268-269, 343-344, 353, 355, 392-395, 454-457, 537-540, 619-628, 651-659, 684-685, 828, 866, 890, 894, 1027, 1034-1041
hansard_tales/processors/__init__.py                 5      0   100%
hansard_tales/processors/bill_extractor.py         165      3    98%   172, 208, 240
hansard_tales/processors/mp_identifier.py          164     13    92%   83, 120-135, 235-236
hansard_tales/processors/pdf_processor.py          139     17    88%   122-128, 201-203, 220, 325, 335-344
hansard_tales/processors/period_extractor.py        55      0   100%
hansard_tales/scrapers/__init__.py                   3      0   100%
hansard_tales/scrapers/hansard_scraper.py          364     65    82%   35-38, 120, 185, 242-243, 255-258, 287, 676-679, 725-726, 773-774, 835-838, 845-936
hansard_tales/scrapers/mp_data_scraper.py          157     26    83%   98-100, 156-158, 223-246, 341-345
hansard_tales/search_index_generator.py             60      8    87%   82, 87, 195-211
hansard_tales/site_generator.py                    165     14    92%   59, 95, 100, 246-247, 263, 411, 476-486
hansard_tales/storage/__init__.py                    4      0   100%
hansard_tales/storage/base.py                       24      7    71%   38, 58, 78, 98, 115, 136, 153
hansard_tales/storage/config.py                     15      0   100%
hansard_tales/storage/filesystem.py                 57      1    98%   216
hansard_tales/utils/__init__.py                      0      0   100%
hansard_tales/utils/filename_generator.py           44      0   100%
hansard_tales/workflow/__init__.py                   2      0   100%
hansard_tales/workflow/orchestrator.py             192     36    81%   145-146, 283-284, 317, 383, 451-452, 508-572
------------------------------------------------------------------------------
TOTAL                                             2695    298    89%
Coverage HTML written to dir htmlcov

============================= slowest 10 durations =============================
3.89s call     tests/unit/test_mp_data_scraper.py::TestMPDataScraperIntegration::test_fetch_page_real
3.65s call     tests/unit/test_mp_data_scraper.py::TestMPDataScraperIntegration::test_scrape_page_real
3.02s call     tests/integration/test_mocked_parliament_http_integration.py::test_multiple_scrapers_use_same_mock
3.01s call     tests/unit/test_hansard_scraper.py::TestErrorHandling::test_fetch_page_with_network_error
3.01s call     tests/unit/test_hansard_scraper.py::TestDownloadLogic::test_download_failure_cleanup
3.01s call     tests/unit/test_hansard_scraper.py::TestRetryLogic::test_download_retries_on_network_error
3.01s call     tests/unit/test_hansard_scraper.py::TestDownloadEdgeCases::test_download_pdf_with_timeout
3.01s call     tests/unit/test_hansard_scraper.py::TestDownloadEdgeCases::test_download_pdf_with_http_error
3.00s call     tests/unit/test_hansard_scraper.py::TestRetryLogic::test_download_fails_after_max_retries
2.91s call     tests/unit/test_session_linking_property.py::TestSessionLinkingProperty::test_session_linking_updates_database
=========================== short test summary info ============================
FAILED tests/unit/test_storage_abstraction.py::TestStorageInterface::test_property_move_preserves_content
============ 1 failed, 797 passed, 7 skipped, 21 warnings in 14.31s ============
